190
380 201
1 378
2 367
3 264
4 235
5 108
6 107
7 103
8 76
9 71
10 57
11 51
12 50
13 49
14 56
15 22
16 19
17 24
18 48
20 23
21 52
25 74
26 29
27 30
28 64
31 63
32 62
33 70
34 44
35 39
36 61
37 47
38 42
40 46
41 43
45 65
53 60
54 58
55 59
66 73
67 69
68 106
72 376
75 77
78 100
79 90
80 94
81 101
82 88
83 85
84 86
87 92
89 93
91 97
95 98
96 105
99 102
104 377
109 375
110 245
111 371
112 249
113 202
114 246
115 148
116 133
117 132
118 131
119 147
120 227
121 127
122 126
123 168
124 130
125 129
128 144
134 154
135 149
136 152
137 143
138 142
139 151
140 146
141 145
150 153
155 248
156 247
157 199
158 166
159 162
160 194
161 165
163 193
164 171
167 170
169 372
172 200
173 198
174 197
175 184
176 181
177 183
178 182
179 187
180 188
185 191
186 192
189 195
190 196
203 215
204 216
205 207
206 210
208 244
209 223
211 222
212 243
213 242
214 236
217 226
218 224
219 221
220 225
228 241
229 240
230 239
231 233
232 237
234 238
250 379
251 360
252 259
253 359
254 358
255 357
256 356
257 263
258 370
260 355
261 273
262 334
265 340
266 333
267 332
268 290
269 274
270 276
271 284
272 275
277 331
278 283
279 282
280 289
281 286
285 288
287 328
291 329
292 327
293 326
294 325
295 324
296 323
297 304
298 345
299 301
300 322
302 308
303 309
305 330
306 318
307 312
310 321
311 320
313 315
314 317
316 319
335 354
336 352
337 339
338 347
341 351
342 353
343 350
344 349
346 348
361 373
362 368
363 366
364 369
365 374
