6004
12008 3111
1 3107
2 3091
3 3099
4 3098
5 10
6 13
7 3095
8 3087
9 3089
11 3085
12 3079
14 3094
15 12002
16 3083
17 3082
18 22
19 23
20 3072
21 3069
24 25
26 3062
27 3067
28 3070
29 40
30 3075
31 3066
32 3071
33 41
34 3076
35 3068
36 37
38 3061
39 3058
42 47
43 46
44 3056
45 3048
48 55
49 3050
50 3045
51 3046
52 3036
53 3038
54 3044
56 3051
57 3047
58 3042
59 3035
60 3039
61 3024
62 3031
63 3037
64 3034
65 3026
66 3041
67 3025
68 3033
69 3032
70 3043
71 72
73 3023
74 76
75 3028
77 3029
78 3022
79 3019
80 3016
81 3011
82 86
83 3021
84 85
87 3014
88 3007
89 3006
90 99
91 2998
92 93
94 95
96 97
98 2994
100 2999
101 2997
102 2995
103 2989
104 2996
105 2988
106 108
107 2990
109 2993
110 2984
111 117
112 2985
113 126
114 2992
115 2987
116 2976
118 2979
119 2981
120 2973
121 2977
122 2975
123 2974
124 2978
125 2980
127 131
128 2971
129 2972
130 2970
132 2967
133 2968
134 2966
135 136
137 145
138 2944
139 2969
140 2954
141 2960
142 2959
143 2965
144 2956
146 2948
147 152
148 2947
149 2946
150 151
153 160
154 155
156 2953
157 2951
158 2924
159 2941
161 2942
162 2925
163 2929
164 2927
165 2928
166 167
168 2931
169 2930
170 2939
171 2932
172 2906
173 178
174 2933
175 2938
176 181
177 2937
179 2912
180 2934
182 2911
183 193
184 2915
185 2914
186 187
188 2917
189 2921
190 191
192 2910
194 2897
195 197
196 2907
198 203
199 2896
200 2899
201 2895
202 2905
204 2900
205 2901
206 2881
207 2883
208 222
209 212
210 2878
211 2879
213 2890
214 2892
215 2893
216 2894
217 2898
218 2885
219 226
220 2877
221 2868
223 2873
224 233
225 237
227 2872
228 2876
229 2882
230 2867
231 2870
232 240
234 2863
235 2858
236 2865
238 2860
239 2861
241 2850
242 245
243 2849
244 2856
246 2859
247 2862
248 2851
249 256
250 270
251 2845
252 2848
253 2812
254 2853
255 2846
257 2843
258 2844
259 2842
260 2830
261 2832
262 2833
263 2831
264 265
266 2826
267 2838
268 2810
269 2811
271 2836
272 2847
273 2839
274 2835
275 278
276 2824
277 2823
279 2834
280 2818
281 2841
282 2829
283 2819
284 2825
285 2822
286 2814
287 2815
288 2808
289 2805
290 2801
291 2806
292 2809
293 2817
294 2780
295 2807
296 297
298 306
299 2791
300 2794
301 2787
302 2802
303 2799
304 305
307 2790
308 310
309 317
311 2798
312 313
314 2785
315 2784
316 2803
318 2781
319 332
320 321
322 2773
323 2762
324 2777
325 2761
326 2770
327 2774
328 2775
329 2763
330 2769
331 2760
333 2782
334 2767
335 2765
336 337
338 2746
339 2752
340 2751
341 2753
342 2756
343 348
344 2759
345 2764
346 2766
347 2758
349 2757
350 2738
351 2750
352 2744
353 2749
354 2741
355 2740
356 367
357 2737
358 2745
359 2736
360 2743
361 2732
362 2747
363 402
364 2728
365 2729
366 2734
368 370
369 2735
371 2730
372 373
374 2723
375 2725
376 2727
377 2711
378 2720
379 2699
380 2718
381 2722
382 2739
383 2721
384 2714
385 2708
386 2716
387 2710
388 2715
389 2709
390 2702
391 2686
392 2696
393 2697
394 404
395 2712
396 2700
397 2704
398 2717
399 2703
400 2707
401 2705
403 2701
405 409
406 2695
407 2694
408 2687
410 2693
411 2692
412 421
413 2685
414 2681
415 417
416 418
419 2680
420 2683
422 2677
423 2678
424 2662
425 2665
426 2659
427 431
428 2664
429 2663
430 2661
432 2668
433 447
434 2673
435 453
436 2679
437 443
438 455
439 2674
440 2651
441 2669
442 2657
444 2646
445 2671
446 465
448 2655
449 2654
450 456
451 2649
452 2652
454 2650
457 2645
458 2642
459 2640
460 2638
461 2639
462 2633
463 2621
464 2631
466 2637
467 2635
468 2634
469 2623
470 2625
471 2629
472 2632
473 2624
474 2626
475 2627
476 2630
477 2622
478 2628
479 2620
480 2615
481 2614
482 2619
483 2618
484 2616
485 487
486 2609
488 2617
489 500
490 493
491 2608
492 2599
494 2596
495 2588
496 2606
497 2612
498 2603
499 2598
501 503
502 2602
504 2594
505 2595
506 2592
507 2593
508 2597
509 2582
510 2590
511 513
512 2591
514 2587
515 2586
516 517
518 2559
519 527
520 2571
521 2572
522 523
524 2585
525 2557
526 2558
528 2584
529 2550
530 2581
531 2578
532 2577
533 2576
534 2562
535 2563
536 2566
537 2567
538 2569
539 2561
540 541
542 2564
543 2565
544 2574
545 2570
546 2551
547 553
548 2549
549 2542
550 560
551 2554
552 587
554 2547
555 2546
556 2543
557 2519
558 2540
559 2539
561 2545
562 566
563 2520
564 571
565 2529
567 2521
568 2527
569 2525
570 2524
572 573
574 2532
575 576
577 2533
578 579
580 588
581 2511
582 591
583 590
584 2535
585 2534
586 2536
589 2515
592 2503
593 2502
594 2508
595 2510
596 2476
597 2494
598 600
599 2506
601 2504
602 2498
603 607
604 2501
605 2496
606 2491
608 2488
609 2493
610 2486
611 2490
612 2478
613 2487
614 2481
615 2480
616 618
617 2484
619 2479
620 621
622 2474
623 2467
624 2483
625 2495
626 2489
627 2485
628 2464
629 2466
630 2473
631 2470
632 2472
633 2469
634 2463
635 2443
636 2446
637 2455
638 2471
639 2468
640 2458
641 2442
642 649
643 2460
644 2448
645 2461
646 2459
647 2453
648 2456
650 2465
651 2452
652 2449
653 2450
654 2440
655 2457
656 2445
657 659
658 2444
660 2436
661 663
662 2437
664 2433
665 2432
666 667
668 2424
669 2419
670 2416
671 684
672 679
673 2414
674 2415
675 2418
676 2413
677 680
678 2429
681 2423
682 2412
683 2422
685 2409
686 687
688 2434
689 2430
690 2406
691 2407
692 2410
693 2405
694 2408
695 2394
696 2396
697 2404
698 2390
699 2400
700 2401
701 2402
702 2391
703 2403
704 705
706 2397
707 2395
708 2385
709 2384
710 711
712 714
713 715
716 725
717 2383
718 2382
719 2376
720 724
721 2378
722 723
726 2377
727 2379
728 2354
729 2358
730 2374
731 742
732 768
733 2350
734 2373
735 2368
736 2351
737 2371
738 2366
739 2367
740 761
741 2335
743 2347
744 2348
745 2331
746 766
747 2330
748 2338
749 753
750 2344
751 2340
752 2339
754 755
756 2364
757 2328
758 764
759 2334
760 762
763 779
765 2361
767 2375
769 2370
770 2327
771 2333
772 2329
773 2314
774 777
775 2322
776 2326
778 2315
780 2325
781 2324
782 2321
783 2313
784 2312
785 2310
786 2318
787 2323
788 789
790 2303
791 2299
792 2302
793 2305
794 2309
795 2307
796 797
798 2300
799 2304
800 807
801 2295
802 2301
803 810
804 806
805 2294
808 2286
809 2283
811 2298
812 2285
813 2289
814 2284
815 2288
816 859
817 831
818 2254
819 2255
820 2267
821 2257
822 2273
823 2241
824 2265
825 830
826 828
827 829
832 833
834 2238
835 2281
836 2271
837 2274
838 857
839 2275
840 2269
841 2268
842 866
843 2236
844 2266
845 851
846 2259
847 2258
848 2287
849 2282
850 869
852 2277
853 2278
854 2280
855 2261
856 2264
858 2249
860 2248
861 2246
862 2250
863 2263
864 2232
865 870
867 2233
868 2235
871 2220
872 875
873 2237
874 883
876 890
877 2213
878 2221
879 2219
880 884
881 2215
882 2214
885 2218
886 2210
887 2211
888 2204
889 2202
891 2217
892 2205
893 898
894 896
895 2201
897 2209
899 2203
900 2200
901 2195
902 903
904 908
905 2186
906 918
907 2192
909 2196
910 2185
911 2199
912 917
913 2194
914 2191
915 2189
916 2187
919 922
920 2177
921 2176
923 2175
924 2162
925 2163
926 2160
927 2161
928 2173
929 2174
930 2178
931 2172
932 2165
933 2164
934 935
936 2146
937 2150
938 2166
939 2167
940 941
942 2171
943 2170
944 946
945 2149
947 2156
948 954
949 957
950 2151
951 2147
952 2154
953 2155
955 2139
956 2138
958 2143
959 2153
960 2140
961 962
963 2142
964 967
965 2135
966 2136
968 2132
969 2128
970 2130
971 982
972 2108
973 2110
974 975
976 2131
977 2111
978 2125
979 2124
980 2123
981 2109
983 2122
984 2118
985 2121
986 987
988 2098
989 2099
990 2100
991 992
993 998
994 2116
995 2117
996 2097
997 1017
999 2101
1000 1003
1001 2102
1002 2103
1004 2090
1005 2096
1006 2095
1007 2092
1008 2089
1009 2093
1010 2085
1011 2083
1012 2084
1013 2082
1014 2091
1015 2087
1016 2086
1018 2078
1019 2065
1020 2076
1021 2081
1022 1039
1023 2080
1024 2075
1025 2079
1026 2072
1027 2062
1028 2077
1029 2073
1030 2071
1031 2074
1032 2066
1033 1035
1034 2067
1036 2060
1037 1043
1038 2063
1040 2069
1041 2061
1042 2056
1044 2059
1045 2048
1046 2037
1047 2050
1048 2049
1049 2058
1050 2052
1051 2039
1052 2047
1053 1061
1054 2053
1055 2038
1056 1057
1058 2034
1059 2035
1060 2036
1062 2043
1063 1064
1065 2042
1066 2032
1067 2033
1068 2031
1069 2029
1070 1074
1071 2027
1072 2019
1073 2018
1075 1078
1076 1082
1077 2026
1079 2024
1080 1087
1081 1085
1083 2014
1084 2006
1086 2011
1088 2012
1089 1999
1090 2003
1091 1996
1092 2002
1093 2007
1094 1095
1096 2004
1097 1098
1099 1997
1100 2008
1101 2005
1102 2009
1103 2010
1104 1105
1106 1985
1107 1984
1108 1983
1109 1982
1110 1980
1111 1995
1112 1978
1113 1979
1114 1994
1115 1987
1116 1965
1117 1964
1118 1972
1119 1977
1120 1967
1121 1123
1122 1969
1124 1139
1125 1991
1126 1971
1127 1959
1128 1968
1129 1974
1130 1963
1131 1966
1132 1960
1133 1961
1134 1988
1135 1962
1136 1958
1137 1989
1138 1957
1140 1947
1141 1944
1142 1956
1143 1992
1144 1145
1146 1951
1147 1950
1148 1149
1150 1953
1151 1952
1152 1945
1153 1946
1154 1936
1155 1915
1156 1937
1157 1168
1158 1934
1159 1177
1160 1932
1161 1914
1162 1185
1163 1916
1164 1935
1165 1942
1166 1172
1167 1939
1169 1928
1170 1925
1171 1919
1173 1949
1174 1943
1175 1948
1176 1930
1178 1920
1179 1924
1180 1926
1181 1182
1183 1927
1184 1917
1186 1191
1187 1913
1188 1910
1189 1911
1190 1192
1193 1912
1194 1215
1195 1904
1196 1197
1198 1900
1199 1901
1200 1876
1201 1905
1202 1880
1203 1893
1204 1205
1206 1909
1207 1906
1208 1211
1209 1882
1210 1885
1212 1213
1214 1887
1216 1889
1217 1883
1218 1890
1219 1891
1220 1877
1221 1886
1222 1881
1223 1229
1224 1874
1225 1875
1226 1879
1227 1878
1228 1870
1230 1238
1231 1863
1232 1866
1233 1867
1234 1858
1235 1242
1236 1861
1237 1860
1239 1247
1240 1249
1241 1862
1243 1846
1244 1856
1245 1854
1246 1848
1248 1849
1250 1853
1251 1847
1252 1257
1253 1261
1254 1842
1255 1851
1256 1828
1258 1821
1259 1843
1260 1839
1262 1829
1263 1827
1264 1833
1265 1831
1266 1267
1268 1835
1269 1838
1270 1837
1271 1823
1272 1813
1273 1817
1274 1816
1275 1812
1276 1814
1277 1822
1278 1819
1279 1818
1280 1824
1281 1825
1282 1841
1283 1815
1284 1806
1285 1810
1286 1295
1287 1294
1288 1826
1289 1293
1290 1840
1291 1809
1292 1834
1296 1297
1298 1301
1299 1798
1300 1799
1302 1303
1304 1785
1305 1311
1306 1789
1307 1788
1308 1787
1309 1797
1310 1312
1313 1314
1315 1318
1316 1781
1317 1782
1319 1784
1320 1777
1321 1774
1322 1775
1323 1776
1324 1780
1325 1783
1326 1327
1328 1770
1329 1771
1330 1769
1331 1764
1332 1768
1333 1758
1334 1335
1336 1765
1337 1766
1338 1339
1340 1344
1341 1757
1342 1343
1345 1756
1346 1754
1347 1752
1348 1742
1349 1353
1350 1351
1352 1355
1354 1743
1356 1735
1357 1362
1358 1359
1360 1745
1361 1737
1363 1738
1364 1734
1365 1739
1366 1367
1368 1726
1369 1725
1370 1731
1371 1372
1373 1730
1374 1729
1375 1727
1376 1384
1377 1385
1378 1383
1379 1711
1380 1692
1381 1693
1382 1723
1386 1718
1387 1710
1388 1716
1389 1708
1390 1705
1391 1394
1392 1715
1393 1694
1395 1704
1396 1397
1398 1399
1400 1401
1402 1712
1403 1714
1404 1690
1405 1697
1406 1407
1408 1409
1410 1411
1412 1688
1413 1689
1414 1415
1416 1417
1418 1687
1419 1684
1420 1670
1421 1671
1422 1432
1423 1686
1424 1685
1425 1677
1426 1669
1427 1429
1428 1665
1430 1664
1431 1668
1433 1675
1434 1673
1435 1672
1436 1633
1437 1645
1438 1658
1439 1659
1440 1441
1442 1653
1443 1660
1444 1454
1445 1648
1446 1447
1448 1656
1449 1646
1450 1652
1451 1663
1452 1651
1453 1457
1455 1640
1456 1642
1458 1639
1459 1638
1460 1634
1461 1657
1462 1635
1463 1643
1464 1636
1465 1637
1466 1641
1467 1625
1468 1472
1469 1626
1470 1622
1471 1631
1473 1623
1474 1620
1475 1630
1476 1477
1478 1486
1479 1605
1480 1615
1481 1617
1482 1619
1483 1606
1484 1618
1485 1616
1487 1604
1488 1603
1489 1607
1490 1598
1491 1495
1492 1612
1493 1597
1494 1599
1496 1600
1497 1608
1498 1501
1499 1613
1500 1502
1503 1592
1504 1516
1505 1577
1506 1580
1507 1589
1508 1590
1509 1594
1510 1585
1511 1596
1512 1513
1514 1591
1515 1593
1517 1576
1518 1520
1519 1583
1521 1582
1522 1579
1523 1539
1524 1571
1525 1566
1526 1573
1527 1568
1528 1567
1529 1570
1530 1555
1531 1560
1532 1565
1533 1563
1534 1572
1535 1554
1536 1549
1537 1541
1538 1578
1540 1558
1542 1544
1543 1546
1545 1562
1547 1561
1548 1559
1550 1552
1551 1553
1556 1557
1564 1569
1574 1575
1581 1587
1584 1595
1586 1588
1601 1602
1609 1614
1610 1611
1621 1627
1624 1632
1628 1629
1644 1649
1647 1650
1654 1655
1661 1662
1666 1667
1674 1676
1678 1679
1680 1681
1682 1683
1691 1696
1695 1698
1699 1717
1700 1701
1702 1703
1706 1721
1707 1720
1709 1713
1719 1722
1724 1728
1732 1733
1736 1748
1740 1741
1744 1746
1747 1749
1750 1751
1753 1755
1759 1767
1760 1761
1762 1763
1772 1773
1778 1790
1779 1796
1786 1791
1792 1793
1794 1795
1800 1801
1802 1803
1804 1805
1807 1836
1808 1811
1820 1830
1832 1845
1844 1850
1852 1865
1855 1857
1859 1864
1868 1869
1871 1872
1873 1892
1884 1888
1894 1895
1896 1897
1898 1899
1902 1908
1903 1907
1918 1921
1922 1933
1923 1929
1931 1938
1940 1941
1954 1955
1970 1975
1973 1976
1981 1986
1990 1993
1998 2000
2001 2017
2013 2025
2015 2016
2020 2023
2021 2022
2028 2030
2040 2041
2044 2045
2046 2051
2054 2055
2057 2064
2068 2070
2088 2094
2104 2114
2105 2106
2107 2115
2112 2113
2119 2120
2126 2127
2129 2134
2133 2137
2141 2145
2144 2148
2152 2157
2158 2159
2168 2169
2179 2180
2181 2190
2182 2193
2183 2188
2184 2198
2197 2207
2206 2208
2212 2222
2216 2226
2223 2230
2224 2228
2225 2231
2227 2229
2234 2270
2239 2272
2240 2276
2242 2252
2243 2244
2245 2251
2247 2256
2253 2262
2260 2279
2290 2291
2292 2293
2296 2297
2306 2308
2311 2320
2316 2317
2319 2362
2332 2363
2336 2337
2341 2345
2342 2343
2346 2349
2352 2353
2355 2359
2356 2357
2360 2365
2369 2372
2380 2381
2386 2387
2388 2393
2389 2392
2398 2399
2411 2417
2420 2421
2425 2439
2426 2427
2428 2435
2431 2438
2441 2447
2451 2454
2462 2475
2477 2482
2492 2499
2497 2509
2500 2514
2505 2507
2512 2513
2516 2517
2518 2530
2522 2523
2526 2528
2531 2538
2537 2544
2541 2548
2552 2553
2555 2556
2560 2573
2568 2580
2575 2579
2583 2589
2600 2601
2604 2613
2605 2607
2610 2611
2636 2641
2643 2656
2644 2672
2647 2648
2653 2666
2658 2660
2667 2670
2675 2682
2676 2684
2688 2698
2689 2690
2691 2706
2713 2719
2724 2726
2731 2748
2733 2742
2754 2755
2768 2776
2771 2772
2778 2779
2783 2797
2786 2800
2788 2789
2792 2793
2795 2796
2804 2816
2813 2837
2820 2821
2827 2828
2840 2852
2854 2857
2855 2864
2866 2869
2871 2880
2874 2875
2884 2891
2886 2888
2887 2889
2902 2909
2903 2908
2904 2913
2916 2920
2918 2919
2922 2923
2926 2940
2935 2936
2943 2949
2945 2952
2950 2957
2955 2958
2961 2962
2963 2964
2982 2986
2983 2991
3000 3003
3001 3002
3004 3005
3008 3009
3010 3015
3012 3013
3017 3018
3020 3027
3030 3040
3049 3055
3052 3053
3054 3057
3059 3073
3060 3063
3064 3065
3074 3077
3078 3084
3080 3086
3081 3092
3088 3096
3090 12003
3093 3097
3100 12004
3101 12007
3102 12000
3103 12006
3104 11997
3105 3108
3106 11995
3109 3113
3110 11998
3112 11996
3114 12005
3115 12001
3116 11992
3117 3125
3118 3122
3119 11985
3120 3121
3123 11988
3124 11987
3126 3127
3128 11982
3129 11986
3130 11980
3131 11978
3132 3133
3134 3140
3135 3143
3136 11974
3137 11975
3138 3139
3141 11965
3142 11964
3144 11959
3145 11958
3146 11966
3147 11961
3148 3149
3150 11960
3151 11951
3152 3153
3154 11956
3155 11955
3156 11962
3157 11944
3158 11957
3159 11947
3160 11939
3161 3167
3162 11943
3163 11953
3164 11946
3165 11954
3166 11938
3168 3169
3170 11935
3171 11933
3172 11941
3173 11930
3174 3197
3175 11931
3176 11910
3177 11906
3178 11919
3179 11911
3180 11909
3181 11927
3182 3183
3184 11926
3185 11925
3186 11904
3187 3191
3188 11903
3189 11916
3190 11915
3192 11932
3193 11934
3194 3195
3196 11929
3198 3199
3200 11905
3201 11912
3202 3214
3203 11893
3204 11896
3205 11897
3206 11895
3207 11894
3208 11899
3209 11898
3210 11900
3211 11908
3212 11901
3213 11913
3215 3219
3216 11885
3217 3221
3218 11886
3220 11884
3222 11887
3223 11889
3224 11891
3225 11879
3226 11890
3227 11872
3228 11878
3229 11853
3230 11880
3231 11881
3232 11875
3233 11874
3234 11857
3235 3249
3236 11861
3237 11854
3238 11863
3239 11864
3240 11862
3241 11865
3242 11870
3243 3244
3245 11877
3246 3248
3247 11856
3250 11868
3251 11867
3252 11858
3253 11851
3254 3258
3255 3257
3256 11846
3259 11847
3260 11859
3261 11850
3262 11849
3263 11855
3264 11852
3265 11843
3266 11840
3267 11841
3268 11839
3269 11838
3270 11836
3271 11832
3272 11830
3273 11835
3274 11818
3275 11827
3276 11822
3277 11826
3278 11831
3279 11829
3280 11833
3281 11820
3282 3283
3284 3301
3285 11837
3286 11817
3287 3294
3288 11813
3289 11812
3290 11819
3291 3293
3292 11816
3295 11823
3296 3297
3298 11803
3299 11802
3300 11808
3302 11821
3303 11809
3304 11804
3305 11805
3306 11797
3307 11801
3308 11800
3309 11796
3310 3325
3311 11795
3312 11793
3313 11794
3314 11788
3315 11789
3316 11785
3317 11784
3318 11790
3319 11791
3320 11787
3321 11786
3322 11783
3323 11782
3324 11792
3326 3328
3327 11777
3329 11776
3330 11770
3331 11773
3332 11781
3333 11778
3334 3335
3336 3340
3337 3343
3338 11771
3339 11766
3341 11762
3342 11763
3344 3345
3346 11765
3347 11758
3348 11757
3349 11756
3350 11772
3351 11759
3352 11760
3353 11755
3354 3355
3356 11722
3357 3361
3358 11740
3359 11742
3360 3373
3362 3363
3364 11751
3365 11750
3366 11747
3367 11749
3368 3370
3369 11735
3371 11734
3372 11733
3374 11721
3375 11716
3376 3384
3377 11737
3378 11730
3379 11727
3380 11731
3381 11728
3382 11744
3383 11741
3385 3397
3386 11708
3387 11705
3388 11701
3389 11719
3390 11698
3391 11718
3392 11714
3393 11711
3394 11723
3395 11696
3396 11713
3398 11720
3399 11710
3400 11715
3401 11717
3402 11702
3403 11699
3404 11703
3405 11700
3406 11704
3407 11706
3408 11693
3409 3432
3410 3434
3411 3413
3412 3415
3414 11689
3416 11694
3417 3424
3418 11680
3419 11681
3420 11682
3421 11679
3422 3425
3423 11673
3426 11691
3427 11690
3428 11674
3429 11677
3430 11685
3431 11671
3433 3443
3435 11683
3436 3441
3437 11675
3438 11668
3439 3448
3440 11662
3442 11663
3444 3446
3445 11661
3447 11659
3449 11657
3450 11658
3451 11654
3452 3458
3453 3465
3454 3455
3456 11634
3457 11653
3459 11646
3460 3468
3461 11651
3462 11631
3463 11644
3464 11647
3466 3467
3469 11637
3470 3485
3471 3474
3472 11638
3473 11635
3475 3487
3476 3479
3477 11612
3478 11622
3480 3495
3481 11623
3482 3488
3483 3489
3484 11618
3486 11619
3490 3493
3491 11628
3492 11636
3494 3507
3496 11602
3497 11603
3498 11604
3499 11605
3500 3501
3502 3503
3504 3510
3505 11611
3506 11598
3508 11592
3509 11615
3511 11597
3512 11601
3513 3516
3514 11594
3515 11589
3517 11595
3518 11593
3519 11591
3520 3523
3521 11583
3522 11582
3524 11581
3525 11580
3526 11569
3527 3541
3528 11584
3529 11585
3530 3531
3532 3533
3534 11576
3535 11577
3536 11571
3537 11570
3538 3542
3539 11399
3540 11573
3543 11398
3544 11367
3545 11368
3546 3550
3547 11370
3548 11369
3549 11365
3551 11366
3552 11364
3553 3656
3554 3639
3555 11337
3556 11360
3557 11354
3558 11357
3559 11358
3560 11355
3561 3564
3562 11351
3563 11372
3565 11359
3566 11474
3567 11346
3568 11239
3569 11344
3570 11188
3571 11342
3572 11340
3573 11339
3574 11499
3575 11305
3576 11335
3577 11334
3578 3579
3580 11332
3581 11336
3582 3612
3583 11329
3584 11328
3585 11325
3586 11327
3587 3603
3588 11326
3589 3599
3590 3598
3591 11321
3592 11320
3593 11319
3594 11318
3595 11314
3596 11317
3597 11316
3600 11313
3601 11312
3602 11311
3604 11307
3605 11308
3606 11338
3607 3608
3609 11301
3610 11300
3611 11299
3613 11297
3614 3638
3615 11331
3616 3617
3618 11293
3619 3620
3621 11289
3622 11304
3623 11287
3624 11284
3625 11286
3626 3636
3627 11283
3628 3635
3629 11282
3630 11281
3631 11280
3632 11279
3633 3634
3637 11274
3640 11271
3641 11251
3642 11295
3643 11269
3644 11268
3645 11266
3646 11265
3647 11267
3648 3658
3649 11264
3650 11263
3651 3654
3652 11261
3653 11260
3655 11258
3657 11256
3659 11254
3660 11253
3661 11250
3662 11248
3663 11492
3664 11247
3665 11479
3666 11245
3667 3677
3668 11270
3669 11233
3670 11241
3671 11478
3672 11244
3673 11238
3674 11343
3675 11237
3676 11235
3678 11232
3679 11231
3680 3688
3681 11230
3682 11122
3683 11223
3684 11225
3685 3687
3686 11224
3689 3692
3690 11220
3691 11219
3693 11205
3694 11226
3695 11216
3696 10982
3697 11214
3698 11208
3699 11210
3700 11209
3701 11212
3702 11207
3703 11206
3704 11502
3705 3706
3707 3755
3708 11202
3709 11201
3710 11198
3711 11200
3712 11199
3713 3729
3714 11196
3715 11197
3716 3718
3717 11215
3719 3720
3721 11192
3722 11193
3723 11191
3724 3725
3726 11189
3727 3728
3730 3733
3731 11186
3732 11184
3734 3737
3735 11183
3736 10961
3738 11179
3739 11178
3740 11180
3741 3747
3742 3744
3743 11176
3745 3746
3748 11171
3749 11168
3750 11167
3751 11166
3752 11164
3753 11187
3754 10960
3756 11551
3757 11159
3758 11157
3759 11549
3760 3776
3761 3764
3762 11546
3763 11154
3765 11152
3766 11153
3767 11548
3768 11151
3769 11150
3770 11547
3771 11149
3772 11148
3773 11147
3774 11545
3775 11145
3777 3778
3779 11140
3780 11139
3781 11543
3782 3824
3783 11099
3784 11134
3785 11093
3786 3787
3788 3789
3790 11128
3791 11127
3792 11126
3793 3806
3794 11124
3795 11123
3796 11113
3797 3798
3799 11091
3800 3802
3801 11120
3803 11116
3804 11117
3805 11119
3807 3808
3809 11112
3810 11109
3811 3812
3813 11107
3814 11104
3815 11105
3816 11090
3817 11103
3818 3819
3820 11100
3821 11098
3822 11097
3823 11096
3825 11542
3826 11092
3827 11541
3828 11089
3829 11088
3830 11087
3831 11085
3832 11155
3833 11539
3834 3835
3836 11081
3837 11079
3838 11078
3839 11077
3840 11075
3841 11070
3842 11069
3843 11536
3844 11072
3845 11073
3846 3847
3848 11068
3849 11067
3850 3883
3851 3887
3852 11064
3853 11063
3854 3863
3855 11062
3856 3861
3857 11060
3858 11059
3859 3899
3860 11054
3862 11055
3864 11053
3865 11047
3866 11051
3867 11050
3868 11049
3869 11048
3870 11056
3871 3872
3873 11044
3874 11043
3875 3877
3876 11042
3878 11046
3879 3914
3880 11037
3881 11036
3882 11035
3884 11535
3885 11032
3886 10992
3888 11030
3889 3891
3890 11052
3892 11534
3893 11025
3894 3924
3895 11023
3896 3917
3897 11021
3898 11019
3900 11017
3901 11015
3902 11014
3903 11013
3904 11010
3905 3910
3906 11009
3907 11008
3908 11007
3909 11011
3911 11006
3912 11003
3913 11001
3915 11000
3916 11061
3918 3919
3920 10995
3921 10817
3922 11022
3923 11005
3925 10991
3926 3928
3927 10990
3929 10989
3930 10988
3931 10987
3932 10985
3933 10983
3934 3937
3935 3936
3938 10978
3939 10973
3940 3945
3941 10977
3942 10976
3943 10972
3944 10975
3946 5683
3947 10997
3948 10969
3949 3951
3950 10968
3952 9608
3953 9251
3954 10966
3955 11511
3956 10963
3957 3974
3958 10962
3959 3960
3961 10948
3962 10957
3963 10823
3964 10955
3965 10953
3966 10952
3967 10822
3968 10950
3969 10821
3970 3977
3971 10946
3972 10949
3973 10945
3975 10942
3976 10939
3978 10936
3979 10935
3980 4030
3981 10933
3982 10932
3983 10931
3984 4061
3985 4047
3986 10929
3987 4010
3988 3989
3990 10925
3991 10923
3992 10922
3993 10924
3994 10919
3995 10916
3996 10918
3997 10915
3998 10917
3999 4000
4001 4005
4002 10913
4003 10912
4004 10910
4006 10904
4007 10903
4008 10902
4009 10930
4011 4012
4013 10898
4014 10896
4015 4016
4017 10892
4018 10889
4019 4028
4020 10879
4021 4024
4022 4023
4025 10882
4026 4027
4029 10878
4031 10875
4032 4036
4033 10874
4034 10872
4035 10871
4037 10870
4038 10869
4039 10868
4040 10867
4041 10862
4042 10865
4043 4044
4045 4159
4046 10859
4048 10858
4049 4157
4050 10853
4051 4091
4052 10849
4053 10855
4054 10752
4055 4056
4057 10850
4058 10856
4059 10848
4060 10900
4062 10845
4063 10838
4064 10841
4065 10840
4066 4077
4067 10836
4068 10834
4069 4071
4070 10833
4072 10831
4073 10830
4074 4085
4075 10827
4076 10826
4078 10824
4079 4081
4080 10819
4082 11507
4083 10820
4084 10818
4086 5550
4087 10814
4088 10842
4089 10813
4090 10812
4092 10811
4093 10809
4094 4097
4095 10808
4096 4098
4099 4115
4100 10804
4101 10803
4102 10801
4103 10799
4104 10798
4105 10776
4106 10790
4107 4116
4108 10796
4109 4114
4110 4111
4112 10792
4113 10791
4117 10789
4118 10788
4119 10787
4120 4133
4121 4123
4122 10785
4124 10854
4125 10783
4126 4138
4127 10779
4128 4136
4129 10777
4130 4131
4132 10793
4134 10774
4135 10773
4137 10771
4139 4151
4140 4144
4141 10763
4142 10765
4143 10764
4145 10761
4146 10767
4147 4149
4148 10758
4150 10756
4152 10810
4153 10755
4154 10781
4155 10860
4156 10753
4158 10749
4160 10747
4161 9249
4162 10745
4163 4799
4164 10743
4165 10742
4166 9238
4167 10740
4168 7705
4169 4197
4170 10735
4171 10736
4172 4174
4173 10733
4175 10728
4176 10730
4177 10729
4178 11512
4179 10727
4180 10726
4181 10725
4182 10724
4183 10723
4184 10722
4185 10686
4186 4189
4187 10720
4188 10716
4190 10717
4191 10718
4192 6172
4193 10714
4194 10712
4195 10710
4196 10738
4198 7716
4199 10705
4200 10697
4201 10702
4202 4205
4203 10699
4204 10698
4206 10696
4207 7271
4208 10694
4209 4223
4210 4211
4212 10687
4213 10684
4214 4215
4216 10685
4217 10688
4218 10683
4219 10690
4220 10681
4221 10680
4222 7270
4224 10677
4225 10675
4226 4241
4227 10671
4228 10670
4229 10668
4230 10663
4231 10666
4232 10665
4233 10661
4234 10664
4235 10657
4236 10662
4237 10658
4238 10660
4239 10669
4240 10659
4242 10674
4243 8731
4244 4246
4245 10654
4247 4255
4248 10652
4249 10651
4250 10650
4251 10649
4252 10648
4253 10646
4254 10647
4256 10644
4257 10634
4258 6136
4259 4262
4260 10641
4261 10640
4263 8833
4264 8831
4265 10637
4266 10636
4267 10635
4268 8856
4269 6069
4270 6064
4271 10633
4272 4274
4273 10632
4275 10630
4276 10629
4277 4307
4278 4304
4279 10627
4280 10625
4281 4303
4282 4296
4283 10622
4284 4287
4285 10621
4286 10620
4288 10619
4289 4292
4290 10618
4291 10617
4293 4294
4295 10614
4297 4300
4298 10368
4299 10612
4301 10611
4302 4306
4305 10330
4308 10605
4309 10604
4310 10603
4311 10602
4312 5942
4313 10606
4314 5941
4315 10599
4316 4317
4318 4323
4319 10595
4320 10594
4321 4340
4322 10592
4324 10579
4325 10591
4326 10593
4327 10583
4328 4335
4329 4330
4331 10587
4332 10588
4333 10585
4334 10584
4336 10582
4337 10589
4338 4680
4339 4443
4341 10419
4342 10577
4343 4345
4344 10576
4346 4687
4347 10574
4348 10575
4349 10572
4350 10547
4351 10569
4352 4353
4354 10487
4355 10562
4356 10565
4357 4422
4358 4411
4359 10563
4360 4406
4361 10561
4362 4372
4363 10553
4364 10559
4365 10555
4366 4371
4367 10477
4368 10550
4369 4370
4373 10549
4374 10480
4375 10548
4376 10481
4377 4407
4378 4379
4380 4383
4381 10544
4382 10492
4384 10522
4385 10529
4386 10542
4387 10541
4388 10545
4389 10539
4390 10538
4391 10537
4392 10534
4393 10533
4394 10532
4395 10496
4396 10530
4397 4413
4398 10528
4399 10527
4400 10525
4401 10526
4402 10523
4403 10521
4404 10546
4405 10517
4408 4409
4410 10516
4412 10511
4414 4416
4415 4419
4417 4418
4420 10505
4421 10503
4423 4439
4424 4426
4425 10498
4427 10531
4428 10495
4429 10494
4430 10493
4431 4432
4433 10491
4434 4436
4435 10490
4437 10489
4438 10488
4440 10482
4441 10484
4442 10483
4444 4445
4446 10479
4447 4469
4448 10478
4449 4451
4450 10476
4452 10474
4453 4454
4455 10473
4456 4459
4457 4458
4460 10471
4461 10554
4462 10469
4463 9822
4464 10468
4465 4671
4466 10465
4467 4666
4468 10464
4470 4472
4471 10462
4473 10461
4474 4669
4475 4478
4476 10460
4477 10458
4479 10457
4480 4498
4481 10454
4482 4486
4483 4485
4484 10452
4487 10448
4488 10447
4489 10446
4490 4492
4491 10444
4493 10443
4494 10441
4495 4614
4496 10438
4497 10437
4499 10435
4500 10424
4501 10434
4502 10432
4503 10431
4504 4512
4505 10430
4506 4516
4507 10425
4508 4509
4510 10427
4511 10422
4513 10421
4514 4515
4517 4560
4518 4551
4519 10417
4520 10388
4521 4522
4523 4548
4524 10412
4525 10384
4526 10409
4527 4536
4528 10407
4529 10406
4530 10404
4531 10408
4532 10394
4533 4535
4534 10399
4537 10415
4538 10395
4539 10410
4540 10392
4541 10391
4542 10389
4543 10387
4544 10386
4545 10411
4546 4547
4549 10383
4550 10382
4552 10381
4553 10393
4554 10380
4555 10379
4556 4557
4558 10378
4559 4564
4561 10377
4562 10374
4563 10373
4565 10372
4566 4568
4567 10370
4569 4611
4570 10451
4571 10366
4572 10364
4573 10356
4574 10361
4575 10359
4576 10358
4577 4580
4578 10357
4579 4599
4581 10355
4582 10354
4583 10352
4584 10353
4585 10351
4586 4587
4588 10347
4589 10346
4590 4591
4592 10342
4593 10340
4594 4598
4595 10349
4596 10339
4597 10338
4600 10337
4601 10336
4602 10335
4603 4609
4604 10371
4605 10333
4606 10332
4607 10608
4608 10331
4610 10329
4612 10328
4613 10327
4615 4616
4617 10623
4618 10323
4619 4640
4620 10295
4621 10320
4622 10319
4623 10321
4624 10304
4625 10316
4626 10315
4627 4628
4629 10626
4630 10310
4631 10308
4632 10307
4633 10306
4634 4639
4635 10303
4636 4638
4637 10302
4641 4657
4642 10284
4643 10296
4644 10297
4645 10298
4646 10294
4647 10293
4648 4655
4649 4654
4650 10289
4651 4653
4652 10288
4656 10272
4658 4663
4659 10282
4660 10281
4661 10280
4662 10283
4664 10277
4665 10276
4667 4670
4668 10273
4672 10467
4673 10292
4674 4676
4675 10269
4677 4678
4679 10263
4681 10261
4682 10260
4683 10259
4684 9818
4685 10596
4686 10248
4688 10254
4689 10252
4690 9819
4691 10251
4692 4693
4694 10249
4695 10253
4696 10247
4697 4699
4698 10246
4700 5112
4701 10244
4702 10243
4703 5098
4704 10242
4705 4709
4706 10237
4707 10236
4708 10234
4710 4746
4711 10231
4712 4714
4713 4731
4715 4717
4716 10228
4718 10226
4719 10223
4720 10206
4721 10222
4722 10212
4723 10220
4724 4725
4726 10218
4727 10235
4728 4730
4729 10216
4732 4753
4733 10214
4734 10213
4735 4736
4737 10210
4738 10188
4739 10208
4740 10207
4741 10217
4742 10204
4743 10202
4744 10201
4745 10200
4747 10197
4748 10196
4749 9838
4750 4754
4751 10191
4752 10190
4755 10187
4756 10186
4757 10184
4758 10183
4759 10182
4760 10180
4761 4866
4762 4764
4763 10178
4765 10177
4766 10176
4767 10174
4768 10173
4769 10172
4770 4771
4772 10179
4773 9849
4774 9847
4775 4777
4776 10168
4778 10164
4779 10162
4780 10161
4781 10163
4782 10159
4783 5041
4784 5034
4785 5032
4786 10156
4787 10154
4788 10153
4789 9904
4790 10151
4791 10150
4792 10148
4793 5026
4794 10145
4795 5102
4796 10143
4797 10142
4798 10141
4800 10140
4801 4802
4803 4847
4804 10135
4805 4806
4807 10132
4808 10131
4809 4811
4810 10128
4812 4813
4814 10125
4815 4817
4816 10124
4818 10122
4819 10116
4820 10121
4821 10120
4822 10136
4823 4825
4824 10123
4826 10115
4827 10129
4828 10113
4829 10111
4830 10110
4831 10109
4832 4844
4833 10107
4834 10108
4835 10105
4836 10082
4837 10103
4838 10102
4839 10101
4840 10098
4841 10097
4842 10095
4843 10071
4845 10090
4846 10089
4848 10088
4849 10087
4850 10085
4851 10092
4852 10083
4853 4857
4854 10076
4855 10079
4856 10078
4858 4884
4859 10075
4860 10074
4861 10073
4862 4864
4863 10146
4865 4872
4867 10069
4868 10068
4869 10063
4870 11514
4871 10066
4873 10065
4874 10056
4875 4880
4876 10060
4877 10238
4878 10059
4879 10058
4881 10057
4882 10055
4883 10053
4885 10051
4886 10050
4887 10049
4888 4890
4889 10048
4891 10047
4892 10046
4893 9953
4894 4904
4895 4903
4896 10044
4897 10036
4898 10042
4899 10041
4900 10040
4901 10039
4902 10038
4905 10034
4906 9977
4907 9665
4908 10030
4909 10022
4910 10028
4911 10027
4912 4920
4913 4914
4915 10023
4916 4932
4917 10019
4918 10018
4919 10017
4921 10015
4922 10011
4923 10013
4924 10007
4925 10012
4926 10014
4927 10010
4928 4930
4929 10020
4931 10005
4933 10002
4934 10021
4935 10001
4936 4937
4938 9764
4939 9997
4940 4943
4941 4942
4944 9993
4945 9979
4946 9987
4947 4950
4948 9990
4949 9986
4951 4952
4953 9980
4954 9982
4955 4995
4956 10031
4957 9975
4958 9961
4959 9973
4960 9971
4961 9948
4962 4981
4963 9970
4964 4965
4966 9967
4967 4968
4969 4972
4970 9964
4971 9963
4973 4976
4974 4975
4977 9959
4978 9944
4979 9958
4980 9956
4982 9954
4983 4987
4984 9951
4985 9950
4986 9949
4988 9946
4989 9945
4990 9955
4991 9943
4992 9976
4993 9940
4994 9939
4996 9935
4997 4998
4999 9933
5000 9932
5001 9930
5002 9929
5003 5004
5005 9927
5006 9926
5007 9924
5008 9925
5009 9923
5010 5939
5011 9922
5012 7289
5013 9731
5014 5015
5016 9916
5017 9837
5018 9915
5019 5028
5020 9913
5021 9911
5022 9910
5023 9909
5024 9906
5025 9905
5027 9884
5029 10165
5030 9900
5031 9898
5033 9896
5035 9895
5036 9892
5037 9891
5038 9890
5039 9889
5040 10158
5042 9887
5043 5047
5044 9885
5045 9886
5046 9880
5048 9879
5049 9878
5050 9881
5051 9877
5052 5054
5053 9883
5055 9875
5056 9874
5057 9873
5058 9872
5059 9870
5060 9869
5061 9868
5062 9866
5063 9871
5064 5090
5065 9864
5066 9865
5067 5076
5068 9867
5069 9862
5070 9861
5071 9860
5072 9859
5073 9858
5074 9839
5075 9857
5077 9853
5078 5089
5079 9850
5080 9848
5081 5082
5083 9845
5084 9844
5085 9843
5086 9842
5087 9841
5088 9855
5091 5092
5093 5095
5094 9831
5096 9834
5097 9832
5099 5108
5100 9821
5101 5106
5103 9827
5104 9826
5105 9828
5107 9820
5109 10245
5110 10258
5111 9817
5113 9816
5114 9814
5115 5963
5116 5120
5117 9810
5118 9809
5119 9808
5121 9812
5122 9807
5123 9806
5124 9803
5125 9042
5126 9801
5127 5722
5128 9800
5129 9798
5130 9797
5131 9236
5132 9793
5133 5719
5134 5135
5136 5140
5137 9790
5138 9788
5139 9787
5141 9786
5142 5143
5144 9783
5145 9782
5146 5147
5148 9781
5149 5282
5150 9780
5151 9779
5152 9791
5153 9777
5154 5157
5155 9776
5156 9775
5158 9774
5159 9036
5160 9772
5161 5936
5162 9770
5163 9769
5164 9767
5165 5166
5167 9805
5168 9768
5169 9761
5170 9778
5171 9695
5172 9760
5173 9754
5174 9753
5175 9752
5176 9751
5177 9748
5178 9749
5179 9730
5180 5202
5181 9747
5182 9745
5183 9750
5184 9744
5185 9743
5186 9742
5187 9763
5188 9733
5189 9739
5190 9931
5191 9740
5192 9737
5193 9736
5194 9734
5195 9735
5196 5198
5197 9732
5199 5200
5201 9934
5203 9762
5204 9727
5205 9726
5206 11518
5207 9725
5208 10032
5209 9721
5210 9974
5211 9718
5212 9717
5213 5220
5214 9682
5215 9716
5216 9715
5217 9708
5218 9714
5219 9707
5221 9712
5222 9710
5223 9709
5224 5262
5225 5227
5226 9706
5228 5232
5229 5231
5230 9703
5233 5234
5235 9700
5236 9696
5237 9755
5238 9694
5239 9693
5240 9688
5241 9691
5242 9690
5243 9689
5244 9662
5245 9687
5246 5248
5247 9686
5249 9684
5250 9683
5251 9681
5252 5257
5253 9680
5254 5255
5256 9674
5258 9675
5259 9672
5260 9670
5261 11521
5263 9669
5264 9668
5265 9666
5266 9667
5267 5268
5269 5270
5271 9722
5272 9692
5273 9759
5274 5275
5276 9659
5277 9530
5278 9658
5279 9529
5280 9532
5281 9656
5283 9653
5284 9599
5285 9652
5286 9651
5287 9620
5288 5322
5289 9629
5290 9647
5291 9646
5292 9648
5293 9645
5294 9644
5295 9642
5296 5313
5297 5310
5298 9639
5299 9640
5300 9637
5301 9627
5302 5309
5303 9638
5304 9635
5305 5306
5307 9633
5308 9632
5311 9631
5312 9634
5314 9628
5315 9624
5316 5317
5318 9625
5319 9623
5320 9621
5321 5325
5323 9641
5324 9618
5326 9616
5327 9615
5328 9613
5329 9614
5330 9612
5331 9611
5332 9610
5333 9597
5334 9607
5335 9593
5336 5341
5337 9604
5338 9603
5339 9602
5340 9601
5342 9598
5343 10965
5344 9595
5345 9594
5346 9596
5347 5352
5348 9592
5349 5371
5350 9590
5351 9589
5353 9587
5354 9535
5355 9586
5356 5357
5358 9583
5359 9582
5360 9588
5361 9581
5362 9577
5363 5702
5364 9576
5365 9578
5366 9573
5367 9572
5368 9574
5369 9569
5370 9567
5372 9566
5373 9563
5374 5375
5376 9561
5377 9591
5378 5698
5379 5384
5380 9555
5381 9553
5382 5389
5383 9552
5385 9548
5386 9549
5387 5388
5390 9547
5391 9545
5392 9544
5393 9664
5394 9541
5395 9657
5396 9539
5397 9538
5398 9655
5399 9542
5400 9536
5401 9622
5402 9534
5403 9533
5404 5405
5406 9540
5407 9531
5408 11522
5409 9528
5410 9663
5411 9527
5412 5447
5413 9525
5414 9523
5415 5420
5416 9520
5417 9521
5418 9518
5419 9517
5421 9522
5422 5434
5423 9506
5424 9513
5425 9348
5426 5427
5428 5450
5429 9510
5430 9509
5431 9507
5432 9504
5433 9505
5435 9503
5436 9502
5437 9501
5438 5448
5439 9500
5440 9499
5441 9498
5442 9497
5443 5452
5444 9496
5445 9494
5446 9493
5449 9491
5451 5637
5453 9487
5454 9458
5455 9485
5456 5545
5457 9484
5458 5463
5459 9478
5460 5461
5462 11527
5464 5504
5465 5482
5466 9476
5467 9474
5468 9477
5469 9473
5470 9461
5471 9466
5472 9469
5473 5475
5474 9468
5476 5478
5477 9467
5479 9459
5480 9463
5481 9462
5483 9519
5484 9457
5485 9452
5486 5541
5487 5489
5488 9454
5490 9453
5491 9455
5492 5495
5493 9449
5494 9448
5496 9475
5497 9446
5498 9443
5499 5505
5500 5501
5502 9441
5503 9439
5506 9437
5507 5509
5508 9436
5510 9423
5511 9433
5512 5518
5513 9431
5514 9430
5515 9429
5516 9428
5517 9425
5519 9426
5520 9427
5521 9421
5522 9424
5523 11526
5524 9422
5525 5528
5526 9420
5527 9407
5529 9405
5530 9418
5531 9416
5532 9415
5533 5538
5534 5535
5536 9413
5537 9411
5539 9479
5540 10744
5542 9404
5543 9402
5544 9401
5546 9400
5547 11528
5548 9471
5549 9399
5551 9398
5552 9395
5553 9295
5554 9394
5555 5561
5556 9391
5557 5559
5558 9359
5560 9388
5562 5563
5564 9385
5565 9393
5566 9378
5567 9382
5568 9363
5569 9379
5570 9377
5571 9375
5572 9374
5573 9370
5574 9372
5575 9371
5576 5577
5578 9369
5579 9368
5580 9367
5581 9376
5582 5584
5583 9381
5585 9364
5586 9380
5587 9362
5588 5590
5589 9360
5591 9389
5592 9358
5593 9357
5594 9356
5595 9354
5596 9350
5597 9297
5598 9351
5599 9465
5600 9347
5601 9346
5602 9344
5603 9343
5604 9342
5605 9324
5606 9341
5607 5608
5609 9339
5610 5697
5611 9338
5612 9337
5613 5614
5615 5659
5616 9333
5617 5618
5619 9332
5620 9330
5621 5622
5623 5625
5624 5651
5626 9325
5627 9323
5628 9322
5629 9321
5630 5699
5631 5634
5632 9319
5633 9318
5635 9316
5636 9315
5638 9314
5639 9313
5640 5641
5642 9311
5643 9312
5644 9308
5645 5646
5647 9329
5648 5650
5649 9305
5652 9302
5653 5658
5654 5656
5655 9300
5657 9298
5660 5689
5661 5662
5663 9293
5664 5687
5665 9292
5666 9290
5667 9289
5668 5669
5670 5676
5671 5675
5672 5673
5674 9284
5677 9281
5678 9276
5679 9280
5680 9279
5681 9278
5682 9277
5684 9275
5685 9274
5686 9273
5688 9271
5690 9575
5691 9269
5692 9268
5693 9266
5694 9267
5695 5696
5700 9258
5701 9256
5703 9255
5704 9254
5705 9252
5706 5707
5708 5709
5710 9240
5711 9245
5712 5713
5714 9537
5715 9243
5716 5718
5717 9242
5720 10746
5721 9794
5723 9235
5724 5730
5725 9234
5726 5731
5727 9232
5728 5729
5732 9226
5733 5809
5734 5735
5736 9224
5737 9223
5738 9217
5739 9222
5740 7305
5741 9220
5742 9219
5743 5749
5744 9218
5745 5747
5746 7310
5748 9214
5750 5808
5751 9211
5752 9212
5753 5754
5755 9207
5756 9206
5757 9205
5758 9215
5759 5802
5760 9201
5761 9200
5762 9213
5763 9199
5764 5766
5765 9198
5767 9197
5768 5798
5769 9196
5770 9195
5771 9216
5772 9194
5773 9193
5774 9190
5775 9187
5776 9180
5777 9186
5778 9185
5779 9184
5780 9183
5781 5783
5782 9181
5784 9158
5785 5787
5786 9177
5788 9176
5789 9179
5790 9174
5791 9157
5792 5795
5793 5796
5794 9172
5797 7311
5799 9167
5800 9204
5801 9166
5803 9165
5804 9168
5805 9210
5806 9163
5807 9160
5810 9159
5811 5912
5812 8840
5813 8834
5814 5815
5816 5818
5817 6088
5819 9111
5820 9150
5821 5831
5822 5825
5823 5824
5826 9145
5827 9144
5828 9148
5829 9143
5830 9140
5832 5866
5833 9149
5834 5837
5835 9139
5836 9138
5838 9133
5839 9130
5840 9105
5841 9129
5842 9128
5843 9127
5844 9126
5845 9114
5846 9125
5847 9124
5848 5851
5849 9123
5850 9119
5852 9121
5853 9118
5854 9117
5855 9120
5856 9115
5857 9132
5858 8962
5859 9113
5860 5867
5861 9110
5862 9109
5863 9108
5864 9107
5865 9106
5868 9104
5869 9103
5870 9102
5871 6007
5872 9100
5873 5894
5874 9097
5875 5893
5876 9096
5877 5891
5878 9094
5879 9092
5880 9086
5881 9090
5882 5885
5883 5898
5884 9088
5886 9091
5887 9049
5888 9085
5889 9082
5890 9083
5892 9095
5895 9079
5896 5897
5899 9077
5900 9076
5901 9099
5902 9078
5903 9073
5904 9072
5905 9070
5906 9067
5907 9066
5908 9060
5909 9065
5910 9063
5911 9062
5913 9059
5914 5916
5915 9056
5917 9054
5918 9055
5919 9050
5920 9051
5921 9044
5922 9048
5923 9047
5924 9046
5925 9045
5926 9173
5927 9043
5928 9041
5929 5931
5930 9040
5932 9225
5933 9039
5934 9038
5935 9037
5937 9035
5938 9034
5940 9032
5943 8922
5944 9029
5945 9028
5946 6062
5947 9026
5948 9027
5949 9024
5950 9023
5951 9098
5952 9101
5953 5954
5955 9019
5956 5960
5957 9018
5958 5961
5959 9016
5962 9014
5964 9013
5965 9020
5966 5968
5967 9010
5969 9009
5970 5972
5971 9008
5973 9002
5974 9005
5975 9004
5976 9003
5977 5992
5978 9000
5979 8987
5980 8972
5981 8998
5982 5983
5984 8993
5985 8995
5986 8990
5987 5989
5988 8988
5990 8986
5991 8999
5993 6018
5994 8979
5995 5997
5996 8981
5998 8978
5999 8976
6000 8975
6001 8974
6002 8973
6003 9007
6004 8971
6005 8968
6006 8967
6008 8966
6009 6012
6010 6011
6013 8958
6014 9131
6015 8956
6016 8955
6017 9012
6019 8951
6020 6021
6022 8948
6023 6037
6024 6034
6025 8933
6026 8944
6027 8941
6028 8940
6029 6032
6030 8949
6031 8939
6033 8935
6035 8934
6036 8931
6038 6047
6039 8927
6040 8916
6041 8925
6042 8924
6043 6044
6045 8921
6046 8926
6048 8919
6049 8918
6050 8928
6051 8947
6052 8915
6053 9135
6054 8912
6055 8953
6056 8910
6057 8909
6058 8907
6059 8876
6060 9142
6061 8908
6063 8902
6065 6068
6066 8899
6067 8898
6070 8897
6071 6112
6072 8896
6073 8894
6074 8895
6075 8885
6076 8892
6077 8891
6078 8890
6079 8889
6080 6081
6082 8887
6083 8886
6084 8884
6085 8883
6086 9141
6087 8882
6089 8877
6090 8906
6091 8875
6092 8873
6093 8847
6094 8872
6095 8871
6096 6108
6097 8864
6098 8869
6099 8868
6100 8867
6101 6105
6102 8859
6103 8863
6104 6133
6106 8861
6107 8866
6109 6110
6111 8857
6113 6115
6114 8854
6116 8851
6117 8850
6118 8852
6119 8849
6120 7667
6121 9156
6122 9153
6123 8845
6124 8841
6125 8843
6126 6129
6127 8838
6128 8837
6130 8839
6131 8836
6132 8835
6134 8832
6135 8830
6137 8829
6138 6167
6139 8828
6140 8826
6141 6148
6142 6163
6143 6146
6144 8686
6145 8822
6147 6149
6150 8819
6151 6154
6152 8818
6153 8817
6155 6157
6156 7973
6158 8825
6159 8812
6160 8811
6161 8810
6162 8697
6164 6165
6166 8808
6168 8806
6169 8805
6170 8804
6171 6263
6173 8803
6174 6176
6175 6247
6177 8801
6178 8800
6179 8774
6180 8797
6181 8796
6182 8795
6183 7024
6184 7011
6185 8791
6186 8790
6187 8052
6188 6547
6189 8788
6190 8450
6191 8785
6192 6200
6193 8784
6194 8783
6195 8779
6196 8782
6197 8781
6198 6199
6201 6406
6202 8777
6203 8776
6204 6256
6205 8579
6206 8773
6207 8746
6208 8766
6209 8770
6210 8588
6211 8768
6212 6213
6214 8764
6215 6218
6216 8759
6217 8762
6219 8761
6220 8760
6221 8758
6222 8767
6223 6224
6225 8755
6226 8754
6227 8745
6228 8592
6229 8752
6230 8751
6231 6233
6232 8750
6234 6235
6236 6237
6238 8753
6239 6241
6240 8744
6242 8729
6243 8739
6244 8740
6245 8733
6246 8743
6248 8738
6249 8736
6250 6254
6251 6252
6253 8732
6255 8727
6257 6259
6258 8725
6260 8726
6261 6265
6262 8724
6264 8723
6266 6390
6267 8720
6268 8715
6269 8718
6270 8713
6271 8613
6272 8714
6273 6376
6274 6276
6275 8712
6277 8710
6278 8705
6279 8708
6280 8703
6281 8707
6282 8704
6283 8709
6284 8702
6285 6394
6286 8700
6287 8699
6288 8690
6289 6290
6291 8694
6292 8692
6293 6294
6295 8696
6296 8687
6297 8685
6298 8050
6299 8698
6300 8682
6301 8681
6302 8680
6303 8051
6304 8676
6305 6306
6307 8610
6308 8509
6309 8669
6310 8667
6311 8666
6312 8665
6313 8655
6314 8057
6315 6316
6317 6533
6318 6319
6320 8659
6321 6322
6323 8656
6324 8654
6325 8653
6326 8652
6327 8651
6328 8458
6329 8650
6330 6331
6332 8645
6333 8644
6334 8648
6335 6336
6337 8668
6338 8641
6339 8640
6340 8638
6341 8468
6342 8637
6343 6531
6344 8506
6345 8636
6346 8635
6347 6348
6349 8632
6350 6482
6351 8630
6352 8629
6353 8628
6354 8519
6355 8626
6356 8625
6357 6372
6358 8607
6359 6361
6360 8620
6362 8618
6363 6455
6364 6366
6365 8616
6367 8615
6368 8608
6369 6930
6370 8609
6371 8612
6373 8611
6374 8679
6375 8604
6377 8606
6378 8605
6379 8603
6380 8600
6381 8701
6382 8601
6383 8580
6384 6385
6386 8602
6387 8597
6388 8596
6389 8591
6391 8595
6392 8594
6393 8593
6395 6399
6396 8586
6397 8589
6398 8587
6400 8769
6401 8585
6402 8778
6403 6405
6404 8582
6407 6465
6408 8578
6409 8577
6410 8576
6411 6416
6412 8575
6413 6415
6414 8574
6417 6418
6419 8570
6420 8554
6421 8569
6422 8568
6423 6424
6425 8565
6426 8523
6427 8564
6428 8513
6429 6432
6430 8558
6431 8556
6433 6434
6435 8553
6436 8619
6437 8552
6438 8551
6439 8550
6440 6445
6441 8548
6442 8546
6443 8529
6444 8549
6446 8543
6447 8542
6448 6453
6449 6450
6451 6452
6454 8532
6456 8531
6457 6459
6458 8528
6460 8525
6461 6462
6463 8544
6464 8522
6466 8521
6467 6474
6468 8514
6469 8518
6470 8517
6471 6473
6472 8516
6475 8627
6476 8512
6477 8511
6478 6532
6479 8510
6480 8515
6481 8508
6483 8507
6484 8505
6485 8504
6486 8631
6487 8503
6488 8502
6489 6490
6491 8657
6492 8498
6493 8496
6494 8495
6495 6499
6496 6498
6497 8494
6500 8492
6501 8488
6502 8487
6503 8486
6504 8501
6505 8484
6506 8483
6507 8482
6508 8469
6509 8481
6510 8478
6511 8466
6512 8471
6513 8474
6514 8475
6515 6517
6516 8472
6518 8470
6519 6523
6520 8467
6521 6522
6524 8465
6525 8463
6526 6528
6527 8462
6529 8497
6530 8460
6534 6536
6535 8456
6537 8780
6538 6540
6539 8453
6541 8451
6542 8449
6543 8448
6544 8455
6545 8447
6546 8443
6548 8445
6549 8442
6550 8440
6551 6597
6552 6900
6553 8437
6554 6895
6555 8435
6556 8434
6557 8433
6558 8431
6559 8426
6560 8429
6561 8418
6562 8428
6563 8427
6564 8425
6565 8423
6566 6568
6567 8422
6569 8430
6570 8417
6571 8412
6572 8411
6573 8414
6574 6575
6576 8410
6577 6579
6578 6580
6581 8406
6582 8405
6583 6585
6584 8404
6586 8402
6587 8399
6588 8403
6589 8401
6590 8432
6591 8397
6592 8395
6593 8392
6594 8393
6595 8390
6596 8060
6598 8389
6599 6634
6600 6619
6601 8385
6602 6608
6603 8384
6604 8383
6605 8382
6606 8424
6607 8062
6609 8376
6610 8379
6611 8387
6612 8370
6613 6614
6615 6616
6617 8381
6618 8375
6620 8368
6621 8359
6622 8358
6623 8356
6624 8363
6625 8362
6626 8361
6627 8369
6628 8357
6629 6631
6630 8354
6632 6711
6633 8352
6635 8350
6636 8349
6637 8348
6638 6903
6639 8347
6640 8345
6641 8344
6642 8342
6643 8341
6644 8340
6645 6649
6646 8321
6647 8336
6648 8334
6650 8333
6651 6658
6652 6654
6653 8329
6655 8335
6656 8327
6657 8330
6659 8304
6660 8322
6661 6666
6662 8320
6663 8319
6664 8317
6665 8318
6667 8316
6668 8315
6669 6671
6670 6672
6673 8312
6674 8313
6675 8309
6676 8325
6677 8307
6678 8306
6679 8305
6680 8338
6681 8314
6682 8332
6683 8303
6684 8301
6685 6719
6686 8284
6687 8286
6688 8297
6689 8296
6690 8298
6691 8291
6692 6730
6693 8245
6694 8293
6695 8290
6696 8283
6697 8288
6698 8287
6699 6702
6700 6701
6703 8386
6704 6705
6706 8353
6707 6710
6708 8278
6709 8273
6712 6713
6714 8275
6715 6718
6716 8274
6717 8279
6720 8268
6721 6722
6723 8266
6724 8265
6725 6761
6726 8263
6727 6760
6728 8262
6729 6759
6731 8259
6732 6754
6733 8257
6734 8256
6735 6748
6736 6747
6737 8253
6738 8250
6739 6742
6740 8251
6741 6743
6744 8252
6745 8248
6746 8247
6749 8242
6750 8258
6751 8244
6752 8243
6753 8084
6755 8240
6756 8239
6757 8255
6758 8237
6762 8230
6763 6764
6765 6766
6767 8229
6768 8228
6769 8106
6770 8225
6771 8224
6772 6784
6773 8221
6774 6779
6775 8219
6776 8217
6777 8216
6778 8215
6780 8213
6781 8220
6782 8210
6783 8126
6785 8115
6786 8203
6787 8202
6788 8090
6789 8201
6790 8199
6791 8198
6792 8200
6793 8197
6794 8196
6795 6801
6796 8188
6797 8192
6798 8194
6799 8190
6800 8189
6802 8088
6803 8089
6804 8185
6805 8184
6806 8182
6807 6833
6808 8180
6809 8179
6810 6814
6811 8177
6812 6842
6813 6830
6815 6829
6816 8171
6817 8175
6818 8169
6819 6821
6820 8166
6822 8165
6823 8168
6824 8162
6825 8161
6826 8160
6827 8158
6828 8156
6831 8178
6832 8157
6834 6836
6835 8154
6837 8093
6838 8153
6839 8152
6840 8155
6841 6867
6843 8149
6844 6857
6845 8146
6846 8138
6847 8143
6848 8142
6849 8141
6850 8139
6851 8135
6852 8137
6853 8134
6854 8133
6855 8122
6856 8132
6858 6860
6859 8128
6861 8125
6862 8123
6863 8121
6864 8120
6865 8119
6866 8150
6868 8116
6869 8113
6870 6871
6872 8112
6873 8110
6874 8109
6875 8108
6876 8100
6877 8105
6878 6881
6879 8104
6880 8117
6882 8101
6883 6884
6885 6889
6886 8096
6887 8094
6888 8226
6890 8092
6891 8091
6892 8276
6893 8087
6894 8086
6896 8085
6897 8082
6898 8081
6899 8080
6901 8079
6902 6904
6905 8366
6906 8076
6907 6914
6908 8075
6909 8074
6910 8073
6911 8372
6912 8072
6913 8071
6915 8078
6916 8067
6917 8066
6918 8068
6919 8064
6920 6934
6921 8436
6922 8059
6923 8061
6924 8063
6925 8054
6926 6932
6927 8058
6928 8441
6929 6931
6933 8053
6935 7003
6936 6938
6937 8684
6939 8047
6940 6941
6942 8007
6943 8049
6944 8031
6945 8037
6946 6949
6947 8036
6948 8034
6950 8033
6951 8039
6952 8038
6953 8030
6954 8048
6955 6957
6956 8026
6958 8025
6959 6980
6960 8002
6961 8023
6962 8022
6963 8020
6964 8021
6965 6969
6966 8019
6967 8011
6968 8018
6970 6972
6971 8016
6973 8014
6974 8015
6975 6978
6976 6977
6979 8010
6981 8008
6982 8029
6983 7994
6984 8003
6985 7986
6986 8000
6987 8055
6988 7988
6989 7996
6990 7997
6991 8004
6992 7995
6993 7993
6994 7991
6995 8042
6996 7992
6997 6998
6999 7987
7000 7978
7001 7985
7002 7982
7004 7981
7005 7008
7006 7007
7009 7977
7010 7976
7012 7975
7013 7971
7014 7974
7015 7019
7016 7968
7017 7967
7018 7966
7020 7645
7021 8793
7022 7962
7023 7027
7025 7026
7028 7244
7029 7958
7030 7957
7031 7144
7032 7954
7033 7963
7034 7951
7035 7961
7036 7946
7037 7948
7038 7947
7039 7040
7041 7108
7042 7944
7043 7943
7044 7931
7045 7047
7046 7688
7048 7932
7049 7936
7050 7051
7052 7924
7053 7054
7055 7057
7056 7930
7058 7929
7059 7928
7060 7933
7061 7677
7062 7881
7063 7923
7064 7921
7065 7925
7066 7919
7067 7143
7068 7917
7069 7890
7070 7726
7071 7915
7072 7914
7073 7913
7074 7077
7075 7912
7076 7080
7078 7902
7079 7908
7081 7906
7082 7900
7083 7904
7084 7899
7085 7903
7086 7090
7087 7901
7088 7089
7091 7106
7092 7177
7093 7894
7094 7905
7095 7893
7096 7099
7097 7892
7098 7104
7100 7891
7101 7727
7102 7888
7103 7887
7105 7885
7107 7882
7109 7880
7110 7879
7111 7877
7112 7918
7113 7873
7114 7872
7115 7876
7116 7868
7117 7867
7118 7120
7119 7866
7121 7865
7122 7137
7123 7852
7124 7862
7125 7861
7126 7856
7127 7859
7128 7130
7129 7857
7131 7855
7132 7854
7133 7149
7134 7853
7135 7851
7136 7796
7138 7849
7139 7140
7141 7875
7142 7844
7145 7843
7146 7221
7147 7846
7148 7175
7150 7817
7151 7838
7152 7153
7154 7157
7155 7834
7156 7833
7158 7831
7159 7836
7160 7163
7161 7827
7162 7828
7164 7824
7165 7826
7166 7825
7167 7832
7168 7169
7170 7820
7171 7819
7172 7821
7173 7816
7174 7815
7176 7812
7178 7218
7179 7809
7180 7778
7181 7807
7182 7183
7184 7805
7185 7840
7186 7803
7187 7799
7188 7195
7189 7802
7190 7198
7191 7794
7192 7194
7193 7795
7196 7793
7197 7792
7199 7791
7200 7788
7201 7787
7202 7783
7203 7784
7204 7786
7205 7232
7206 7781
7207 7780
7208 7779
7209 7754
7210 7773
7211 7776
7212 7772
7213 7771
7214 7220
7215 7769
7216 7767
7217 7765
7219 7766
7222 7241
7223 7239
7224 7238
7225 7227
7226 7757
7228 7234
7229 7752
7230 7237
7231 7748
7233 7750
7235 7858
7236 7746
7240 7742
7242 7959
7243 7734
7245 7739
7246 7738
7247 10667
7248 7737
7249 7261
7250 7259
7251 7735
7252 7260
7253 7733
7254 7745
7255 7731
7256 7257
7258 7728
7262 7723
7263 7266
7264 7697
7265 7722
7267 7744
7268 7719
7269 10673
7272 7273
7274 7715
7275 7713
7276 7277
7278 7710
7279 7281
7280 7721
7282 7706
7283 7284
7285 7704
7286 7717
7287 9239
7288 7701
7290 7699
7291 7306
7292 7696
7293 7694
7294 7693
7295 7692
7296 7690
7297 7695
7298 9233
7299 7686
7300 7685
7301 7684
7302 7687
7303 9228
7304 7683
7307 7680
7308 7679
7309 9221
7312 9182
7313 7675
7314 7672
7315 7671
7316 7644
7317 7669
7318 7368
7319 9175
7320 7666
7321 7665
7322 7663
7323 7664
7324 7339
7325 7662
7326 7660
7327 7361
7328 7330
7329 7658
7331 7632
7332 7357
7333 7653
7334 7652
7335 7336
7337 7649
7338 7344
7340 7647
7341 7343
7342 7646
7345 7643
7346 7642
7347 7387
7348 7641
7349 7640
7350 7602
7351 7639
7352 7627
7353 7623
7354 7636
7355 7356
7358 7631
7359 7633
7360 7630
7362 7629
7363 7365
7364 7628
7366 7638
7367 7625
7369 7626
7370 7624
7371 7385
7372 7374
7373 7621
7375 7622
7376 7618
7377 7608
7378 7615
7379 7383
7380 7614
7381 7611
7382 7610
7384 7607
7386 7605
7388 7604
7389 7612
7390 7392
7391 7600
7393 7540
7394 7598
7395 7597
7396 7588
7397 7450
7398 7593
7399 7544
7400 7592
7401 7426
7402 7590
7403 7508
7404 7407
7405 7584
7406 7585
7408 7427
7409 7581
7410 7411
7412 7517
7413 7571
7414 7575
7415 7573
7416 7494
7417 7569
7418 7493
7419 7578
7420 7421
7422 7564
7423 7579
7424 7548
7425 7562
7428 7560
7429 7433
7430 7557
7431 7440
7432 7555
7434 7553
7435 7551
7436 7441
7437 7552
7438 7668
7439 7550
7442 7589
7443 7603
7444 7594
7445 7545
7446 7542
7447 7449
7448 7538
7451 7546
7452 7543
7453 7537
7454 7535
7455 7533
7456 7531
7457 7459
7458 7462
7460 7521
7461 7525
7463 7480
7464 7479
7465 7519
7466 7476
7467 7468
7469 7512
7470 7471
7472 7511
7473 7513
7474 7475
7477 7510
7478 7568
7481 7506
7482 7587
7483 7504
7484 7501
7485 7489
7486 7487
7488 7498
7490 7497
7491 7496
7492 7495
7499 7500
7502 7505
7503 7586
7507 7520
7509 11552
7514 7515
7516 7565
7518 7563
7522 7530
7523 7534
7524 7527
7526 7528
7529 7532
7536 7547
7539 7541
7549 7556
7554 7558
7559 7561
7566 7567
7570 7572
7574 7576
7577 7580
7582 7583
7591 7601
7595 7599
7596 7620
7606 7609
7613 7616
7617 7619
7634 7655
7635 7637
7648 9178
7650 7651
7654 7656
7657 7659
7661 7670
7673 7674
7676 8827
7678 7682
7681 7938
7689 7937
7691 7736
7698 7700
7702 7703
7707 7709
7708 7711
7712 7714
7718 7720
7724 7725
7729 7730
7732 7740
7741 7743
7747 7749
7751 7753
7755 7763
7756 7758
7759 7762
7760 7761
7764 7768
7770 7774
7775 7777
7782 7790
7785 7789
7797 7850
7798 7848
7800 7801
7804 7841
7806 7814
7808 7813
7810 7811
7818 7839
7822 7829
7823 7835
7830 7837
7842 7847
7845 7886
7860 7869
7863 7864
7870 7871
7874 7916
7878 7889
7883 7884
7895 7896
7897 7898
7907 7911
7909 7910
7920 7922
7926 7927
7934 7935
7939 7942
7940 7941
7945 7949
7950 7952
7953 7955
7956 7960
7964 7965
7969 8816
7970 7972
7979 7984
7980 8789
7983 8044
7989 7990
7998 7999
8001 8695
8005 8024
8006 8045
8009 8013
8012 8017
8027 8028
8032 8040
8035 8046
8041 8043
8056 8678
8065 8069
8070 8365
8077 8367
8083 8351
8095 8107
8097 8098
8099 8102
8103 8114
8111 8211
8118 8124
8127 8195
8129 8130
8131 8145
8136 8148
8140 8144
8147 8206
8151 8176
8159 8164
8163 8167
8170 8172
8173 8174
8181 8205
8183 8204
8186 8187
8191 8193
8207 8209
8208 8218
8212 8214
8222 8223
8227 8241
8231 8232
8233 8234
8235 8294
8236 8346
8238 8337
8246 8249
8254 8260
8261 8264
8267 8292
8269 8271
8270 8277
8272 8280
8281 8289
8282 8285
8295 8299
8300 8302
8308 8339
8310 8311
8323 8324
8326 8328
8331 8343
8355 8364
8360 8371
8373 8374
8377 8378
8380 8388
8391 8419
8394 8396
8398 8400
8407 8408
8409 8415
8413 8416
8420 8421
8438 8439
8444 8446
8452 8799
8454 8660
8457 8658
8459 8461
8464 8642
8473 8476
8477 8479
8480 8647
8485 8639
8489 8493
8490 8491
8499 8500
8520 8624
8524 8623
8526 8527
8530 8533
8534 8541
8535 8536
8537 8540
8538 8539
8545 8547
8555 8560
8557 8559
8561 8563
8562 8571
8566 8567
8572 8573
8581 8599
8583 8584
8590 8598
8614 8617
8621 8622
8633 8634
8643 8646
8649 8674
8661 8662
8663 8664
8670 8672
8671 8673
8675 8677
8683 8711
8688 8689
8691 8693
8706 8809
8716 8717
8719 8721
8722 8730
8728 8772
8734 8735
8737 8802
8741 8798
8742 8775
8747 8756
8748 8749
8757 8771
8763 8765
8786 8787
8792 8794
8807 8820
8813 8815
8814 8823
8821 8824
8842 8844
8846 8870
8848 8853
8855 8858
8860 8862
8865 8874
8878 8881
8879 8880
8888 8905
8893 8900
8901 10600
8903 8904
8911 8938
8913 8950
8914 9134
8917 8920
8923 8929
8930 8932
8936 8937
8942 8946
8943 8945
8952 8970
8954 9112
8957 8961
8959 8960
8963 8964
8965 9089
8969 9011
8977 8980
8982 8983
8984 8985
8989 9001
8991 8994
8992 8997
8996 9006
9015 9017
9021 9022
9025 9030
9031 9033
9052 9057
9053 9064
9058 9061
9068 9069
9071 9093
9074 9075
9080 9081
9084 9087
9116 9122
9136 9137
9146 9147
9151 9152
9154 9155
9161 9169
9162 9164
9170 9171
9188 9192
9189 9191
9202 9203
9208 9209
9227 9229
9230 9231
9237 10741
9241 9250
9244 9248
9246 9247
9253 9288
9257 9282
9259 9261
9260 9551
9262 9340
9263 9264
9265 9294
9270 9272
9283 9287
9285 9286
9291 11531
9296 9352
9299 9301
9303 9334
9304 9306
9307 9310
9309 9320
9317 9349
9326 9331
9327 9328
9335 9336
9345 9490
9353 9392
9355 9361
9365 9383
9366 9373
9384 9387
9386 9396
9390 11530
9397 11529
9403 9406
9408 9414
9409 9410
9412 9417
9419 9438
9432 9440
9434 9435
9442 9445
9444 9451
9447 9450
9456 11525
9460 9486
9464 11524
9470 9472
9480 9483
9481 9482
9488 9489
9492 9516
9495 9515
9508 9512
9511 9514
9524 11523
9526 9543
9546 9550
9554 9556
9557 9568
9558 9559
9560 9562
9564 9565
9570 9580
9571 9579
9584 9585
9600 9605
9606 9609
9617 9619
9626 9649
9630 9643
9636 9650
9654 9789
9660 9661
9671 11520
9673 9678
9676 9677
9679 11519
9685 9697
9698 9699
9701 9705
9702 9704
9711 9713
9719 9720
9723 9936
9724 9756
9728 9729
9738 9741
9746 9771
9757 9758
9765 9766
9773 9802
9784 9785
9792 9796
9795 9799
9804 9928
9811 9921
9813 9815
9823 9920
9824 9825
9829 9917
9830 9912
9833 9836
9835 10193
9840 9854
9846 10175
9851 9852
9856 9902
9863 10155
9876 9897
9882 9888
9893 9899
9894 9901
9903 9908
9907 10094
9914 10195
9918 9919
9937 11517
9938 9942
9941 11516
9947 9965
9952 9966
9957 9972
9960 9962
9968 9969
9978 9984
9981 9983
9985 9989
9988 9992
9991 9994
9995 9996
9998 9999
10000 10009
10003 10004
10006 10016
10008 10029
10024 10026
10025 10033
10035 10045
10037 10043
10052 11515
10054 10067
10061 10064
10062 10290
10070 10181
10072 10152
10077 10080
10081 10114
10084 10086
10091 10100
10093 10096
10099 10118
10104 10106
10112 10130
10117 10119
10126 10127
10133 10134
10137 10138
10139 10144
10147 10149
10157 10160
10166 10167
10169 10215
10170 10171
10185 10189
10192 10194
10198 10199
10203 10205
10209 10211
10219 10221
10224 10239
10225 10227
10229 10230
10232 10233
10240 10241
10250 10255
10256 10257
10262 11513
10264 10267
10265 10291
10266 10271
10268 10270
10274 10567
10275 10463
10278 10279
10285 10466
10286 10287
10299 10301
10300 10615
10305 10624
10309 10695
10311 10312
10313 10324
10314 10317
10318 10322
10325 10326
10334 10401
10341 10344
10343 10345
10348 10350
10360 10362
10363 10365
10367 10369
10375 10376
10385 10390
10396 10397
10398 10400
10402 10607
10403 10405
10413 10414
10416 10418
10420 10456
10423 10455
10426 10429
10428 10433
10436 10453
10439 10445
10440 10442
10449 10450
10459 10571
10470 10558
10472 10475
10485 10486
10497 10520
10499 10502
10500 10506
10501 10564
10504 10508
10507 10509
10510 10524
10512 10513
10514 10515
10518 10519
10535 10540
10536 10543
10551 10552
10556 10557
10560 10566
10568 10631
10570 10597
10573 10578
10580 10581
10586 10590
10598 10601
10609 10610
10613 10616
10628 10656
10638 10643
10639 10642
10645 10739
10653 10655
10672 10689
10676 10678
10679 10693
10682 10691
10692 10721
10700 10701
10703 10704
10706 10707
10708 10713
10709 10711
10715 10719
10731 10737
10732 10734
10748 10754
10750 10751
10757 10807
10759 10772
10760 10768
10762 10766
10769 10770
10775 11510
10778 10800
10780 10782
10784 10786
10794 10802
10795 10797
10805 10806
10815 11509
10816 11508
10825 10958
10828 10829
10832 10835
10837 10839
10843 10941
10844 10857
10846 10847
10851 10852
10861 10926
10863 10906
10864 10908
10866 10873
10876 10877
10880 10881
10883 10886
10884 10885
10887 10891
10888 10890
10893 10894
10895 10897
10899 10914
10901 10907
10905 10920
10909 10911
10921 10934
10927 10928
10937 10964
10938 10940
10943 10944
10947 10951
10954 10956
10959 11080
10967 11506
10970 11504
10971 11505
10974 10979
10980 10981
10984 10986
10993 11533
10994 10996
10998 10999
11002 11058
11004 11027
11012 11020
11016 11018
11024 11026
11028 11057
11029 11045
11031 11039
11033 11076
11034 11038
11040 11041
11065 11071
11066 11532
11074 11503
11082 11083
11084 11228
11086 11540
11094 11095
11101 11501
11102 11114
11106 11115
11108 11125
11110 11111
11118 11121
11129 11347
11130 11132
11131 11137
11133 11135
11136 11156
11138 11143
11141 11142
11144 11158
11146 11544
11160 11163
11161 11162
11165 11550
11169 11185
11170 11173
11172 11174
11175 11177
11181 11182
11190 11195
11194 11500
11203 11204
11211 11213
11217 11218
11221 11222
11227 11229
11234 11236
11240 11252
11242 11243
11246 11249
11255 11330
11257 11362
11259 11262
11272 11273
11275 11278
11276 11277
11285 11291
11288 11290
11292 11294
11296 11333
11298 11310
11302 11303
11306 11309
11315 11324
11322 11323
11341 11345
11348 11349
11350 11352
11353 11356
11361 11451
11363 11371
11373 11374
11375 11563
11376 11446
11377 11498
11378 11419
11379 11463
11380 11566
11381 11493
11382 11383
11384 11385
11386 11494
11387 11473
11388 11487
11389 11486
11390 11488
11391 11484
11392 11482
11393 11470
11394 11401
11395 11403
11396 11477
11397 11476
11400 11567
11402 11475
11404 11564
11405 11469
11406 11409
11407 11468
11408 11466
11410 11464
11411 11462
11412 11457
11413 11460
11414 11461
11415 11458
11416 11456
11417 11455
11418 11454
11420 11422
11421 11449
11423 11554
11424 11425
11426 11562
11427 11445
11428 11443
11429 11442
11430 11441
11431 11432
11433 11556
11434 11435
11436 11561
11437 11560
11438 11557
11439 11553
11440 11555
11444 11450
11447 11448
11452 11453
11459 11467
11465 11496
11471 11472
11480 11481
11483 11491
11485 11565
11489 11490
11495 11497
11537 11538
11558 11559
11568 11572
11574 11575
11578 11579
11586 11587
11588 11599
11590 11596
11600 11613
11606 11607
11608 11609
11610 11614
11616 11627
11617 11626
11620 11621
11624 11625
11629 11630
11632 11633
11639 11640
11641 11652
11642 11643
11645 11648
11649 11650
11655 11656
11660 11669
11664 11667
11665 11666
11670 11684
11672 11692
11676 11686
11678 11688
11687 11697
11695 11707
11709 11712
11724 11725
11726 11729
11732 11736
11738 11739
11743 11745
11746 11748
11752 11753
11754 11761
11764 11768
11767 11769
11774 11775
11779 11780
11798 11799
11806 11807
11810 11811
11814 11815
11824 11825
11828 11834
11842 11845
11844 11848
11860 11871
11866 11869
11873 11876
11882 11883
11888 11892
11902 11907
11914 11924
11917 11918
11920 11921
11922 11923
11928 11940
11936 11937
11942 11948
11945 11949
11950 11952
11963 11968
11967 11969
11970 11971
11972 11973
11976 11977
11979 11991
11981 11990
11983 11984
11989 11993
11994 11999
