420
840 755
1 56
2 86
3 82
4 828
5 821
6 61
7 57
8 825
9 55
10 52
11 832
12 831
13 779
14 830
15 829
16 827
17 826
18 818
19 817
20 48
21 816
22 814
23 813
24 812
25 811
26 791
27 810
28 809
29 38
30 808
31 807
32 806
33 805
34 803
35 802
36 801
37 800
39 798
40 797
41 796
42 789
43 795
44 794
45 786
46 793
47 792
49 790
50 784
51 788
53 761
54 787
58 783
59 782
60 833
62 781
63 835
64 836
65 778
66 837
67 777
68 775
69 774
70 753
71 772
72 771
73 770
74 769
75 76
77 767
78 765
79 764
80 763
81 762
83 745
84 759
85 758
87 741
88 748
89 747
90 715
91 731
92 721
93 712
94 711
95 710
96 709
97 708
98 707
99 706
100 705
101 704
102 703
103 702
104 701
105 700
106 699
107 698
108 697
109 690
110 692
111 119
112 657
113 655
114 651
115 116
117 118
120 126
121 125
122 124
123 695
127 689
128 688
129 645
130 643
131 640
132 138
133 137
134 136
135 667
139 683
140 682
141 681
142 680
143 677
144 676
145 675
146 671
147 638
148 637
149 633
150 632
151 631
152 630
153 629
154 628
155 627
156 157
158 626
159 625
160 611
161 599
162 594
163 449
164 448
165 446
166 445
167 494
168 587
169 497
170 498
171 500
172 590
173 591
174 523
175 441
176 378
177 377
178 376
179 375
180 374
181 373
182 372
183 371
184 370
185 435
186 434
187 433
188 432
189 431
190 430
191 429
192 428
193 406
194 328
195 369
196 327
197 301
198 300
199 299
200 298
201 297
202 296
203 295
204 294
205 367
206 366
207 365
208 364
209 363
210 362
211 361
212 360
213 359
214 333
215 293
216 242
217 241
218 240
219 239
220 238
221 237
222 236
223 235
224 234
225 291
226 290
227 289
228 288
229 287
230 286
231 285
232 284
233 283
243 281
244 282
245 271
246 270
247 269
248 268
249 267
250 266
251 265
252 264
253 263
254 280
255 279
256 278
257 277
258 276
259 275
260 274
261 273
262 272
292 368
302 346
303 345
304 344
305 343
306 342
307 341
308 340
309 339
310 356
311 355
312 354
313 353
314 352
315 351
316 350
317 349
318 348
319 325
320 337
321 336
322 335
323 330
324 329
326 334
331 338
332 357
347 358
379 390
380 399
381 419
382 418
383 417
384 416
385 415
386 414
387 413
388 412
389 411
391 427
392 426
393 425
394 424
395 423
396 422
397 421
398 420
400 409
401 408
402 407
403 410
404 405
436 593
437 516
438 613
439 589
440 495
442 490
443 489
444 486
447 547
450 598
451 624
452 586
453 585
454 482
455 584
456 582
457 581
458 580
459 579
460 559
461 578
462 577
463 472
464 576
465 575
466 574
467 573
468 571
469 570
470 569
471 568
473 566
474 565
475 564
476 557
477 563
478 562
479 554
480 561
481 560
483 558
484 552
485 556
487 529
488 555
491 528
492 551
493 550
496 549
499 546
501 545
502 543
503 542
504 521
505 540
506 539
507 538
508 537
509 510
511 535
512 533
513 532
514 531
515 530
517 527
518 526
519 534
520 536
522 541
524 544
525 592
548 588
553 583
567 572
595 596
597 641
600 623
601 622
602 621
603 620
604 619
605 618
606 617
607 616
608 615
609 614
610 612
634 636
635 639
642 644
646 662
647 661
648 660
649 654
650 653
652 658
656 659
663 687
664 686
665 685
666 684
668 674
669 673
670 672
678 679
691 746
693 734
694 696
713 733
714 732
716 728
717 719
718 724
720 730
722 726
723 729
725 727
735 740
736 744
737 743
738 742
739 749
750 760
751 766
752 768
754 773
756 776
757 824
780 820
785 815
799 804
819 834
822 838
823 839
