2155
4310 4307
1 4298
2 10
3 11
4 15
5 29
6 18
7 4248
8 40
9 4235
12 4309
13 4299
14 4308
16 4275
17 4274
19 4273
20 4224
21 37
22 35
23 34
24 33
25 38
26 4271
27 4239
28 32
30 4225
31 4238
36 4232
39 4270
41 4269
42 4264
43 4263
44 46
45 4262
47 4261
48 4247
49 4246
50 4234
51 4245
52 4230
53 4243
54 4242
55 4213
56 4212
57 4211
58 4210
59 4209
60 4203
61 4201
62 4241
63 4200
64 4222
65 4221
66 4220
67 4219
68 4218
69 4199
70 4198
71 4197
72 4196
73 4195
74 4217
75 4189
76 4216
77 4214
78 4208
79 4207
80 4206
81 4187
82 4186
83 4185
84 4184
85 4183
86 4182
87 4181
88 4205
89 104
90 4204
91 4202
92 4194
93 4193
94 4192
95 4191
96 4190
97 4171
98 4170
99 4169
100 4168
101 4167
102 4166
103 4165
105 4143
106 4180
107 4179
108 4178
109 4177
110 4176
111 4175
112 4174
113 162
114 4153
115 4150
116 173
117 172
118 177
119 176
120 180
121 134
122 132
123 126
124 157
125 179
127 4144
128 4145
129 4146
130 4147
131 4148
133 4149
135 182
136 171
137 170
138 160
139 154
140 158
141 163
142 169
143 168
144 167
145 166
146 161
147 152
148 156
149 165
150 164
151 155
153 4151
159 4156
174 188
175 4172
178 4152
181 4154
183 198
184 4137
185 4136
186 4127
187 4141
189 4134
190 4135
191 4164
192 4140
193 4125
194 4139
195 4124
196 4163
197 4162
199 4161
200 4160
201 4123
202 4122
203 4121
204 4120
205 4119
206 4159
207 222
208 4158
209 4157
210 4132
211 4131
212 4130
213 4111
214 4110
215 4109
216 4108
217 4107
218 4106
219 4105
220 4126
221 236
223 4129
224 4118
225 4117
226 4116
227 4115
228 4114
229 4095
230 4094
231 4093
232 4092
233 4091
234 251
235 4085
237 4083
238 4104
239 4103
240 4102
241 4101
242 4100
243 4081
244 4080
245 4079
246 4078
247 4077
248 4098
249 3991
250 4096
252 4090
253 4089
254 4088
255 4087
256 4086
257 4055
258 270
259 260
261 267
262 268
263 4037
264 4035
265 4033
266 4032
269 4057
271 4031
272 4029
273 4016
274 4061
275 4009
276 4007
277 4006
278 299
279 284
280 4069
281 294
282 297
283 307
285 4070
286 4071
287 4073
288 305
289 304
290 4072
291 296
292 308
293 295
298 4075
300 313
301 4003
302 4076
303 4062
306 4074
309 312
310 4004
311 4002
314 4000
315 4001
316 4005
317 4019
318 4030
319 3989
320 3988
321 3987
322 3986
323 3985
324 3984
325 3983
326 3809
327 3811
328 3792
329 3791
330 3828
331 3787
332 3969
333 3920
334 3786
335 3785
336 3853
337 3929
338 3877
339 3784
340 3783
341 3781
342 3903
343 3900
344 3780
345 3778
346 3777
347 3776
348 3775
349 3813
350 3788
351 3772
352 3771
353 3774
354 3773
355 3779
356 3899
357 3766
358 1674
359 3759
360 3760
361 3728
362 2013
363 3757
364 3763
365 3761
366 3765
367 3845
368 3768
369 1732
370 1731
371 1730
372 1729
373 1727
374 1689
375 1726
376 1725
377 1723
378 1687
379 405
380 1722
381 1719
382 1678
383 1718
384 1717
385 1715
386 1692
387 1714
388 1713
389 1712
390 1711
391 1710
392 1709
393 1707
394 1690
395 1706
396 1705
397 1704
398 1703
399 1702
400 1701
401 1700
402 1699
403 1675
404 472
406 1698
407 1686
408 1685
409 1684
410 1683
411 1682
412 1681
413 736
414 732
415 1677
416 645
417 1671
418 666
419 491
420 754
421 748
422 756
423 1665
424 1652
425 750
426 1543
427 855
428 745
429 743
430 659
431 742
432 741
433 739
434 643
435 738
436 737
437 735
438 480
439 734
440 733
441 731
442 730
443 729
444 728
445 727
446 726
447 725
448 454
449 724
450 723
451 722
452 721
453 720
455 719
456 717
457 716
458 715
459 714
460 713
461 712
462 711
463 710
464 753
465 709
466 707
467 706
468 705
469 704
470 703
471 702
473 701
474 699
475 698
476 697
477 696
478 1694
479 718
481 693
482 686
483 692
484 691
485 690
486 689
487 688
488 687
489 685
490 1670
492 1693
493 695
494 679
495 678
496 677
497 652
498 646
499 673
500 641
501 672
502 671
503 670
504 644
505 635
506 628
507 562
508 663
509 656
510 655
511 654
512 653
513 651
514 629
515 650
516 649
517 648
518 647
519 640
520 639
521 627
522 642
523 566
524 630
525 631
526 636
527 632
528 638
529 624
530 548
531 586
532 626
533 625
534 556
535 564
536 547
537 559
538 555
539 623
540 551
541 622
542 621
543 552
544 557
545 553
546 554
549 620
550 619
558 616
560 614
561 613
563 605
565 609
567 601
568 618
569 612
570 608
571 597
572 611
573 606
574 610
575 598
576 615
577 592
578 591
579 595
580 590
581 589
582 588
583 587
584 617
585 602
593 600
594 599
596 604
603 607
633 661
634 662
637 668
657 683
658 682
660 669
664 684
665 694
667 708
674 681
675 680
676 700
740 1679
744 1680
746 1669
747 1697
749 1695
751 1668
752 1667
755 1659
757 844
758 799
759 781
760 797
761 779
762 798
763 778
764 777
765 796
766 795
767 794
768 793
769 792
770 791
771 790
772 789
773 785
774 784
775 780
776 1657
782 1664
783 1653
786 1654
787 1655
788 1656
800 1651
801 1650
802 1649
803 1648
804 1647
805 1133
806 1131
807 1130
808 1128
809 1127
810 1124
811 820
812 819
813 843
814 845
815 1662
816 1443
817 1565
818 838
821 1398
822 1383
823 1394
824 1380
825 1378
826 1566
827 1556
828 1157
829 1557
830 1372
831 1432
832 1560
833 1561
834 1545
835 1544
836 849
837 847
839 1575
840 1187
841 1399
842 1574
846 851
848 1564
850 1563
852 1658
853 1660
854 1661
856 1542
857 1540
858 1478
859 1530
860 1645
861 1539
862 1538
863 1533
864 877
865 876
866 875
867 1529
868 871
869 1528
870 1527
872 1536
873 1537
874 1534
878 1114
879 1643
880 1641
881 1640
882 1513
883 908
884 1639
885 1638
886 907
887 1441
888 1608
889 895
890 936
891 1439
892 1576
893 894
896 1634
897 1115
898 946
899 1623
900 1107
901 1442
902 1468
903 1474
904 933
905 1630
906 1631
909 1515
910 1524
911 1523
912 1462
913 1451
914 1521
915 1520
916 1470
917 1485
918 1519
919 1518
920 1510
921 1511
922 1522
923 1525
924 1503
925 1504
926 1512
927 1498
928 1497
929 1501
930 1482
931 1465
932 1483
934 1473
935 1479
937 1629
938 1425
939 1547
940 1408
941 1167
942 1164
943 1407
944 1165
945 1166
947 1549
948 1402
949 1103
950 1102
951 1101
952 999
953 1098
954 1173
955 1097
956 1364
957 1365
958 1112
959 1111
960 1110
961 1109
962 1108
963 1094
964 1093
965 1092
966 992
967 1091
968 1095
969 1030
970 1078
971 1029
972 1024
973 1023
974 976
975 1022
977 1021
978 1007
979 1006
980 994
981 1005
982 990
983 1003
984 1090
985 1100
986 1000
987 993
988 996
989 991
995 1079
997 1027
998 1106
1001 1032
1002 1061
1004 1060
1008 1077
1009 1038
1010 1043
1011 1044
1012 1048
1013 1045
1014 1064
1015 1056
1016 1028
1017 1018
1019 1025
1020 1026
1031 1096
1033 1089
1034 1087
1035 1086
1036 1057
1037 1042
1039 1052
1040 1055
1041 1065
1046 1063
1047 1062
1049 1054
1050 1066
1051 1053
1058 1071
1059 1083
1067 1070
1068 1084
1069 1082
1072 1080
1073 1081
1074 1085
1075 1099
1076 1088
1104 1366
1105 1113
1116 1401
1117 1400
1118 1356
1119 1381
1120 1393
1121 1134
1122 1132
1123 1126
1125 1573
1129 1646
1135 1572
1136 1391
1137 1382
1138 1397
1139 1396
1140 1386
1141 1145
1142 1144
1143 1395
1146 1385
1147 1387
1148 1373
1149 1339
1150 1327
1151 1328
1152 1329
1153 1334
1154 1338
1155 1337
1156 1377
1158 1340
1159 1341
1160 1371
1161 1370
1162 1363
1163 1172
1168 1548
1169 1405
1170 1624
1171 1551
1174 1369
1175 1368
1176 1342
1177 1346
1178 1186
1179 1325
1180 1301
1181 1324
1182 1347
1183 1323
1184 1355
1185 1354
1188 1344
1189 1320
1190 1319
1191 1318
1192 1218
1193 1317
1194 1321
1195 1256
1196 1304
1197 1255
1198 1250
1199 1249
1200 1202
1201 1248
1203 1247
1204 1233
1205 1232
1206 1220
1207 1231
1208 1216
1209 1229
1210 1316
1211 1343
1212 1226
1213 1219
1214 1222
1215 1217
1221 1305
1223 1253
1224 1353
1225 1352
1227 1258
1228 1287
1230 1286
1234 1303
1235 1264
1236 1269
1237 1270
1238 1274
1239 1271
1240 1290
1241 1282
1242 1254
1243 1244
1245 1251
1246 1252
1257 1322
1259 1315
1260 1313
1261 1312
1262 1283
1263 1268
1265 1278
1266 1281
1267 1291
1272 1289
1273 1288
1275 1280
1276 1292
1277 1279
1284 1297
1285 1309
1293 1296
1294 1310
1295 1308
1298 1306
1299 1307
1300 1311
1302 1314
1326 1427
1330 1336
1331 1345
1332 1349
1333 1348
1335 1374
1350 1433
1351 1555
1357 1426
1358 1554
1359 1553
1360 1644
1361 1552
1362 1410
1367 1411
1375 1559
1376 1558
1379 1567
1384 1568
1388 1535
1389 1570
1390 1569
1392 1571
1403 1625
1404 1626
1406 1550
1409 1546
1412 1437
1413 1436
1414 1428
1415 1420
1416 1424
1417 1435
1418 1434
1419 1423
1421 1627
1422 1429
1430 1609
1431 1562
1438 1628
1440 1619
1444 1467
1445 1477
1446 1457
1447 1460
1448 1459
1449 1461
1450 1471
1452 1466
1453 1463
1454 1464
1455 1458
1456 1620
1469 1480
1472 1489
1475 1481
1476 1486
1484 1621
1487 1488
1490 1505
1491 1496
1492 1500
1493 1509
1494 1508
1495 1499
1502 1516
1506 1642
1507 1526
1514 1635
1517 1622
1531 1541
1532 1663
1577 1618
1578 1617
1579 1616
1580 1615
1581 1614
1582 1613
1583 1612
1584 1611
1585 1596
1586 1607
1587 1606
1588 1605
1589 1604
1590 1603
1591 1602
1592 1601
1593 1600
1594 1599
1595 1598
1597 1610
1632 1637
1633 1636
1666 1696
1672 3887
1673 3767
1676 3762
1688 3769
1691 3725
1708 3814
1716 3737
1720 3897
1721 3782
1724 3870
1728 3829
1733 1758
1734 1874
1735 3770
1736 3871
1737 3764
1738 1755
1739 1752
1740 1751
1741 1750
1742 1749
1743 1748
1744 1747
1745 1873
1746 3741
1753 1766
1754 1757
1756 1785
1759 1763
1760 1774
1761 1771
1762 1872
1764 1768
1765 1772
1767 1871
1769 1773
1770 1803
1775 1870
1776 1869
1777 1784
1778 1783
1779 1782
1780 1868
1781 1826
1786 1825
1787 1824
1788 1816
1789 1799
1790 1794
1791 1837
1792 1802
1793 1796
1795 1798
1797 1801
1800 1850
1804 1867
1805 1866
1806 1821
1807 1811
1808 1822
1809 1815
1810 1814
1812 1818
1813 1817
1819 1865
1820 1823
1827 1853
1828 1862
1829 1861
1830 1834
1831 1833
1832 1846
1835 1841
1836 1840
1838 1844
1839 1843
1842 1858
1845 1847
1848 1864
1849 1863
1851 1857
1852 1856
1854 1860
1855 1859
1875 1939
1876 3758
1877 3739
1878 3740
1879 1994
1880 3738
1881 1930
1882 1998
1883 3756
1884 3755
1885 3754
1886 3753
1887 3752
1888 3751
1889 3750
1890 3749
1891 3748
1892 3747
1893 3729
1894 3734
1895 3732
1896 3731
1897 3730
1898 1929
1899 1940
1900 3727
1901 3726
1902 3724
1903 3722
1904 3721
1905 3720
1906 3718
1907 3716
1908 3715
1909 3714
1910 3712
1911 3710
1912 3709
1913 3708
1914 3707
1915 3706
1916 3705
1917 3704
1918 3676
1919 3675
1920 2032
1921 2046
1922 2045
1923 2042
1924 2065
1925 3677
1926 3701
1927 3703
1928 3744
1931 3699
1932 3700
1933 3743
1934 2052
1935 3702
1936 2010
1937 2006
1938 2005
1941 2001
1942 2012
1943 2011
1944 2000
1945 2007
1946 2009
1947 1989
1948 1987
1949 1986
1950 1985
1951 1984
1952 1983
1953 1982
1954 1981
1955 1980
1956 1979
1957 1978
1958 1977
1959 1976
1960 1975
1961 1974
1962 1973
1963 1972
1964 1970
1965 1969
1966 2008
1967 1990
1968 1971
1988 3733
1991 2004
1992 1999
1993 2002
1995 3742
1996 2050
1997 2003
2014 3711
2015 2047
2016 2048
2017 3698
2018 3697
2019 3696
2020 3695
2021 3694
2022 3693
2023 3692
2024 3691
2025 3690
2026 3689
2027 3688
2028 3687
2029 3686
2030 3685
2031 3684
2033 3683
2034 3673
2035 3672
2036 3671
2037 3670
2038 3669
2039 3668
2040 3667
2041 3665
2043 3679
2044 3680
2049 3666
2051 3661
2053 3654
2054 3653
2055 3652
2056 3651
2057 3681
2058 3662
2059 3656
2060 3655
2061 3657
2062 3664
2063 3678
2064 3660
2066 3650
2067 3658
2068 3663
2069 3638
2070 3637
2071 3636
2072 2106
2073 3496
2074 2154
2075 2142
2076 3648
2077 3645
2078 3633
2079 3632
2080 3631
2081 3630
2082 3629
2083 3628
2084 3627
2085 3626
2086 3625
2087 3624
2088 3639
2089 3623
2090 3621
2091 3620
2092 3619
2093 3618
2094 3617
2095 3616
2096 3615
2097 3614
2098 3613
2099 3612
2100 3611
2101 3610
2102 3609
2103 3608
2104 3607
2105 3605
2107 3604
2108 3603
2109 3601
2110 3149
2111 3500
2112 3551
2113 3562
2114 3493
2115 3492
2116 2140
2117 3193
2118 3191
2119 3190
2120 3297
2121 3283
2122 3175
2123 3178
2124 3173
2125 3177
2126 3171
2127 3170
2128 2134
2129 2133
2130 3169
2131 3167
2132 3647
2135 3488
2136 3166
2137 3163
2138 3194
2139 3491
2141 3553
2143 3164
2144 3490
2145 3161
2146 3154
2147 2913
2148 3106
2149 3132
2150 3111
2151 2706
2152 3158
2153 3168
2155 3159
2156 3160
2157 3153
2158 3152
2159 3151
2160 3072
2161 3100
2162 3150
2163 3147
2164 3122
2165 3146
2166 3145
2167 3144
2168 3143
2169 3141
2170 3118
2171 3140
2172 3139
2173 3138
2174 3137
2175 3136
2176 3135
2177 3134
2178 3133
2179 3131
2180 2917
2181 3130
2182 3129
2183 3128
2184 3127
2185 3126
2186 3125
2187 3124
2188 3123
2189 3121
2190 3060
2191 3120
2192 3119
2193 3117
2194 3093
2195 3116
2196 3115
2197 3114
2198 3113
2199 3090
2200 3112
2201 3110
2202 3109
2203 3108
2204 3107
2205 3105
2206 3057
2207 3104
2208 3103
2209 3102
2210 3101
2211 3099
2212 3068
2213 3098
2214 3097
2215 3095
2216 3059
2217 3045
2218 3094
2219 3092
2220 3091
2221 3089
2222 3088
2223 3087
2224 3086
2225 3085
2226 3084
2227 3083
2228 3082
2229 3081
2230 2707
2231 3080
2232 3079
2233 3078
2234 3077
2235 3076
2236 3075
2237 3074
2238 3073
2239 3071
2240 3056
2241 3070
2242 3069
2243 3067
2244 2732
2245 2893
2246 3063
2247 3066
2248 3053
2249 3054
2250 3055
2251 2697
2252 3061
2253 2670
2254 2575
2255 2557
2256 2573
2257 2532
2258 2470
2259 2695
2260 2469
2261 2572
2262 2571
2263 2570
2264 2569
2265 2568
2266 2567
2267 2566
2268 2565
2269 2561
2270 2560
2271 2556
2272 2555
2273 2533
2274 2485
2275 2486
2276 2487
2277 2488
2278 2489
2279 2491
2280 2473
2281 2511
2282 2536
2283 2472
2284 2539
2285 2554
2286 2517
2287 2552
2288 2551
2289 2550
2290 2541
2291 2542
2292 2548
2293 2547
2294 2545
2295 2459
2296 2458
2297 2457
2298 2456
2299 2455
2300 2454
2301 2453
2302 2546
2303 2318
2304 2468
2305 2467
2306 2466
2307 2465
2308 2464
2309 2463
2310 2462
2311 2443
2312 2442
2313 2441
2314 2440
2315 2439
2316 2438
2317 2437
2319 2349
2320 2452
2321 2451
2322 2450
2323 2449
2324 2448
2325 2447
2326 2446
2327 2411
2328 2363
2329 2364
2330 2365
2331 2366
2332 2367
2333 2369
2334 2351
2335 2389
2336 2414
2337 2350
2338 2417
2339 2432
2340 2395
2341 2430
2342 2429
2343 2428
2344 2419
2345 2420
2346 2426
2347 2425
2348 2444
2352 2409
2353 2408
2354 2413
2355 2412
2356 2416
2357 2370
2358 2368
2359 2362
2360 2393
2361 2415
2371 2418
2372 2407
2373 2406
2374 2396
2375 2390
2376 2394
2377 2399
2378 2405
2379 2404
2380 2403
2381 2402
2382 2397
2383 2388
2384 2392
2385 2401
2386 2400
2387 2391
2398 2427
2410 2424
2421 2431
2422 2434
2423 2435
2433 2436
2445 2460
2461 2471
2474 2531
2475 2530
2476 2535
2477 2534
2478 2538
2479 2492
2480 2490
2481 2484
2482 2515
2483 2537
2493 2540
2494 2529
2495 2528
2496 2518
2497 2512
2498 2516
2499 2521
2500 2527
2501 2526
2502 2525
2503 2524
2504 2519
2505 2510
2506 2514
2507 2523
2508 2522
2509 2513
2520 2549
2543 2553
2544 2574
2558 2702
2559 2691
2562 2692
2563 2693
2564 2694
2576 2689
2577 2688
2578 2687
2579 2686
2580 2685
2581 2583
2582 2661
2584 2662
2585 2592
2586 2664
2587 2665
2588 2667
2589 2593
2590 2672
2591 2659
2594 2682
2595 2640
2596 2602
2597 2637
2598 2636
2599 2635
2600 2634
2601 2632
2603 2630
2604 2629
2605 2628
2606 2623
2607 2626
2608 2681
2609 2620
2610 2622
2611 2621
2612 2683
2613 2701
2614 3065
2615 2699
2616 2698
2617 2675
2618 2644
2619 2642
2624 2641
2625 2639
2627 2638
2631 2633
2643 2658
2645 2653
2646 2680
2647 2679
2648 2678
2649 2677
2650 2676
2651 2674
2652 2673
2654 2671
2655 2669
2656 2668
2657 2666
2660 2663
2684 2696
2690 3051
2700 3064
2703 2888
2704 3062
2705 3156
2708 3155
2709 2914
2710 3058
2711 2911
2712 2906
2713 2741
2714 2923
2715 2889
2716 3052
2717 2885
2718 2900
2719 3036
2720 3011
2721 2916
2722 2915
2723 2926
2724 2907
2725 2905
2726 2740
2727 2904
2728 2903
2729 2902
2730 2901
2731 3050
2733 2891
2734 2890
2735 2887
2736 2886
2737 2763
2738 2899
2739 3032
2742 2898
2743 2897
2744 2896
2745 2874
2746 2877
2747 2850
2748 2760
2749 2830
2750 2758
2751 2864
2752 2775
2753 2773
2754 2881
2755 2771
2756 2770
2757 2769
2759 2767
2761 2866
2762 2892
2764 2895
2765 2884
2766 2883
2768 2882
2772 2880
2774 2873
2776 2872
2777 2879
2778 2807
2779 2867
2780 2876
2781 2875
2782 2871
2783 2870
2784 2869
2785 2868
2786 2863
2787 2862
2788 2843
2789 2842
2790 2804
2791 2839
2792 2845
2793 2844
2794 2826
2795 2851
2796 2846
2797 2828
2798 2861
2799 2834
2800 2835
2801 2811
2802 2814
2803 2815
2805 2837
2806 2836
2808 2833
2809 2832
2810 2831
2812 2829
2813 2816
2817 2838
2818 2853
2819 2854
2820 2855
2821 2856
2822 2857
2823 2859
2824 2841
2825 2894
2827 2840
2847 2860
2848 2858
2849 2852
2865 2878
2908 2927
2909 2939
2910 3000
2912 2998
2918 3043
2919 3042
2920 3010
2921 3037
2922 3046
2924 2940
2925 2938
2928 2936
2929 2937
2930 2941
2931 2955
2932 2944
2933 3004
2934 2966
2935 2991
2942 3031
2943 3030
2945 3029
2946 2980
2947 2963
2948 2961
2949 2960
2950 2959
2951 2964
2952 3027
2953 2995
2954 2958
2956 2981
2957 2994
2962 2988
2965 3026
2967 3025
2968 3020
2969 3019
2970 2972
2971 3018
2973 3017
2974 3003
2975 3002
2976 2990
2977 3001
2978 2986
2979 2999
2982 2996
2983 2989
2984 2992
2985 2987
2993 3023
2997 3028
3005 3034
3006 3039
3007 3040
3008 3044
3009 3041
3012 3024
3013 3014
3015 3021
3016 3022
3033 3038
3035 3048
3047 3049
3096 3165
3142 3162
3148 3487
3157 3501
3172 3574
3174 3558
3176 3523
3179 3285
3180 3205
3181 3486
3182 3463
3183 3266
3184 3265
3185 3489
3186 3505
3187 3494
3188 3268
3189 3267
3192 3502
3195 3284
3196 3301
3197 3243
3198 3459
3199 3465
3200 3466
3201 3259
3202 3482
3203 3483
3204 3226
3206 3484
3207 3480
3208 3225
3209 3223
3210 3481
3211 3222
3212 3479
3213 3478
3214 3477
3215 3217
3216 3475
3218 3474
3219 3473
3220 3472
3221 3471
3224 3469
3227 3468
3228 3280
3229 3237
3230 3264
3231 3263
3232 3262
3233 3261
3234 3260
3235 3258
3236 3257
3238 3255
3239 3253
3240 3252
3241 3250
3242 3282
3244 3247
3245 3456
3246 3458
3248 3460
3249 3461
3251 3462
3254 3407
3256 3464
3269 3454
3270 3453
3271 3452
3272 3451
3273 3450
3274 3313
3275 3433
3276 3436
3277 3437
3278 3438
3279 3426
3281 3405
3286 3432
3287 3392
3288 3393
3289 3395
3290 3305
3291 3296
3292 3300
3293 3309
3294 3308
3295 3299
3298 3400
3302 3401
3303 3358
3304 3396
3306 3335
3307 3404
3310 3403
3311 3402
3312 3399
3314 3391
3315 3390
3316 3371
3317 3370
3318 3332
3319 3367
3320 3373
3321 3372
3322 3354
3323 3379
3324 3374
3325 3356
3326 3389
3327 3362
3328 3363
3329 3339
3330 3342
3331 3343
3333 3365
3334 3364
3336 3361
3337 3360
3338 3359
3340 3357
3341 3344
3345 3366
3346 3381
3347 3382
3348 3383
3349 3384
3350 3385
3351 3387
3352 3369
3353 3406
3355 3368
3375 3388
3376 3386
3377 3380
3378 3398
3394 3397
3408 3449
3409 3431
3410 3447
3411 3429
3412 3448
3413 3428
3414 3427
3415 3446
3416 3445
3417 3444
3418 3443
3419 3442
3420 3441
3421 3440
3422 3439
3423 3435
3424 3434
3425 3430
3455 3457
3467 3485
3470 3476
3495 3641
3497 3640
3498 3622
3499 3644
3503 3598
3504 3597
3506 3596
3507 3594
3508 3593
3509 3592
3510 3591
3511 3590
3512 3589
3513 3588
3514 3587
3515 3586
3516 3585
3517 3584
3518 3583
3519 3582
3520 3581
3521 3642
3522 3580
3524 3579
3525 3578
3526 3550
3527 3577
3528 3559
3529 3575
3530 3573
3531 3572
3532 3571
3533 3570
3534 3569
3535 3568
3536 3567
3537 3566
3538 3565
3539 3564
3540 3546
3541 3563
3542 3545
3543 3561
3544 3552
3547 3557
3548 3555
3549 3554
3556 3595
3560 3599
3576 3600
3602 3646
3606 3643
3634 3659
3635 3649
3674 3682
3713 3717
3719 3723
3735 3745
3736 3746
3789 3812
3790 3803
3793 3997
3794 3808
3795 4008
3796 3998
3797 3996
3798 3995
3799 3994
3800 3993
3801 3990
3802 3851
3804 3982
3805 3981
3806 3980
3807 3979
3810 3977
3815 3823
3816 3850
3817 3849
3818 3848
3819 3847
3820 3846
3821 3844
3822 3843
3824 3841
3825 3839
3826 3838
3827 3836
3830 3833
3831 3966
3832 3968
3834 3970
3835 3971
3837 3921
3840 3973
3842 3974
3852 3976
3854 3965
3855 3964
3856 3919
3857 3944
3858 3945
3859 3947
3860 3914
3861 3949
3862 3952
3863 3953
3864 3954
3865 3942
3866 3912
3867 3943
3868 3930
3869 3928
3872 3948
3873 3881
3874 3882
3875 3886
3876 3885
3878 3884
3879 3883
3880 3915
3888 3927
3889 3926
3890 3925
3891 3924
3892 3923
3893 3922
3894 3906
3895 3907
3896 3918
3898 3916
3901 3913
3902 3909
3904 3911
3905 3910
3908 3967
3917 3963
3931 3962
3932 3961
3933 3960
3934 3959
3935 3958
3936 3957
3937 3956
3938 3955
3939 3951
3940 3950
3941 3946
3972 3975
3978 3992
3999 4068
4010 4044
4011 4027
4012 4025
4013 4024
4014 4023
4015 4028
4017 4059
4018 4022
4020 4045
4021 4058
4026 4052
4034 4036
4038 4067
4039 4066
4040 4054
4041 4065
4042 4050
4043 4063
4046 4060
4047 4053
4048 4056
4049 4051
4064 4084
4082 4099
4097 4112
4113 4128
4133 4142
4138 4155
4173 4188
4215 4301
4223 4272
4226 4240
4227 4233
4228 4236
4229 4231
4237 4267
4244 4300
4249 4278
4250 4283
4251 4284
4252 4288
4253 4285
4254 4304
4255 4296
4256 4268
4257 4258
4259 4265
4260 4266
4276 4297
4277 4282
4279 4292
4280 4295
4281 4305
4286 4303
4287 4302
4289 4294
4290 4306
4291 4293
