3651
7302 3528
1 3527
2 3526
3 3525
4 34
5 3490
6 3043
7 3042
8 10
9 44
11 3038
12 3037
13 3475
14 54
15 61
16 3032
17 3031
18 3030
19 3029
20 3028
21 3027
22 3026
23 3025
24 3024
25 3023
26 7300
27 3049
28 3506
29 3505
30 3504
31 3503
32 3502
33 3501
35 37
36 3498
38 3496
39 3426
40 3494
41 3493
42 3491
43 3489
45 3487
46 3486
47 3485
48 3484
49 3483
50 3482
51 3481
52 3479
53 3477
55 60
56 70
57 3474
58 3473
59 3471
62 3468
63 65
64 3466
66 3464
67 73
68 71
69 3462
72 3460
74 3458
75 3450
76 3456
77 3455
78 3454
79 3433
80 3253
81 3452
82 3524
83 3451
84 86
85 3449
87 3447
88 90
89 3446
91 3445
92 94
93 3443
95 3441
96 98
97 3440
99 3439
100 102
101 3437
103 3435
104 3035
105 107
106 3432
108 3430
109 3429
110 3428
111 3302
112 3303
113 3425
114 3478
115 3423
116 3041
117 3422
118 7268
119 3421
120 3047
121 7296
122 3418
123 125
124 3416
126 3414
127 3413
128 3050
129 3411
130 3052
131 3058
132 3022
133 3021
134 3020
135 3015
136 3328
137 3088
138 3085
139 3084
140 3083
141 3014
142 3013
143 3011
144 3009
145 3003
146 3002
147 3001
148 3000
149 2999
150 2998
151 2997
152 2996
153 2994
154 2993
155 2992
156 2991
157 2990
158 2989
159 2988
160 2987
161 2986
162 2985
163 2983
164 2981
165 3340
166 3078
167 3063
168 3062
169 3061
170 3060
171 2979
172 2978
173 2977
174 2976
175 2971
176 2970
177 2969
178 2968
179 2967
180 2966
181 2965
182 2964
183 2962
184 2960
185 3059
186 3304
187 3019
188 3018
189 3017
190 2958
191 2957
192 2956
193 2954
194 2953
195 2948
196 2947
197 2946
198 2945
199 2944
200 2943
201 2942
202 2941
203 2939
204 2937
205 2932
206 2931
207 2930
208 2929
209 2928
210 2927
211 3008
212 3007
213 3005
214 3004
215 2926
216 2924
217 2922
218 2921
219 2920
220 2919
221 2918
222 2917
223 2916
224 2915
225 2980
226 2974
227 2973
228 2972
229 2914
230 2913
231 2911
232 2910
233 2905
234 2959
235 2955
236 2952
237 2951
238 2904
239 2903
240 2902
241 2900
242 2898
243 2897
244 2896
245 2895
246 2894
247 2893
248 2892
249 2890
250 2889
251 2888
252 2886
253 2885
254 2884
255 2883
256 2950
257 2882
258 2881
259 2879
260 2878
261 2877
262 2876
263 2949
264 2870
265 2869
266 2868
267 2867
268 2866
269 2865
270 2864
271 2862
272 2861
273 2860
274 2859
275 2858
276 2857
277 2856
278 2855
279 2854
280 2853
281 2851
282 2849
283 2844
284 2843
285 2842
286 2841
287 2840
288 2839
289 2923
290 2912
291 2908
292 2907
293 2838
294 2836
295 2835
296 2834
297 2833
298 2832
299 2830
300 2829
301 2828
302 2906
303 2880
304 2875
305 2874
306 2873
307 2872
308 2826
309 2824
310 2823
311 2822
312 2820
313 2819
314 2818
315 2817
316 2816
317 2814
318 2813
319 2812
320 2810
321 2809
322 2808
323 2807
324 2806
325 2805
326 2804
327 2802
328 2801
329 2800
330 2798
331 2797
332 2796
333 1505
334 1333
335 402
336 403
337 2749
338 2794
339 2793
340 2792
341 2791
342 2790
343 2789
344 2788
345 2786
346 2784
347 2783
348 2782
349 2781
350 2780
351 2779
352 2778
353 2777
354 2776
355 2775
356 2774
357 1581
358 2773
359 2772
360 2771
361 2770
362 2769
363 2768
364 2767
365 2766
366 2765
367 2764
368 2762
369 1303
370 1302
371 1301
372 1300
373 2724
374 2759
375 2760
376 2737
377 414
378 2731
379 2732
380 1450
381 1412
382 1615
383 426
384 427
385 387
386 394
388 1402
389 2328
390 1341
391 1625
392 2761
393 1297
395 2757
396 2756
397 2755
398 2754
399 2753
400 2752
401 2751
404 2748
405 2747
406 2746
407 2745
408 2744
409 2743
410 2742
411 2336
412 2739
413 2738
415 432
416 2721
417 2736
418 3016
419 2735
420 1309
421 2734
422 2733
423 1312
424 2729
425 2728
428 2320
429 2726
430 2725
431 2723
433 1314
434 1296
435 1295
436 1293
437 1574
438 2393
439 1325
440 1324
441 1323
442 1292
443 1290
444 1289
445 1288
446 1287
447 1322
448 1282
449 1281
450 1280
451 1279
452 1278
453 1277
454 1276
455 1274
456 1272
457 1271
458 1321
459 1320
460 1319
461 2341
462 2378
463 1246
464 1244
465 1243
466 568
467 1269
468 1268
469 1267
470 1266
471 1265
472 1264
473 1263
474 1262
475 1261
476 1162
477 1140
478 1235
479 1234
480 1233
481 1232
482 1231
483 1259
484 1258
485 1257
486 1256
487 1255
488 1253
489 1252
490 1251
491 1250
492 1249
493 1248
494 655
495 654
496 632
497 1215
498 1214
499 1213
500 1242
501 1241
502 1240
503 1239
504 1238
505 1158
506 752
507 799
508 744
509 1217
510 644
511 1193
512 1230
513 1229
514 1228
515 1227
516 1226
517 572
518 665
519 662
520 710
521 656
522 743
523 1225
524 1224
525 646
526 1223
527 1222
528 1221
529 1220
530 1219
531 1218
532 1216
533 645
534 1209
535 1208
536 1207
537 1206
538 1205
539 1204
540 651
541 650
542 1203
543 556
544 576
545 574
546 742
547 679
548 550
549 586
551 1149
552 1150
553 668
554 667
555 666
557 1199
558 649
559 1202
560 2260
561 1201
562 1200
563 565
564 1198
566 1196
567 1195
569 642
570 643
571 1192
573 1191
575 1190
577 1189
578 1188
579 1187
580 1186
581 1185
582 1184
583 1183
584 1181
585 1179
587 1177
588 1176
589 1175
590 1174
591 678
592 1172
593 613
594 596
595 1169
597 1167
598 677
599 1165
600 1163
601 1161
602 1180
603 1159
604 637
605 695
606 1156
607 1155
608 1154
609 611
610 1152
612 647
614 1148
615 1147
616 1146
617 1145
618 1144
619 1143
620 1142
621 673
622 676
623 1139
624 1138
625 1137
626 1136
627 1135
628 1134
629 1133
630 640
631 1132
633 1356
634 652
635 1164
636 1182
638 1285
639 641
648 1151
653 1131
657 1125
658 1124
659 1123
660 1122
661 1121
663 1120
664 1119
669 1114
670 1113
671 1112
672 1111
674 1110
675 1109
680 1108
681 683
682 1107
684 1106
685 1105
686 1104
687 1103
688 1102
689 1101
690 1100
691 1098
692 1097
693 1096
694 1095
696 1094
697 1093
698 1092
699 1091
700 1090
701 1085
702 1084
703 1083
704 1082
705 1081
706 1080
707 1079
708 1130
709 1129
711 1128
712 1127
713 1078
714 1077
715 1126
716 1076
717 1075
718 1074
719 1073
720 1072
721 1071
722 1070
723 1068
724 726
725 1067
727 1066
728 1065
729 1064
730 1063
731 1062
732 1061
733 1060
734 1059
735 1054
736 1053
737 1052
738 1051
739 1099
740 1050
741 1049
745 1045
746 1044
747 1043
748 1042
749 1041
750 1040
751 1039
753 870
754 1089
755 1088
756 1087
757 1038
758 1037
759 1036
760 1035
761 1034
762 1033
763 1032
764 1031
765 1030
766 1029
767 1028
768 1027
769 1117
770 1026
771 1025
772 1024
773 1023
774 1022
775 1021
776 1020
777 1019
778 1116
779 1017
780 1115
781 1058
782 1057
783 1056
784 1016
785 1015
786 1014
787 1013
788 1012
789 1008
790 791
792 1006
793 1005
794 1004
795 1002
796 1001
797 1000
798 999
800 998
801 996
802 995
803 845
804 994
805 993
806 992
807 991
808 990
809 989
810 988
811 985
812 1141
813 984
814 983
815 982
816 981
817 980
818 979
819 978
820 977
821 1118
822 976
823 972
824 971
825 970
826 969
827 968
828 967
829 1018
830 1011
831 1055
832 1010
833 965
834 1009
835 964
836 963
837 962
838 961
839 960
840 959
841 958
842 957
843 1007
844 956
846 954
847 849
848 953
850 952
851 951
852 950
853 949
854 948
855 946
856 858
857 945
859 944
860 943
861 942
862 941
863 940
864 939
865 938
866 937
867 1047
868 987
869 1046
871 1086
872 936
873 935
874 934
875 933
876 1069
877 932
878 931
879 930
880 929
881 928
882 927
883 926
884 886
885 925
887 924
888 922
889 921
890 920
891 919
892 918
893 895
894 917
896 916
897 915
898 914
899 913
900 912
901 911
902 910
903 909
904 986
905 907
906 975
908 955
923 947
966 1003
973 997
974 1048
1153 1197
1157 1194
1160 1284
1166 1168
1170 1178
1171 1173
1210 1357
1211 1318
1212 1317
1236 1291
1237 1286
1245 1270
1247 1569
1254 1316
1260 1283
1273 1275
1294 1315
1298 2758
1299 2722
1304 2933
1305 2848
1306 2847
1307 2846
1308 2294
1310 2936
1311 2935
1313 2730
1326 2720
1327 2719
1328 2718
1329 2717
1330 2716
1331 2355
1332 2372
1334 2334
1335 2333
1336 2332
1337 2331
1338 2330
1339 2329
1340 1386
1342 2326
1343 1345
1344 2324
1346 2322
1347 1392
1348 1406
1349 2319
1350 2318
1351 2317
1352 2316
1353 2315
1354 1404
1355 2314
1358 1562
1359 2311
1360 2309
1361 2307
1362 2306
1363 2305
1364 2304
1365 2303
1366 2302
1367 2301
1368 2251
1369 2357
1370 2298
1371 1373
1372 2296
1374 1668
1375 2293
1376 2292
1377 2291
1378 2290
1379 2289
1380 2288
1381 2287
1382 1496
1383 2285
1384 2283
1385 2282
1387 1646
1388 1584
1389 2279
1390 2277
1391 1624
1393 2273
1394 2263
1395 2271
1396 2270
1397 1399
1398 2268
1400 2266
1401 2265
1403 2264
1405 2267
1407 2262
1408 2261
1409 1692
1410 2863
1411 2257
1413 2256
1414 2255
1415 2253
1416 1568
1417 2249
1418 1667
1419 2250
1420 2258
1421 1423
1422 2248
1424 2246
1425 2245
1426 2244
1427 1429
1428 2242
1430 2240
1431 1433
1432 2238
1434 1777
1435 2236
1436 1759
1437 1760
1438 1761
1439 1779
1440 1782
1441 1701
1442 1700
1443 2234
1444 1698
1445 1680
1446 1695
1447 1694
1448 1693
1449 1691
1451 1689
1452 1688
1453 1687
1454 1686
1455 1685
1456 1684
1457 1683
1458 1607
1459 1682
1460 1536
1461 1681
1462 1561
1463 1465
1464 1678
1466 1676
1467 1469
1468 1674
1470 1565
1471 1672
1472 1671
1473 1669
1474 1673
1475 1566
1476 1567
1477 1665
1478 1664
1479 1663
1480 1662
1481 1661
1482 1660
1483 1571
1484 1486
1485 1657
1487 1655
1488 1490
1489 1654
1491 1653
1492 1572
1493 1652
1494 1651
1495 1650
1497 1649
1498 1578
1499 1648
1500 1647
1501 1645
1502 1643
1503 1642
1504 1641
1506 1638
1507 1509
1508 1636
1510 1634
1511 1513
1512 1632
1514 1630
1515 1629
1516 1628
1517 1587
1518 1626
1519 1554
1520 1591
1521 1623
1522 1622
1523 1621
1524 1620
1525 1619
1526 1618
1527 1617
1528 1590
1529 1557
1530 1532
1531 1613
1533 1612
1534 1611
1535 1609
1537 1542
1538 1601
1539 1606
1540 1605
1541 1603
1543 1599
1544 1560
1545 1600
1546 1614
1547 1549
1548 1598
1550 1596
1551 1595
1552 1594
1553 1593
1555 1588
1556 1589
1558 1592
1559 1597
1563 1602
1564 1690
1570 1659
1573 2295
1575 2710
1576 1656
1577 1579
1580 2845
1582 2740
1583 2741
1585 2281
1586 1644
1604 1608
1610 2313
1616 2269
1627 1631
1633 1635
1637 1639
1640 2278
1658 2709
1666 2693
1670 2252
1675 1677
1679 1696
1697 1699
1702 2233
1703 2232
1704 2231
1705 2230
1706 2229
1707 2228
1708 2227
1709 2225
1710 1773
1711 2224
1712 1716
1713 2223
1714 2222
1715 2221
1717 2220
1718 2219
1719 2218
1720 2217
1721 2216
1722 2215
1723 2214
1724 1728
1725 2213
1726 2212
1727 2211
1729 2210
1730 2209
1731 2208
1732 2207
1733 2206
1734 2205
1735 2204
1736 1738
1737 2203
1739 2202
1740 2201
1741 2200
1742 2199
1743 2198
1744 2197
1745 1749
1746 2195
1747 2194
1748 2193
1750 2192
1751 2191
1752 2190
1753 2181
1754 2180
1755 2179
1756 2178
1757 2177
1758 1764
1762 2176
1763 2175
1765 2174
1766 2173
1767 2172
1768 2171
1769 2170
1770 2169
1771 2168
1772 2167
1774 2166
1775 2165
1776 2235
1778 2237
1780 2164
1781 2163
1783 2162
1784 2161
1785 2160
1786 2159
1787 2158
1788 2157
1789 2156
1790 1792
1791 2155
1793 2154
1794 2153
1795 2152
1796 2151
1797 2150
1798 2149
1799 2148
1800 2147
1801 2146
1802 1804
1803 2145
1805 2144
1806 2143
1807 2137
1808 2094
1809 2136
1810 2135
1811 2134
1812 2133
1813 2132
1814 2131
1815 2130
1816 2129
1817 2128
1818 2127
1819 2126
1820 2125
1821 2226
1822 2124
1823 2123
1824 2122
1825 2121
1826 2120
1827 2119
1828 2118
1829 2117
1830 2196
1831 2189
1832 2188
1833 2187
1834 2116
1835 1837
1836 2115
1838 2114
1839 2113
1840 2112
1841 2111
1842 2110
1843 2109
1844 2108
1845 2107
1846 2106
1847 1849
1848 2105
1850 2104
1851 2103
1852 2102
1853 2101
1854 2100
1855 2099
1856 2098
1857 1861
1858 2097
1859 2096
1860 2095
1862 2093
1863 2092
1864 1866
1865 2091
1867 2090
1868 1870
1869 2089
1871 2088
1872 2138
1873 2084
1874 1990
1875 1989
1876 1988
1877 2033
1878 2016
1879 2083
1880 2082
1881 2081
1882 2080
1883 2079
1884 2078
1885 2077
1886 2076
1887 2075
1888 2074
1889 2015
1890 2014
1891 2013
1892 2012
1893 1963
1894 2004
1895 2073
1896 2072
1897 2071
1898 2070
1899 2069
1900 2068
1901 2067
1902 2066
1903 2065
1904 2064
1905 2063
1906 2061
1907 2182
1908 2060
1909 2059
1910 2058
1911 2057
1912 2056
1913 2055
1914 2054
1915 2003
1916 2052
1917 1973
1918 2051
1919 2050
1920 2049
1921 2048
1922 2047
1923 2046
1924 2045
1925 2044
1926 2043
1927 2042
1928 2040
1929 1931
1930 2039
1932 2038
1933 2037
1934 2036
1935 2035
1936 2034
1937 1991
1938 2032
1939 2031
1940 2030
1941 2029
1942 2028
1943 2027
1944 2026
1945 2025
1946 2024
1947 2023
1948 2022
1949 1987
1950 1986
1951 1985
1952 1984
1953 1983
1954 1964
1955 2021
1956 2020
1957 2019
1958 2018
1959 2017
1960 1962
1961 1982
1965 2011
1966 2010
1967 2009
1968 2008
1969 2007
1970 2006
1971 2005
1972 1999
1974 1998
1975 1997
1976 1996
1977 1995
1978 1994
1979 1993
1980 1992
1981 2186
2000 2041
2001 2184
2002 2183
2053 2185
2062 2142
2085 2141
2086 2140
2087 2139
2239 2241
2243 2247
2254 2694
2259 2698
2272 2274
2275 2750
2276 2727
2280 2284
2286 2871
2297 2299
2300 2356
2308 2696
2310 2695
2312 2697
2321 2323
2325 2327
2335 2795
2337 2362
2338 2692
2339 2691
2340 2690
2342 2706
2343 2705
2344 2704
2345 2703
2346 2702
2347 2701
2348 2700
2349 2699
2350 2715
2351 2714
2352 2713
2353 2712
2354 2711
2358 2676
2359 2675
2360 2674
2361 2673
2363 2671
2364 2670
2365 2669
2366 2668
2367 2667
2368 2666
2369 2665
2370 2374
2371 2373
2375 2689
2376 2688
2377 2687
2379 2708
2380 2707
2381 2664
2382 2663
2383 2662
2384 2661
2385 2660
2386 2659
2387 2658
2388 2657
2389 2686
2390 2656
2391 2655
2392 2685
2394 2684
2395 2654
2396 2653
2397 2648
2398 2647
2399 2646
2400 2645
2401 2644
2402 2643
2403 2642
2404 2641
2405 2640
2406 2639
2407 2637
2408 2636
2409 2635
2410 2683
2411 2634
2412 2492
2413 2531
2414 2583
2415 2490
2416 2495
2417 2633
2418 2632
2419 2631
2420 2630
2421 2629
2422 2628
2423 2627
2424 2626
2425 2625
2426 2624
2427 2623
2428 2622
2429 2505
2430 2527
2431 2526
2432 2502
2433 2561
2434 2621
2435 2620
2436 2619
2437 2618
2438 2617
2439 2616
2440 2462
2441 2445
2442 2468
2443 2522
2444 2466
2446 2606
2447 2551
2448 2550
2449 2549
2450 2548
2451 2547
2452 2540
2453 2594
2454 2539
2455 2599
2456 2474
2457 2537
2458 2536
2459 2535
2460 2682
2461 2482
2463 2611
2464 2608
2465 2610
2467 2609
2469 2607
2470 2605
2471 2603
2472 2601
2473 2600
2475 2477
2476 2598
2478 2596
2479 2538
2480 2593
2481 2592
2483 2591
2484 2590
2485 2589
2486 2588
2487 2587
2488 2586
2489 2534
2491 2494
2493 2582
2496 2580
2497 2499
2498 2578
2500 2576
2501 2575
2503 2573
2504 2508
2506 2569
2507 2568
2509 2567
2510 2513
2511 2570
2512 2563
2514 2560
2515 2559
2516 2558
2517 2557
2518 2556
2519 2555
2520 2554
2521 2525
2523 2552
2524 2553
2528 2564
2529 2565
2530 2577
2532 2584
2533 2585
2541 2681
2542 2680
2543 2679
2544 2678
2545 2677
2546 2602
2562 2652
2566 2571
2572 2574
2579 2581
2595 2597
2604 2672
2612 2651
2613 2650
2614 2649
2615 2638
2763 2934
2785 2787
2799 2803
2811 2815
2821 2825
2827 2831
2837 2909
2850 2852
2887 2891
2899 2901
2925 3006
2938 2940
2961 2963
2975 2995
2982 2984
3010 3012
3033 7294
3034 7292
3036 3523
3039 3470
3040 3480
3044 3488
3045 3424
3046 3492
3048 6814
3051 3500
3053 7299
3054 7298
3055 7297
3056 3412
3057 3415
3064 3410
3065 3067
3066 3409
3068 3408
3069 3338
3070 3404
3071 3403
3072 3402
3073 3401
3074 3400
3075 3399
3076 3398
3077 3397
3079 3396
3080 3395
3081 3394
3082 3393
3086 3392
3087 3391
3089 3390
3090 3389
3091 3388
3092 3387
3093 3386
3094 3385
3095 3384
3096 3100
3097 3383
3098 3382
3099 3381
3101 3380
3102 3118
3103 3379
3104 3378
3105 3377
3106 3376
3107 3375
3108 3374
3109 3373
3110 3372
3111 3371
3112 3370
3113 3369
3114 3368
3115 3367
3116 3366
3117 3365
3119 3364
3120 3126
3121 3363
3122 3362
3123 3361
3124 3360
3125 3359
3127 3358
3128 3136
3129 3357
3130 3356
3131 3355
3132 3354
3133 3353
3134 3352
3135 3351
3137 3350
3138 3296
3139 3349
3140 3348
3141 3327
3142 3326
3143 3325
3144 3249
3145 3310
3146 3247
3147 3309
3148 3308
3149 3255
3150 3306
3151 3347
3152 3346
3153 3345
3154 3344
3155 3343
3156 3342
3157 3341
3158 3160
3159 3335
3161 3334
3162 3166
3163 3333
3164 3332
3165 3331
3167 3330
3168 3324
3169 3323
3170 3322
3171 3321
3172 3320
3173 3319
3174 3318
3175 3293
3176 3292
3177 3209
3178 3288
3179 3252
3180 3317
3181 3316
3182 3315
3183 3314
3184 3251
3185 3313
3186 3312
3187 3250
3188 3248
3189 3311
3190 3236
3191 3235
3192 3234
3193 3246
3194 3276
3195 3257
3196 3256
3197 3198
3199 3307
3200 3254
3201 3305
3202 3301
3203 3300
3204 3298
3205 3297
3206 3295
3207 3294
3208 3291
3210 3290
3211 3289
3212 3266
3213 3265
3214 3264
3215 3217
3216 3263
3218 3262
3219 3261
3220 3260
3221 3259
3222 3258
3223 3287
3224 3286
3225 3285
3226 3284
3227 3283
3228 3282
3229 3281
3230 3280
3231 3279
3232 3278
3233 3277
3237 3275
3238 3274
3239 3273
3240 3272
3241 3271
3242 3270
3243 3269
3244 3268
3245 3267
3299 3614
3329 3522
3336 3407
3337 3406
3339 3405
3417 3419
3420 7295
3427 3431
3434 3436
3438 3442
3444 3448
3453 3461
3457 3459
3463 3465
3467 3469
3472 3476
3495 3497
3499 3613
3507 7152
3508 3612
3509 3611
3510 7291
3511 7290
3512 7289
3513 7288
3514 3636
3515 7287
3516 7286
3517 3550
3518 3617
3519 3616
3520 3615
3521 6811
3529 7301
3530 7285
3531 7284
3532 7283
3533 7282
3534 7281
3535 7280
3536 7279
3537 7278
3538 7277
3539 7276
3540 3542
3541 7275
3543 7274
3544 7273
3545 7272
3546 3548
3547 7271
3549 7270
3551 7269
3552 7267
3553 7266
3554 3558
3555 7265
3556 7264
3557 7263
3559 7261
3560 7260
3561 7259
3562 7258
3563 7257
3564 7256
3565 3567
3566 7255
3568 7254
3569 7253
3570 7252
3571 7251
3572 7250
3573 7249
3574 7248
3575 7247
3576 7246
3577 3579
3578 7245
3580 7244
3581 7243
3582 7242
3583 7241
3584 7240
3585 7239
3586 7238
3587 3589
3588 7237
3590 7236
3591 7235
3592 7234
3593 7233
3594 7232
3595 7231
3596 7230
3597 7229
3598 7228
3599 3610
3600 7227
3601 7226
3602 7113
3603 7112
3604 7043
3605 7134
3606 6807
3607 6805
3608 6803
3609 6916
3618 7042
3619 6804
3620 6931
3621 6930
3622 6929
3623 6928
3624 6927
3625 7186
3626 7184
3627 7218
3628 7141
3629 7142
3630 6802
3631 6921
3632 6920
3633 6919
3634 6918
3635 6818
3637 7041
3638 7040
3639 6905
3640 6792
3641 7133
3642 6786
3643 6785
3644 6784
3645 6783
3646 6808
3647 6782
3648 6781
3649 6809
3650 7076
3651 7075
3652 7156
3653 6799
3654 6780
3655 3657
3656 6779
3658 6778
3659 6777
3660 6776
3661 6775
3662 6774
3663 6773
3664 6772
3665 3667
3666 6771
3668 6770
3669 6769
3670 6768
3671 6767
3672 6766
3673 6765
3674 6764
3675 6798
3676 6797
3677 6796
3678 6795
3679 6762
3680 6761
3681 6760
3682 6759
3683 6794
3684 6758
3685 6754
3686 6753
3687 6720
3688 6752
3689 6751
3690 6750
3691 6749
3692 6748
3693 6747
3694 6746
3695 6745
3696 6793
3697 6744
3698 6743
3699 6823
3700 6791
3701 6790
3702 6742
3703 6438
3704 6437
3705 6436
3706 3720
3707 6741
3708 6740
3709 6739
3710 6738
3711 6737
3712 6736
3713 6735
3714 6734
3715 6733
3716 6732
3717 6731
3718 6730
3719 3802
3721 6446
3722 6400
3723 6729
3724 6728
3725 6399
3726 6727
3727 6726
3728 6725
3729 6724
3730 6706
3731 3767
3732 6395
3733 6394
3734 6719
3735 6718
3736 3764
3737 6717
3738 6716
3739 6715
3740 6714
3741 6713
3742 6702
3743 6681
3744 3750
3745 6699
3746 3770
3747 6680
3748 3777
3749 3778
3751 6466
3752 3996
3753 3755
3754 3790
3756 6410
3757 6409
3758 3798
3759 3799
3760 6406
3761 6405
3762 6404
3763 6403
3765 6707
3766 3780
3768 6703
3769 6701
3771 3776
3772 6693
3773 6698
3774 6697
3775 6695
3779 6692
3781 6691
3782 3906
3783 6679
3784 6471
3785 6476
3786 6615
3787 6497
3788 6509
3789 6600
3791 6465
3792 6464
3793 6463
3794 6462
3795 6461
3796 6460
3797 6459
3800 6407
3801 6455
3803 6453
3804 6452
3805 6451
3806 6450
3807 6449
3808 6448
3809 6447
3810 6425
3811 6393
3812 6392
3813 6391
3814 3907
3815 6357
3816 3884
3817 3900
3818 4012
3819 6434
3820 3882
3821 3881
3822 4010
3823 3880
3824 3879
3825 3878
3826 3877
3827 6689
3828 6467
3829 6492
3830 6694
3831 6787
3832 3911
3833 6416
3834 3894
3835 3893
3836 6358
3837 3892
3838 3872
3839 3871
3840 3891
3841 3870
3842 3869
3843 3868
3844 3867
3845 3866
3846 3865
3847 3864
3848 3863
3849 3890
3850 3862
3851 3861
3852 3889
3853 3888
3854 3887
3855 3886
3856 3885
3857 3883
3858 3876
3859 3875
3860 4008
3873 6435
3874 6690
3895 6433
3896 4009
3897 6431
3898 3999
3899 6430
3901 6429
3902 6356
3903 6428
3904 6427
3905 6426
3908 6424
3909 6423
3910 6422
3912 6420
3913 6415
3914 6417
3915 6359
3916 6389
3917 6388
3918 6387
3919 6386
3920 6385
3921 6384
3922 3924
3923 6383
3925 6382
3926 6381
3927 6380
3928 6379
3929 6378
3930 6377
3931 6376
3932 3936
3933 6375
3934 6374
3935 6373
3937 6372
3938 3995
3939 6371
3940 6370
3941 6369
3942 6368
3943 6367
3944 6366
3945 6365
3946 6364
3947 6363
3948 6362
3949 6361
3950 6355
3951 6354
3952 6353
3953 6352
3954 4788
3955 4525
3956 4038
3957 4090
3958 4040
3959 6049
3960 6048
3961 6339
3962 6340
3963 6143
3964 6121
3965 3967
3966 6348
3968 6078
3969 6059
3970 6299
3971 4086
3972 6351
3973 6075
3974 6074
3975 4036
3976 3978
3977 4035
3979 4034
3980 4033
3981 4032
3982 4031
3983 6320
3984 4069
3985 6304
3986 6070
3987 6069
3988 4059
3989 6329
3990 6330
3991 6102
3992 6080
3993 6079
3994 6335
3997 4026
3998 4025
4000 4024
4001 4023
4002 4022
4003 4021
4004 4020
4005 4019
4006 4018
4007 4017
4011 6432
4013 6047
4014 6046
4015 6037
4016 4030
4027 6077
4028 6076
4029 6035
4037 4760
4039 6349
4041 6347
4042 6346
4043 6345
4044 6344
4045 6343
4046 6342
4047 6341
4048 6096
4049 6146
4050 6338
4051 6337
4052 6336
4053 4055
4054 6334
4056 6332
4057 6159
4058 6101
4060 6328
4061 6327
4062 6326
4063 6325
4064 6324
4065 6323
4066 6082
4067 6322
4068 6321
4070 6318
4071 4073
4072 6316
4074 6314
4075 6313
4076 6312
4077 4079
4078 6310
4080 6308
4081 6303
4082 6305
4083 6071
4084 6301
4085 6300
4087 6057
4088 6058
4089 6298
4091 6297
4092 6296
4093 6295
4094 6294
4095 6293
4096 4155
4097 4154
4098 4153
4099 4152
4100 4149
4101 6055
4102 6054
4103 6053
4104 6052
4105 6051
4106 6045
4107 6044
4108 4112
4109 6043
4110 6042
4111 6041
4113 6040
4114 6039
4115 6038
4116 6036
4117 6067
4118 6031
4119 6030
4120 6029
4121 6028
4122 6027
4123 6026
4124 4126
4125 6025
4127 6024
4128 6023
4129 6017
4130 5986
4131 6016
4132 6015
4133 6014
4134 6013
4135 6012
4136 6011
4137 6010
4138 4140
4139 6009
4141 6008
4142 6007
4143 6006
4144 6005
4145 6004
4146 6003
4147 6002
4148 6001
4150 6000
4151 5999
4156 5998
4157 5997
4158 5996
4159 5995
4160 5994
4161 5993
4162 5992
4163 5991
4164 5990
4165 5989
4166 5988
4167 5987
4168 4170
4169 5985
4171 5984
4172 5983
4173 5982
4174 5981
4175 5980
4176 5979
4177 5978
4178 4180
4179 5977
4181 5976
4182 5975
4183 5974
4184 5973
4185 5972
4186 5971
4187 5970
4188 5969
4189 5968
4190 4196
4191 5967
4192 5966
4193 5965
4194 5964
4195 5963
4197 4502
4198 5961
4199 5960
4200 5915
4201 5914
4202 5940
4203 5913
4204 5912
4205 5878
4206 4932
4207 5910
4208 5944
4209 5909
4210 5908
4211 5876
4212 5907
4213 5906
4214 5875
4215 5779
4216 5861
4217 5778
4218 5777
4219 5754
4220 5724
4221 5011
4222 5893
4223 4225
4224 4944
4226 5902
4227 4229
4228 4911
4230 4910
4231 4909
4232 4908
4233 4907
4234 4906
4235 4905
4236 4904
4237 4903
4238 6092
4239 6276
4240 6022
4241 6020
4242 6019
4243 6018
4244 5962
4245 5874
4246 4924
4247 5904
4248 4902
4249 4493
4250 4492
4251 4491
4252 4490
4253 4489
4254 4488
4255 4487
4256 4392
4257 4486
4258 4391
4259 4485
4260 4270
4261 4484
4262 4483
4263 4482
4264 4868
4265 4481
4266 4469
4267 4480
4268 4479
4269 4478
4271 4477
4272 4337
4273 4476
4274 4346
4275 4343
4276 4330
4277 4329
4278 4453
4279 4452
4280 4451
4281 4450
4282 4448
4283 4447
4284 4443
4285 4442
4286 4441
4287 4440
4288 4439
4289 4438
4290 4437
4291 4436
4292 4435
4293 4434
4294 4433
4295 4432
4296 4431
4297 4430
4298 4429
4299 4428
4300 4427
4301 4426
4302 4425
4303 4424
4304 4423
4305 4421
4306 4419
4307 4418
4308 4417
4309 4415
4310 4414
4311 4413
4312 4412
4313 4411
4314 4860
4315 4896
4316 4410
4317 4408
4318 4407
4319 4405
4320 4404
4321 4403
4322 4402
4323 4401
4324 4400
4325 4399
4326 4398
4327 4861
4328 4416
4331 4388
4332 4387
4333 4386
4334 4385
4335 4383
4336 4382
4338 5871
4339 5809
4340 4862
4341 4384
4342 4381
4344 4380
4345 4378
4347 4900
4348 4899
4349 4898
4350 4897
4351 4409
4352 4406
4353 4396
4354 4394
4355 4393
4356 4376
4357 4375
4358 4374
4359 4373
4360 4372
4361 4371
4362 4370
4363 4369
4364 4368
4365 4367
4366 4390
4377 4379
4389 4895
4395 4397
4420 4422
4444 4859
4445 4466
4446 5899
4449 5896
4454 5895
4455 4892
4456 4891
4457 4876
4458 4875
4459 4874
4460 4873
4461 4872
4462 4871
4463 6021
4464 4901
4465 5873
4467 4870
4468 4869
4470 4867
4471 5958
4472 4866
4473 4865
4474 4864
4475 4863
4494 4893
4495 4877
4496 5959
4497 4890
4498 4889
4499 4857
4500 4856
4501 4855
4503 4854
4504 4510
4505 4853
4506 4852
4507 4851
4508 4850
4509 4849
4511 4848
4512 4847
4513 4846
4514 4845
4515 4844
4516 4843
4517 4842
4518 4841
4519 4882
4520 4840
4521 4839
4522 4881
4523 6292
4524 6050
4526 4838
4527 4837
4528 4836
4529 4835
4530 4834
4531 4833
4532 4832
4533 4831
4534 4830
4535 4829
4536 4828
4537 4787
4538 4786
4539 4785
4540 4784
4541 4827
4542 4826
4543 4825
4544 4824
4545 4823
4546 4822
4547 4821
4548 4820
4549 4819
4550 4818
4551 4620
4552 4776
4553 4775
4554 4774
4555 4750
4556 4772
4557 4817
4558 4816
4559 4815
4560 4814
4561 4813
4562 4812
4563 4811
4564 4770
4565 4769
4566 4768
4567 4767
4568 4687
4569 4805
4570 4804
4571 4803
4572 4802
4573 4801
4574 4633
4575 4684
4576 4683
4577 4630
4578 4734
4579 4795
4580 4794
4581 4793
4582 4792
4583 4791
4584 4790
4585 4789
4586 4619
4587 4618
4588 4658
4589 4783
4590 4782
4591 4781
4592 4780
4593 4779
4594 4778
4595 4777
4596 4699
4597 4698
4598 4600
4599 4640
4601 4696
4602 4695
4603 4694
4604 4693
4605 4644
4606 4647
4607 4773
4608 4766
4609 4765
4610 4764
4611 4763
4612 4762
4613 4690
4614 4654
4615 4689
4616 4652
4617 4688
4621 4711
4622 4678
4623 4625
4624 4634
4626 4704
4627 4666
4628 4702
4629 4701
4631 4761
4632 4682
4635 4757
4636 4756
4637 4755
4638 4754
4639 4753
4641 4751
4642 4697
4643 4749
4645 4747
4646 4746
4648 4744
4649 4651
4650 4742
4653 4739
4655 4737
4656 4735
4657 4733
4659 4731
4660 4730
4661 4729
4662 4728
4663 4727
4664 4726
4665 4725
4667 4723
4668 4672
4669 4722
4670 4721
4671 4706
4673 4717
4674 4703
4675 4716
4676 4715
4677 4713
4679 4708
4680 4709
4681 4732
4685 4758
4686 4759
4691 4736
4692 4741
4700 4748
4705 4719
4707 4718
4710 4724
4712 4714
4720 4752
4738 4740
4743 4745
4771 4887
4796 4880
4797 4879
4798 4912
4799 4878
4800 4888
4806 4886
4807 4885
4808 4884
4809 4883
4810 4858
4894 5872
4913 5957
4914 5956
4915 5955
4916 5954
4917 5953
4918 5952
4919 5951
4920 5950
4921 5807
4922 5808
4923 5948
4925 5947
4926 4940
4927 5946
4928 5945
4929 5943
4930 5941
4931 5939
4933 5937
4934 5911
4935 5935
4936 5933
4937 5931
4938 5929
4939 5928
4941 5927
4942 5905
4943 5926
4945 5925
4946 5924
4947 5923
4948 5922
4949 5921
4950 5920
4951 5919
4952 5918
4953 5882
4954 5713
4955 5019
4956 5831
4957 5830
4958 5881
4959 5903
4960 5901
4961 5900
4962 5898
4963 5897
4964 5894
4965 5880
4966 5892
4967 5891
4968 5890
4969 5889
4970 5888
4971 5887
4972 5886
4973 5885
4974 5884
4975 5883
4976 5870
4977 4979
4978 5869
4980 5868
4981 5867
4982 5866
4983 5865
4984 5864
4985 5863
4986 5862
4987 5949
4988 5860
4989 5859
4990 5858
4991 5857
4992 5856
4993 5855
4994 5854
4995 5853
4996 5852
4997 5075
4998 5851
4999 5850
5000 5849
5001 5848
5002 5847
5003 5846
5004 5845
5005 5844
5006 5843
5007 5842
5008 5841
5009 5840
5010 5839
5012 5838
5013 5837
5014 5836
5015 5835
5016 5834
5017 5833
5018 5832
5020 5700
5021 5829
5022 5828
5023 5827
5024 5826
5025 5825
5026 5824
5027 5823
5028 5822
5029 5821
5030 5820
5031 5819
5032 5818
5033 5035
5034 5817
5036 5816
5037 5815
5038 5814
5039 5813
5040 5812
5041 5811
5042 5806
5043 5805
5044 5804
5045 5803
5046 5802
5047 5548
5048 5801
5049 5800
5050 5799
5051 5798
5052 5797
5053 5796
5054 5795
5055 5794
5056 5793
5057 5792
5058 5197
5059 5640
5060 5585
5061 5542
5062 5258
5063 5791
5064 5790
5065 5789
5066 5788
5067 5787
5068 5786
5069 5785
5070 5784
5071 5783
5072 5782
5073 5781
5074 5780
5076 5776
5077 5775
5078 5774
5079 5773
5080 5772
5081 5083
5082 5771
5084 5770
5085 5769
5086 5768
5087 5767
5088 5766
5089 5765
5090 5764
5091 5763
5092 5762
5093 5095
5094 5761
5096 5760
5097 5759
5098 5758
5099 5757
5100 5756
5101 5755
5102 5106
5103 5753
5104 5752
5105 5751
5107 5750
5108 5749
5109 5748
5110 5747
5111 5746
5112 5745
5113 5744
5114 5116
5115 5743
5117 5742
5118 5741
5119 5740
5120 5739
5121 5738
5122 5737
5123 5736
5124 5128
5125 5735
5126 5734
5127 5733
5129 5732
5130 5731
5131 5730
5132 5729
5133 5728
5134 5727
5135 5726
5136 5489
5137 5488
5138 5487
5139 5486
5140 5451
5141 5725
5142 5723
5143 5722
5144 5721
5145 5720
5146 5719
5147 5718
5148 5717
5149 5716
5150 5715
5151 5714
5152 5711
5153 5710
5154 5709
5155 5708
5156 5707
5157 5706
5158 5450
5159 5705
5160 5704
5161 5703
5162 5702
5163 5701
5164 5699
5165 5698
5166 5697
5167 5696
5168 5170
5169 5449
5171 5442
5172 5390
5173 5545
5174 5546
5175 5185
5176 5184
5177 5183
5178 5182
5179 5181
5180 5620
5186 5594
5187 5193
5188 5192
5189 5191
5190 5660
5194 5196
5195 5672
5198 5208
5199 5568
5200 5596
5201 5682
5202 5617
5203 5623
5204 5624
5205 5207
5206 5694
5209 5625
5210 5544
5211 5543
5212 5541
5213 5540
5214 5216
5215 5539
5217 5538
5218 5537
5219 5536
5220 5535
5221 5534
5222 5533
5223 5532
5224 5228
5225 5531
5226 5530
5227 5529
5229 5528
5230 5527
5231 5526
5232 5525
5233 5524
5234 5523
5235 5522
5236 5238
5237 5521
5239 5520
5240 5519
5241 5518
5242 5517
5243 5516
5244 5515
5245 5514
5246 5250
5247 5513
5248 5512
5249 5511
5251 5510
5252 5509
5253 5508
5254 5507
5255 5506
5256 5505
5257 5504
5259 5503
5260 5502
5261 5501
5262 5500
5263 5389
5264 5499
5265 5498
5266 5497
5267 5496
5268 5495
5269 5494
5270 5493
5271 5492
5272 5491
5273 5490
5274 5388
5275 5387
5276 5386
5277 5413
5278 5485
5279 5484
5280 5483
5281 5482
5282 5481
5283 5480
5284 5479
5285 5478
5286 5477
5287 5476
5288 5475
5289 5474
5290 5384
5291 5473
5292 5472
5293 5471
5294 5470
5295 5469
5296 5468
5297 5467
5298 5466
5299 5465
5300 5464
5301 5307
5302 5383
5303 5382
5304 5381
5305 5463
5306 5462
5308 5461
5309 5460
5310 5459
5311 5458
5312 5457
5313 5456
5314 5455
5315 5454
5316 5453
5317 5452
5318 5448
5319 5447
5320 5446
5321 5445
5322 5444
5323 5443
5324 5326
5325 5441
5327 5440
5328 5439
5329 5438
5330 5437
5331 5436
5332 5435
5333 5434
5334 5336
5335 5394
5337 5393
5338 5392
5339 5433
5340 5432
5341 5431
5342 5430
5343 5429
5344 5428
5345 5427
5346 5426
5347 5425
5348 5424
5349 5391
5350 5423
5351 5422
5352 5421
5353 5420
5354 5419
5355 5418
5356 5417
5357 5416
5358 5415
5359 5414
5360 5412
5361 5363
5362 5411
5364 5410
5365 5409
5366 5408
5367 5407
5368 5406
5369 5405
5370 5404
5371 5385
5372 5403
5373 5402
5374 5401
5375 5400
5376 5399
5377 5398
5378 5397
5379 5396
5380 5395
5547 5695
5549 5693
5550 5692
5551 5691
5552 5690
5553 5689
5554 5688
5555 5687
5556 5686
5557 5633
5558 5560
5559 5684
5561 5683
5562 5564
5563 5681
5565 5679
5566 5631
5567 5678
5569 5677
5570 5574
5571 5676
5572 5675
5573 5674
5575 5673
5576 5626
5577 5671
5578 5670
5579 5669
5580 5668
5581 5667
5582 5666
5583 5665
5584 5664
5586 5588
5587 5662
5589 5661
5590 5592
5591 5659
5593 5657
5595 5656
5597 5655
5598 5602
5599 5653
5600 5651
5601 5649
5603 5647
5604 5608
5605 5645
5606 5643
5607 5641
5609 5680
5610 5638
5611 5637
5612 5636
5613 5615
5614 5634
5616 5632
5618 5629
5619 5627
5621 5658
5622 5630
5628 5685
5635 5639
5642 5644
5646 5648
5650 5652
5654 5663
5712 5917
5810 5916
5877 5942
5879 5930
5932 5934
5936 5938
6032 6119
6033 6118
6034 6291
6056 6350
6060 6094
6061 6093
6062 6091
6063 6090
6064 6089
6065 6165
6066 6120
6068 6081
6072 6302
6073 6306
6083 6289
6084 6288
6085 6287
6086 6286
6087 6284
6088 6283
6095 6098
6097 6275
6099 6274
6100 6273
6103 6290
6104 6285
6105 6282
6106 6281
6107 6280
6108 6279
6109 6277
6110 6266
6111 6261
6112 6260
6113 6259
6114 6258
6115 6257
6116 6256
6117 6255
6122 6254
6123 6253
6124 6252
6125 6251
6126 6250
6127 6249
6128 6248
6129 6246
6130 6245
6131 6244
6132 6243
6133 6242
6134 6241
6135 6240
6136 6239
6137 6238
6138 6237
6139 6235
6140 6233
6141 6270
6142 6269
6144 6268
6145 6267
6147 6231
6148 6229
6149 6212
6150 6211
6151 6210
6152 6209
6153 6208
6154 6207
6155 6206
6156 6205
6157 6203
6158 6201
6160 6278
6161 6265
6162 6264
6163 6263
6164 6262
6166 6272
6167 6271
6168 6247
6169 6228
6170 6227
6171 6226
6172 6225
6173 6200
6174 6199
6175 6198
6176 6197
6177 6196
6178 6194
6179 6193
6180 6192
6181 6191
6182 6190
6183 6189
6184 6224
6185 6223
6186 6222
6187 6221
6188 6217
6195 6213
6202 6204
6214 6220
6215 6219
6216 6218
6230 6232
6234 6236
6307 6309
6311 6315
6317 6319
6331 6333
6360 6414
6390 6418
6396 6704
6397 6705
6398 6822
6401 6402
6408 6457
6411 6454
6412 6458
6413 6456
6419 6421
6439 6789
6440 6788
6441 6578
6442 6495
6443 6494
6444 6493
6445 6588
6468 6475
6469 6473
6470 6472
6474 6496
6477 6688
6478 6687
6479 6678
6480 6677
6481 6676
6482 6675
6483 6674
6484 6673
6485 6671
6486 6669
6487 6686
6488 6685
6489 6684
6490 6683
6491 6682
6498 6668
6499 6667
6500 6666
6501 6665
6502 6664
6503 6663
6504 6662
6505 6660
6506 6659
6507 6658
6508 6510
6511 6614
6512 6613
6513 6655
6514 6654
6515 6653
6516 6651
6517 6650
6518 6649
6519 6648
6520 6647
6521 6646
6522 6645
6523 6643
6524 6641
6525 6640
6526 6639
6527 6638
6528 6637
6529 6636
6530 6635
6531 6634
6532 6598
6533 6596
6534 6595
6535 6594
6536 6632
6537 6631
6538 6630
6539 6629
6540 6628
6541 6626
6542 6625
6543 6624
6544 6592
6545 6591
6546 6590
6547 6589
6548 6623
6549 6622
6550 6621
6551 6620
6552 6619
6553 6618
6554 6617
6555 6616
6556 6587
6557 6586
6558 6585
6559 6584
6560 6583
6561 6582
6562 6581
6563 6580
6564 6579
6565 6566
6567 6611
6568 6610
6569 6609
6570 6608
6571 6607
6572 6606
6573 6605
6574 6604
6575 6603
6576 6602
6577 6601
6593 6627
6597 6633
6599 6612
6642 6644
6652 6656
6657 6661
6670 6672
6696 6700
6708 6932
6709 6806
6710 6801
6711 6800
6712 6763
6721 6757
6722 6756
6723 6755
6810 7077
6812 7293
6813 7225
6815 7110
6816 7111
6817 7222
6819 7221
6820 6917
6821 7220
6824 6829
6825 7217
6826 7215
6827 7214
6828 7219
6830 6835
6831 7211
6832 7209
6833 7208
6834 7213
6836 6841
6837 7205
6838 7203
6839 7202
6840 7207
6842 6847
6843 7199
6844 7197
6845 7196
6846 7201
6848 6853
6849 7193
6850 7191
6851 7190
6852 7195
6854 6873
6855 7187
6856 7185
6857 7183
6858 7182
6859 7181
6860 7180
6861 7179
6862 7178
6863 7177
6864 7176
6865 7175
6866 7174
6867 7173
6868 7172
6869 7171
6870 7170
6871 7169
6872 7189
6874 6922
6875 7166
6876 7164
6877 7163
6878 7162
6879 7161
6880 7160
6881 7159
6882 6925
6883 7158
6884 7157
6885 7155
6886 7153
6887 7151
6888 7150
6889 7149
6890 7148
6891 7147
6892 7146
6893 7145
6894 7144
6895 7108
6896 7109
6897 6923
6898 7140
6899 7139
6900 7138
6901 6903
6902 7136
6904 7167
6906 7132
6907 7131
6908 7130
6909 7129
6910 7128
6911 7127
6912 7126
6913 7079
6914 7039
6915 7224
6924 7135
6926 7137
6933 7124
6934 7123
6935 7122
6936 7121
6937 7120
6938 7119
6939 7118
6940 7117
6941 7116
6942 7115
6943 7114
6944 7107
6945 7105
6946 7104
6947 7103
6948 7101
6949 7099
6950 7098
6951 7097
6952 7096
6953 7095
6954 7094
6955 7093
6956 7092
6957 6959
6958 7020
6960 7154
6961 6993
6962 7053
6963 7052
6964 7069
6965 7067
6966 7091
6967 7090
6968 7088
6969 7087
6970 7086
6971 7085
6972 7084
6973 7083
6974 7082
6975 7081
6976 7080
6977 7049
6978 7048
6979 7047
6980 7045
6981 7044
6982 7074
6983 7073
6984 7072
6985 7071
6986 7070
6987 7038
6988 7037
6989 7036
6990 7035
6991 7034
6992 7021
6994 7066
6995 7065
6996 7064
6997 7063
6998 7062
6999 7061
7000 7060
7001 7059
7002 7058
7003 7050
7004 7033
7005 7032
7006 7031
7007 7030
7008 7029
7009 7028
7010 7056
7011 7026
7012 7025
7013 7016
7014 7017
7015 7022
7018 7023
7019 7055
7024 7057
7027 7054
7046 7143
7051 7100
7068 7089
7078 7125
7102 7106
7165 7168
7188 7192
7194 7198
7200 7204
7206 7210
7212 7216
7223 7262
