756
1512 1182
1 1219
2 1218
3 423
4 372
5 373
6 371
7 42
8 221
9 1216
10 1223
11 223
12 218
13 226
14 230
15 367
16 214
17 232
18 235
19 237
20 241
21 248
22 251
23 259
24 256
25 254
26 260
27 279
28 265
29 285
30 1328
31 281
32 240
33 379
34 298
35 348
36 381
37 392
38 261
39 370
40 368
41 358
43 360
44 375
45 393
46 390
47 407
48 398
49 413
50 432
51 1366
52 499
53 463
54 467
55 500
56 492
57 58
59 489
60 514
61 86
62 513
63 519
64 593
65 526
66 527
67 573
68 575
69 577
70 534
71 569
72 536
73 565
74 563
75 540
76 546
77 547
78 548
79 559
80 571
81 579
82 585
83 588
84 591
85 581
87 88
89 602
90 655
91 592
92 625
93 531
94 621
95 630
96 626
97 629
98 650
99 634
100 649
101 1387
102 696
103 639
104 640
105 641
106 693
107 674
108 676
109 920
110 680
111 686
112 684
113 691
114 692
115 669
116 736
117 702
118 731
119 704
120 705
121 706
122 712
123 716
124 127
125 732
126 725
128 735
129 754
130 134
131 758
132 761
133 777
135 792
136 795
137 793
138 804
139 797
140 871
141 869
142 878
143 789
144 883
145 881
146 880
147 903
148 905
149 915
150 886
151 917
152 994
153 931
154 923
155 927
156 933
157 978
158 957
159 160
161 963
162 945
163 165
164 946
166 952
167 170
168 960
169 958
171 979
172 982
173 1017
174 1015
175 1016
176 1059
177 1022
178 1023
179 1198
180 590
181 1032
182 1033
183 1042
184 690
185 1037
186 187
188 1055
189 1060
190 1030
191 1068
192 1072
193 1099
194 1080
195 1081
196 1190
197 1121
198 1062
199 1127
200 1143
201 1176
202 1240
203 1207
204 1181
205 1185
206 1211
207 1208
208 1206
209 1203
210 362
211 231
212 213
215 359
216 217
219 233
220 229
222 267
224 272
225 228
227 270
234 266
236 239
238 292
242 380
243 287
244 280
245 276
246 284
247 262
249 258
250 1320
252 255
253 257
263 282
264 1321
268 1324
269 273
271 275
274 1326
277 1322
278 1327
283 286
288 326
289 1506
290 1331
291 1329
293 321
294 1333
295 351
296 345
297 299
300 342
301 394
302 1348
303 310
304 1346
305 344
306 318
307 346
308 338
309 340
311 1341
312 335
313 322
314 1340
315 323
316 1344
317 1332
319 1342
320 325
324 1334
327 405
328 1337
329 1336
330 406
331 403
332 1330
333 1297
334 415
336 1338
337 1339
339 1345
341 1343
343 350
347 349
352 361
353 364
354 378
355 356
357 369
363 374
365 366
376 384
377 387
382 1347
383 1350
385 388
386 1349
389 391
395 420
396 397
399 414
400 1354
401 1296
402 1355
404 1149
408 1092
409 812
410 435
411 1357
412 1356
416 1352
417 418
419 1351
421 1358
422 1359
424 1069
425 1372
426 1363
427 455
428 1365
429 749
430 503
431 1360
433 459
434 505
436 1362
437 1361
438 771
439 1364
440 441
442 664
443 447
444 659
445 1367
446 665
448 453
449 457
450 456
451 1368
452 1379
454 1370
458 1371
460 461
462 495
464 498
465 1044
466 1199
468 486
469 473
470 472
471 488
474 1377
475 480
476 479
477 1378
478 491
481 1375
482 1376
483 487
484 507
485 490
493 510
494 1373
496 502
497 511
501 504
506 1374
508 509
512 594
515 518
516 596
517 597
520 523
521 678
522 677
524 525
528 533
529 576
530 532
535 543
537 564
538 554
539 551
541 542
544 556
545 552
549 560
550 584
553 570
555 561
557 568
558 566
562 567
572 578
574 586
580 582
583 675
587 654
589 656
595 598
599 609
600 601
603 1380
604 611
605 615
606 619
607 1197
608 657
610 1369
612 660
613 614
616 658
617 1381
618 1382
620 622
623 638
624 647
627 653
628 631
632 635
633 648
636 694
637 671
642 646
643 698
644 737
645 1386
651 748
652 743
661 1383
662 1384
663 1385
666 668
667 697
670 1390
672 673
679 1034
681 938
682 921
683 904
685 742
687 744
688 1028
689 746
695 699
700 733
701 734
703 724
707 717
708 729
709 721
710 726
711 720
713 722
714 718
715 719
723 730
727 728
738 1392
739 770
740 1394
741 753
745 1391
747 1395
750 813
751 755
752 1396
756 757
759 766
760 776
762 774
763 919
764 909
765 916
767 775
768 990
769 997
772 1397
773 1393
778 787
779 879
780 781
782 1398
783 809
784 788
785 1399
786 803
790 805
791 877
794 870
796 874
798 872
799 1427
800 808
801 841
802 873
806 1402
807 835
810 1410
811 1411
814 844
815 1405
816 822
817 876
818 1403
819 1408
820 1404
821 1407
823 1406
824 825
826 863
827 1412
828 829
830 1413
831 842
832 836
833 837
834 865
838 1415
839 1426
840 1414
843 857
845 846
847 1420
848 849
850 853
851 1419
852 1418
854 860
855 1422
856 1424
858 861
859 1423
862 864
866 897
867 1425
868 875
882 885
884 906
887 1431
888 894
889 1429
890 1430
891 1428
892 893
895 896
898 1067
899 908
900 907
901 1095
902 912
910 1066
911 998
913 1432
914 1433
918 996
922 951
924 936
925 937
926 934
928 932
929 974
930 970
935 954
939 976
940 941
942 950
943 971
944 966
947 967
948 961
949 959
953 964
955 977
956 962
965 975
968 969
972 973
980 1045
981 1020
983 1021
984 993
985 1005
986 1012
987 1436
988 991
989 1019
992 1002
995 1435
999 1434
1000 1018
1001 1004
1003 1438
1006 1437
1007 1441
1008 1009
1010 1013
1011 1442
1014 1443
1024 1029
1025 1039
1026 1444
1027 1445
1031 1046
1035 1043
1036 1196
1038 1064
1040 1041
1047 1050
1048 1049
1051 1053
1052 1054
1056 1071
1057 1113
1058 1108
1061 1115
1063 1446
1065 1118
1070 1447
1073 1449
1074 1097
1075 1082
1076 1079
1077 1101
1078 1090
1083 1120
1084 1088
1085 1091
1086 1453
1087 1452
1089 1096
1093 1151
1094 1153
1098 1102
1100 1451
1103 1105
1104 1450
1106 1114
1107 1455
1109 1454
1110 1112
1111 1456
1116 1195
1117 1201
1119 1192
1122 1457
1123 1238
1124 1132
1125 1133
1126 1258
1128 1129
1130 1247
1131 1139
1134 1141
1135 1460
1136 1142
1137 1448
1138 1140
1144 1163
1145 1464
1146 1156
1147 1461
1148 1160
1150 1164
1152 1174
1154 1465
1155 1463
1157 1462
1158 1466
1159 1177
1161 1263
1162 1470
1165 1173
1166 1467
1167 1469
1168 1353
1169 1468
1170 1472
1171 1179
1172 1473
1175 1471
1178 1265
1180 1232
1183 1212
1184 1213
1186 1214
1187 1209
1188 1202
1189 1205
1191 1204
1193 1255
1194 1231
1200 1210
1215 1226
1217 1221
1220 1482
1222 1507
1224 1508
1225 1509
1227 1505
1228 1233
1229 1236
1230 1511
1234 1504
1235 1302
1237 1287
1239 1510
1241 1243
1242 1501
1244 1497
1245 1307
1246 1305
1248 1502
1249 1499
1250 1500
1251 1253
1252 1254
1256 1280
1257 1503
1259 1267
1260 1261
1262 1299
1264 1474
1266 1303
1268 1278
1269 1273
1270 1275
1271 1274
1272 1309
1276 1492
1277 1494
1279 1491
1281 1306
1282 1490
1283 1489
1284 1285
1286 1487
1288 1304
1289 1485
1290 1488
1291 1484
1292 1295
1293 1301
1294 1298
1300 1483
1308 1498
1310 1319
1311 1486
1312 1315
1313 1480
1314 1318
1316 1477
1317 1476
1323 1325
1335 1481
1388 1389
1400 1401
1409 1416
1417 1421
1439 1440
1458 1459
1475 1496
1478 1479
1493 1495
