7202
14404 7736
1 7709
2 7721
3 7712
4 7716
5 7
6 7717
8 7719
9 7710
10 7715
11 2937
12 7714
13 7720
14 2991
15 7711
16 2912
17 57
18 7646
19 2874
20 2965
21 88
22 29
23 7641
24 7640
25 7638
26 7637
27 7642
28 39
30 7645
31 7639
32 2988
33 36
34 2986
35 2982
37 2981
38 7713
40 2977
41 2979
42 83
43 2975
44 98
45 2978
46 2971
47 2970
48 71
49 2969
50 2947
51 2949
52 2940
53 2950
54 7703
55 2929
56 7694
58 2904
59 2890
60 2903
61 2899
62 2886
63 2897
64 65
66 2896
67 7672
68 7797
69 2888
70 7671
72 7670
73 2905
74 2883
75 2878
76 3008
77 7752
78 2879
79 80
81 2894
82 2885
84 85
86 7633
87 2870
89 2973
90 2974
91 2980
92 2913
93 7634
94 7669
95 7599
96 7631
97 126
99 127
100 124
101 7622
102 7625
103 7601
104 7624
105 121
106 7621
107 7620
108 131
109 115
110 7616
111 7614
112 113
114 7611
116 7618
117 7617
118 122
119 7605
120 7613
123 7597
125 7521
128 7596
129 7574
130 7595
132 7602
133 2830
134 7591
135 7592
136 7590
137 7583
138 7523
139 2840
140 229
141 143
142 2861
144 7520
145 7518
146 215
147 149
148 170
150 153
151 156
152 2860
154 226
155 7668
157 2820
158 7532
159 7557
160 7551
161 277
162 2752
163 2782
164 2781
165 2775
166 200
167 168
169 2776
171 2716
172 2784
173 2773
174 211
175 2772
176 7514
177 250
178 2757
179 2766
180 209
181 2760
182 183
184 2761
185 2762
186 2764
187 2759
188 2753
189 2758
190 199
191 195
192 2749
193 2769
194 212
196 7459
197 2748
198 2747
201 2745
202 7473
203 2744
204 2743
205 7490
206 7484
207 7496
208 245
210 7513
213 214
216 7510
217 7509
218 7508
219 7507
220 7506
221 7512
222 7505
223 224
225 2809
227 231
228 7500
230 7511
232 7655
233 7499
234 7498
235 2702
236 7479
237 239
238 7494
240 7491
241 7488
242 244
243 7487
246 7483
247 7485
248 7477
249 7493
251 7478
252 7480
253 7481
254 2711
255 7472
256 7468
257 7476
258 259
260 2694
261 7347
262 7396
263 2862
264 7399
265 2634
266 2732
267 2740
268 7547
269 2739
270 2733
271 7527
272 2734
273 2678
274 2647
275 2669
276 278
279 2731
280 7424
281 7415
282 2665
283 296
284 2666
285 7413
286 2661
287 2730
288 2658
289 2657
290 294
291 7410
292 2653
293 2667
295 2649
297 2648
298 2659
299 2646
300 7389
301 2643
302 2641
303 2638
304 326
305 2637
306 2599
307 2633
308 2629
309 2640
310 2628
311 313
312 2624
314 390
315 2620
316 2644
317 328
318 330
319 2598
320 329
321 2626
322 7386
323 346
324 334
325 333
327 2622
331 2619
332 2602
335 2616
336 7384
337 7383
338 2603
339 7362
340 7381
341 2615
342 344
343 387
345 7382
347 7378
348 349
350 7398
351 358
352 7371
353 355
354 7367
356 357
359 7363
360 7322
361 7360
362 7359
363 7358
364 2592
365 7372
366 7350
367 7354
368 7287
369 7282
370 380
371 7351
372 2584
373 7336
374 457
375 7228
376 7278
377 379
378 7286
381 2553
382 397
383 7281
384 7380
385 2611
386 2612
388 2621
389 2608
391 2692
392 7352
393 2587
394 7323
395 2544
396 7379
398 7311
399 7276
400 7308
401 2578
402 7206
403 2533
404 450
405 2478
406 2531
407 7272
408 2535
409 2481
410 414
411 413
412 7227
415 2538
416 449
417 456
418 2525
419 2527
420 2443
421 2463
422 2483
423 2520
424 7220
425 468
426 2516
427 7270
428 2514
429 2513
430 431
432 569
433 2510
434 7162
435 2505
436 2512
437 2511
438 2507
439 2465
440 2503
441 2504
442 7260
443 476
444 2484
445 2502
446 2508
447 7233
448 2515
451 454
452 2539
453 499
455 7274
458 7295
459 7248
460 462
461 2477
463 7267
464 2519
465 7297
466 7262
467 7261
469 7258
470 7257
471 472
473 7242
474 7243
475 7253
477 488
478 7252
479 7266
480 7264
481 485
482 7245
483 7237
484 7299
486 7250
487 7247
489 492
490 7240
491 7235
493 494
495 7234
496 7255
497 7156
498 2475
500 2472
501 7168
502 503
504 7155
505 7142
506 566
507 7214
508 520
509 2489
510 511
512 2499
513 2460
514 2498
515 2496
516 522
517 521
518 2494
519 2495
523 7223
524 2406
525 2448
526 2521
527 7200
528 7198
529 645
530 535
531 2423
532 534
533 2422
536 7180
537 2421
538 540
539 2419
541 542
543 2420
544 7179
545 2415
546 635
547 633
548 2393
549 7106
550 2397
551 2410
552 555
553 2409
554 622
556 2412
557 7173
558 2411
559 7127
560 7172
561 7307
562 596
563 7138
564 7158
565 7137
567 7154
568 7165
570 7152
571 599
572 7136
573 7232
574 575
576 7170
577 7149
578 7146
579 582
580 7141
581 7133
583 7140
584 7144
585 594
586 593
587 7132
588 7153
589 591
590 7131
592 7134
595 7130
597 600
598 2413
601 7126
602 2427
603 7189
604 2349
605 2404
606 7175
607 7115
608 7118
609 2346
610 7114
611 7113
612 7116
613 7117
614 615
616 7112
617 7111
618 2344
619 7103
620 2341
621 7020
623 7044
624 7040
625 723
626 7000
627 2402
628 722
629 7038
630 2325
631 2345
632 634
636 644
637 2391
638 641
639 2390
640 7039
642 2290
643 2384
646 7182
647 2428
648 7177
649 7176
650 2376
651 2373
652 7035
653 7054
654 2371
655 7076
656 2370
657 2366
658 2362
659 2316
660 7072
661 7071
662 664
663 2302
665 667
666 2303
668 677
669 2291
670 2288
671 699
672 678
673 2281
674 2283
675 2289
676 2279
679 2280
680 2324
681 2277
682 2292
683 2276
684 2317
685 2278
686 7025
687 7034
688 7178
689 698
690 7027
691 7032
692 7030
693 7028
694 695
696 7033
697 2358
700 2360
701 716
702 7085
703 7012
704 705
706 2271
707 708
709 7011
710 711
712 7019
713 7010
714 2270
715 7008
717 2381
718 7003
719 7005
720 7087
721 7042
724 2198
725 6997
726 6993
727 6924
728 2121
729 6996
730 6990
731 6971
732 6948
733 2241
734 6926
735 736
737 2265
738 6920
739 6918
740 6916
741 2269
742 7009
743 6931
744 2120
745 6917
746 2119
747 2257
748 2180
749 2263
750 2266
751 2264
752 775
753 2268
754 2262
755 6913
756 7015
757 6989
758 764
759 2250
760 2254
761 2247
762 763
765 2256
766 2251
767 6963
768 2210
769 6935
770 813
771 2182
772 2187
773 812
774 6949
776 6933
777 2179
778 795
779 2163
780 2173
781 817
782 2167
783 2158
784 2174
785 793
786 6908
787 2118
788 789
790 2169
791 2166
792 2159
794 2175
796 2161
797 2125
798 2156
799 2155
800 2154
801 1005
802 2149
803 2147
804 805
806 2145
807 2064
808 2146
809 2152
810 834
811 6850
814 2117
815 2153
816 6911
818 6910
819 821
820 6907
822 6903
823 6909
824 6905
825 857
826 6881
827 6900
828 6821
829 830
831 6878
832 845
833 835
836 867
837 6889
838 842
839 841
840 6888
843 6884
844 2142
846 6879
847 6880
848 6882
849 6898
850 6874
851 6796
852 6873
853 6872
854 6902
855 6803
856 858
859 860
861 956
862 937
863 6795
864 6797
865 6793
866 2134
868 2137
869 6875
870 874
871 6896
872 2138
873 2139
875 6791
876 6871
877 6820
878 894
879 892
880 933
881 2061
882 6807
883 6817
884 6818
885 2058
886 2067
887 2062
888 913
889 2035
890 2054
891 2049
893 2016
895 932
896 898
897 906
899 2039
900 905
901 2047
902 2042
903 904
907 2038
908 2037
909 2036
910 2043
911 2040
912 2002
914 6676
915 2068
916 1071
917 6672
918 2028
919 921
920 2029
922 923
924 927
925 6678
926 6798
928 6673
929 935
930 2018
931 2053
934 1994
936 6787
938 6788
939 1990
940 6786
941 944
942 6766
943 6783
945 6769
946 1051
947 6771
948 1989
949 6777
950 6775
951 6780
952 6774
953 6770
954 6772
955 6776
957 971
958 959
960 6762
961 965
962 964
963 6761
966 6760
967 6758
968 6759
969 6752
970 6683
972 6741
973 1892
974 1871
975 6684
976 6685
977 6686
978 6688
979 6687
980 1079
981 1075
982 6751
983 6681
984 6680
985 6674
986 2024
987 6781
988 2022
989 2020
990 2023
991 997
992 2019
993 2001
994 2015
995 2017
996 2010
998 2013
999 2011
1000 2055
1001 2007
1002 6675
1003 2009
1004 2003
1006 1966
1007 6713
1008 6718
1009 1948
1010 1942
1011 1945
1012 1943
1013 1927
1014 1952
1015 6701
1016 6698
1017 1021
1018 1915
1019 1917
1020 6623
1022 1023
1024 1049
1025 1026
1027 1035
1028 1924
1029 1923
1030 6666
1031 1922
1032 1919
1033 1034
1036 1918
1037 1050
1038 1935
1039 1911
1040 1936
1041 1047
1042 1934
1043 1887
1044 1913
1045 1898
1046 6669
1048 1058
1052 1053
1054 6659
1055 1069
1056 1879
1057 6663
1059 6661
1060 6649
1061 6662
1062 1063
1064 6668
1065 6660
1066 6655
1067 6654
1068 6652
1070 6710
1072 6691
1073 1074
1076 6646
1077 6645
1078 1907
1080 1093
1081 1089
1082 1090
1083 1086
1084 6637
1085 6632
1087 1107
1088 6631
1091 6634
1092 6642
1094 6630
1095 1868
1096 1810
1097 1845
1098 1844
1099 1138
1100 6514
1101 6569
1102 6565
1103 6564
1104 1878
1105 1113
1106 1910
1108 1903
1109 1904
1110 6555
1111 6558
1112 1900
1114 1905
1115 1116
1117 1895
1118 1882
1119 1893
1120 1894
1121 1858
1122 6612
1123 1153
1124 6502
1125 6594
1126 1127
1128 1822
1129 1820
1130 1825
1131 1753
1132 1817
1133 1801
1134 1815
1135 1137
1136 1812
1139 1811
1140 1819
1141 1864
1142 1146
1143 1838
1144 1147
1145 1814
1148 1809
1149 6591
1150 1803
1151 1755
1152 6616
1154 1719
1155 1727
1156 1796
1157 1795
1158 6546
1159 6590
1160 1161
1162 1748
1163 1201
1164 1791
1165 1793
1166 1789
1167 1762
1168 1790
1169 6567
1170 6553
1171 1177
1172 6550
1173 1174
1175 6554
1176 1188
1178 6547
1179 6571
1180 6545
1181 6544
1182 1186
1183 6476
1184 6542
1185 6539
1187 6540
1189 1190
1191 6536
1192 6533
1193 1792
1194 6528
1195 1198
1196 6532
1197 6534
1199 6566
1200 1202
1203 6535
1204 6526
1205 6570
1206 6628
1207 1208
1209 6519
1210 6575
1211 6574
1212 1787
1213 6604
1214 1826
1215 1218
1216 6454
1217 6510
1219 1745
1220 1744
1221 1723
1222 1646
1223 6402
1224 1352
1225 6446
1226 6447
1227 1784
1228 6444
1229 1634
1230 1645
1231 1782
1232 1740
1233 1797
1234 1246
1235 1647
1236 1237
1238 1767
1239 1277
1240 1701
1241 1776
1242 1243
1244 1695
1245 1663
1247 1691
1248 1689
1249 1253
1250 1688
1251 1686
1252 1687
1254 1276
1255 1256
1257 6468
1258 1678
1259 1262
1260 6398
1261 1292
1263 1677
1264 1666
1265 1676
1266 1667
1267 1272
1268 1671
1269 1672
1270 6495
1271 1664
1273 6464
1274 1289
1275 1665
1278 1697
1279 1661
1280 1659
1281 1291
1282 1353
1283 6403
1284 1680
1285 1290
1286 6427
1287 1658
1288 1652
1293 1699
1294 1338
1295 6440
1296 1346
1297 6438
1298 6437
1299 1303
1300 6435
1301 1333
1302 6439
1304 6430
1305 6432
1306 1313
1307 1309
1308 6431
1310 6429
1311 6414
1312 6426
1314 1319
1315 1325
1316 1317
1318 6421
1320 6423
1321 6416
1322 1328
1323 1330
1324 6420
1326 6417
1327 6413
1329 6410
1331 6415
1332 6422
1334 1337
1335 1340
1336 6405
1339 6404
1341 1632
1342 1655
1343 6412
1344 6409
1345 6451
1347 1648
1348 6498
1349 1653
1350 1649
1351 6400
1354 6364
1355 1600
1356 1594
1357 1588
1358 6341
1359 1361
1360 6343
1362 1577
1363 1579
1364 1367
1365 1514
1366 1370
1368 1573
1369 1539
1371 1551
1372 1569
1373 1565
1374 1521
1375 1544
1376 1557
1377 1549
1378 1561
1379 1384
1380 1550
1381 1382
1383 1553
1385 1570
1386 1546
1387 1548
1388 1542
1389 1541
1390 1543
1391 1523
1392 1552
1393 1524
1394 1568
1395 1535
1396 1585
1397 1582
1398 1536
1399 1578
1400 1403
1401 1531
1402 1529
1404 1530
1405 1540
1406 1532
1407 1630
1408 1520
1409 1651
1410 6395
1411 6396
1412 6399
1413 6394
1414 1631
1415 1604
1416 6393
1417 1418
1419 6380
1420 6356
1421 1459
1422 6337
1423 6325
1424 1425
1426 1428
1427 1433
1429 1510
1430 6320
1431 6331
1432 6332
1434 6330
1435 6315
1436 1438
1437 1499
1439 1442
1440 6312
1441 6309
1443 1508
1444 6304
1445 6302
1446 1448
1447 6306
1449 6297
1450 6296
1451 6288
1452 1484
1453 1506
1454 6286
1455 1504
1456 6295
1457 6290
1458 6289
1460 6285
1461 6281
1462 6280
1463 6279
1464 1469
1465 1468
1466 1467
1470 1505
1471 1513
1472 6272
1473 1526
1474 1501
1475 1477
1476 6317
1478 6270
1479 6316
1480 6305
1481 1482
1483 1487
1485 1493
1486 6269
1488 1492
1489 1490
1491 1509
1494 1497
1495 6292
1496 6310
1498 6339
1500 1502
1503 6278
1507 6298
1511 6291
1512 6336
1515 1596
1516 1592
1517 6342
1518 6340
1519 1591
1522 1572
1525 1575
1527 6318
1528 6389
1533 6348
1534 6351
1537 1581
1538 1574
1545 1571
1547 1560
1554 1555
1556 1558
1559 1564
1562 1563
1566 1567
1576 1580
1583 1584
1586 1595
1587 6349
1589 6347
1590 6350
1593 6354
1597 6387
1598 6362
1599 1603
1601 6360
1602 6386
1605 1607
1606 6367
1608 6388
1609 1618
1610 6369
1611 6370
1612 6373
1613 6382
1614 6374
1615 1616
1617 6368
1619 1621
1620 6379
1622 6381
1623 6376
1624 6385
1625 1627
1626 1628
1629 6392
1633 6448
1635 6512
1636 6452
1637 1639
1638 6455
1640 6463
1641 1706
1642 6467
1643 1690
1644 1650
1654 6401
1656 6428
1657 1660
1662 1683
1668 1670
1669 1673
1674 1675
1679 6445
1681 1682
1684 6442
1685 1696
1692 6470
1693 1694
1698 6469
1700 1778
1702 1705
1703 6471
1704 1777
1707 1709
1708 6496
1710 1773
1711 6477
1712 6478
1713 6479
1714 1715
1716 6457
1717 6483
1718 6484
1720 6485
1721 6490
1722 6489
1724 6499
1725 1731
1726 6492
1728 6501
1729 6488
1730 6500
1732 1768
1733 1756
1734 6503
1735 6504
1736 1737
1738 6589
1739 6507
1741 1854
1742 6579
1743 6509
1746 1747
1749 6577
1750 6568
1751 1870
1752 6585
1754 1757
1758 6583
1759 6587
1760 1799
1761 1897
1763 6461
1764 6456
1765 6481
1766 6482
1769 6494
1770 6491
1771 6460
1772 6480
1774 1775
1779 1783
1780 1781
1785 6511
1786 6516
1788 1794
1798 1800
1802 6557
1804 6615
1805 1869
1806 1807
1808 6626
1813 1816
1818 1824
1821 1823
1827 1842
1828 6595
1829 6600
1830 1832
1831 6599
1833 6605
1834 6598
1835 6593
1836 1840
1837 6592
1839 6602
1841 6601
1843 6596
1846 6606
1847 1851
1848 6607
1849 6613
1850 6608
1852 6610
1853 6611
1855 1866
1856 6622
1857 1862
1859 6617
1860 1889
1861 6556
1863 6621
1865 6692
1867 6624
1872 1901
1873 6559
1874 1875
1876 1946
1877 6697
1880 6665
1881 6670
1883 1888
1884 1944
1885 6695
1886 6619
1890 6620
1891 6696
1896 1937
1899 1902
1906 6636
1908 6648
1909 1912
1914 6705
1916 1940
1920 1921
1925 1926
1928 1938
1929 1931
1930 1939
1932 6700
1933 6699
1941 1949
1947 6749
1950 6707
1951 1953
1954 1959
1955 6724
1956 6727
1957 1964
1958 6716
1960 1961
1962 6702
1963 6719
1965 6720
1967 1968
1969 1971
1970 2127
1972 6729
1973 6708
1974 6731
1975 6735
1976 1977
1978 6755
1979 6738
1980 6740
1981 6750
1982 6732
1983 6742
1984 6739
1985 6689
1986 1987
1988 6704
1991 6773
1992 6785
1993 6812
1995 6813
1996 6814
1997 6816
1998 2005
1999 2056
2000 2057
2004 2008
2006 6815
2012 2021
2014 6677
2025 2027
2026 2030
2031 6789
2032 6790
2033 2034
2041 2044
2045 2046
2048 6823
2050 2051
2052 2063
2059 6824
2060 6819
2065 6804
2066 6822
2069 2131
2070 6826
2071 2128
2072 6828
2073 6829
2074 2094
2075 6806
2076 6831
2077 6833
2078 2080
2079 2086
2081 6834
2082 6838
2083 6835
2084 6842
2085 2088
2087 2090
2089 6841
2091 2098
2092 6848
2093 2129
2095 6849
2096 6854
2097 6851
2099 6853
2100 6855
2101 6869
2102 6730
2103 6858
2104 2114
2105 6860
2106 6857
2107 2126
2108 6867
2109 6862
2110 6863
2111 2115
2112 2113
2116 6868
2122 6930
2123 6932
2124 2160
2130 6832
2132 6847
2133 6825
2135 2136
2140 6877
2141 6886
2143 2144
2148 2150
2151 6895
2157 6792
2162 2176
2164 2172
2165 2177
2168 2178
2170 2171
2181 2184
2183 2186
2185 6934
2188 6937
2189 2199
2190 6953
2191 6939
2192 6954
2193 6941
2194 2196
2195 6944
2197 6947
2200 6938
2201 6951
2202 6952
2203 6955
2204 6914
2205 6956
2206 6958
2207 6959
2208 2209
2211 6960
2212 6950
2213 2248
2214 6940
2215 2246
2216 6968
2217 6982
2218 6985
2219 2235
2220 2225
2221 2236
2222 2239
2223 6978
2224 2231
2226 6974
2227 6977
2228 6979
2229 6980
2230 6981
2232 6983
2233 6972
2234 6984
2237 2238
2240 6925
2242 7018
2243 7001
2244 2259
2245 2255
2249 2267
2252 2253
2258 2401
2260 2261
2272 7016
2273 2400
2274 7024
2275 2367
2282 2285
2284 2296
2286 2287
2293 7053
2294 2297
2295 7051
2298 2301
2299 2300
2304 2305
2306 7055
2307 2361
2308 7068
2309 7069
2310 7050
2311 7070
2312 7064
2313 7059
2314 7057
2315 2319
2318 7048
2320 7082
2321 7078
2322 7081
2323 7083
2326 7047
2327 7022
2328 7089
2329 7045
2330 2380
2331 7091
2332 7092
2333 7095
2334 7096
2335 7090
2336 2337
2338 7099
2339 2377
2340 7101
2342 2403
2343 7107
2347 7104
2348 7108
2350 2432
2351 7174
2352 2405
2353 2441
2354 2355
2356 7123
2357 7159
2359 7102
2363 2372
2364 2374
2365 2369
2368 7100
2375 7046
2378 7026
2379 7043
2382 2387
2383 2426
2385 2386
2388 2389
2392 7036
2394 2395
2396 7124
2398 2399
2407 2408
2414 2459
2416 2417
2418 2424
2425 7160
2429 7196
2430 7186
2431 7190
2433 7191
2434 2437
2435 7185
2436 7192
2438 7194
2439 2442
2440 7122
2444 7199
2445 7203
2446 7202
2447 2482
2449 7204
2450 7208
2451 7207
2452 2453
2454 7209
2455 7225
2456 7215
2457 2506
2458 7212
2461 2462
2464 2467
2466 7224
2468 2517
2469 7226
2470 7201
2471 7305
2473 7229
2474 7231
2476 7230
2479 7310
2480 2537
2485 7213
2486 7218
2487 2492
2488 7211
2490 2491
2493 2497
2500 2501
2509 7143
2518 7221
2522 7219
2523 2536
2524 2528
2526 2530
2529 2572
2532 2534
2540 2541
2542 7293
2543 7312
2545 2546
2547 7313
2548 7309
2549 7318
2550 2569
2551 7342
2552 7288
2554 2555
2556 2581
2557 7328
2558 7330
2559 7329
2560 2561
2562 7332
2563 7319
2564 7333
2565 7335
2566 7334
2567 2571
2568 2573
2570 7337
2574 7340
2575 7338
2576 2577
2579 2583
2580 7344
2582 7326
2585 7375
2586 7357
2588 7374
2589 7356
2590 7370
2591 2600
2593 7429
2594 2687
2595 2679
2596 2726
2597 2664
2601 2639
2604 2609
2605 2684
2606 2717
2607 7432
2610 7277
2613 7400
2614 7364
2617 2627
2618 7387
2623 2631
2625 7385
2630 2632
2635 2636
2642 2645
2650 2656
2651 2681
2652 7373
2654 2655
2660 7412
2662 2663
2668 7423
2670 7417
2671 2676
2672 2673
2674 7420
2675 7421
2677 7427
2680 7390
2682 7407
2683 7434
2685 7436
2686 2728
2688 7433
2689 7441
2690 7550
2691 7446
2693 2709
2695 7450
2696 7451
2697 7458
2698 7452
2699 7465
2700 7454
2701 7456
2703 7460
2704 7463
2705 7462
2706 7534
2707 7466
2708 7453
2710 2777
2712 7449
2713 7531
2714 2792
2715 7438
2718 7537
2719 7538
2720 7529
2721 7539
2722 7528
2723 7542
2724 2736
2725 7419
2727 2737
2729 7422
2735 2738
2741 7526
2742 2750
2746 2756
2751 7482
2754 2755
2763 2768
2765 2767
2770 7489
2771 2815
2774 2783
2778 2779
2780 7609
2785 2857
2786 7525
2787 7544
2788 2790
2789 7549
2791 7543
2793 2795
2794 7552
2796 7553
2797 7555
2798 7556
2799 2802
2800 7612
2801 7558
2803 7524
2804 7560
2805 7469
2806 7563
2807 7516
2808 2854
2810 7568
2811 7567
2812 7569
2813 7570
2814 7571
2816 7573
2817 7579
2818 7577
2819 7578
2821 7580
2822 7581
2823 7565
2824 7666
2825 7584
2826 7585
2827 2851
2828 7586
2829 7589
2831 7632
2832 2910
2833 7628
2834 7677
2835 7587
2836 7687
2837 7657
2838 7650
2839 7664
2841 2869
2842 7667
2843 7629
2844 7665
2845 7651
2846 7660
2847 7649
2848 7658
2849 7522
2850 7659
2852 7588
2853 7582
2855 7515
2856 2867
2858 2859
2863 7519
2864 7607
2865 7662
2866 7615
2868 7623
2871 7648
2872 2873
2875 7635
2876 2941
2877 2880
2881 7675
2882 2884
2887 2900
2889 2895
2891 7647
2892 2893
2898 7673
2901 2902
2906 7689
2907 2908
2909 7678
2911 7680
2914 7652
2915 2930
2916 14378
2917 7683
2918 7688
2919 2934
2920 7691
2921 7693
2922 7708
2923 2932
2924 2933
2925 14376
2926 7700
2927 7701
2928 7699
2931 7706
2935 7722
2936 7718
2938 14358
2939 7773
2942 7777
2943 2944
2945 7780
2946 14355
2948 7778
2951 2952
2953 7784
2954 7764
2955 7799
2956 3027
2957 14346
2958 3090
2959 7789
2960 7790
2961 3063
2962 7792
2963 14340
2964 14389
2966 7791
2967 7781
2968 7776
2972 7741
2976 2985
2983 2984
2987 2990
2989 7794
2992 14402
2993 14396
2994 7742
2995 7740
2996 7755
2997 14368
2998 14367
2999 7798
3000 3017
3001 14365
3002 14364
3003 14335
3004 3019
3005 3014
3006 14360
3007 14370
3009 3012
3010 7759
3011 14356
3013 7772
3015 14351
3016 7771
3018 14348
3020 14336
3021 7765
3022 7754
3023 3024
3025 3100
3026 7782
3028 7809
3029 3030
3031 7819
3032 3037
3033 3101
3034 7807
3035 7814
3036 14310
3038 7812
3039 7815
3040 14247
3041 7806
3042 7821
3043 7897
3044 7822
3045 7818
3046 7820
3047 7825
3048 7826
3049 14246
3050 14273
3051 14307
3052 7828
3053 7908
3054 14267
3055 3056
3057 14260
3058 7900
3059 3067
3060 7901
3061 14337
3062 7903
3064 7905
3065 3137
3066 3095
3068 3071
3069 7904
3070 7767
3072 14218
3073 7910
3074 7915
3075 3077
3076 7919
3078 3154
3079 7923
3080 7920
3081 7927
3082 7924
3083 3153
3084 14211
3085 7948
3086 14221
3087 14219
3088 7902
3089 7898
3091 7763
3092 14332
3093 3094
3096 14331
3097 14333
3098 3099
3102 14212
3103 14323
3104 14317
3105 14314
3106 14318
3107 3108
3109 3110
3111 14312
3112 14313
3113 14311
3114 3126
3115 3128
3116 3127
3117 3221
3118 14241
3119 14240
3120 3123
3121 14236
3122 14237
3124 14232
3125 14227
3129 14229
3130 14243
3131 14235
3132 3134
3133 14224
3135 3136
3138 14217
3139 3168
3140 7949
3141 14214
3142 14226
3143 3211
3144 8023
3145 7932
3146 14210
3147 7928
3148 7935
3149 3150
3151 14137
3152 3167
3155 7947
3156 3166
3157 8010
3158 8026
3159 7939
3160 7940
3161 3162
3163 8016
3164 7943
3165 7944
3169 14263
3170 3222
3171 8014
3172 7982
3173 7941
3174 8021
3175 14139
3176 8020
3177 14160
3178 8022
3179 7938
3180 8027
3181 7937
3182 8030
3183 3207
3184 3260
3185 3186
3187 8039
3188 3204
3189 8036
3190 8037
3191 3197
3192 8040
3193 8042
3194 8041
3195 3196
3198 8046
3199 3202
3200 3203
3201 8045
3205 8048
3206 8033
3208 14228
3209 14207
3210 7926
3212 14204
3213 14205
3214 3220
3215 3219
3216 3217
3218 14203
3223 14200
3224 14162
3225 14231
3226 14196
3227 7959
3228 3232
3229 7953
3230 3246
3231 8028
3233 7955
3234 7954
3235 7996
3236 8003
3237 7961
3238 3267
3239 14128
3240 3278
3241 14124
3242 3263
3243 14105
3244 14121
3245 14119
3247 14118
3248 14113
3249 14115
3250 14109
3251 14133
3252 8069
3253 3293
3254 3255
3256 14111
3257 8065
3258 3339
3259 3342
3261 3265
3262 14103
3264 14102
3266 14129
3268 8053
3269 8054
3270 8055
3271 3272
3273 8056
3274 3297
3275 3296
3276 8060
3277 14125
3279 8063
3280 8061
3281 3287
3282 8067
3283 8081
3284 14058
3285 3315
3286 3288
3289 8131
3290 8152
3291 3305
3292 8135
3294 3310
3295 3300
3298 8147
3299 3307
3301 3303
3302 8142
3304 8146
3306 8124
3308 8148
3309 3311
3312 8132
3313 8140
3314 14066
3316 8157
3317 8159
3318 8158
3319 8058
3320 8164
3321 8117
3322 8120
3323 14078
3324 3329
3325 3330
3326 14098
3327 14097
3328 14114
3331 14095
3332 14089
3333 8115
3334 14093
3335 3337
3336 3340
3338 14079
3341 14132
3343 14088
3344 14086
3345 3346
3347 14085
3348 14087
3349 14084
3350 14083
3351 14080
3352 14091
3353 14077
3354 14107
3355 14096
3356 14005
3357 14094
3358 8073
3359 8165
3360 14071
3361 14047
3362 8187
3363 14003
3364 8092
3365 14001
3366 14013
3367 13999
3368 3370
3369 3383
3371 8203
3372 3459
3373 3376
3374 13993
3375 8202
3377 8189
3378 13982
3379 13988
3380 13972
3381 13986
3382 13985
3384 3387
3385 8169
3386 8179
3388 8172
3389 3391
3390 8173
3392 13978
3393 8182
3394 8174
3395 13990
3396 8177
3397 8180
3398 8184
3399 8186
3400 8183
3401 14016
3402 8097
3403 14011
3404 8094
3405 8212
3406 3524
3407 8255
3408 8241
3409 3507
3410 3506
3411 8257
3412 8258
3413 8262
3414 3505
3415 8256
3416 3434
3417 3419
3418 8264
3420 8265
3421 8267
3422 3435
3423 8268
3424 3426
3425 3519
3427 3429
3428 3430
3431 8274
3432 8196
3433 8276
3436 8279
3437 8280
3438 8271
3439 3440
3441 8266
3442 3504
3443 8282
3444 3483
3445 8284
3446 8278
3447 3499
3448 8188
3449 13973
3450 3457
3451 13976
3452 13975
3453 13974
3454 13967
3455 8205
3456 13991
3458 13969
3460 3462
3461 13968
3463 8206
3464 13965
3465 13964
3466 13966
3467 13953
3468 3470
3469 13957
3471 3472
3473 3475
3474 13952
3476 13961
3477 14018
3478 13923
3479 8217
3480 8248
3481 13874
3482 13963
3484 3493
3485 3486
3487 8233
3488 13880
3489 13877
3490 3492
3491 13876
3494 13871
3495 13932
3496 3500
3497 13867
3498 13884
3501 13892
3502 13883
3503 13869
3508 13863
3509 3513
3510 14010
3511 8292
3512 8260
3514 3523
3515 8294
3516 3517
3518 8298
3520 8333
3521 8300
3522 13826
3525 13889
3526 8295
3527 8304
3528 8329
3529 3595
3530 13807
3531 3532
3533 8364
3534 3688
3535 3633
3536 8371
3537 3538
3539 8416
3540 8387
3541 3606
3542 3545
3543 8376
3544 3560
3546 3556
3547 8393
3548 3708
3549 3552
3550 8368
3551 3553
3554 3612
3555 8382
3557 3566
3558 8386
3559 8375
3561 13843
3562 13847
3563 8310
3564 3570
3565 13851
3567 8385
3568 13832
3569 13858
3571 13855
3572 13916
3573 13909
3574 3593
3575 13846
3576 13844
3577 13850
3578 3579
3580 3583
3581 8327
3582 13842
3584 13857
3585 13839
3586 13837
3587 3588
3589 13852
3590 8324
3591 13821
3592 13819
3594 13834
3596 8336
3597 8338
3598 8332
3599 8344
3600 13769
3601 8444
3602 8349
3603 13765
3604 13763
3605 8383
3607 13762
3608 3615
3609 13760
3610 8439
3611 13757
3613 13756
3614 3669
3616 13755
3617 8447
3618 13747
3619 3620
3621 13741
3622 3692
3623 13742
3624 13753
3625 8394
3626 8391
3627 8392
3628 3632
3629 8396
3630 8367
3631 8366
3634 8388
3635 3639
3636 3645
3637 13798
3638 13740
3640 8413
3641 8406
3642 8403
3643 8408
3644 3650
3646 8373
3647 3686
3648 8409
3649 8311
3651 3658
3652 8427
3653 8504
3654 8414
3655 8415
3656 8365
3657 13801
3659 8426
3660 3687
3661 8421
3662 8420
3663 8423
3664 3665
3666 3673
3667 3680
3668 8498
3670 13784
3671 13776
3672 8474
3674 13693
3675 13679
3676 13734
3677 3698
3678 3679
3681 8500
3682 8499
3683 3747
3684 8503
3685 3695
3689 13736
3690 13735
3691 3715
3693 13733
3694 13713
3696 13732
3697 13729
3699 13728
3700 13727
3701 3703
3702 13726
3704 3706
3705 8477
3707 13723
3709 13743
3710 13719
3711 13720
3712 13721
3713 3714
3716 13714
3717 3737
3718 3721
3719 8449
3720 8508
3722 8451
3723 3732
3724 8461
3725 13641
3726 8611
3727 13560
3728 13644
3729 3730
3731 13640
3733 13636
3734 3741
3735 8506
3736 13711
3738 3740
3739 13638
3742 3770
3743 13632
3744 13631
3745 8520
3746 8509
3748 3749
3750 3752
3751 8515
3753 8517
3754 3755
3756 8510
3757 8519
3758 3759
3760 3761
3762 8523
3763 8502
3764 3766
3765 8530
3767 8528
3768 8533
3769 8534
3771 8551
3772 8539
3773 8486
3774 13676
3775 13675
3776 8542
3777 8543
3778 8546
3779 8481
3780 8547
3781 13682
3782 8538
3783 8549
3784 8535
3785 13592
3786 8587
3787 8614
3788 3885
3789 3792
3790 3810
3791 3819
3793 8621
3794 3809
3795 8648
3796 8625
3797 8626
3798 3808
3799 8639
3800 8629
3801 3803
3802 8628
3804 3811
3805 13623
3806 13617
3807 13596
3812 13688
3813 13626
3814 8604
3815 13624
3816 8617
3817 8646
3818 8556
3820 8623
3821 8609
3822 13619
3823 13621
3824 13611
3825 13614
3826 3841
3827 13616
3828 3842
3829 13606
3830 13608
3831 13607
3832 13605
3833 3843
3834 13598
3835 13604
3836 13603
3837 13602
3838 13600
3839 13609
3840 13599
3844 3845
3846 13595
3847 13601
3848 8581
3849 13594
3850 3851
3852 13546
3853 13531
3854 8634
3855 13532
3856 8672
3857 13522
3858 13518
3859 13510
3860 13520
3861 13514
3862 8635
3863 13535
3864 13519
3865 13517
3866 3875
3867 3868
3869 8637
3870 8638
3871 8781
3872 3937
3873 8624
3874 3879
3876 8642
3877 3891
3878 3881
3880 8644
3882 8645
3883 8647
3884 8649
3886 8615
3887 13625
3888 3889
3890 8603
3892 3901
3893 3904
3894 8657
3895 13509
3896 3926
3897 3927
3898 8658
3899 8660
3900 8662
3902 8659
3903 8602
3905 8664
3906 8633
3907 13547
3908 13550
3909 13448
3910 13438
3911 13426
3912 4012
3913 8736
3914 8746
3915 8738
3916 8729
3917 4009
3918 8741
3919 8743
3920 3921
3922 13502
3923 3950
3924 13505
3925 13488
3928 8665
3929 8655
3930 3932
3931 8653
3933 8643
3934 13504
3935 13491
3936 3939
3938 8656
3940 13503
3941 3942
3943 13500
3944 13501
3945 13499
3946 13538
3947 8673
3948 13537
3949 13479
3951 3952
3953 13536
3954 13474
3955 13482
3956 13475
3957 13477
3958 13486
3959 13473
3960 13485
3961 13453
3962 13476
3963 3971
3964 13483
3965 13457
3966 13402
3967 13394
3968 8677
3969 13403
3970 13467
3972 13401
3973 13398
3974 13434
3975 4016
3976 13395
3977 8737
3978 3979
3980 8783
3981 13392
3982 13390
3983 8776
3984 13387
3985 4044
3986 8749
3987 4000
3988 3990
3989 8752
3991 8761
3992 13415
3993 13382
3994 3999
3995 8754
3996 8862
3997 8863
3998 4055
4001 13380
4002 8757
4003 8760
4004 8763
4005 13384
4006 4048
4007 4024
4008 8767
4010 8728
4011 13506
4013 13424
4014 8726
4015 13422
4017 8773
4018 8777
4019 8774
4020 4023
4021 4022
4025 8720
4026 8770
4027 8727
4028 13420
4029 4065
4030 13418
4031 4035
4032 8790
4033 8786
4034 8788
4036 4068
4037 8855
4038 4149
4039 8876
4040 13416
4041 13369
4042 4043
4045 4049
4046 13375
4047 8865
4050 13386
4051 13368
4052 13367
4053 4057
4054 13365
4056 13362
4058 4059
4060 13350
4061 13274
4062 13357
4063 4064
4066 13352
4067 13354
4069 13351
4070 13247
4071 13243
4072 13277
4073 13279
4074 13276
4075 8873
4076 4079
4077 13272
4078 4164
4080 8859
4081 13271
4082 13294
4083 13295
4084 8901
4085 13264
4086 4087
4088 13263
4089 13265
4090 13262
4091 13268
4092 13256
4093 13260
4094 13257
4095 13259
4096 13330
4097 13267
4098 13255
4099 4102
4100 4101
4103 13291
4104 13241
4105 9077
4106 4130
4107 8881
4108 8882
4109 13266
4110 4112
4111 4117
4113 13320
4114 8886
4115 8887
4116 8888
4118 13110
4119 8967
4120 13185
4121 8905
4122 4141
4123 4124
4125 4128
4126 8898
4127 8899
4129 8897
4131 8902
4132 8895
4133 8822
4134 13174
4135 4143
4136 13218
4137 13223
4138 8916
4139 8974
4140 8975
4142 8880
4144 4168
4145 8979
4146 9109
4147 13055
4148 8981
4150 8984
4151 8983
4152 9078
4153 4240
4154 4155
4156 8999
4157 9010
4158 8988
4159 4226
4160 8990
4161 13123
4162 13237
4163 13251
4165 4175
4166 8849
4167 8985
4169 13289
4170 8851
4171 13248
4172 13246
4173 13244
4174 13242
4176 13240
4177 13239
4178 13133
4179 8838
4180 8840
4181 8843
4182 8823
4183 8908
4184 8930
4185 4186
4187 13172
4188 13157
4189 4193
4190 13153
4191 13156
4192 13155
4194 13152
4195 13150
4196 13175
4197 13149
4198 13146
4199 4200
4201 13142
4202 4216
4203 13137
4204 13139
4205 4209
4206 13297
4207 8839
4208 4212
4210 13135
4211 13134
4213 13232
4214 13131
4215 13236
4217 13141
4218 13126
4219 13122
4220 13181
4221 13119
4222 4289
4223 13118
4224 12928
4225 13117
4227 8996
4228 8991
4229 9021
4230 4245
4231 4234
4232 9001
4233 9003
4235 4238
4236 9004
4237 9002
4239 4247
4241 4242
4243 4264
4244 9012
4246 9005
4248 13097
4249 9029
4250 13107
4251 9024
4252 9019
4253 4254
4255 4256
4257 4258
4259 13105
4260 9032
4261 9027
4262 13103
4263 13100
4265 9028
4266 13099
4267 13075
4268 9038
4269 9074
4270 9055
4271 9086
4272 9127
4273 4292
4274 13014
4275 4277
4276 9102
4278 4293
4279 9103
4280 12996
4281 13002
4282 12997
4283 13025
4284 4285
4286 9052
4287 13101
4288 8945
4290 13044
4291 4304
4294 13041
4295 13042
4296 13040
4297 13039
4298 13038
4299 4335
4300 4329
4301 12993
4302 13053
4303 9079
4305 13034
4306 4308
4307 13030
4309 4310
4311 4315
4312 13026
4313 13003
4314 4317
4316 4328
4318 13019
4319 4337
4320 4321
4322 13017
4323 13021
4324 13013
4325 13018
4326 13016
4327 13009
4330 13011
4331 13004
4332 13006
4333 13032
4334 13007
4336 13005
4338 13024
4339 13000
4340 13001
4341 12998
4342 13023
4343 13037
4344 9100
4345 12994
4346 9101
4347 9108
4348 12983
4349 4397
4350 9112
4351 9107
4352 9114
4353 12942
4354 9117
4355 4356
4357 4359
4358 9130
4360 9097
4361 9126
4362 4365
4363 9121
4364 9125
4366 9131
4367 4376
4368 4372
4369 9135
4370 9136
4371 9134
4373 4374
4375 9132
4377 4379
4378 9145
4380 4381
4382 12981
4383 9219
4384 9148
4385 9147
4386 9222
4387 4393
4388 4389
4390 4392
4391 9217
4394 12889
4395 9225
4396 9224
4398 9119
4399 4400
4401 9200
4402 4449
4403 12912
4404 12985
4405 9082
4406 4450
4407 9080
4408 9081
4409 13056
4410 13054
4411 12925
4412 12953
4413 12988
4414 12923
4415 12918
4416 12931
4417 4429
4418 12913
4419 4420
4421 12920
4422 12917
4423 12933
4424 12930
4425 4426
4427 4428
4430 12910
4431 12929
4432 12894
4433 4440
4434 12904
4435 12895
4436 4438
4437 12902
4439 12901
4441 12932
4442 12916
4443 12909
4444 12899
4445 12977
4446 12891
4447 9191
4448 12907
4451 9204
4452 9229
4453 4458
4454 12881
4455 12982
4456 12887
4457 12882
4459 12879
4460 12888
4461 12880
4462 12877
4463 12883
4464 4470
4465 12876
4466 9221
4467 12873
4468 9234
4469 9233
4471 9251
4472 4527
4473 9238
4474 4477
4475 9248
4476 9244
4478 9243
4479 9246
4480 9245
4481 9247
4482 9249
4483 4487
4484 9252
4485 9253
4486 9239
4488 9255
4489 4493
4490 9263
4491 9206
4492 9261
4494 4523
4495 9264
4496 9268
4497 9266
4498 9250
4499 9339
4500 9278
4501 9276
4502 9283
4503 9308
4504 12842
4505 4508
4506 4507
4509 9344
4510 9346
4511 9333
4512 9328
4513 9345
4514 12742
4515 4516
4517 9349
4518 9348
4519 9351
4520 4536
4521 12809
4522 9242
4524 4528
4525 9236
4526 9208
4529 9260
4530 9235
4531 12871
4532 9178
4533 12854
4534 12853
4535 12806
4537 12805
4538 4541
4539 12803
4540 12812
4542 9343
4543 12800
4544 12793
4545 9279
4546 9337
4547 12792
4548 12813
4549 12801
4550 12797
4551 12789
4552 12787
4553 4557
4554 12786
4555 4650
4556 12788
4558 9300
4559 12780
4560 12773
4561 12767
4562 4564
4563 12775
4565 9294
4566 4568
4567 12770
4569 9291
4570 12768
4571 12778
4572 4581
4573 9366
4574 9365
4575 12761
4576 12781
4577 12758
4578 12756
4579 12766
4580 12757
4582 4585
4583 12753
4584 9360
4586 12746
4587 9319
4588 9414
4589 9354
4590 9355
4591 9357
4592 12739
4593 9358
4594 9356
4595 4597
4596 12681
4598 9363
4599 9361
4600 9405
4601 12751
4602 12683
4603 4619
4604 12682
4605 12730
4606 4618
4607 9373
4608 9372
4609 4612
4610 4611
4613 9377
4614 9379
4615 9381
4616 9375
4617 9374
4620 4622
4621 12716
4623 9388
4624 12732
4625 9394
4626 9457
4627 9459
4628 12630
4629 9367
4630 9462
4631 9463
4632 9378
4633 9376
4634 9383
4635 9466
4636 9467
4637 4638
4639 9470
4640 9469
4641 9478
4642 9434
4643 4678
4644 4679
4645 12648
4646 9472
4647 4653
4648 12740
4649 9353
4651 12764
4652 4659
4654 12673
4655 12669
4656 4663
4657 12664
4658 12663
4660 12690
4661 12666
4662 12688
4664 12661
4665 12660
4666 12662
4667 12657
4668 12654
4669 12653
4670 12655
4671 4672
4673 12652
4674 12674
4675 12651
4676 12650
4677 12649
4680 12693
4681 12548
4682 12641
4683 9474
4684 12640
4685 4689
4686 9476
4687 9475
4688 12633
4690 12700
4691 9512
4692 9538
4693 4747
4694 9542
4695 4699
4696 9555
4697 12569
4698 12565
4700 12562
4701 12563
4702 12631
4703 12561
4704 9558
4705 4774
4706 4709
4707 9451
4708 12560
4710 9479
4711 9498
4712 4716
4713 9481
4714 9445
4715 9488
4717 9486
4718 9489
4719 9491
4720 9492
4721 9490
4722 9496
4723 9523
4724 12545
4725 4726
4727 9499
4728 9493
4729 9502
4730 9503
4731 9531
4732 12621
4733 9524
4734 4735
4736 9525
4737 12607
4738 9507
4739 9536
4740 9574
4741 9483
4742 12606
4743 9497
4744 9495
4745 4751
4746 9578
4748 4750
4749 9580
4752 9581
4753 4851
4754 9584
4755 9586
4756 9588
4757 4758
4759 9593
4760 12513
4761 4806
4762 9594
4763 9652
4764 9577
4765 9570
4766 9582
4767 9568
4768 12554
4769 9560
4770 12556
4771 12546
4772 9508
4773 12553
4775 12587
4776 12557
4777 12550
4778 4779
4780 12547
4781 12527
4782 12512
4783 12543
4784 12542
4785 12541
4786 4797
4787 9545
4788 12539
4789 4795
4790 12536
4791 12516
4792 12526
4793 12534
4794 12525
4796 4803
4798 12528
4799 12535
4800 12521
4801 12520
4802 12519
4804 12518
4805 12510
4807 12529
4808 12515
4809 12514
4810 4811
4812 12511
4813 12503
4814 9631
4815 9653
4816 9660
4817 12451
4818 12452
4819 4875
4820 4821
4822 12453
4823 12443
4824 12445
4825 12432
4826 9623
4827 9598
4828 9599
4829 9624
4830 9604
4831 4852
4832 9606
4833 9607
4834 9610
4835 9608
4836 9617
4837 9618
4838 9611
4839 4842
4840 9609
4841 9614
4843 4845
4844 9615
4846 9605
4847 9600
4848 9622
4849 9597
4850 9590
4853 12473
4854 9638
4855 9693
4856 9692
4857 12489
4858 9695
4859 9696
4860 4861
4862 9702
4863 9698
4864 9703
4865 4866
4867 9705
4868 9707
4869 4871
4870 9742
4872 4887
4873 9706
4874 9714
4876 9741
4877 9715
4878 4965
4879 4951
4880 12395
4881 4931
4882 4909
4883 12424
4884 12426
4885 9704
4886 9709
4888 12438
4889 12428
4890 12437
4891 12434
4892 4893
4894 12431
4895 12433
4896 12429
4897 12427
4898 4899
4900 12454
4901 12406
4902 12399
4903 12417
4904 4925
4905 4918
4906 12423
4907 12416
4908 12408
4910 12415
4911 12409
4912 4913
4914 12411
4915 12407
4916 4917
4919 12405
4920 12401
4921 12402
4922 12412
4923 4926
4924 12476
4927 4934
4928 12398
4929 12382
4930 9680
4932 12462
4933 12465
4935 9681
4936 12349
4937 12340
4938 9747
4939 12322
4940 12320
4941 12362
4942 12319
4943 9760
4944 12318
4945 12234
4946 4976
4947 4949
4948 9756
4950 12324
4952 9727
4953 9728
4954 12440
4955 9732
4956 4957
4958 12430
4959 4960
4961 9729
4962 9735
4963 9740
4964 9738
4966 9743
4967 12376
4968 9745
4969 9682
4970 9749
4971 9750
4972 12268
4973 5063
4974 12239
4975 9822
4977 9821
4978 12240
4979 9817
4980 9825
4981 12237
4982 9768
4983 12235
4984 5022
4985 9831
4986 9829
4987 9805
4988 12202
4989 4995
4990 4994
4991 9838
4992 9840
4993 12232
4996 9845
4997 9800
4998 9848
4999 9846
5000 9841
5001 12233
5002 5067
5003 12229
5004 9855
5005 5028
5006 9809
5007 12245
5008 9852
5009 5017
5010 12293
5011 12306
5012 9834
5013 12304
5014 5060
5015 12303
5016 12302
5018 12301
5019 12291
5020 12299
5021 12300
5023 12296
5024 12295
5025 12281
5026 5051
5027 9847
5029 12274
5030 9787
5031 12290
5032 12280
5033 5034
5035 5036
5037 12283
5038 12287
5039 5048
5040 12275
5041 12271
5042 12279
5043 12278
5044 12277
5045 5047
5046 5052
5049 5050
5053 12273
5054 12272
5055 5056
5057 5058
5059 12266
5061 9803
5062 9815
5064 9862
5065 5072
5066 9860
5068 9856
5069 9863
5070 9844
5071 5073
5074 12228
5075 12227
5076 9881
5077 12217
5078 5143
5079 12145
5080 12042
5081 12127
5082 5157
5083 12199
5084 5087
5085 12192
5086 9932
5088 5089
5090 9936
5091 9928
5092 9935
5093 9938
5094 5125
5095 9939
5096 12198
5097 9927
5098 9869
5099 9946
5100 9953
5101 9974
5102 9949
5103 5112
5104 9945
5105 9952
5106 5159
5107 9931
5108 9954
5109 5186
5110 9947
5111 9958
5113 5197
5114 9963
5115 9961
5116 9957
5117 5118
5119 9976
5120 5187
5121 9970
5122 12163
5123 5158
5124 12190
5126 5151
5127 5130
5128 12193
5129 12194
5131 12164
5132 12191
5133 9940
5134 9865
5135 9861
5136 5137
5138 5140
5139 9888
5141 12181
5142 12183
5144 12178
5145 5148
5146 12177
5147 9890
5149 5152
5150 12171
5153 12168
5154 12196
5155 9892
5156 12165
5160 12154
5161 12166
5162 5168
5163 12155
5164 9967
5165 12156
5166 12152
5167 9893
5169 12151
5170 12043
5171 12089
5172 12076
5173 5268
5174 12087
5175 12088
5176 5185
5177 5180
5178 12061
5179 12053
5181 5183
5182 12078
5184 12085
5188 9964
5189 5192
5190 9973
5191 9979
5193 9975
5194 9978
5195 5253
5196 9959
5198 9981
5199 9990
5200 5201
5202 5208
5203 10056
5204 9989
5205 10055
5206 5209
5207 9988
5210 10059
5211 10060
5212 10062
5213 12029
5214 10064
5215 10063
5216 10074
5217 10066
5218 10034
5219 5229
5220 10044
5221 10046
5222 10042
5223 10045
5224 10073
5225 5226
5227 10075
5228 10067
5230 5284
5231 10079
5232 5235
5233 10081
5234 10082
5236 10083
5237 12012
5238 5309
5239 10091
5240 10087
5241 11997
5242 5246
5243 10086
5244 5247
5245 11943
5248 12070
5249 12068
5250 12067
5251 10095
5252 12064
5254 12058
5255 12062
5256 12063
5257 12059
5258 9950
5259 5260
5261 12082
5262 5264
5263 12056
5265 12057
5266 12051
5267 5273
5269 12046
5270 12048
5271 12094
5272 12045
5274 12050
5275 12097
5276 12038
5277 10053
5278 10030
5279 12033
5280 12069
5281 12032
5282 11963
5283 12035
5285 10020
5286 11954
5287 11946
5288 11959
5289 11958
5290 12008
5291 12084
5292 11948
5293 5294
5295 11951
5296 9971
5297 5300
5298 12055
5299 11949
5301 11955
5302 11947
5303 11971
5304 10097
5305 11944
5306 10098
5307 10099
5308 10101
5310 10088
5311 10104
5312 10109
5313 12018
5314 12027
5315 10116
5316 12000
5317 10176
5318 11907
5319 10174
5320 12006
5321 10180
5322 10178
5323 5325
5324 10177
5326 10179
5327 11905
5328 10168
5329 5331
5330 10188
5332 10167
5333 10185
5334 5339
5335 10191
5336 11825
5337 11937
5338 10189
5340 10166
5341 11924
5342 10233
5343 10197
5344 11814
5345 10199
5346 10164
5347 5348
5349 11936
5350 10203
5351 10165
5352 10201
5353 5359
5354 10219
5355 10208
5356 10207
5357 10209
5358 10210
5360 10212
5361 11935
5362 11815
5363 11934
5364 10216
5365 11910
5366 11821
5367 5372
5368 11930
5369 10140
5370 10143
5371 11932
5373 11926
5374 11981
5375 5376
5377 10151
5378 11986
5379 10152
5380 5383
5381 11912
5382 11915
5384 11913
5385 11916
5386 10154
5387 10172
5388 10153
5389 10155
5390 11886
5391 10254
5392 10232
5393 11848
5394 10271
5395 10298
5396 11845
5397 5398
5399 11844
5400 11843
5401 11841
5402 5407
5403 11847
5404 11839
5405 10235
5406 11846
5408 5411
5409 10261
5410 5419
5412 11854
5413 10278
5414 5497
5415 11842
5416 11826
5417 11829
5418 11923
5420 11808
5421 11832
5422 11827
5423 10217
5424 11822
5425 11862
5426 10220
5427 10222
5428 5429
5430 10299
5431 5437
5432 5489
5433 10227
5434 10221
5435 11883
5436 11849
5438 10296
5439 11857
5440 10226
5441 10311
5442 10306
5443 11816
5444 11789
5445 5447
5446 10310
5448 5450
5449 10334
5451 11818
5452 11819
5453 10323
5454 10324
5455 10320
5456 5461
5457 5462
5458 10329
5459 10300
5460 10325
5463 10321
5464 5467
5465 10326
5466 10330
5468 11817
5469 5470
5471 10337
5472 10339
5473 5474
5475 10341
5476 10335
5477 10344
5478 10336
5479 10346
5480 10286
5481 10285
5482 10348
5483 11780
5484 10354
5485 10380
5486 11756
5487 10355
5488 10312
5490 11855
5491 11803
5492 11820
5493 10218
5494 11813
5495 11811
5496 11806
5498 10282
5499 11833
5500 11807
5501 11812
5502 10389
5503 11740
5504 11798
5505 10291
5506 11797
5507 11706
5508 10375
5509 10377
5510 10382
5511 10398
5512 5513
5514 11712
5515 11709
5516 10471
5517 11725
5518 11710
5519 5532
5520 5525
5521 5524
5522 11719
5523 5531
5526 11717
5527 11724
5528 11715
5529 10466
5530 11727
5533 5534
5535 11708
5536 11792
5537 10283
5538 5549
5539 11796
5540 10411
5541 11701
5542 11569
5543 5551
5544 10473
5545 11697
5546 11698
5547 10449
5548 11734
5550 11703
5552 11705
5553 10407
5554 10415
5555 10438
5556 10416
5557 10418
5558 5559
5560 11737
5561 10426
5562 10420
5563 10424
5564 10422
5565 5580
5566 10431
5567 5572
5568 10421
5569 5577
5570 10423
5571 5575
5573 10429
5574 5582
5576 11739
5578 5587
5579 10427
5581 10425
5583 10406
5584 10408
5585 10432
5586 10437
5588 10441
5589 10443
5590 11695
5591 5596
5592 5607
5593 5621
5594 11735
5595 5659
5597 11733
5598 10405
5599 5655
5600 5649
5601 10479
5602 5603
5604 11694
5605 5661
5606 5638
5608 11692
5609 11682
5610 5617
5611 11690
5612 11689
5613 11669
5614 11687
5615 11686
5616 11681
5618 11680
5619 10477
5620 5730
5622 10467
5623 5624
5625 11671
5626 11673
5627 11676
5628 11674
5629 11685
5630 5679
5631 11647
5632 11638
5633 10499
5634 11613
5635 11611
5636 11614
5637 11691
5639 11590
5640 11588
5641 11594
5642 11591
5643 11644
5644 11593
5645 11688
5646 11589
5647 11581
5648 11584
5650 11684
5651 11580
5652 11579
5653 11578
5654 5656
5657 11574
5658 11577
5660 10450
5662 10453
5663 5711
5664 11586
5665 11562
5666 5667
5668 5670
5669 10550
5671 10460
5672 10528
5673 10293
5674 11794
5675 11791
5676 10469
5677 5680
5678 11714
5681 10493
5682 11604
5683 10544
5684 10533
5685 5693
5686 5688
5687 10538
5689 10529
5690 10530
5691 5694
5692 10459
5695 10537
5696 10547
5697 5699
5698 10542
5700 10545
5701 10536
5702 5726
5703 5724
5704 11560
5705 5729
5706 10549
5707 5710
5708 10457
5709 10553
5712 10569
5713 10567
5714 10560
5715 10568
5716 10543
5717 11550
5718 10561
5719 10563
5720 11373
5721 11466
5722 11472
5723 5744
5725 11561
5727 10454
5728 11563
5731 10520
5732 11615
5733 5734
5735 11551
5736 11554
5737 5924
5738 10713
5739 10712
5740 11478
5741 11547
5742 11465
5743 11473
5745 5851
5746 10526
5747 11467
5748 10711
5749 11471
5750 11468
5751 5753
5752 11458
5754 5769
5755 5758
5756 11459
5757 11461
5759 11456
5760 11449
5761 11450
5762 11463
5763 11454
5764 11566
5765 11452
5766 11553
5767 5777
5768 11481
5770 11446
5771 11445
5772 10717
5773 11447
5774 11470
5775 11444
5776 11453
5778 11442
5779 10570
5780 11441
5781 11431
5782 11546
5783 11436
5784 11433
5785 10663
5786 10573
5787 10764
5788 10575
5789 5850
5790 10577
5791 11437
5792 10666
5793 10583
5794 11375
5795 10587
5796 5845
5797 5803
5798 5799
5800 10586
5801 10589
5802 11365
5804 11549
5805 11541
5806 5810
5807 5809
5808 10657
5811 10665
5812 11325
5813 11340
5814 5921
5815 11339
5816 10669
5817 10625
5818 10629
5819 5925
5820 5906
5821 10671
5822 5889
5823 5824
5825 10676
5826 5928
5827 5835
5828 11318
5829 5911
5830 5913
5831 5915
5832 5914
5833 5912
5834 5975
5836 11314
5837 5839
5838 5909
5840 5903
5841 5904
5842 11316
5843 11376
5844 5853
5846 5849
5847 5848
5852 5857
5854 11363
5855 5856
5858 11364
5859 11358
5860 11357
5861 11355
5862 11354
5863 5866
5864 5882
5865 11359
5867 11351
5868 5875
5869 5873
5870 5871
5872 11348
5874 11345
5876 5877
5878 11338
5879 11332
5880 11336
5881 5884
5883 11334
5885 11331
5886 11330
5887 10835
5888 11328
5890 11327
5891 11326
5892 10722
5893 5971
5894 11329
5895 11323
5896 10843
5897 11322
5898 5901
5899 11320
5900 11311
5902 10836
5905 5919
5907 10672
5908 5917
5910 11257
5916 5976
5918 11319
5920 6268
5922 10670
5923 10664
5926 10634
5927 10677
5929 6002
5930 11228
5931 5936
5932 10678
5933 10679
5934 10648
5935 10644
5937 10686
5938 10685
5939 5959
5940 10688
5941 10706
5942 11497
5943 5969
5944 10691
5945 5961
5946 10697
5947 5948
5949 10694
5950 10692
5951 10693
5952 10698
5953 10699
5954 10704
5955 10702
5956 10701
5957 5960
5958 10705
5962 10571
5963 6021
5964 5967
5965 10647
5966 6023
5968 10687
5970 11315
5972 11544
5973 5974
5977 11313
5978 5981
5979 11266
5980 11265
5982 11309
5983 11312
5984 10839
5985 10876
5986 10774
5987 11249
5988 6010
5989 5996
5990 11243
5991 11242
5992 11252
5993 11239
5994 11237
5995 11236
5997 11233
5998 11247
5999 11232
6000 11231
6001 6003
6004 10773
6005 11227
6006 10743
6007 11223
6008 6024
6009 11226
6011 11221
6012 6013
6014 11217
6015 11218
6016 11216
6017 11255
6018 11222
6019 11213
6020 11214
6022 11212
6025 11210
6026 11418
6027 10747
6028 11368
6029 10737
6030 11388
6031 11381
6032 6045
6033 6036
6034 10776
6035 6042
6037 10778
6038 11208
6039 6040
6041 11256
6043 11209
6044 10787
6046 10788
6047 10785
6048 6050
6049 10791
6051 10768
6052 10789
6053 10805
6054 10801
6055 6057
6056 10795
6058 10794
6059 6064
6060 6091
6061 11262
6062 10799
6063 10803
6065 10807
6066 10772
6067 6068
6069 10821
6070 6074
6071 10815
6072 10814
6073 6076
6075 10817
6077 6146
6078 10826
6079 10766
6080 10809
6081 11082
6082 6115
6083 11004
6084 6092
6085 10792
6086 11057
6087 10784
6088 6090
6089 10783
6093 10882
6094 6095
6096 11202
6097 11201
6098 6192
6099 11199
6100 11198
6101 11194
6102 11196
6103 10887
6104 6106
6105 10883
6107 10888
6108 10891
6109 11124
6110 11005
6111 11172
6112 10971
6113 11118
6114 6224
6116 11120
6117 11117
6118 11115
6119 11113
6120 10823
6121 10822
6122 6126
6123 11109
6124 11090
6125 11111
6127 6141
6128 11103
6129 11102
6130 6213
6131 6218
6132 11068
6133 11096
6134 11106
6135 11095
6136 6139
6137 11091
6138 11073
6140 11303
6142 10824
6143 11084
6144 11083
6145 10831
6147 11379
6148 11377
6149 10829
6150 11302
6151 11296
6152 11283
6153 10864
6154 11271
6155 11268
6156 11321
6157 10892
6158 6164
6159 10905
6160 11274
6161 10897
6162 11092
6163 6169
6165 10902
6166 11182
6167 10904
6168 11181
6170 10907
6171 10909
6172 10912
6173 10911
6174 10915
6175 10916
6176 6177
6178 10920
6179 10919
6180 6189
6181 6182
6183 6187
6184 10910
6185 10921
6186 10922
6188 11097
6190 10927
6191 10928
6193 10895
6194 11051
6195 11180
6196 10951
6197 10937
6198 10938
6199 6234
6200 10942
6201 11006
6202 6242
6203 11059
6204 11112
6205 6230
6206 10939
6207 10944
6208 10925
6209 11071
6210 6215
6211 11070
6212 6214
6216 11066
6217 11065
6219 11064
6220 11062
6221 10933
6222 6229
6223 11060
6225 11159
6226 11058
6227 11205
6228 10972
6231 11417
6232 11053
6233 10947
6235 10946
6236 11047
6237 6239
6238 11042
6240 6265
6241 11074
6243 11041
6244 11040
6245 11039
6246 11038
6247 11034
6248 11032
6249 11023
6250 11033
6251 6264
6252 11160
6253 11022
6254 11028
6255 11024
6256 11027
6257 6258
6259 11025
6260 11021
6261 11020
6262 11016
6263 11014
6266 10957
6267 11350
6271 6273
6274 6335
6275 6284
6276 6283
6277 6282
6287 6294
6293 6313
6299 6301
6300 6303
6307 6308
6311 6314
6319 6327
6321 6322
6323 6338
6324 6326
6328 6329
6333 6334
6344 6345
6346 6353
6352 6378
6355 6357
6358 6361
6359 6363
6365 6390
6366 6391
6371 6372
6375 6377
6383 6384
6397 6443
6406 6434
6407 6419
6408 6436
6411 6441
6418 6433
6424 6425
6449 6450
6453 6458
6459 6462
6465 6466
6472 6474
6473 6475
6486 6497
6487 6493
6505 6506
6508 6525
6513 6538
6515 6517
6518 6520
6521 6522
6523 6543
6524 6563
6527 6537
6529 6531
6530 6573
6541 6572
6548 6549
6551 6552
6560 6690
6561 6641
6562 6629
6576 6609
6578 6614
6580 6582
6581 6586
6584 6588
6597 6603
6618 6694
6625 6693
6627 6765
6633 6635
6638 6639
6640 6643
6644 6664
6647 6671
6650 6651
6653 6656
6657 6658
6667 6728
6679 6748
6682 6717
6703 6706
6709 6802
6711 6721
6712 6808
6714 6715
6722 6723
6725 6726
6733 6743
6734 6736
6737 6744
6745 6810
6746 6747
6753 6757
6754 6756
6763 6764
6767 6768
6778 6779
6782 6784
6794 6912
6799 6800
6801 6870
6805 6865
6809 6811
6827 6843
6830 6836
6837 6846
6839 6840
6844 6845
6852 6861
6856 6859
6864 6866
6876 6899
6883 6894
6885 6887
6890 6893
6891 6892
6897 6901
6904 6906
6915 6923
6919 6921
6922 6998
6927 6928
6929 6936
6942 6945
6943 6946
6957 6964
6961 6962
6965 6987
6966 6967
6969 6970
6973 6986
6975 6976
6988 7041
6991 6995
6992 6994
6999 7002
7004 7037
7006 7007
7013 7021
7014 7017
7023 7031
7029 7195
7049 7052
7056 7079
7058 7061
7060 7062
7063 7067
7065 7066
7073 7074
7075 7084
7077 7080
7086 7088
7093 7094
7097 7098
7105 7109
7110 7119
7120 7121
7125 7135
7128 7129
7139 7145
7147 7148
7150 7171
7151 7157
7161 7181
7163 7164
7166 7167
7169 7303
7183 7197
7184 7188
7187 7193
7205 7210
7216 7217
7222 7269
7236 7302
7238 7256
7239 7301
7241 7254
7244 7246
7249 7289
7251 7300
7259 7298
7263 7265
7268 7296
7271 7294
7273 7275
7279 7280
7283 7348
7284 7285
7290 7291
7292 7316
7304 7306
7314 7315
7317 7343
7320 7321
7324 7325
7327 7331
7339 7341
7345 7346
7349 7361
7353 7355
7365 7368
7366 7369
7376 7377
7388 7437
7391 7546
7392 7395
7393 7394
7397 7402
7401 7445
7403 7535
7404 7444
7405 7428
7406 7435
7408 7409
7411 7416
7414 7418
7425 7426
7430 7431
7439 7443
7440 7442
7447 7536
7448 7530
7455 7467
7457 7461
7464 7504
7470 7471
7474 7475
7486 7497
7492 7495
7501 7502
7503 7517
7533 7561
7540 7548
7541 7545
7554 7572
7559 7564
7562 7566
7575 7576
7593 7594
7598 7654
7600 7656
7603 7608
7604 7606
7610 7626
7619 7627
7630 7653
7636 7644
7643 7682
7661 7663
7674 7679
7676 7704
7681 7684
7685 7686
7690 7692
7695 7707
7696 7697
7698 7702
7705 7757
7723 14393
7724 14403
7725 7735
7726 14400
7727 7733
7728 14399
7729 7731
7730 7734
7732 14401
7737 14397
7738 14381
7739 14392
7743 14390
7744 14384
7745 7747
7746 14383
7748 7750
7749 14398
7751 7796
7753 14377
7756 14366
7758 7760
7761 14369
7762 14359
7766 14326
7768 7817
7769 7795
7770 7886
7774 14354
7775 7779
7783 7785
7786 7787
7788 7802
7793 14341
7800 14343
7801 14339
7803 7805
7804 14338
7808 7911
7810 8031
7811 14245
7813 7816
7823 7824
7827 14308
7829 14276
7830 7839
7831 7861
7832 14296
7833 14301
7834 7835
7836 7853
7837 14248
7838 14279
7840 14292
7841 7845
7842 14288
7843 14282
7844 14281
7846 14251
7847 14283
7848 14286
7849 7884
7850 7875
7851 14274
7852 7856
7854 14293
7855 7882
7857 14277
7858 7859
7860 14275
7862 7891
7863 14254
7864 14266
7865 14269
7866 7894
7867 14264
7868 7892
7869 7870
7871 14262
7872 14256
7873 14253
7874 14261
7876 7889
7877 7888
7878 14258
7879 14255
7880 14252
7881 14270
7883 14259
7885 14222
7887 14265
7890 14257
7893 7907
7895 14309
7896 14233
7899 14342
7906 7909
7912 14324
7913 14223
7914 14220
7916 7917
7918 7936
7921 7925
7922 7934
7929 7933
7930 7931
7942 8013
7945 7946
7950 14201
7951 14184
7952 14195
7956 14187
7957 7960
7958 14185
7962 14180
7963 7970
7964 14177
7965 8167
7966 14176
7967 7990
7968 14193
7969 7984
7971 7975
7972 14136
7973 7974
7976 7978
7977 14192
7979 14170
7980 14169
7981 14156
7983 7985
7986 14159
7987 14158
7988 14166
7989 14155
7991 14153
7992 7993
7994 14182
7995 14152
7997 14149
7998 8000
7999 14150
8001 14145
8002 14151
8004 14143
8005 14142
8006 14168
8007 14138
8008 8019
8009 8018
8011 14141
8012 14167
8015 14171
8017 14140
8024 14215
8025 14144
8029 8032
8034 8047
8035 8038
8043 8044
8049 14190
8050 14131
8051 14120
8052 14100
8057 14099
8059 8151
8062 14116
8064 8066
8068 8163
8070 14068
8071 14061
8072 8075
8074 14056
8076 8138
8077 14063
8078 8079
8080 14060
8082 8130
8083 8084
8085 14053
8086 14055
8087 8089
8088 14059
8090 14117
8091 14052
8093 14050
8095 8199
8096 14048
8098 14044
8099 14043
8100 8107
8101 14030
8102 14041
8103 14036
8104 14035
8105 14033
8106 14031
8108 8113
8109 14029
8110 14028
8111 8112
8114 14024
8116 14023
8118 14022
8119 14002
8121 8166
8122 8162
8123 8139
8125 8156
8126 8128
8127 14057
8129 8153
8133 14067
8134 14106
8136 8137
8141 8145
8143 8144
8149 8155
8150 8154
8160 8161
8168 13980
8170 8175
8171 8178
8176 13979
8181 13977
8185 14075
8190 8194
8191 14009
8192 14014
8193 14017
8195 14015
8197 14019
8198 14049
8200 13987
8201 13983
8204 13994
8207 13940
8208 13878
8209 14000
8210 13948
8211 13946
8213 8214
8215 13942
8216 8253
8218 13919
8219 13939
8220 8226
8221 13938
8222 13918
8223 13936
8224 13935
8225 8239
8227 13924
8228 13922
8229 8250
8230 8251
8231 13930
8232 13931
8234 13870
8235 13929
8236 13891
8237 13926
8238 13925
8240 13887
8242 13927
8243 8293
8244 13933
8245 13921
8246 13920
8247 8306
8249 13947
8252 13934
8254 13866
8259 8263
8261 8291
8269 8270
8272 8275
8273 8290
8277 14008
8281 8283
8285 13872
8286 13893
8287 13865
8288 13864
8289 13862
8296 13912
8297 13825
8299 8303
8301 8302
8305 8307
8308 13911
8309 13915
8312 13910
8313 13840
8314 8321
8315 13845
8316 13906
8317 13902
8318 13901
8319 13899
8320 8322
8323 13905
8325 13812
8326 13830
8328 13829
8330 13828
8331 8334
8335 13827
8337 13822
8339 8341
8340 13836
8342 13818
8343 13806
8345 13774
8346 13813
8347 13816
8348 8351
8350 13804
8352 13809
8353 13815
8354 13808
8355 8360
8356 13817
8357 13810
8358 13805
8359 8362
8361 13780
8363 13792
8369 13859
8370 8372
8374 13750
8377 8380
8378 8379
8381 13730
8384 13853
8389 8450
8390 13744
8395 8397
8398 8399
8400 13737
8401 8404
8402 8405
8407 8412
8410 8411
8417 8496
8418 8422
8419 8424
8425 13799
8428 8429
8430 13687
8431 13802
8432 13789
8433 13786
8434 13793
8435 13791
8436 8437
8438 13781
8440 8442
8441 13771
8443 13778
8445 13775
8446 13754
8448 13746
8452 8453
8454 13796
8455 8457
8456 13704
8458 13706
8459 13699
8460 8463
8462 13697
8464 13698
8465 8467
8466 8552
8468 8532
8469 8470
8471 8553
8472 13696
8473 13689
8475 13686
8476 8488
8478 13684
8479 8480
8482 13681
8483 13680
8484 13683
8485 13678
8487 8491
8489 8490
8492 13691
8493 13685
8494 13707
8495 8545
8497 13797
8501 8536
8505 13724
8507 13712
8511 8518
8512 8513
8514 13716
8516 8524
8521 13649
8522 13580
8525 8527
8526 13677
8529 8531
8537 8548
8540 8550
8541 8544
8554 13703
8555 13671
8557 8568
8558 13665
8559 13647
8560 13589
8561 8566
8562 13662
8563 13658
8564 13666
8565 13663
8567 13655
8569 13656
8570 13654
8571 13650
8572 13590
8573 13587
8574 8578
8575 8579
8576 8577
8580 13586
8582 13593
8583 13577
8584 8586
8585 13581
8588 13578
8589 13627
8590 8597
8591 13571
8592 13574
8593 13570
8594 13565
8595 13584
8596 13567
8598 8599
8600 13561
8601 8610
8605 13555
8606 8607
8608 13558
8612 8651
8613 8650
8616 8618
8619 8620
8622 13622
8627 8630
8631 13613
8632 13615
8636 8654
8640 8652
8641 13497
8661 8663
8666 8667
8668 13549
8669 8670
8671 13548
8674 8723
8675 13484
8676 8707
8678 13439
8679 8680
8681 13466
8682 13460
8683 13464
8684 13405
8685 13452
8686 13462
8687 13461
8688 8689
8690 13458
8691 13472
8692 8696
8693 13469
8694 13454
8695 13393
8697 13450
8698 13436
8699 13406
8700 13447
8701 13407
8702 13442
8703 13445
8704 13443
8705 13441
8706 13540
8708 8709
8710 13470
8711 13437
8712 13451
8713 13409
8714 13433
8715 13432
8716 13431
8717 8719
8718 13429
8721 8722
8724 13435
8725 13423
8730 8745
8731 8744
8732 8735
8733 8734
8739 8740
8742 13478
8747 13397
8748 13383
8750 8751
8753 13381
8755 8861
8756 13373
8758 8759
8762 8764
8765 13419
8766 8780
8768 8857
8769 8782
8771 13421
8772 8775
8778 8779
8784 13417
8785 8787
8789 13278
8791 8856
8792 13348
8793 8900
8794 13282
8795 13349
8796 13283
8797 13280
8798 8836
8799 13302
8800 13345
8801 13287
8802 8831
8803 13337
8804 13341
8805 13343
8806 13338
8807 13335
8808 8809
8810 13288
8811 13307
8812 13334
8813 8828
8814 13331
8815 13329
8816 8853
8817 13325
8818 8821
8819 8894
8820 13319
8824 8852
8825 13313
8826 8848
8827 13310
8829 13300
8830 13312
8832 13306
8833 13342
8834 13303
8835 13286
8837 13132
8841 13318
8842 8844
8845 13226
8846 13221
8847 8915
8850 13225
8854 13261
8858 8869
8860 13377
8864 13366
8866 13372
8867 13361
8868 13360
8870 8871
8872 13284
8874 8875
8877 8903
8878 8885
8879 8978
8883 8884
8889 8977
8890 13043
8891 8966
8892 8973
8893 8976
8896 13258
8904 13252
8906 8907
8909 13147
8910 8914
8911 13222
8912 13220
8913 13198
8917 13210
8918 13216
8919 8972
8920 8970
8921 13214
8922 13213
8923 13212
8924 13211
8925 13215
8926 13209
8927 13154
8928 8949
8929 13219
8931 13206
8932 13143
8933 13205
8934 13204
8935 13195
8936 13203
8937 13202
8938 13201
8939 13167
8940 13200
8941 13166
8942 13171
8943 13199
8944 13121
8946 13197
8947 8950
8948 13194
8951 13190
8952 13188
8953 13189
8954 8956
8955 13187
8957 13193
8958 13169
8959 13196
8960 8961
8962 13180
8963 8965
8964 13051
8968 13217
8969 8971
8980 8982
8986 13048
8987 13129
8989 13092
8992 9000
8993 13116
8994 13115
8995 13104
8997 8998
9006 9007
9008 9009
9011 13128
9013 9017
9014 9015
9016 9022
9018 13106
9020 13098
9023 9025
9026 13072
9030 9090
9031 13080
9033 9035
9034 13096
9036 12990
9037 12989
9039 13093
9040 13078
9041 13082
9042 9043
9044 13083
9045 13081
9046 13084
9047 13085
9048 13088
9049 9051
9050 13087
9053 13077
9054 13074
9056 9064
9057 9094
9058 9060
9059 13071
9061 13070
9062 13067
9063 13073
9065 9066
9067 13063
9068 9092
9069 9071
9070 13060
9072 9089
9073 13059
9075 13061
9076 13057
9083 9084
9085 12924
9087 13058
9088 13064
9091 13065
9093 13091
9095 13068
9096 13113
9098 13112
9099 12984
9104 9105
9106 12995
9110 9118
9111 9226
9113 13050
9115 9116
9120 9124
9122 9123
9128 9129
9133 9140
9137 9138
9139 9143
9141 9142
9144 9146
9149 9220
9150 12872
9151 9190
9152 12943
9153 12974
9154 9155
9156 12952
9157 9158
9159 12969
9160 9187
9161 12966
9162 12936
9163 12975
9164 12965
9165 12964
9166 12963
9167 12961
9168 12959
9169 9170
9171 12958
9172 12956
9173 12957
9174 12962
9175 12955
9176 12976
9177 12946
9179 12971
9180 12951
9181 12948
9182 9183
9184 9185
9186 12949
9188 9196
9189 12937
9192 9195
9193 9197
9194 12938
9198 12893
9199 12908
9201 12870
9202 12869
9203 12868
9205 12978
9207 9210
9209 9254
9211 12979
9212 9223
9213 9214
9215 9216
9218 12980
9227 12935
9228 12890
9230 9231
9232 12878
9237 9259
9240 9258
9241 9256
9257 12862
9262 12884
9265 9267
9269 12865
9270 12864
9271 12863
9272 12858
9273 9275
9274 9336
9277 12857
9280 12856
9281 12855
9282 12794
9284 12850
9285 12859
9286 12848
9287 12846
9288 12847
9289 9303
9290 12844
9292 12845
9293 12833
9295 9296
9297 12836
9298 12835
9299 12837
9301 12834
9302 12829
9304 12771
9305 12828
9306 9307
9309 9310
9311 12822
9312 12821
9313 9331
9314 12838
9315 12831
9316 12810
9317 12815
9318 12763
9320 12665
9321 9422
9322 12755
9323 12745
9324 9326
9325 12747
9327 12744
9329 12866
9330 12667
9332 12827
9334 12860
9335 12839
9338 9342
9340 9341
9347 12804
9350 12785
9352 12760
9359 9362
9364 12738
9368 9369
9370 9446
9371 9448
9380 9382
9384 9420
9385 12724
9386 12704
9387 9389
9390 9391
9392 12733
9393 12734
9395 9397
9396 12685
9398 12729
9399 12731
9400 12728
9401 9410
9402 12727
9403 12726
9404 9409
9406 12723
9407 12721
9408 12718
9411 12686
9412 12722
9413 12712
9415 9418
9416 12709
9417 9456
9419 12715
9421 9427
9423 9460
9424 9426
9425 9465
9428 12696
9429 12736
9430 12656
9431 12695
9432 9569
9433 12694
9435 12552
9436 12698
9437 9438
9439 12624
9440 12623
9441 9442
9443 9511
9444 12625
9447 9464
9449 12593
9450 12702
9452 12629
9453 12699
9454 12701
9455 12697
9458 9461
9468 9471
9473 12647
9477 12636
9480 9485
9482 9576
9484 9487
9494 12604
9500 9575
9501 9505
9504 9506
9509 12609
9510 12620
9513 12601
9514 12610
9515 12614
9516 12615
9517 9518
9519 9527
9520 9573
9521 12602
9522 12608
9526 12605
9528 12603
9529 12611
9530 12599
9532 12598
9533 12591
9534 12594
9535 12597
9537 12592
9539 12582
9540 12551
9541 9544
9543 12585
9546 12581
9547 12580
9548 12579
9549 9553
9550 12577
9551 12570
9552 12566
9554 12575
9556 9557
9559 12564
9561 12506
9562 12504
9563 12507
9564 9565
9566 9589
9567 12441
9571 12540
9572 12590
9579 12501
9583 9591
9585 9587
9592 12436
9595 9596
9601 9603
9602 9616
9612 9613
9619 12500
9620 9621
9625 12497
9626 12498
9627 9712
9628 9711
9629 12475
9630 9635
9632 12494
9633 9655
9634 12458
9636 9646
9637 12490
9639 9657
9640 12477
9641 9654
9642 12486
9643 12480
9644 12483
9645 12482
9647 9650
9648 12478
9649 12479
9651 12472
9656 12456
9658 12470
9659 12481
9661 9662
9663 9684
9664 12464
9665 12463
9666 12389
9667 12449
9668 12457
9669 12461
9670 12460
9671 12487
9672 12393
9673 12394
9674 12383
9675 12386
9676 12387
9677 12385
9678 12379
9679 12384
9683 12374
9685 12467
9686 12388
9687 12375
9688 12314
9689 9694
9690 12495
9691 12377
9697 9701
9699 9700
9708 9736
9710 12496
9713 12439
9716 12425
9717 12390
9718 9763
9719 12325
9720 12321
9721 12317
9722 9726
9723 9725
9724 9784
9730 9731
9733 9734
9737 9739
9744 12466
9746 12327
9748 12312
9751 12367
9752 12313
9753 12370
9754 9755
9757 9759
9758 12368
9761 9762
9764 12358
9765 9766
9767 12356
9769 12351
9770 12350
9771 12360
9772 9776
9773 12345
9774 12346
9775 12201
9777 12341
9778 12339
9779 12336
9780 12338
9781 12332
9782 9783
9785 9824
9786 12289
9788 12270
9789 12267
9790 12261
9791 12263
9792 12262
9793 9794
9795 12260
9796 12243
9797 9806
9798 9812
9799 9810
9801 12255
9802 12254
9804 9832
9807 12248
9808 12244
9811 12259
9813 12307
9814 12269
9816 9818
9819 9823
9820 12241
9826 12344
9827 12333
9828 12251
9830 12256
9833 12310
9835 12305
9836 9843
9837 12328
9839 9842
9849 12308
9850 9854
9851 9853
9857 12230
9858 12210
9859 12176
9864 12309
9866 9867
9868 9934
9870 12226
9871 12204
9872 12223
9873 12222
9874 12220
9875 12219
9876 12207
9877 12218
9878 12185
9879 9880
9882 12216
9883 12212
9884 12205
9885 12187
9886 12225
9887 12203
9889 12184
9891 9966
9894 12149
9895 12147
9896 9900
9897 9902
9898 9899
9901 12144
9903 12091
9904 9907
9905 12140
9906 12139
9908 12132
9909 12131
9910 12037
9911 10006
9912 12135
9913 12126
9914 10015
9915 12129
9916 9917
9918 9921
9919 9920
9922 10005
9923 12124
9924 12123
9925 12119
9926 12195
9929 9937
9930 12169
9933 12197
9941 9943
9942 9944
9948 9992
9951 9956
9955 12157
9960 9962
9965 11952
9968 12052
9969 12092
9972 9986
9977 9980
9982 9996
9983 12125
9984 9985
9987 10102
9991 12114
9993 9997
9994 10047
9995 12121
9998 10001
9999 10048
10000 12116
10002 10003
10004 10057
10007 12105
10008 10009
10010 12109
10011 12108
10012 12103
10013 12110
10014 10016
10017 10019
10018 12102
10021 12100
10022 10025
10023 12150
10024 12099
10026 12098
10027 12111
10028 12096
10029 12095
10031 11961
10032 10036
10033 10058
10035 11964
10037 12026
10038 10117
10039 12016
10040 12019
10041 12020
10043 10068
10049 10051
10050 12074
10052 12115
10054 12036
10061 10065
10069 10071
10070 10072
10076 12073
10077 12028
10078 10093
10080 11965
10084 10085
10089 12065
10090 10092
10094 12066
10096 12040
10100 11927
10103 10129
10105 12021
10106 12024
10107 10108
10110 11942
10111 12015
10112 12014
10113 12010
10114 12011
10115 12013
10118 12007
10119 10120
10121 12002
10122 10123
10124 12001
10125 10192
10126 11999
10127 11996
10128 11983
10130 11994
10131 10132
10133 11992
10134 11998
10135 10138
10136 11966
10137 11989
10139 11987
10141 10148
10142 11985
10144 11984
10145 11982
10146 10147
10149 11976
10150 11973
10156 10247
10157 10252
10158 10175
10159 10170
10160 10173
10161 11993
10162 12005
10163 10229
10169 11899
10171 10181
10182 11902
10183 10184
10186 11939
10187 11940
10190 11938
10193 10211
10194 10195
10196 10205
10198 10200
10202 10223
10204 10206
10213 10215
10214 11824
10224 10225
10228 11802
10230 11893
10231 11898
10234 10238
10236 11897
10237 11896
10239 11894
10240 10243
10241 11892
10242 10268
10244 11888
10245 11865
10246 11887
10248 11872
10249 11866
10250 10251
10253 11891
10255 10265
10256 10257
10258 11878
10259 11876
10260 11879
10262 11871
10263 11869
10264 11880
10266 11870
10267 11852
10269 11851
10270 11864
10272 11863
10273 11834
10274 10277
10275 10276
10279 10280
10281 11805
10284 11790
10287 10303
10288 10356
10289 10308
10290 11788
10292 11793
10294 11835
10295 10297
10301 10302
10304 10305
10307 10309
10313 10314
10315 10317
10316 10318
10319 10322
10327 10328
10331 11787
10332 10333
10338 10342
10340 10350
10343 10353
10345 11799
10347 11771
10349 11769
10351 11784
10352 11785
10357 11778
10358 10359
10360 10369
10361 11750
10362 11768
10363 10364
10365 10366
10367 11770
10368 10397
10370 11766
10371 11765
10372 11762
10373 11767
10374 11747
10376 11759
10378 11757
10379 10386
10381 11754
10383 10384
10385 11728
10387 10395
10388 11749
10390 10391
10392 11801
10393 11741
10394 11746
10396 11781
10399 11729
10400 10403
10401 11730
10402 10414
10404 11736
10409 11702
10410 11713
10412 11696
10413 11565
10417 10419
10428 10433
10430 10436
10434 10435
10439 11704
10440 10442
10444 11693
10445 10446
10447 11571
10448 11582
10451 11570
10452 10532
10455 10552
10456 10458
10461 10465
10462 11732
10463 11738
10464 10468
10470 11666
10472 11707
10474 11683
10475 11670
10476 11668
10478 11664
10480 10489
10481 11663
10482 11649
10483 11651
10484 11658
10485 10487
10486 10488
10490 11660
10491 11605
10492 11646
10494 11678
10495 11642
10496 11599
10497 11641
10498 11643
10500 11616
10501 11639
10502 11607
10503 10506
10504 11636
10505 11609
10507 11617
10508 11632
10509 10510
10511 11630
10512 11629
10513 11627
10514 11637
10515 10517
10516 11626
10518 11601
10519 10522
10521 11620
10523 11619
10524 11624
10525 11558
10527 11555
10531 11606
10534 10535
10539 10546
10540 10541
10548 10554
10551 11564
10555 11556
10556 10557
10558 11474
10559 10591
10562 10590
10564 11552
10565 10566
10572 11428
10574 11438
10576 10715
10578 10579
10580 10588
10581 10582
10584 10585
10592 11548
10593 10595
10594 11480
10596 11489
10597 11543
10598 11492
10599 11540
10600 10617
10601 11482
10602 11539
10603 11538
10604 10653
10605 10606
10607 11527
10608 11523
10609 11531
10610 10613
10611 11535
10612 10652
10614 11525
10615 11529
10616 11524
10618 11522
10619 11521
10620 11530
10621 10622
10623 10627
10624 11517
10626 11483
10628 11490
10630 11515
10631 11516
10632 11508
10633 11511
10635 11500
10636 11504
10637 11501
10638 11506
10639 11505
10640 11510
10641 10642
10643 11498
10645 10700
10646 10707
10649 10703
10650 11513
10651 11512
10654 11491
10655 11477
10656 10658
10659 10660
10661 10662
10667 10668
10673 10674
10675 11499
10680 11258
10681 10682
10683 10684
10689 10709
10690 10708
10695 10696
10710 11496
10714 11469
10716 11455
10718 11435
10719 11430
10720 11429
10721 11462
10723 11426
10724 11425
10725 11423
10726 11404
10727 11421
10728 11229
10729 11420
10730 11419
10731 10732
10733 11408
10734 10740
10735 11372
10736 11370
10738 11411
10739 11415
10741 11407
10742 11405
10744 11403
10745 11399
10746 11392
10748 11400
10749 11394
10750 11369
10751 11395
10752 11397
10753 11371
10754 10786
10755 11389
10756 11211
10757 10759
10758 11385
10760 11383
10761 11387
10762 10763
10765 10830
10767 10796
10769 10810
10770 10790
10771 10804
10775 10779
10777 10780
10781 10881
10782 11207
10793 10798
10797 10806
10800 10808
10802 11110
10811 10828
10812 10813
10816 10818
10819 11378
10820 11380
10825 11108
10827 10837
10832 11386
10833 11349
10834 11367
10838 11270
10840 10873
10841 11308
10842 11307
10844 10894
10845 10859
10846 11282
10847 11295
10848 10849
10850 11298
10851 11292
10852 11300
10853 11086
10854 11305
10855 10858
10856 11286
10857 11280
10860 11279
10861 11304
10862 11281
10863 11284
10865 11285
10866 10867
10868 11276
10869 11079
10870 11310
10871 11273
10872 10875
10874 11267
10877 11263
10878 10879
10880 11250
10884 11200
10885 10931
10886 11193
10889 11264
10890 11186
10893 10898
10896 11189
10899 10901
10900 11078
10903 11185
10906 11088
10908 10914
10913 10917
10918 10923
10924 10926
10929 11075
10930 10932
10934 11105
10935 11121
10936 11177
10940 10941
10943 11056
10945 11050
10948 11049
10949 10952
10950 11179
10953 11174
10954 11055
10955 11145
10956 11168
10958 10962
10959 11167
10960 11036
10961 11019
10963 10987
10964 10973
10965 11127
10966 11161
10967 11010
10968 11162
10969 11176
10970 11158
10974 10975
10976 11149
10977 11148
10978 10979
10980 10984
10981 11150
10982 11131
10983 11130
10985 11154
10986 11144
10988 10992
10989 11136
10990 11002
10991 11140
10993 11138
10994 11156
10995 11128
10996 11139
10997 11135
10998 11133
10999 11000
11001 11134
11003 11132
11007 11045
11008 11012
11009 11163
11011 11013
11015 11017
11018 11165
11026 11029
11030 11175
11031 11037
11035 11164
11043 11046
11044 11048
11052 11063
11054 11061
11067 11069
11072 11100
11076 11204
11077 11087
11080 11287
11081 11288
11085 11089
11093 11094
11098 11277
11099 11101
11104 11107
11114 11116
11119 11206
11122 11123
11125 11171
11126 11170
11129 11147
11137 11166
11141 11169
11142 11143
11146 11151
11152 11153
11155 11157
11173 11178
11183 11184
11187 11188
11190 11203
11191 11192
11195 11197
11215 11234
11219 11220
11224 11230
11225 11248
11235 11246
11238 11253
11240 11245
11241 11244
11251 11254
11259 11306
11260 11261
11269 11272
11275 11278
11289 11299
11290 11297
11291 11294
11293 11301
11317 11324
11333 11337
11335 11352
11341 11342
11343 11356
11344 11374
11346 11347
11353 11360
11361 11362
11366 11427
11382 11384
11390 11391
11393 11396
11398 11413
11401 11402
11406 11424
11409 11410
11412 11414
11416 11422
11432 11434
11439 11464
11440 11443
11448 11451
11457 11460
11475 11476
11479 11493
11484 11488
11485 11509
11486 11502
11487 11507
11494 11495
11503 11514
11518 11519
11520 11536
11526 11537
11528 11534
11532 11533
11542 11545
11557 11559
11567 11568
11572 11576
11573 11575
11583 11585
11587 11595
11592 11596
11597 11675
11598 11633
11600 11610
11602 11603
11608 11640
11612 11618
11621 11634
11622 11623
11625 11628
11631 11635
11645 11659
11648 11731
11650 11662
11652 11657
11653 11654
11655 11656
11661 11665
11667 11672
11677 11679
11699 11700
11711 11716
11718 11720
11721 11726
11722 11723
11742 11743
11744 11745
11748 11800
11751 11752
11753 11755
11758 11779
11760 11761
11763 11773
11764 11772
11774 11775
11776 11777
11782 11783
11786 11795
11804 11856
11809 11810
11823 11831
11828 11858
11830 11850
11836 11837
11838 11840
11853 11859
11860 11861
11867 11875
11868 11873
11874 11877
11881 11882
11884 11885
11889 11901
11890 11908
11895 11900
11903 11904
11906 12031
11909 11977
11911 11917
11914 11919
11918 11920
11921 11922
11925 11933
11928 11957
11929 11931
11941 12025
11945 11950
11953 12039
11956 12081
11960 11962
11967 11970
11968 11974
11969 11978
11972 11975
11979 11980
11988 11990
11991 11995
12003 12004
12009 12017
12022 12023
12030 12118
12034 12112
12041 12090
12044 12093
12047 12075
12049 12060
12054 12083
12071 12072
12077 12086
12079 12080
12101 12104
12106 12107
12113 12117
12120 12122
12128 12130
12133 12136
12134 12137
12138 12142
12141 12143
12146 12148
12153 12158
12159 12162
12160 12161
12167 12173
12170 12172
12174 12189
12175 12188
12179 12224
12180 12182
12186 12215
12200 12221
12206 12211
12208 12213
12209 12214
12231 12347
12236 12238
12242 12355
12246 12247
12249 12258
12250 12252
12253 12257
12264 12265
12276 12298
12282 12294
12284 12286
12285 12288
12292 12297
12311 12323
12315 12316
12326 12354
12329 12337
12330 12331
12334 12335
12342 12343
12348 12361
12352 12353
12357 12359
12363 12365
12364 12366
12369 12371
12372 12373
12378 12380
12381 12414
12391 12392
12396 12397
12400 12404
12403 12455
12410 12459
12413 12421
12418 12422
12419 12420
12435 12444
12442 12499
12446 12469
12447 12450
12448 12488
12468 12491
12471 12474
12484 12485
12492 12493
12502 12505
12508 12509
12517 12538
12522 12524
12523 12533
12530 12537
12531 12532
12544 12558
12549 12622
12555 12583
12559 12626
12567 12568
12571 12576
12572 12578
12573 12574
12584 12589
12586 12588
12595 12596
12600 12628
12612 12617
12613 12616
12618 12619
12627 12635
12632 12634
12637 12642
12638 12644
12639 12643
12645 12646
12658 12678
12659 12676
12668 12671
12670 12672
12675 12706
12677 12707
12679 12825
12680 12783
12684 12720
12687 12703
12689 12692
12691 12713
12705 12708
12710 12714
12711 12719
12717 12725
12735 12737
12741 12784
12743 12748
12749 12782
12750 12819
12752 12754
12759 12817
12762 12765
12769 12776
12772 12774
12777 12814
12779 12816
12790 12795
12791 12796
12798 12799
12802 12808
12807 12811
12818 12820
12823 12824
12826 12841
12830 12843
12832 12840
12849 12851
12852 12861
12867 12944
12874 12875
12885 12886
12892 12939
12896 12897
12898 12900
12903 12906
12905 12911
12914 12915
12919 12922
12921 12927
12926 12987
12934 12986
12940 12941
12945 12970
12947 12950
12954 12968
12960 12967
12972 12973
12991 12992
12999 13020
13008 13022
13010 13031
13012 13015
13027 13033
13028 13029
13035 13036
13045 13046
13047 13184
13049 13353
13052 13111
13062 13069
13066 13076
13079 13090
13086 13089
13094 13095
13102 13114
13108 13109
13120 13178
13124 13125
13127 13145
13130 13238
13136 13233
13138 13148
13140 13177
13144 13165
13151 13231
13158 13208
13159 13161
13160 13173
13162 13164
13163 13170
13168 13179
13176 13224
13182 13207
13183 13186
13191 13192
13227 13228
13229 13230
13234 13235
13245 13250
13249 13296
13253 13254
13269 13359
13270 13293
13273 13292
13275 13356
13281 13355
13285 13346
13290 13358
13298 13347
13299 13317
13301 13332
13304 13344
13305 13308
13309 13311
13314 13315
13316 13328
13321 13324
13322 13326
13323 13327
13333 13336
13339 13340
13363 13364
13370 13371
13374 13379
13376 13385
13378 13428
13388 13389
13391 13413
13396 13414
13399 13411
13400 13408
13404 13471
13410 13412
13425 13542
13427 13430
13440 13444
13446 13449
13455 13456
13459 13463
13465 13468
13480 13481
13487 13490
13489 13493
13492 13530
13494 13495
13496 13498
13507 13511
13508 13527
13512 13516
13513 13515
13521 13526
13523 13524
13525 13528
13529 13539
13533 13534
13541 13543
13544 13545
13551 13557
13552 13579
13553 13554
13556 13643
13559 13612
13562 13628
13563 13629
13564 13668
13566 13573
13568 13591
13569 13572
13575 13576
13582 13583
13585 13667
13588 13659
13597 13610
13618 13620
13630 13633
13634 13731
13635 13637
13639 13708
13642 13705
13645 13702
13646 13661
13648 13660
13651 13670
13652 13673
13653 13674
13657 13664
13669 13692
13672 13690
13694 13695
13700 13701
13709 13745
13710 13715
13717 13718
13722 13725
13738 13764
13739 13860
13748 13749
13751 13761
13752 13773
13758 13759
13766 13767
13768 13779
13770 13814
13772 13777
13782 13783
13785 13795
13787 13788
13790 13794
13800 13803
13811 13820
13823 13824
13831 13861
13833 13835
13838 13894
13841 13913
13848 13849
13854 13856
13868 13873
13875 13882
13879 13881
13885 13951
13886 13950
13888 13928
13890 13896
13895 13897
13898 13900
13903 13904
13907 13908
13914 13917
13937 13941
13943 13944
13945 13949
13954 13955
13956 13959
13958 13960
13962 14020
13970 13971
13981 13998
13984 13989
13992 13995
13996 13997
14004 14072
14006 14021
14007 14051
14012 14045
14025 14026
14027 14038
14032 14039
14034 14040
14037 14042
14046 14054
14062 14070
14064 14069
14065 14076
14073 14074
14081 14082
14090 14092
14101 14104
14108 14134
14110 14112
14122 14123
14126 14127
14130 14178
14135 14174
14146 14147
14148 14154
14157 14161
14163 14183
14164 14165
14172 14173
14175 14225
14179 14181
14186 14194
14188 14189
14191 14209
14197 14198
14199 14216
14202 14208
14206 14242
14213 14244
14230 14250
14234 14249
14238 14239
14268 14272
14271 14290
14278 14280
14284 14285
14287 14289
14291 14305
14294 14304
14295 14298
14297 14303
14299 14302
14300 14306
14315 14316
14319 14321
14320 14322
14325 14327
14328 14329
14330 14334
14344 14361
14345 14362
14347 14363
14349 14350
14352 14353
14357 14373
14371 14372
14374 14375
14379 14388
14380 14391
14382 14387
14385 14386
14394 14395
