8001
16002 6
1 4
2 12014
3 10
5 9
7 12013
8 14
11 12001
12 31
13 12012
15 12009
16 63
17 22
18 12011
19 21
20 60
23 12010
24 47
25 12008
26 16001
27 15945
28 12007
29 96
30 32
33 12005
34 42
35 11991
36 40
37 39
38 12004
41 89
43 12006
44 65
45 15904
46 15941
48 51
49 56
50 54
52 12000
53 55
57 12002
58 11999
59 62
61 11998
64 15931
66 15898
67 195
68 83
69 82
70 81
71 80
72 121
73 11996
74 11995
75 79
76 11993
77 11994
78 11992
84 88
85 86
87 11990
90 91
92 15982
93 99
94 12032
95 97
98 11989
100 12029
101 15921
102 217
103 15446
104 15896
105 216
106 231
107 15911
108 196
109 11959
110 201
111 186
112 117
113 11984
114 194
115 127
116 11982
118 11997
119 124
120 123
122 125
126 184
128 193
129 11977
130 11979
131 11966
132 145
133 144
134 15917
135 156
136 139
137 15906
138 11962
140 11975
141 143
142 171
146 15936
147 11973
148 178
149 176
150 11969
151 153
152 11972
154 161
155 11971
157 163
158 159
160 162
164 172
165 11967
166 15912
167 168
169 170
173 11974
174 11965
175 11964
177 179
180 183
181 11983
182 11963
185 11981
187 199
188 11985
189 190
191 192
197 204
198 203
200 202
205 15920
206 11955
207 212
208 211
209 210
213 15897
214 11948
215 11954
218 13840
219 13112
220 15432
221 222
223 11953
224 232
225 230
226 229
227 15444
228 12665
233 10669
234 239
235 242
236 240
237 11950
238 11951
241 243
244 12656
245 12663
246 11887
247 553
248 452
249 552
250 255
251 282
252 288
253 11129
254 11947
256 11945
257 331
258 11946
259 416
260 434
261 408
262 263
264 426
265 11944
266 11894
267 320
268 321
269 270
271 11941
272 11931
273 11929
274 293
275 295
276 283
277 292
278 290
279 286
280 287
281 11957
284 294
285 289
291 11933
296 318
297 319
298 301
299 312
300 11927
302 11930
303 311
304 330
305 308
306 11928
307 11899
309 310
313 317
314 316
315 11926
322 11925
323 451
324 329
325 328
326 11924
327 11932
332 407
333 337
334 390
335 336
338 11921
339 406
340 11916
341 386
342 11920
343 354
344 387
345 346
347 351
348 11917
349 4983
350 11918
352 11902
353 15914
355 11922
356 373
357 372
358 375
359 369
360 368
361 11910
362 364
363 365
366 367
370 11911
371 379
374 11909
376 11912
377 378
380 11908
381 385
382 11943
383 11907
384 11913
388 398
389 397
391 396
392 11905
393 395
394 11904
399 15910
400 421
401 404
402 403
405 11923
409 11901
410 433
411 431
412 11895
413 427
414 11900
415 11889
417 422
418 11898
419 11897
420 428
423 473
424 468
425 11896
429 11892
430 11893
432 11882
435 11891
436 472
437 440
438 11888
439 469
441 11890
442 550
443 446
444 457
445 530
447 448
449 470
450 11862
453 551
454 11857
455 547
456 546
458 462
459 11884
460 464
461 463
465 11883
466 538
467 474
471 12048
475 11881
476 532
477 524
478 521
479 11880
480 15876
481 533
482 11864
483 11879
484 11877
485 486
487 11876
488 491
489 11875
490 11874
492 500
493 11873
494 511
495 11872
496 3682
497 499
498 510
501 504
502 8469
503 11870
505 513
506 520
507 3451
508 509
512 8471
514 517
515 11866
516 542
518 11860
519 11855
522 525
523 528
526 527
529 537
531 11886
534 536
535 11863
539 11859
540 11858
541 545
543 544
548 11885
549 566
554 616
555 556
557 565
558 11868
559 564
560 563
561 11856
562 3448
567 612
568 11845
569 619
570 607
571 573
572 11095
574 11853
575 12634
576 602
577 3206
578 583
579 582
580 3471
581 3469
584 2637
585 9604
586 1369
587 8622
588 599
589 11850
590 593
591 596
592 594
595 11849
597 11848
598 601
600 9608
603 11720
604 11846
605 606
608 610
609 11854
611 3427
613 1258
614 11861
615 12661
617 618
620 11146
621 645
622 632
623 11834
624 625
626 11833
627 11841
628 1247
629 643
630 642
631 634
633 11838
635 11837
636 641
637 11836
638 639
640 11839
644 11835
646 11843
647 655
648 1250
649 11821
650 11824
651 11832
652 11675
653 11673
654 663
656 12658
657 11831
658 693
659 11152
660 11154
661 11204
662 11829
664 948
665 687
666 668
667 11828
669 1092
670 678
671 686
672 676
673 11826
674 963
675 689
677 679
680 11823
681 1164
682 684
683 11739
685 1011
688 1236
690 11820
691 12809
692 694
695 11195
696 11155
697 700
698 11194
699 11818
701 11817
702 11816
703 12799
704 11630
705 11640
706 11642
707 11652
708 11815
709 715
710 713
711 11814
712 722
714 739
716 720
717 719
718 11812
721 11787
723 727
724 725
726 737
728 729
730 11809
731 733
732 736
734 11808
735 764
738 11807
740 754
741 760
742 798
743 756
744 11798
745 755
746 11805
747 753
748 11806
749 750
751 11800
752 11802
757 11801
758 759
761 11799
762 799
763 934
765 11797
766 778
767 768
769 11796
770 777
771 774
772 775
773 11794
776 11795
779 11793
780 797
781 11791
782 11788
783 787
784 786
785 813
788 790
789 11792
791 796
792 795
793 11790
794 11789
800 11813
801 11810
802 11786
803 804
805 11811
806 12675
807 11654
808 982
809 817
810 816
811 11771
812 857
814 11762
815 11784
818 881
819 11782
820 851
821 835
822 824
823 11780
825 836
826 838
827 828
829 842
830 834
831 11776
832 833
837 841
839 844
840 11774
843 11779
845 848
846 849
847 11783
850 11772
852 11775
853 855
854 893
856 870
858 902
859 866
860 12667
861 11769
862 865
863 11768
864 890
867 11825
868 11759
869 884
871 877
872 11764
873 876
874 875
878 887
879 886
880 885
882 11765
883 898
888 11770
889 11763
891 897
892 896
894 11761
895 11760
899 11767
900 12668
901 938
903 11749
904 917
905 915
906 911
907 943
908 11766
909 11758
910 11750
912 936
913 914
916 937
918 929
919 11753
920 946
921 11754
922 924
923 11756
925 11757
926 11755
927 932
928 931
930 945
933 935
939 978
940 11744
941 11747
942 952
944 11748
947 977
949 11743
950 961
951 960
953 959
954 11746
955 957
956 958
962 11745
964 969
965 976
966 975
967 970
968 971
972 11742
973 974
979 980
981 1053
983 1054
984 1056
985 11722
986 1002
987 11737
988 1050
989 1008
990 1001
991 11735
992 1000
993 11736
994 12669
995 11733
996 997
998 11732
999 11734
1003 1025
1004 1045
1005 1043
1006 11731
1007 1009
1010 1038
1012 1024
1013 11729
1014 11827
1015 1022
1016 1023
1017 1021
1018 1020
1019 11728
1026 1047
1027 1036
1028 11738
1029 11712
1030 1035
1031 1034
1032 11822
1033 11726
1037 1048
1039 1044
1040 11725
1041 1082
1042 11724
1046 1052
1049 12671
1051 11723
1055 11656
1057 1058
1059 10624
1060 1061
1062 1200
1063 1177
1064 1199
1065 1190
1066 11703
1067 1076
1068 1110
1069 1071
1070 1106
1072 11718
1073 11715
1074 11716
1075 11717
1077 1083
1078 11727
1079 11714
1080 1081
1084 11713
1085 1105
1086 1091
1087 1095
1088 1089
1090 1189
1093 1096
1094 11711
1097 11709
1098 1109
1099 11708
1100 1102
1101 1103
1104 1121
1107 1112
1108 11704
1111 11705
1113 11700
1114 1157
1115 1123
1116 1117
1118 11691
1119 11702
1120 11710
1122 1124
1125 11701
1126 1128
1127 1198
1129 11699
1130 11683
1131 1194
1132 11697
1133 1170
1134 1155
1135 1167
1136 11698
1137 1141
1138 1146
1139 11696
1140 1149
1142 1232
1143 11695
1144 1145
1147 11694
1148 1150
1151 11693
1152 1169
1153 1166
1154 11690
1156 1165
1158 1197
1159 1162
1160 11692
1161 11689
1163 1188
1168 1171
1172 11684
1173 1187
1174 1193
1175 1207
1176 11688
1178 1191
1179 1186
1180 11721
1181 11687
1182 11686
1183 1184
1185 1192
1195 11685
1196 11682
1201 1204
1202 1206
1203 1225
1205 11680
1208 8487
1209 3407
1210 1211
1212 1238
1213 1215
1214 11678
1216 1259
1217 1218
1219 1222
1220 11676
1221 1223
1224 1226
1227 11671
1228 1239
1229 1237
1230 1235
1231 11674
1233 1234
1240 1253
1241 11672
1242 11670
1243 11677
1244 10629
1245 11844
1246 11138
1248 1252
1249 1251
1254 1255
1256 11669
1257 11668
1260 11679
1261 11681
1262 11667
1263 12968
1264 12969
1265 10622
1266 10557
1267 10541
1268 10448
1269 13187
1270 9846
1271 9795
1272 1275
1273 9656
1274 9814
1276 13243
1277 9829
1278 9660
1279 3094
1280 8858
1281 2754
1282 8859
1283 9653
1284 8927
1285 9655
1286 3093
1287 8874
1288 2645
1289 8924
1290 2639
1291 13189
1292 9650
1293 2623
1294 1296
1295 9647
1297 1300
1298 9646
1299 8937
1301 8996
1302 9597
1303 9642
1304 9643
1305 1310
1306 9641
1307 1309
1308 9644
1311 1312
1313 1392
1314 1315
1316 9637
1317 1321
1318 1320
1319 9636
1322 9617
1323 1332
1324 9630
1325 9634
1326 9632
1327 9619
1328 1331
1329 9633
1330 9638
1333 9639
1334 1385
1335 9601
1336 9628
1337 9625
1338 9621
1339 1345
1340 9624
1341 9626
1342 1344
1343 1349
1346 1389
1347 9622
1348 9623
1350 9620
1351 9627
1352 1390
1353 9600
1354 1359
1355 1356
1357 1358
1360 9585
1361 9611
1362 2611
1363 9605
1364 1374
1365 1371
1366 1370
1367 9645
1368 9610
1372 3199
1373 9609
1375 9612
1376 1910
1377 1981
1378 9606
1379 1977
1380 1381
1382 8777
1383 1387
1384 9648
1386 1401
1388 1393
1391 9618
1394 2609
1395 2588
1396 2587
1397 9602
1398 9594
1399 9599
1400 9592
1402 9593
1403 9591
1404 1476
1405 1524
1406 9587
1407 9586
1408 1410
1409 1909
1411 9557
1412 1416
1413 1415
1414 9393
1417 1459
1418 9580
1419 1420
1421 9579
1422 1451
1423 1448
1424 9578
1425 9577
1426 1427
1428 9574
1429 9573
1430 9572
1431 1438
1432 1434
1433 9576
1435 9571
1436 1450
1437 1505
1439 1446
1440 1594
1441 1453
1442 1445
1443 1444
1447 9567
1449 1452
1454 9565
1455 9563
1456 9564
1457 9562
1458 9447
1460 9561
1461 1475
1462 9582
1463 1504
1464 9566
1465 9560
1466 1484
1467 9558
1468 1469
1470 1472
1471 9588
1473 1908
1474 9525
1477 1478
1479 9553
1480 1610
1481 1483
1482 9552
1485 9534
1486 1495
1487 9548
1488 1513
1489 1520
1490 9549
1491 1493
1492 1494
1496 9547
1497 1521
1498 1517
1499 1511
1500 9545
1501 9498
1502 1503
1506 9542
1507 9540
1508 9541
1509 1510
1512 9538
1514 9536
1515 9533
1516 9535
1518 1519
1522 9550
1523 9530
1525 2526
1526 2557
1527 1529
1528 9526
1530 9529
1531 2553
1532 2551
1533 9485
1534 1582
1535 1603
1536 1599
1537 1580
1538 9499
1539 1596
1540 9521
1541 1564
1542 1563
1543 1558
1544 1555
1545 9520
1546 1554
1547 9518
1548 9519
1549 9515
1550 1551
1552 9523
1553 1575
1556 9517
1557 1560
1559 9514
1561 9509
1562 9511
1565 1568
1566 1567
1569 9569
1570 9522
1571 9506
1572 9505
1573 1574
1576 9503
1577 9502
1578 9500
1579 1581
1583 1584
1585 1586
1587 1614
1588 1607
1589 1609
1590 9495
1591 9479
1592 1635
1593 1670
1595 9493
1597 9501
1598 1601
1600 9490
1602 1604
1605 9524
1606 2550
1608 9486
1611 8986
1612 1626
1613 9484
1615 2544
1616 1779
1617 1770
1618 1775
1619 1688
1620 9482
1621 1754
1622 1623
1624 9415
1625 9474
1627 9419
1628 1678
1629 9476
1630 9478
1631 1737
1632 9477
1633 9416
1634 9453
1636 9463
1637 9473
1638 1639
1640 1641
1642 9470
1643 9472
1644 9469
1645 1652
1646 1657
1647 9468
1648 9467
1649 1656
1650 1653
1651 9466
1654 1655
1658 1660
1659 9460
1661 9459
1662 1664
1663 9458
1665 9475
1666 9457
1667 1669
1668 9456
1671 1676
1672 9455
1673 9449
1674 1690
1675 9454
1677 1684
1679 1682
1680 1681
1683 9451
1685 9450
1686 9452
1687 9422
1689 9448
1691 1724
1692 9445
1693 1697
1694 1700
1695 1711
1696 1794
1698 1699
1701 9441
1702 1713
1703 9494
1704 9438
1705 1707
1706 1719
1708 1712
1709 9436
1710 9437
1714 9398
1715 9434
1716 9435
1717 1718
1720 1722
1721 1723
1725 9426
1726 9413
1727 9427
1728 9428
1729 9429
1730 1732
1731 9446
1733 9421
1734 9423
1735 1739
1736 1738
1740 1741
1742 9471
1743 9417
1744 1747
1745 1753
1746 9420
1748 9483
1749 1752
1750 1765
1751 9414
1755 1773
1756 1772
1757 9412
1758 1766
1759 9411
1760 1761
1762 1764
1763 9408
1767 1769
1768 9406
1771 9401
1774 9405
1776 9403
1777 9402
1778 9404
1780 2539
1781 2540
1782 8982
1783 9399
1784 8990
1785 2419
1786 9031
1787 2417
1788 9055
1789 2401
1790 9395
1791 2119
1792 2042
1793 9392
1795 9391
1796 2041
1797 2039
1798 1801
1799 9389
1800 9387
1802 1818
1803 9386
1804 1806
1805 9385
1807 1808
1809 9384
1810 9383
1811 9381
1812 1816
1813 9380
1814 1815
1817 9390
1819 9378
1820 1844
1821 1843
1822 1824
1823 9376
1825 9375
1826 9369
1827 1840
1828 1842
1829 9374
1830 9366
1831 1839
1832 1836
1833 9370
1834 1835
1837 1838
1841 9373
1845 9365
1846 1891
1847 1861
1848 9363
1849 9362
1850 9361
1851 1857
1852 1864
1853 9360
1854 9359
1855 9355
1856 9353
1858 1867
1859 1860
1862 9260
1863 2023
1865 1868
1866 9352
1869 1874
1870 9349
1871 1873
1872 9350
1875 1895
1876 9324
1877 9388
1878 1880
1879 9347
1881 1922
1882 1887
1883 9344
1884 9342
1885 9382
1886 2022
1888 1890
1889 9341
1892 9337
1893 1901
1894 9336
1896 9334
1897 1900
1898 9333
1899 9335
1902 9343
1903 9331
1904 1924
1905 1906
1907 1913
1911 9326
1912 9603
1914 1931
1915 1916
1917 9325
1918 9323
1919 1925
1920 9322
1921 1935
1923 9321
1926 9318
1927 9272
1928 8843
1929 9274
1930 1934
1932 9316
1933 1957
1936 2017
1937 1973
1938 1962
1939 9314
1940 9293
1941 9607
1942 1946
1943 9313
1944 9311
1945 1947
1948 1995
1949 1950
1951 1991
1952 9305
1953 9288
1954 1958
1955 1956
1959 9301
1960 1990
1961 9299
1963 9295
1964 9298
1965 9294
1966 3155
1967 1971
1968 1970
1969 9296
1972 9297
1974 9300
1975 1989
1976 1986
1978 1979
1980 9292
1982 1985
1983 3157
1984 1988
1987 9289
1992 9306
1993 1994
1996 9285
1997 1998
1999 2000
2001 9281
2002 2008
2003 2773
2004 2006
2005 2772
2007 9276
2009 2778
2010 9278
2011 2775
2012 9275
2013 2016
2014 2015
2018 9354
2019 9271
2020 9000
2021 8954
2024 2035
2025 2026
2027 2036
2028 2033
2029 9265
2030 9264
2031 2055
2032 9254
2034 2038
2037 9025
2040 9581
2043 9258
2044 9257
2045 9396
2046 2061
2047 2056
2048 9263
2049 9256
2050 9253
2051 2054
2052 2053
2057 2060
2058 9266
2059 9259
2062 2073
2063 9251
2064 2065
2066 9252
2067 9249
2068 2072
2069 2195
2070 9248
2071 2179
2074 2087
2075 2076
2077 9245
2078 9239
2079 9243
2080 9240
2081 2082
2083 9241
2084 2094
2085 9242
2086 9244
2088 9236
2089 2098
2090 2091
2092 2093
2095 9224
2096 9262
2097 9234
2099 9235
2100 9065
2101 9233
2102 9229
2103 9231
2104 2117
2105 2108
2106 2115
2107 9225
2109 2116
2110 2153
2111 9195
2112 9222
2113 9230
2114 9217
2118 9219
2120 2390
2121 2125
2122 9216
2123 9199
2124 2157
2126 9215
2127 9070
2128 2409
2129 2389
2130 9213
2131 2132
2133 9212
2134 9211
2135 2158
2136 2151
2137 2138
2139 9208
2140 9205
2141 9209
2142 2146
2143 9204
2144 9207
2145 9206
2147 9200
2148 9201
2149 2393
2150 2392
2152 9202
2154 2155
2156 9196
2159 9074
2160 9194
2161 2344
2162 2386
2163 2276
2164 2169
2165 2170
2166 9192
2167 9190
2168 9227
2171 9187
2172 9188
2173 2177
2174 9268
2175 2178
2176 9186
2180 2278
2181 2268
2182 9184
2183 9151
2184 2248
2185 9182
2186 2496
2187 9181
2188 2200
2189 9180
2190 9179
2191 2198
2192 2234
2193 2194
2196 2206
2197 9176
2199 9144
2201 9175
2202 9169
2203 9174
2204 2221
2205 2230
2207 2475
2208 9171
2209 2215
2210 2211
2212 2213
2214 9162
2216 9167
2217 2220
2218 9168
2219 9166
2222 9165
2223 2229
2224 2227
2225 2228
2226 9164
2231 9161
2232 9159
2233 2237
2235 9158
2236 9160
2238 9157
2239 9156
2240 9148
2241 2280
2242 2254
2243 9153
2244 9152
2245 2252
2246 2251
2247 2256
2249 9150
2250 2258
2253 9149
2255 2257
2259 9147
2260 2262
2261 9145
2263 9142
2264 9183
2265 9143
2266 2267
2269 9137
2270 9141
2271 9133
2272 9138
2273 2275
2274 9155
2277 2343
2279 9136
2281 9124
2282 9130
2283 9129
2284 2460
2285 2337
2286 2289
2287 9127
2288 9103
2290 9123
2291 9112
2292 2293
2294 9122
2295 2302
2296 2297
2298 2305
2299 9121
2300 2301
2303 9119
2304 2322
2306 2307
2308 2311
2309 9116
2310 2312
2313 9120
2314 9113
2315 9111
2316 2318
2317 9110
2319 9109
2320 2323
2321 2325
2324 9107
2326 9117
2327 9105
2328 2338
2329 2336
2330 2332
2331 9104
2333 2476
2334 9132
2335 9102
2339 9101
2340 9100
2341 2372
2342 9125
2345 2350
2346 9097
2347 9098
2348 9096
2349 9081
2351 9095
2352 9082
2353 9093
2354 2365
2355 2356
2357 9091
2358 9090
2359 2370
2360 2385
2361 2383
2362 2364
2363 9092
2366 2378
2367 2369
2368 9086
2371 9087
2373 9083
2374 9080
2375 2377
2376 9099
2379 2381
2380 9030
2382 9089
2384 9076
2387 9075
2388 9060
2391 9072
2394 2396
2395 2397
2398 9071
2399 9067
2400 9066
2402 2404
2403 9064
2405 2418
2406 9062
2407 9061
2408 9054
2410 9059
2411 9057
2412 2415
2413 9056
2414 9078
2416 9058
2420 9051
2421 2533
2422 9487
2423 2535
2424 2449
2425 2459
2426 9047
2427 9043
2428 9046
2429 2435
2430 2433
2431 9045
2432 2445
2434 2439
2436 9042
2437 2506
2438 9041
2440 9005
2441 9040
2442 9038
2443 2444
2446 2456
2447 9036
2448 9035
2450 2454
2451 2457
2452 2453
2455 9032
2458 9037
2461 2505
2462 2488
2463 9028
2464 9027
2465 9269
2466 9024
2467 9172
2468 2470
2469 9026
2471 2474
2472 9023
2473 9022
2477 9021
2478 9019
2479 2492
2480 9016
2481 2482
2483 2484
2485 2487
2486 2524
2489 9013
2490 2514
2491 9012
2493 2504
2494 2509
2495 9004
2497 2507
2498 2501
2499 9008
2500 9009
2502 9007
2503 9006
2508 2510
2511 9003
2512 2515
2513 9002
2516 2530
2517 2518
2519 8999
2520 8997
2521 9014
2522 2593
2523 8844
2525 8995
2527 8998
2528 2556
2529 2534
2531 8991
2532 2536
2537 8988
2538 8989
2541 8987
2542 2543
2545 8985
2546 8984
2547 8983
2548 9400
2549 8981
2552 9555
2554 8979
2555 8980
2558 2570
2559 2562
2560 8959
2561 9590
2563 8973
2564 8968
2565 8993
2566 8970
2567 2582
2568 8972
2569 8969
2571 8967
2572 2586
2573 8966
2574 8971
2575 2578
2576 8965
2577 8977
2579 2580
2581 8963
2583 8961
2584 8974
2585 8958
2589 8943
2590 2591
2592 8872
2594 8949
2595 8952
2596 8950
2597 2607
2598 8955
2599 2600
2601 8945
2602 2606
2603 8939
2604 2739
2605 8942
2608 9595
2610 9598
2612 2620
2613 8929
2614 8938
2615 8928
2616 2622
2617 8935
2618 8936
2619 8930
2621 2630
2624 8933
2625 8931
2626 2629
2627 2631
2628 8932
2632 2634
2633 8934
2635 2636
2638 8925
2640 8921
2641 2704
2642 2643
2644 8877
2646 2647
2648 8922
2649 2707
2650 2682
2651 2697
2652 2680
2653 2658
2654 2659
2655 8913
2656 8914
2657 2675
2660 8908
2661 2687
2662 8912
2663 2668
2664 2689
2665 2670
2666 8906
2667 2686
2669 8907
2671 8905
2672 2685
2673 8904
2674 2677
2676 8901
2678 8899
2679 8898
2681 2703
2683 2688
2684 8909
2690 8889
2691 2693
2692 8918
2694 8891
2695 8890
2696 8897
2698 2701
2699 8911
2700 8888
2702 2705
2706 8885
2708 8883
2709 2711
2710 8882
2712 8879
2713 8878
2714 2722
2715 2721
2716 8875
2717 2719
2718 8876
2720 8660
2723 8873
2724 2728
2725 2726
2727 8953
2729 8870
2730 8869
2731 2743
2732 8868
2733 2736
2734 2735
2737 8865
2738 8853
2740 8860
2741 8861
2742 8867
2744 8856
2745 2746
2747 8864
2748 8871
2749 2753
2750 2752
2751 8855
2755 8850
2756 8852
2757 2765
2758 8851
2759 3096
2760 8848
2761 8847
2762 2779
2763 8832
2764 8846
2766 8845
2767 2770
2768 2769
2771 2777
2774 8842
2776 8841
2780 8835
2781 2904
2782 2903
2783 2785
2784 2902
2786 8837
2787 2790
2788 8836
2789 8834
2791 8833
2792 9286
2793 8831
2794 2898
2795 2893
2796 2889
2797 8830
2798 2859
2799 8828
2800 8827
2801 8807
2802 3146
2803 2804
2805 2829
2806 8825
2807 2809
2808 8826
2810 3142
2811 2825
2812 8822
2813 2820
2814 2824
2815 2819
2816 3147
2817 8820
2818 8817
2821 8821
2822 2826
2823 8816
2827 2828
2830 2877
2831 2833
2832 3099
2834 8811
2835 8799
2836 2879
2837 2845
2838 8802
2839 8806
2840 8804
2841 2843
2842 2844
2846 2849
2847 8803
2848 2850
2851 8788
2852 8801
2853 2854
2855 8800
2856 2858
2857 8798
2860 3132
2861 8790
2862 8795
2863 2883
2864 8792
2865 8794
2866 2870
2867 8793
2868 2993
2869 2871
2872 8724
2873 8791
2874 8786
2875 2876
2878 8778
2880 2882
2881 8784
2884 2886
2885 8780
2887 8787
2888 2896
2890 2892
2891 8776
2894 8734
2895 8774
2897 2901
2899 8749
2900 8772
2905 2907
2906 8770
2908 8761
2909 8771
2910 8769
2911 3068
2912 8767
2913 8768
2914 3055
2915 2918
2916 2917
2919 8763
2920 2958
2921 8744
2922 8766
2923 8759
2924 3041
2925 3039
2926 2972
2927 8758
2928 8755
2929 8765
2930 3003
2931 2932
2933 2934
2935 2999
2936 2973
2937 8754
2938 8756
2939 2955
2940 2943
2941 8752
2942 3019
2944 2948
2945 2947
2946 8750
2949 2964
2950 2963
2951 8748
2952 3053
2953 8746
2954 3020
2956 8745
2957 8742
2959 8743
2960 8760
2961 8751
2962 8741
2965 8739
2966 2967
2968 8738
2969 2977
2970 8773
2971 8736
2974 2997
2975 8775
2976 2978
2979 2982
2980 2981
2983 8735
2984 8730
2985 2990
2986 8782
2987 8727
2988 8726
2989 2991
2992 8731
2994 2995
2996 8722
2998 3018
3000 3007
3001 3002
3004 8717
3005 8716
3006 3015
3008 8715
3009 8707
3010 8714
3011 8713
3012 8711
3013 8810
3014 8710
3016 8808
3017 8709
3021 3037
3022 8704
3023 3036
3024 8701
3025 8668
3026 3029
3027 8700
3028 3031
3030 8663
3032 8688
3033 3035
3034 8698
3038 8694
3040 8712
3042 8693
3043 3047
3044 8692
3045 3050
3046 8695
3048 3052
3049 8690
3051 8691
3054 8747
3056 8696
3057 8686
3058 3065
3059 8681
3060 3081
3061 3066
3062 8678
3063 8680
3064 8679
3067 8677
3069 3072
3070 8675
3071 3074
3073 8673
3075 8671
3076 8670
3077 3079
3078 8676
3080 8669
3082 3085
3083 8667
3084 8662
3086 3088
3087 8665
3089 3090
3091 8702
3092 8849
3095 8659
3097 9662
3098 13244
3100 8658
3101 3102
3103 8705
3104 3542
3105 8657
3106 8655
3107 3111
3108 8656
3109 3119
3110 8652
3112 3123
3113 8815
3114 9664
3115 3117
3116 3118
3120 8653
3121 8651
3122 8454
3124 3125
3126 8818
3127 8648
3128 3131
3129 3130
3133 8805
3134 8646
3135 3260
3136 3140
3137 3139
3138 8650
3141 8645
3143 8445
3144 3508
3145 8797
3148 3152
3149 8637
3150 8639
3151 3210
3153 8636
3154 9290
3156 8633
3158 8632
3159 8631
3160 8630
3161 8829
3162 3214
3163 8593
3164 8626
3165 3167
3166 3174
3168 8623
3169 8609
3170 3173
3171 8607
3172 8624
3175 8621
3176 8616
3177 3181
3178 8618
3179 8620
3180 3188
3182 8617
3183 3187
3184 8614
3185 8615
3186 8612
3189 8606
3190 8605
3191 8600
3192 3194
3193 8602
3195 8604
3196 3198
3197 8601
3200 8603
3201 3205
3202 3283
3203 8598
3204 3310
3207 8628
3208 8595
3209 8596
3211 8566
3212 3268
3213 8625
3215 3217
3216 8592
3218 3223
3219 3220
3221 8588
3222 8640
3224 8589
3225 8587
3226 8586
3227 8641
3228 8638
3229 8647
3230 3514
3231 3235
3232 3233
3234 8584
3236 3241
3237 8582
3238 8581
3239 3483
3240 3500
3242 8452
3243 8578
3244 8579
3245 3503
3246 3327
3247 3474
3248 3475
3249 3312
3250 8571
3251 8539
3252 3285
3253 3496
3254 3495
3255 8569
3256 8555
3257 8568
3258 3504
3259 3261
3262 8583
3263 8565
3264 3267
3265 3266
3269 3273
3270 3511
3271 8561
3272 3276
3274 8560
3275 8559
3277 3280
3278 8558
3279 8597
3281 8556
3282 3311
3284 8554
3286 8552
3287 8572
3288 3309
3289 3292
3290 8549
3291 8550
3293 8551
3294 3304
3295 8548
3296 8553
3297 8576
3298 8546
3299 8545
3300 3305
3301 8544
3302 8543
3303 8542
3306 3307
3308 8540
3313 8535
3314 8534
3315 3318
3316 8574
3317 3323
3319 3321
3320 11852
3322 3466
3324 8533
3325 3470
3326 8463
3328 3465
3329 3338
3330 3335
3331 3346
3332 3334
3333 8530
3336 8529
3337 8528
3339 3341
3340 8526
3342 3344
3343 8524
3345 8527
3347 8523
3348 3352
3349 3351
3350 8522
3353 8467
3354 3374
3355 8520
3356 8517
3357 8518
3358 3369
3359 8500
3360 3398
3361 3461
3362 8519
3363 3373
3364 3368
3365 8516
3366 8515
3367 3372
3370 8514
3371 8512
3375 8511
3376 8509
3377 3385
3378 8510
3379 3380
3381 8505
3382 8508
3383 3395
3384 3391
3386 8506
3387 3394
3388 3392
3389 3399
3390 8531
3393 8502
3396 3441
3397 3664
3400 8501
3401 3402
3403 3418
3404 8498
3405 8497
3406 8495
3408 8493
3409 3413
3410 3412
3411 8492
3414 3422
3415 3421
3416 3419
3417 8490
3420 8491
3423 3458
3424 3428
3425 8486
3426 3429
3430 3431
3432 8483
3433 8481
3434 8485
3435 3440
3436 8482
3437 8484
3438 8479
3439 8478
3442 8477
3443 3447
3444 3446
3445 3453
3449 8473
3450 3456
3452 11867
3454 8470
3455 3457
3459 3460
3462 8466
3463 3464
3467 8464
3468 8536
3472 8462
3473 8573
3476 8443
3477 8460
3478 8459
3479 8458
3480 3489
3481 8362
3482 8457
3484 8455
3485 8456
3486 8449
3487 3488
3490 8451
3491 3492
3493 3494
3497 8450
3498 8453
3499 3502
3501 8448
3505 8447
3506 3509
3507 8446
3510 8580
3512 8585
3513 8444
3515 3541
3516 8441
3517 8432
3518 3520
3519 8440
3521 3596
3522 3524
3523 3558
3525 8437
3526 3530
3527 8415
3528 8430
3529 3533
3531 8436
3532 3645
3534 8431
3535 3538
3536 8427
3537 8434
3539 8442
3540 8429
3543 8426
3544 8423
3545 3615
3546 3638
3547 3614
3548 8421
3549 3610
3550 8417
3551 8422
3552 8438
3553 8418
3554 3586
3555 8419
3556 3627
3557 3631
3559 8428
3560 8378
3561 8405
3562 3584
3563 8439
3564 3579
3565 3573
3566 3567
3568 8412
3569 3571
3570 8411
3572 8410
3574 3575
3576 3661
3577 8407
3578 8406
3580 8404
3581 3583
3582 8414
3585 8403
3587 8401
3588 3609
3589 8400
3590 3594
3591 8409
3592 8398
3593 8408
3595 8397
3597 3598
3599 8395
3600 8392
3601 8394
3602 8393
3603 8396
3604 3608
3605 8391
3606 3607
3611 3612
3613 3642
3616 3622
3617 3636
3618 3619
3620 8386
3621 8385
3623 3635
3624 8402
3625 3630
3626 8383
3628 8382
3629 8381
3632 3637
3633 8380
3634 8384
3639 8377
3640 3643
3641 8389
3644 3650
3646 8373
3647 8374
3648 8372
3649 8364
3651 3653
3652 8370
3654 3681
3655 9667
3656 3667
3657 8368
3658 8367
3659 8366
3660 8365
3662 8363
3663 8369
3665 8461
3666 3673
3668 3674
3669 8358
3670 3672
3671 8359
3675 8357
3676 8356
3677 8360
3678 8355
3679 8354
3680 3684
3683 3686
3685 8352
3687 8353
3688 3695
3689 7649
3690 8351
3691 8349
3692 4935
3693 8348
3694 7699
3696 7705
3697 8346
3698 8344
3699 8350
3700 3702
3701 8342
3703 9668
3704 8340
3705 3714
3706 8339
3707 3713
3708 3710
3709 8336
3711 8335
3712 8334
3715 8333
3716 8332
3717 8325
3718 8326
3719 13751
3720 8331
3721 8330
3722 3723
3724 7650
3725 3727
3726 8327
3728 8328
3729 13248
3730 3731
3732 13246
3733 8323
3734 3756
3735 3741
3736 8322
3737 3984
3738 8319
3739 8320
3740 3747
3742 8317
3743 3746
3744 8189
3745 8318
3748 4623
3749 8316
3750 7704
3751 7652
3752 8299
3753 3755
3754 3767
3757 8312
3758 8311
3759 3764
3760 13739
3761 8309
3762 8215
3763 8308
3765 8313
3766 3986
3768 8314
3769 8305
3770 3772
3771 8302
3773 8303
3774 8304
3775 8278
3776 8301
3777 3778
3779 4516
3780 7906
3781 3801
3782 8286
3783 3791
3784 8297
3785 8295
3786 3789
3787 8296
3788 8293
3790 8298
3792 8291
3793 8289
3794 3798
3795 8287
3796 8294
3797 8288
3799 8290
3800 8245
3802 3918
3803 8275
3804 8283
3805 8284
3806 8282
3807 3820
3808 3809
3810 8281
3811 3816
3812 3813
3814 8280
3815 8277
3817 8276
3818 4000
3819 8274
3821 8185
3822 8220
3823 3850
3824 8292
3825 3828
3826 8263
3827 8272
3829 8271
3830 3844
3831 8269
3832 8273
3833 3842
3834 8258
3835 8265
3836 3840
3837 3839
3838 8261
3841 8262
3843 3866
3845 3846
3847 8270
3848 8250
3849 8259
3851 13247
3852 3856
3853 8257
3854 8251
3855 8237
3857 8255
3858 8254
3859 8253
3860 3865
3861 8252
3862 3863
3864 3868
3867 8249
3869 3880
3870 3871
3872 8247
3873 3889
3874 3886
3875 3883
3876 8246
3877 4454
3878 3881
3879 8244
3882 8243
3884 8267
3885 3888
3887 8240
3890 8248
3891 3942
3892 3999
3893 3998
3894 3898
3895 3897
3896 3996
3899 3993
3900 3902
3901 8231
3903 3931
3904 3905
3906 3908
3907 3912
3909 3924
3910 3929
3911 3915
3913 8226
3914 8225
3916 3927
3917 8223
3919 8222
3920 8221
3921 3926
3922 3925
3923 8228
3928 8224
3930 8219
3932 3934
3933 8213
3935 3966
3936 3971
3937 3941
3938 3939
3940 8214
3943 8190
3944 3963
3945 8211
3946 8204
3947 3951
3948 3949
3950 3980
3952 3976
3953 8206
3954 3968
3955 8207
3956 8202
3957 8208
3958 3975
3959 8205
3960 3961
3962 3992
3964 8203
3965 8197
3967 3973
3969 3977
3970 3972
3974 8198
3978 3982
3979 3981
3983 3988
3985 8194
3987 8193
3989 8192
3990 8191
3991 8212
3994 7707
3995 8188
3997 8184
4001 4441
4002 4006
4003 4004
4005 4136
4007 4018
4008 8085
4009 4219
4010 8180
4011 8084
4012 4212
4013 8179
4014 4157
4015 4097
4016 8177
4017 4019
4020 4021
4022 4086
4023 4030
4024 4759
4025 4028
4026 4027
4029 8174
4031 4033
4032 7869
4034 8171
4035 4089
4036 8154
4037 4569
4038 4045
4039 8168
4040 4746
4041 8147
4042 4081
4043 8166
4044 4056
4046 4061
4047 4055
4048 4054
4049 7901
4050 8164
4051 4053
4052 4574
4057 8161
4058 4071
4059 8158
4060 8160
4062 8151
4063 4067
4064 4066
4065 4084
4068 8155
4069 4076
4070 4074
4072 8167
4073 8150
4075 8153
4077 4082
4078 4083
4079 4080
4085 4088
4087 8146
4090 8145
4091 4107
4092 8144
4093 4104
4094 4650
4095 8143
4096 8172
4098 4138
4099 4120
4100 4119
4101 8131
4102 8122
4103 8136
4105 8138
4106 4108
4109 4211
4110 8135
4111 8134
4112 8140
4113 8133
4114 4115
4116 4117
4118 8132
4121 8130
4122 4124
4123 4125
4126 8127
4127 4143
4128 8126
4129 4131
4130 8124
4132 8129
4133 4142
4134 8123
4135 8137
4137 8125
4139 8118
4140 4141
4144 8113
4145 8112
4146 8152
4147 8117
4148 8116
4149 4156
4150 4204
4151 4195
4152 4560
4153 4559
4154 4155
4158 8111
4159 4192
4160 8108
4161 7920
4162 8109
4163 8105
4164 4167
4165 4172
4166 4168
4169 8107
4170 4186
4171 8106
4173 4185
4174 8101
4175 4184
4176 8099
4177 8043
4178 4181
4179 4180
4182 8104
4183 8039
4187 8098
4188 8097
4189 4190
4191 8096
4193 4284
4194 8114
4196 8054
4197 8115
4198 4199
4200 8091
4201 8089
4202 8094
4203 8087
4205 4206
4207 4438
4208 4288
4209 8088
4210 8079
4213 4215
4214 8083
4216 8082
4217 8081
4218 8080
4220 4440
4221 7967
4222 4267
4223 4246
4224 4226
4225 8045
4227 8061
4228 8060
4229 4264
4230 4277
4231 4262
4232 8076
4233 8075
4234 4244
4235 4257
4236 4252
4237 8053
4238 4241
4239 4240
4242 8052
4243 8064
4245 4276
4247 8059
4248 4258
4249 8069
4250 8067
4251 4253
4254 8068
4255 4256
4259 8062
4260 4265
4261 8074
4263 4429
4266 8058
4268 8010
4269 4273
4270 8071
4271 4293
4272 8056
4274 4278
4275 8051
4279 4295
4280 4291
4281 8050
4282 8049
4283 4285
4286 8048
4287 8047
4289 4292
4290 8046
4294 8044
4296 8070
4297 4366
4298 8041
4299 7997
4300 4527
4301 8038
4302 8032
4303 4343
4304 4311
4305 8035
4306 4309
4307 8036
4308 8022
4310 8034
4312 8033
4313 4318
4314 4316
4315 4324
4317 8031
4319 4323
4320 8025
4321 8030
4322 8023
4325 8027
4326 4330
4327 8028
4328 8029
4329 8026
4331 4334
4332 4333
4335 4353
4336 4348
4337 4524
4338 4340
4339 8024
4341 4342
4344 4386
4345 4347
4346 8020
4349 4350
4351 4352
4354 8017
4355 4360
4356 8015
4357 8013
4358 8014
4359 4452
4361 7971
4362 4365
4363 4364
4367 8011
4368 8057
4369 8009
4370 4430
4371 4375
4372 8007
4373 4404
4374 8006
4376 4417
4377 4424
4378 8004
4379 4397
4380 8002
4381 4402
4382 7999
4383 4385
4384 7998
4387 4400
4388 7995
4389 7996
4390 4399
4391 4450
4392 7994
4393 4395
4394 7993
4396 7992
4398 7990
4401 7988
4403 7987
4405 7985
4406 4409
4407 4410
4408 7984
4411 7983
4412 4414
4413 7982
4415 4416
4418 4419
4420 4428
4421 4425
4422 4426
4423 7976
4427 7975
4431 7973
4432 7974
4433 7972
4434 7962
4435 7970
4436 7968
4437 7960
4439 4448
4442 4445
4443 7963
4444 7964
4446 7959
4447 7961
4449 4453
4451 7958
4455 8300
4456 7955
4457 8310
4458 4468
4459 4465
4460 7954
4461 4464
4462 7952
4463 7939
4466 13740
4467 4496
4469 7657
4470 4489
4471 4475
4472 7948
4473 4474
4476 7945
4477 4498
4478 7944
4479 7941
4480 7942
4481 4500
4482 7943
4483 4497
4484 4486
4485 7940
4487 4557
4488 7938
4490 4491
4492 5018
4493 4494
4495 7936
4499 7932
4501 7937
4502 7931
4503 7925
4504 4507
4505 7930
4506 4556
4508 4515
4509 7926
4510 7927
4511 4514
4512 4513
4517 7924
4518 7928
4519 7929
4520 4555
4521 7914
4522 4539
4523 7921
4525 4551
4526 4536
4528 4533
4529 7919
4530 7915
4531 7918
4532 7923
4534 7917
4535 4550
4537 7922
4538 7916
4540 4549
4541 4548
4542 7910
4543 4547
4544 4546
4545 7912
4552 7908
4553 8021
4554 7907
4558 4561
4562 8110
4563 7659
4564 4595
4565 7902
4566 8157
4567 4588
4568 7661
4570 8163
4571 7899
4572 7898
4573 8162
4575 7897
4576 4591
4577 7884
4578 7896
4579 7895
4580 4585
4581 4582
4583 7893
4584 7894
4586 4590
4587 5015
4589 7890
4592 7662
4593 7888
4594 7887
4596 5023
4597 5016
4598 7621
4599 7886
4600 5031
4601 7609
4602 4605
4603 7883
4604 4606
4607 7881
4608 7880
4609 4610
4611 5013
4612 4992
4613 7667
4614 7687
4615 4618
4616 7873
4617 7876
4619 4950
4620 4622
4621 7872
4624 7870
4625 4628
4626 7868
4627 4631
4629 4933
4630 7865
4632 7853
4633 7864
4634 7769
4635 7867
4636 7863
4637 4640
4638 7862
4639 4699
4641 4643
4642 4644
4645 4923
4646 4647
4648 7856
4649 7860
4651 4930
4652 4656
4653 7854
4654 4929
4655 7717
4657 4928
4658 4925
4659 4666
4660 4673
4661 4672
4662 7843
4663 4676
4664 7831
4665 7848
4667 7849
4668 7846
4669 7845
4670 7844
4671 7842
4674 7841
4675 4860
4677 7852
4678 4679
4680 4917
4681 4887
4682 7836
4683 7835
4684 4685
4686 4852
4687 7763
4688 4848
4689 7847
4690 4692
4691 7832
4693 7833
4694 7861
4695 7830
4696 7850
4697 7829
4698 7859
4700 4702
4701 4703
4704 4842
4705 7826
4706 4897
4707 4709
4708 7828
4710 4841
4711 4713
4712 7822
4714 7820
4715 7816
4716 7818
4717 4828
4718 7819
4719 7727
4720 7809
4721 4912
4722 4740
4723 4731
4724 4727
4725 4818
4726 4751
4728 7813
4729 7806
4730 4750
4732 7811
4733 4735
4734 7810
4736 4739
4737 4738
4741 7807
4742 4743
4744 4758
4745 7814
4747 7805
4748 4827
4749 7804
4752 7803
4753 4799
4754 7802
4755 7801
4756 8173
4757 7800
4760 8156
4761 4782
4762 4779
4763 4797
4764 7798
4765 4781
4766 7797
4767 4780
4768 7795
4769 4770
4771 7793
4772 4789
4773 4777
4774 4776
4775 7792
4778 7791
4783 8170
4784 7788
4785 7787
4786 4817
4787 7786
4788 4792
4790 4804
4791 4793
4794 7785
4795 4796
4798 4806
4800 4802
4801 7775
4803 7774
4805 4809
4807 4808
4810 7778
4811 4812
4813 4814
4815 7776
4816 7789
4819 4825
4820 4822
4821 4824
4823 7772
4826 4910
4829 7817
4830 4833
4831 4832
4834 7767
4835 7766
4836 7768
4837 4838
4839 7823
4840 7764
4843 7758
4844 7761
4845 7834
4846 7757
4847 7760
4849 7762
4850 7756
4851 7837
4853 7755
4854 4858
4855 4857
4856 7754
4859 7753
4861 4886
4862 7751
4863 4865
4864 7840
4866 7733
4867 7839
4868 4878
4869 4879
4870 7743
4871 4876
4872 7739
4873 7742
4874 7745
4875 7741
4877 7738
4880 4921
4881 5661
4882 7736
4883 7724
4884 7718
4885 7734
4888 4889
4890 4892
4891 4894
4893 7730
4895 4916
4896 4915
4898 7728
4899 4901
4900 7726
4902 7729
4903 7723
4904 7721
4905 4906
4907 7725
4908 7735
4909 4913
4911 7720
4914 7719
4918 7838
4919 7737
4920 7716
4922 7715
4924 7714
4926 7712
4927 7711
4931 7710
4932 7784
4934 4947
4936 4941
4937 8347
4938 7706
4939 8306
4940 8187
4942 7703
4943 4953
4944 7702
4945 7892
4946 4952
4948 7701
4949 7871
4951 4956
4954 4985
4955 7700
4957 4984
4958 7695
4959 7692
4960 7696
4961 7694
4962 4964
4963 7693
4965 7815
4966 4968
4967 4980
4969 4988
4970 7689
4971 7877
4972 4976
4973 4974
4975 7690
4977 4989
4978 15692
4979 7686
4981 7685
4982 7670
4986 7684
4987 7688
4990 5007
4991 7681
4993 7683
4994 7676
4995 7675
4996 5004
4997 7678
4998 7680
4999 7677
5000 7674
5001 5002
5003 7679
5005 7673
5006 7672
5008 7671
5009 7669
5010 5011
5012 7668
5014 7891
5017 7624
5019 5020
5021 7665
5022 7663
5024 7900
5025 7951
5026 13743
5027 13738
5028 7623
5029 7619
5030 7618
5032 15677
5033 7612
5034 6434
5035 5687
5036 5688
5037 6057
5038 5571
5039 5503
5040 5691
5041 5055
5042 5043
5044 5048
5045 5692
5046 5933
5047 5447
5049 5695
5050 5696
5051 5385
5052 5441
5053 5697
5054 5698
5056 5699
5057 5839
5058 5840
5059 5700
5060 5907
5061 5703
5062 15666
5063 5073
5064 5070
5065 5704
5066 5068
5067 5705
5069 5706
5071 5094
5072 5718
5074 5709
5075 5082
5076 5722
5077 5897
5078 5896
5079 5316
5080 5711
5081 5411
5083 5434
5084 5893
5085 5086
5087 5088
5089 5714
5090 5402
5091 5715
5092 5712
5093 5717
5095 5098
5096 5097
5099 5136
5100 5111
5101 5118
5102 5721
5103 5125
5104 5106
5105 5122
5107 5724
5108 5726
5109 5725
5110 6222
5112 5123
5113 5701
5114 5707
5115 5728
5116 5729
5117 5730
5119 5741
5120 6230
5121 5731
5124 5733
5126 5133
5127 6226
5128 5739
5129 6248
5130 5737
5131 5738
5132 5735
5134 5740
5135 5702
5137 5742
5138 5143
5139 5744
5140 5398
5141 6216
5142 5745
5144 5747
5145 5154
5146 6228
5147 6229
5148 5748
5149 5749
5150 5750
5151 5888
5152 5397
5153 5390
5155 5752
5156 5392
5157 5391
5158 5159
5160 5838
5161 6209
5162 5756
5163 5708
5164 5166
5165 5202
5167 5179
5168 5774
5169 5759
5170 5760
5171 5772
5172 5743
5173 5761
5174 5175
5176 5762
5177 5178
5180 5198
5181 5197
5182 5765
5183 5766
5184 5196
5185 5769
5186 5189
5187 5767
5188 5191
5190 5768
5192 5764
5193 5775
5194 5195
5199 5773
5200 5751
5201 5758
5203 5776
5204 6007
5205 5206
5207 5834
5208 5224
5209 5227
5210 6031
5211 6344
5212 5217
5213 5783
5214 5218
5215 5784
5216 5662
5219 5223
5220 6032
5221 5826
5222 6039
5225 5788
5226 6176
5228 5790
5229 5246
5230 5245
5231 5792
5232 5793
5233 5794
5234 5235
5236 5797
5237 5802
5238 5239
5240 5799
5241 5800
5242 5804
5243 5801
5244 5803
5247 5248
5249 5251
5250 5807
5252 5806
5253 5292
5254 5291
5255 5810
5256 5257
5258 5808
5259 5261
5260 5789
5262 5796
5263 5264
5265 5812
5266 5301
5267 5268
5269 6005
5270 5272
5271 5278
5273 5836
5274 5936
5275 5815
5276 5817
5277 5887
5279 5452
5280 5818
5281 5286
5282 5819
5283 6030
5284 5285
5287 5820
5288 5823
5289 5825
5290 5798
5293 5303
5294 5827
5295 5828
5296 5821
5297 5832
5298 5829
5299 5831
5300 5833
5302 5830
5304 5306
5305 5835
5307 5396
5308 5310
5309 5311
5312 5837
5313 5387
5314 5375
5315 5378
5317 5369
5318 5341
5319 5843
5320 5872
5321 5846
5322 5336
5323 5845
5324 5399
5325 5327
5326 5847
5328 5333
5329 5848
5330 5343
5331 5850
5332 5342
5334 5851
5335 5854
5337 5855
5338 5853
5339 5852
5340 5844
5344 5347
5345 5372
5346 5353
5348 5373
5349 5861
5350 5870
5351 5849
5352 5863
5354 5365
5355 5367
5356 5364
5357 5865
5358 5877
5359 5858
5360 5869
5361 5363
5362 5868
5366 5370
5368 5871
5371 5873
5374 5874
5376 5377
5379 5384
5380 5878
5381 5386
5382 5383
5388 5394
5389 5881
5393 5880
5395 5885
5400 5889
5401 5879
5403 5890
5404 5405
5406 5439
5407 5713
5408 5892
5409 5410
5412 5415
5413 5416
5414 5898
5417 5908
5418 5899
5419 5421
5420 5900
5422 5901
5423 5424
5425 5903
5426 5902
5427 5432
5428 5904
5429 5430
5431 5905
5433 5891
5435 5906
5436 5909
5437 5912
5438 5442
5440 5446
5443 5911
5444 5913
5445 5910
5448 5914
5449 5927
5450 5937
5451 5468
5453 5916
5454 5466
5455 5925
5456 5917
5457 5918
5458 5461
5459 5462
5460 5920
5463 5922
5464 5953
5465 5924
5467 5926
5469 5886
5470 5502
5471 5475
5472 5474
5473 5929
5476 5930
5477 5693
5478 5480
5479 5931
5481 5482
5483 5934
5484 5935
5485 5486
5487 5932
5488 5939
5489 5552
5490 5492
5491 5494
5493 5496
5495 5944
5497 5943
5498 5945
5499 5694
5500 5946
5501 5665
5504 5603
5505 5948
5506 5509
5507 5512
5508 5511
5510 5949
5513 5553
5514 5951
5515 5521
5516 5520
5517 5938
5518 5956
5519 5955
5522 5942
5523 5524
5525 5957
5526 5954
5527 5958
5528 5558
5529 5959
5530 5567
5531 5537
5532 5533
5534 5539
5535 5545
5536 5538
5540 5541
5542 5966
5543 5968
5544 5548
5546 5969
5547 5967
5549 5971
5550 5972
5551 5923
5554 5947
5555 5565
5556 5564
5557 5562
5559 5587
5560 5976
5561 13653
5563 5979
5566 5973
5568 5952
5569 5577
5570 5985
5572 5982
5573 5983
5574 5984
5575 5576
5578 5989
5579 5988
5580 5991
5581 5987
5582 5586
5583 5977
5584 5602
5585 5990
5588 6000
5589 5591
5590 15663
5592 5595
5593 5994
5594 5995
5596 5996
5597 5997
5598 5998
5599 5601
5600 5999
5604 5690
5605 15255
5606 6004
5607 5636
5608 5612
5609 5611
5610 6003
5613 6006
5614 6028
5615 5617
5616 6143
5618 6008
5619 5630
5620 5622
5621 5623
5624 6010
5625 6009
5626 6011
5627 5628
5629 6012
5631 6014
5632 5635
5633 5663
5634 6013
5637 5657
5638 5643
5639 6016
5640 5667
5641 6017
5642 5647
5644 5658
5645 6026
5646 6027
5648 6018
5649 5659
5650 6347
5651 6350
5652 5655
5653 6020
5654 6021
5656 6023
5660 6022
5664 6065
5666 6015
5668 6062
5669 6345
5670 13652
5671 6246
5672 6387
5673 6388
5674 6396
5675 6402
5676 13555
5677 6429
5678 13562
5679 7552
5680 13267
5681 7568
5682 7598
5683 7586
5684 7603
5685 7602
5686 15658
5689 12164
5710 5716
5719 5720
5723 5732
5727 6219
5734 15667
5736 13654
5746 6215
5753 5883
5754 5763
5755 5757
5770 5771
5777 5787
5778 6227
5779 6033
5780 5785
5781 5782
5786 6165
5791 5809
5795 5805
5811 6182
5813 5915
5814 6002
5816 5928
5822 5824
5841 5842
5856 5857
5859 5860
5862 5864
5866 5867
5875 5876
5882 5884
5894 5895
5919 5921
5940 5941
5950 5978
5960 5974
5961 5975
5962 5963
5964 5981
5965 5970
5980 6029
5986 5992
5993 6001
6019 6024
6025 6340
6034 6204
6035 6158
6036 6181
6037 6342
6038 13651
6040 13628
6041 6081
6042 6352
6043 6066
6044 13277
6045 13645
6046 6051
6047 6050
6048 6049
6052 6064
6053 6063
6054 6055
6056 13647
6058 6059
6060 6061
6067 13644
6068 6123
6069 6111
6070 6074
6071 6336
6072 13643
6073 13576
6075 13631
6076 6337
6077 6135
6078 6107
6079 13641
6080 13640
6082 6106
6083 6087
6084 13639
6085 6335
6086 6095
6088 13636
6089 6096
6090 6091
6092 13637
6093 6094
6097 6332
6098 13638
6099 6292
6100 13634
6101 6104
6102 6103
6105 6115
6108 6109
6110 6339
6112 6119
6113 6338
6114 13622
6116 6121
6117 13575
6118 6132
6120 13629
6122 13632
6124 6334
6125 6175
6126 6127
6128 6148
6129 6333
6130 6131
6133 6341
6134 13650
6136 6146
6137 6142
6138 6147
6139 6140
6141 13623
6144 6145
6149 6298
6150 6167
6151 6161
6152 6160
6153 6159
6154 6157
6155 13621
6156 6166
6162 13620
6163 13618
6164 6171
6168 13619
6169 6314
6170 6304
6172 6174
6173 13617
6177 6199
6178 6198
6179 6200
6180 6183
6184 6202
6185 6194
6186 6197
6187 6188
6189 6190
6191 6201
6192 13611
6193 13614
6195 6196
6203 13615
6205 6218
6206 6224
6207 6225
6208 6223
6210 6214
6211 13609
6212 6213
6217 13607
6220 13606
6221 13605
6231 13604
6232 6403
6233 6409
6234 6380
6235 6407
6236 6385
6237 6365
6238 6374
6239 13600
6240 6368
6241 15669
6242 6249
6243 6245
6244 6252
6247 13610
6250 6364
6251 13603
6253 13572
6254 6355
6255 6354
6256 6356
6257 13599
6258 13573
6259 6261
6260 13598
6262 6265
6263 6282
6264 13596
6266 6330
6267 6329
6268 6279
6269 6324
6270 6325
6271 6276
6272 6275
6273 6274
6277 6328
6278 6322
6280 6343
6281 6287
6283 6317
6284 13591
6285 6288
6286 6353
6289 6323
6290 6295
6291 6316
6293 13588
6294 13589
6296 13584
6297 13586
6299 6331
6300 13585
6301 13587
6302 6307
6303 13627
6305 6308
6306 6315
6309 13597
6310 6311
6312 13616
6313 13583
6318 13590
6319 6321
6320 13580
6326 13595
6327 13594
6346 6351
6348 6349
6357 7556
6358 13601
6359 6362
6360 6363
6361 13571
6366 15670
6367 13608
6369 6370
6371 7557
6372 13569
6373 13602
6375 6377
6376 13568
6378 7318
6379 6389
6381 13567
6382 6401
6383 6395
6384 13566
6386 6405
6390 6391
6392 6410
6393 6398
6394 13668
6397 6399
6400 6408
6404 13561
6406 13556
6411 15264
6412 6415
6413 6422
6414 13559
6416 13558
6417 6435
6418 6419
6420 15321
6421 13560
6423 14681
6424 6441
6425 7307
6426 13337
6427 7146
6428 7332
6430 13259
6431 13340
6432 7346
6433 7335
6436 13347
6437 13671
6438 7261
6439 13676
6440 13550
6442 6451
6443 6449
6444 6450
6445 7276
6446 13670
6447 6452
6448 13549
6453 13673
6454 6480
6455 7284
6456 13672
6457 7266
6458 13545
6459 13349
6460 6461
6462 13546
6463 7262
6464 13547
6465 7264
6466 13544
6467 6468
6469 6472
6470 6471
6473 7251
6474 13350
6475 13353
6476 13542
6477 13543
6478 13541
6479 13348
6481 13675
6482 13677
6483 6485
6484 13538
6486 6494
6487 6499
6488 13680
6489 13679
6490 6492
6491 7213
6493 7246
6495 13685
6496 13687
6497 13536
6498 6541
6500 13531
6501 6502
6503 6526
6504 13511
6505 6556
6506 13518
6507 6508
6509 6531
6510 6513
6511 13533
6512 13690
6514 13539
6515 13689
6516 13692
6517 6518
6519 6525
6520 6522
6521 13532
6523 6598
6524 6527
6528 13535
6529 7224
6530 13530
6532 13528
6533 13510
6534 6558
6535 13519
6536 6538
6537 6563
6539 13526
6540 6553
6542 6544
6543 6546
6545 6547
6548 13525
6549 13523
6550 6551
6552 13522
6554 13524
6555 13520
6557 6559
6560 6595
6561 7170
6562 13517
6564 7173
6565 6594
6566 13516
6567 7154
6568 6576
6569 6574
6570 6573
6571 6572
6575 7171
6577 7152
6578 13514
6579 6604
6580 6613
6581 13858
6582 12570
6583 6600
6584 13507
6585 7169
6586 6623
6587 6588
6589 6596
6590 6591
6592 13527
6593 6597
6599 13696
6601 6605
6602 6615
6603 6607
6606 13508
6608 13513
6609 6614
6610 6612
6611 7157
6616 7133
6617 13506
6618 13708
6619 9755
6620 6622
6621 13505
6624 13662
6625 13700
6626 13871
6627 13951
6628 13843
6629 13828
6630 13710
6631 6717
6632 6757
6633 6739
6634 13478
6635 6756
6636 6735
6637 6740
6638 13711
6639 6736
6640 6738
6641 13470
6642 9747
6643 6737
6644 13501
6645 6696
6646 6766
6647 13492
6648 6657
6649 13502
6650 6776
6651 7107
6652 13487
6653 7148
6654 7140
6655 7108
6656 13709
6658 13499
6659 6723
6660 13494
6661 6667
6662 6669
6663 6772
6664 6666
6665 9752
6668 6777
6670 6773
6671 6701
6672 13491
6673 6731
6674 6683
6675 6678
6676 6685
6677 6691
6679 6682
6680 6681
6684 6700
6686 6687
6688 6764
6689 6690
6692 6702
6693 6694
6695 13489
6697 6771
6698 6699
6703 13488
6704 6733
6705 6719
6706 6708
6707 6770
6709 6808
6710 13486
6711 6753
6712 13485
6713 6718
6714 6743
6715 9743
6716 7035
6720 6752
6721 13482
6722 6729
6724 6728
6725 13480
6726 6727
6730 13500
6732 6774
6734 13477
6741 13476
6742 13483
6744 13479
6745 6750
6746 6748
6747 6749
6751 13484
6754 6759
6755 13779
6758 13712
6760 13472
6761 6780
6762 6775
6763 13490
6765 6769
6767 13498
6768 13471
6778 13493
6779 6799
6781 13783
6782 13718
6783 9751
6784 6830
6785 6786
6787 13462
6788 6829
6789 13464
6790 13458
6791 7089
6792 7097
6793 6800
6794 13715
6795 6816
6796 13461
6797 7094
6798 13463
6801 7088
6802 7087
6803 6804
6805 6806
6807 7095
6809 6814
6810 6822
6811 13459
6812 6825
6813 6820
6815 6817
6818 6826
6819 6824
6821 6823
6827 13457
6828 13456
6831 13717
6832 9741
6833 6841
6834 13393
6835 6866
6836 6837
6838 6839
6840 6847
6842 6844
6843 6860
6845 7064
6846 13398
6848 13452
6849 9739
6850 7099
6851 7105
6852 7098
6853 13443
6854 6864
6855 13394
6856 6863
6857 13447
6858 13449
6859 6861
6862 6865
6867 7079
6868 7161
6869 7096
6870 7093
6871 6907
6872 13428
6873 6883
6874 6875
6876 6880
6877 6879
6878 6940
6881 13495
6882 13445
6884 6941
6885 6939
6886 6903
6887 6894
6888 6901
6889 13436
6890 6897
6891 6893
6892 6898
6895 6896
6899 6902
6900 6996
6904 6912
6905 7084
6906 6910
6908 13435
6909 13448
6911 7066
6913 13434
6914 13433
6915 13432
6916 13424
6917 6924
6918 6923
6919 6920
6921 6922
6925 6986
6926 13431
6927 6993
6928 13453
6929 6957
6930 13427
6931 6932
6933 6951
6934 13426
6935 13425
6936 6956
6937 7000
6938 13419
6942 7012
6943 7007
6944 7051
6945 13421
6946 13412
6947 7014
6948 7003
6949 7044
6950 13420
6952 6958
6953 6955
6954 6975
6959 13418
6960 6989
6961 6963
6962 6976
6964 6974
6965 6980
6966 6991
6967 6969
6968 6992
6970 6972
6971 13417
6973 13416
6977 6990
6978 6988
6979 6987
6981 6984
6982 13430
6983 13415
6985 13429
6994 7043
6995 13414
6997 13413
6998 7067
6999 7042
7001 13423
7002 7059
7004 13401
7005 13411
7006 7046
7008 7009
7010 7011
7013 13406
7015 7016
7017 13408
7018 7030
7019 13409
7020 7021
7022 7027
7023 13407
7024 7025
7026 13410
7028 7029
7031 7032
7033 13422
7034 13444
7036 13455
7037 9723
7038 13391
7039 7085
7040 7061
7041 7072
7045 7058
7047 13400
7048 7053
7049 7056
7050 7052
7054 13399
7055 7057
7060 13454
7062 7069
7063 13397
7065 13451
7068 13395
7070 13396
7071 13402
7073 7076
7074 7075
7077 7082
7078 7080
7081 7083
7086 13390
7090 13389
7091 7092
7100 13392
7101 7127
7102 7109
7103 7131
7104 7111
7106 13707
7110 9800
7112 13338
7113 13386
7114 7116
7115 7117
7118 13384
7119 13380
7120 7128
7121 13382
7122 13383
7123 13381
7124 13388
7125 7126
7129 7160
7130 13377
7132 13374
7134 7138
7135 13387
7136 13496
7137 13379
7139 13469
7141 7361
7142 13378
7143 7352
7144 7357
7145 13552
7147 7165
7149 13376
7150 7151
7153 7159
7155 7156
7158 13706
7162 7244
7163 7191
7164 13360
7166 7190
7167 7202
7168 13373
7172 7175
7174 7242
7176 13372
7177 7248
7178 13684
7179 13371
7180 13370
7181 13368
7182 7189
7183 7194
7184 7204
7185 7187
7186 7188
7192 7200
7193 7229
7195 7198
7196 13367
7197 13365
7199 7241
7201 13366
7203 7205
7206 7209
7207 7210
7208 7223
7211 13362
7212 13369
7214 13357
7215 7220
7216 7221
7217 7222
7218 13361
7219 7235
7225 13364
7226 7231
7227 13359
7228 7230
7232 13363
7233 7238
7234 7236
7237 7239
7240 13358
7243 13354
7245 13356
7247 7249
7250 7260
7252 7258
7253 7270
7254 7257
7255 7259
7256 13351
7263 7272
7265 7273
7267 7268
7269 7271
7274 13352
7275 7334
7277 7288
7278 7323
7279 7286
7280 7285
7281 13674
7282 7283
7287 13551
7289 13346
7290 7322
7291 7313
7292 7312
7293 7300
7294 13345
7295 13344
7296 7306
7297 7320
7298 7299
7301 7315
7302 7304
7303 7305
7308 7309
7310 7321
7311 13342
7314 13548
7316 7317
7319 13343
7324 7359
7325 7351
7326 7350
7327 7329
7328 7345
7330 7616
7331 7580
7333 7337
7336 13554
7338 7547
7339 13336
7340 13727
7341 7343
7342 13335
7344 7530
7347 7349
7348 7353
7354 7358
7355 13334
7356 13333
7360 13725
7362 7541
7363 7388
7364 7393
7365 13328
7366 13325
7367 7414
7368 7389
7369 7372
7370 13329
7371 13330
7373 13327
7374 7401
7375 7490
7376 13326
7377 7491
7378 7518
7379 7417
7380 7528
7381 7537
7382 7387
7383 7385
7384 13322
7386 13323
7390 7431
7391 7439
7392 7430
7394 7398
7395 7408
7396 7477
7397 13331
7399 13319
7400 7440
7402 7405
7403 7404
7406 13303
7407 7434
7409 7438
7410 7460
7411 7425
7412 7461
7413 13321
7415 13317
7416 13316
7418 7424
7419 7423
7420 13313
7421 7422
7426 7427
7428 13324
7429 13312
7432 13311
7433 13314
7435 7436
7437 7455
7441 13281
7442 7515
7443 7510
7444 7514
7445 13288
7446 7468
7447 7450
7448 7452
7449 7451
7453 13305
7454 7479
7456 7459
7457 13302
7458 7467
7462 7463
7464 7486
7465 13298
7466 7475
7469 7487
7470 7489
7471 13300
7472 7478
7473 13299
7474 7488
7476 13297
7480 7481
7482 7484
7483 13296
7485 13307
7492 7505
7493 13290
7494 7499
7495 7507
7496 7504
7497 13294
7498 13292
7500 7509
7501 13291
7502 7508
7503 13289
7506 7513
7511 7512
7516 13293
7517 13287
7519 13286
7520 13318
7521 7525
7522 13285
7523 13729
7524 13284
7526 13283
7527 7535
7529 13731
7531 7539
7532 7548
7533 13308
7534 7536
7538 13332
7540 13282
7542 7543
7544 13732
7545 7546
7549 7561
7550 7560
7551 13266
7553 7622
7554 7555
7558 7559
7562 7581
7563 7583
7564 7572
7565 13275
7566 13274
7567 13273
7569 7575
7570 13276
7571 7582
7573 7574
7576 13268
7577 13270
7578 7579
7584 13269
7585 13260
7587 7594
7588 7595
7589 7590
7591 7593
7592 13265
7596 7606
7597 13254
7599 7630
7600 7664
7601 13255
7604 7607
7605 13263
7608 7614
7610 12098
7611 15678
7613 13257
7615 13258
7617 7620
7625 7633
7626 13253
7627 13262
7628 7639
7629 7636
7631 7632
7634 7635
7637 13264
7638 7640
7641 13734
7642 13735
7643 13250
7644 13249
7645 7646
7647 9716
7648 7950
7651 9669
7653 8176
7654 7957
7655 8016
7656 7949
7658 7933
7660 7889
7666 13256
7682 15627
7691 13655
7697 7698
7708 8175
7709 7796
7713 7771
7722 7770
7731 7732
7740 7744
7746 7747
7748 7752
7749 7750
7759 7824
7765 7821
7773 7782
7777 7780
7779 7783
7781 7851
7790 7794
7799 8169
7808 7812
7825 7827
7855 7866
7857 7858
7874 7882
7875 7878
7879 7885
7903 7904
7905 8037
7909 7981
7911 7913
7934 7935
7946 7947
7953 7956
7965 7979
7966 7969
7977 7978
7980 8012
7986 8001
7989 7991
8000 8008
8003 8005
8018 8019
8040 8042
8055 8072
8063 8073
8065 8066
8077 8078
8086 8093
8090 8092
8095 8100
8102 8103
8119 8120
8121 8141
8128 8139
8142 8178
8148 8149
8159 8165
8181 8182
8183 8186
8195 8321
8196 8200
8199 8209
8201 8210
8216 8217
8218 8227
8229 8230
8232 8234
8233 8235
8236 8256
8238 8239
8241 8242
8260 8268
8264 8266
8279 8285
8307 8315
8324 8341
8329 13745
8337 8338
8343 8379
8345 13744
8361 8521
8371 8375
8376 8390
8387 8388
8399 8413
8416 8425
8420 8424
8433 8435
8465 11847
8468 11869
8472 8474
8475 8476
8480 8496
8488 8499
8489 8494
8503 8504
8507 8513
8525 8532
8537 8538
8541 8547
8557 8627
8562 8563
8564 8594
8567 8577
8570 8575
8590 8591
8599 11851
8608 8629
8610 8611
8613 8619
8634 8635
8642 8823
8643 8644
8649 8819
8654 9663
8661 8838
8664 8666
8672 8674
8682 8683
8684 8685
8687 8699
8689 8708
8697 8740
8703 8706
8718 8719
8720 8781
8721 8723
8725 8796
8728 8729
8732 8737
8733 8779
8753 8757
8762 8764
8783 8785
8789 8809
8812 8824
8813 8814
8839 13245
8840 9280
8854 8857
8862 8866
8863 9659
8880 8881
8884 8886
8887 8919
8892 8915
8893 8896
8894 8895
8900 8903
8902 8917
8910 8916
8920 8923
8926 9654
8940 8946
8941 8957
8944 8951
8947 8948
8956 9596
8960 8994
8962 8964
8975 8976
8978 9528
8992 9527
9001 9270
9010 9191
9011 9018
9015 9273
9017 9020
9029 9131
9033 9044
9034 9048
9039 9049
9050 9052
9053 9063
9068 9214
9069 9073
9077 9193
9079 9114
9084 9085
9088 9094
9106 9108
9115 9118
9126 9128
9134 9135
9139 9154
9140 9146
9163 9177
9170 9173
9178 9267
9185 9261
9189 9228
9197 9198
9203 9210
9218 9246
9220 9232
9221 9223
9226 9247
9237 9238
9250 9255
9277 9279
9282 9307
9283 9284
9287 9291
9302 9328
9303 9309
9304 9308
9310 9312
9315 9317
9319 9320
9327 9589
9329 9330
9332 9345
9338 9339
9340 9351
9346 9348
9356 9364
9357 9358
9367 9371
9368 9372
9377 9379
9394 9496
9397 9439
9407 9409
9410 9481
9418 9480
9424 9425
9430 9431
9432 9433
9440 9442
9443 9444
9461 9462
9464 9465
9488 9492
9489 9491
9497 9508
9504 9507
9510 9513
9512 9516
9531 9539
9532 9537
9543 9575
9544 9568
9546 9570
9551 9559
9554 9556
9583 9584
9613 9614
9615 9616
9629 9631
9635 9640
9649 9844
9651 9652
9657 9658
9661 9826
9665 9714
9666 9790
9670 13747
9671 9700
9672 9705
9673 9674
9675 9677
9676 13228
9678 9679
9680 13227
9681 9687
9682 9689
9683 13237
9684 9691
9685 13236
9686 9688
9690 9697
9692 13229
9693 9694
9695 9696
9698 9733
9699 9702
9701 9732
9703 9704
9706 13232
9707 9797
9708 13204
9709 13238
9710 9711
9712 13234
9713 13233
9715 13752
9717 13224
9718 13765
9719 13758
9720 9725
9721 9727
9722 13762
9724 13767
9726 13769
9728 9763
9729 9789
9730 13223
9731 13222
9734 13242
9735 9736
9737 13772
9738 13774
9740 13219
9742 13776
9744 13781
9745 13218
9746 10332
9748 9754
9749 9753
9750 9761
9756 13798
9757 12613
9758 13213
9759 9760
9762 9802
9764 13753
9765 9823
9766 9767
9768 9769
9770 13778
9771 9954
9772 9799
9773 9955
9774 13207
9775 9779
9776 13205
9777 13206
9778 13231
9780 9786
9781 9785
9782 9788
9783 13241
9784 9791
9787 9792
9793 13210
9794 9809
9796 9831
9798 13200
9801 9825
9803 9808
9804 9820
9805 9806
9807 13197
9810 9822
9811 13196
9812 9821
9813 9952
9815 13195
9816 13199
9817 13194
9818 13193
9819 9834
9824 13208
9827 9849
9828 9832
9830 13191
9833 9835
9836 13152
9837 9842
9838 9843
9839 9860
9840 13188
9841 13157
9845 9953
9847 9851
9848 13190
9850 9922
9852 13184
9853 9858
9854 13183
9855 9856
9857 9859
9861 9948
9862 9951
9863 9941
9864 9940
9865 9872
9866 9938
9867 13034
9868 10360
9869 13180
9870 13174
9871 13215
9873 9949
9874 13151
9875 9883
9876 9882
9877 9890
9878 9879
9880 9893
9881 9925
9884 9909
9885 9888
9886 9923
9887 9926
9889 13170
9891 10345
9892 9927
9894 9921
9895 9897
9896 9910
9898 9899
9900 9906
9901 9902
9903 13167
9904 9905
9907 13168
9908 9928
9911 13173
9912 13171
9913 9920
9914 9918
9915 9916
9917 13165
9919 13176
9924 13164
9929 13181
9930 13159
9931 13162
9932 13158
9933 9934
9935 13161
9936 13179
9937 13155
9939 13035
9942 13150
9943 10289
9944 10338
9945 13154
9946 9950
9947 13182
9956 9964
9957 9962
9958 10348
9959 10559
9960 10516
9961 13153
9963 10340
9965 13788
9966 13790
9967 10047
9968 9996
9969 9987
9970 9979
9971 9975
9972 9973
9974 9986
9976 13144
9977 9995
9978 9985
9980 10034
9981 10250
9982 10260
9983 10001
9984 13147
9988 12616
9989 9992
9990 9993
9991 13143
9994 10002
9997 10045
9998 13141
9999 13792
10000 13134
10003 13139
10004 13146
10005 13794
10006 10010
10007 13136
10008 13137
10009 10053
10011 13816
10012 13797
10013 13805
10014 13836
10015 13117
10016 13124
10017 10049
10018 13123
10019 10236
10020 13145
10021 10246
10022 13133
10023 13791
10024 13062
10025 10259
10026 13045
10027 10306
10028 10038
10029 13129
10030 10037
10031 13795
10032 10033
10035 13128
10036 13127
10039 10041
10040 13125
10042 10258
10043 13130
10044 13131
10046 13148
10048 10052
10050 13122
10051 10237
10054 10058
10055 10056
10057 13115
10059 12618
10060 10985
10061 13120
10062 13119
10063 13116
10064 11657
10065 12619
10066 13118
10067 10071
10068 10623
10069 13818
10070 13114
10072 13109
10073 10089
10074 10239
10075 10189
10076 13113
10077 12621
10078 10087
10079 10084
10080 10081
10082 10088
10083 10085
10086 10143
10090 13108
10091 13121
10092 10180
10093 10190
10094 13096
10095 10117
10096 10101
10097 10098
10099 10103
10100 13102
10102 13106
10104 10112
10105 13088
10106 10123
10107 10114
10108 13100
10109 10110
10111 13103
10113 10115
10116 10181
10118 10127
10119 10121
10120 10124
10122 10126
10125 13097
10128 10130
10129 13098
10131 10134
10132 13075
10133 10138
10135 10149
10136 10148
10137 10185
10139 10151
10140 12620
10141 13090
10142 12622
10144 10203
10145 10147
10146 10206
10150 10199
10152 10182
10153 10178
10154 13080
10155 10176
10156 10158
10157 10159
10160 10165
10161 13086
10162 10163
10164 13087
10166 10171
10167 13083
10168 10170
10169 13085
10172 10173
10174 13081
10175 13089
10177 10179
10183 10620
10184 13077
10186 13079
10187 13092
10188 13076
10191 13078
10192 10193
10194 10195
10196 10197
10198 13101
10200 13093
10201 10205
10202 10207
10204 13072
10208 12623
10209 10212
10210 13071
10211 10216
10213 12624
10214 10238
10215 13068
10217 10619
10218 10286
10219 10285
10220 10227
10221 13064
10222 10242
10223 10225
10224 13066
10226 12964
10228 10276
10229 10234
10230 12614
10231 10235
10232 13065
10233 13058
10240 13063
10241 13070
10243 12630
10244 10245
10247 10251
10248 10256
10249 10266
10252 13060
10253 10269
10254 13059
10255 13054
10257 10267
10261 10262
10263 10264
10265 10275
10268 10270
10271 13061
10272 13057
10273 10274
10277 12627
10278 10284
10279 10299
10280 12632
10281 13053
10282 10298
10283 13048
10287 12625
10288 10616
10290 10337
10291 10336
10292 13050
10293 13049
10294 10297
10295 10296
10300 10317
10301 10311
10302 10316
10303 10308
10304 10307
10305 10321
10309 10313
10310 13046
10312 10314
10315 10320
10318 10319
10322 10335
10323 10330
10324 13041
10325 10329
10326 13043
10327 13042
10328 13786
10331 12993
10333 13051
10334 13149
10339 10426
10341 10351
10342 10347
10343 13178
10344 13175
10346 13037
10349 10510
10350 10366
10352 10493
10353 10491
10354 10425
10355 10465
10356 13032
10357 10471
10358 13033
10359 13030
10361 10363
10362 10487
10364 10446
10365 10469
10367 10419
10368 13023
10369 10386
10370 10382
10371 13026
10372 10388
10373 10380
10374 10379
10375 10430
10376 10381
10377 10378
10383 10400
10384 10417
10385 13016
10387 10433
10389 13020
10390 13021
10391 10392
10393 13025
10394 10397
10395 10396
10398 13028
10399 13022
10401 13029
10402 10418
10403 10422
10404 10414
10405 10409
10406 13017
10407 10420
10408 10410
10411 10412
10413 10415
10416 10423
10421 13015
10424 13011
10427 10484
10428 10457
10429 10444
10431 13006
10432 10445
10434 13024
10435 10440
10436 13019
10437 13012
10438 10490
10439 13014
10441 10501
10442 10443
10447 10453
10449 10479
10450 10456
10451 10454
10452 13009
10455 13007
10458 10464
10459 10467
10460 10461
10462 10468
10463 13005
10466 10470
10472 13010
10473 12998
10474 10554
10475 10481
10476 10480
10477 10482
10478 10555
10483 13001
10485 10492
10486 13002
10488 12999
10489 13000
10494 10500
10495 10556
10496 10523
10497 10498
10499 12982
10502 12994
10503 10505
10504 13004
10506 10509
10507 12988
10508 10544
10511 10513
10512 10514
10515 12992
10517 12990
10518 10566
10519 10560
10520 10539
10521 10538
10522 12989
10524 10542
10525 12983
10526 10531
10527 13003
10528 10532
10529 10537
10530 12985
10533 12987
10534 10536
10535 12986
10540 11719
10543 12995
10545 10546
10547 10549
10548 10558
10550 12981
10551 10552
10553 13031
10561 12980
10562 10563
10564 10565
10567 10586
10568 10584
10569 10575
10570 10571
10572 10577
10573 12971
10574 10587
10576 10582
10578 12972
10579 12975
10580 10583
10581 12974
10585 12977
10588 12970
10589 12628
10590 12631
10591 10592
10593 10609
10594 10606
10595 10597
10596 12962
10598 10602
10599 10600
10601 10603
10604 12963
10605 10612
10607 12966
10608 12967
10610 10613
10611 10615
10614 12629
10617 10618
10621 13069
10625 10626
10627 10628
10630 12960
10631 13821
10632 10640
10633 10776
10634 11606
10635 10636
10637 12952
10638 11639
10639 12953
10641 10650
10642 12637
10643 12948
10644 12638
10645 10661
10646 10667
10647 10652
10648 10651
10649 12942
10653 12949
10654 12636
10655 10658
10656 10657
10659 12945
10660 10665
10662 12821
10663 12943
10664 12944
10666 11105
10668 15433
10670 10672
10671 10736
10673 10749
10674 10713
10675 10986
10676 12938
10677 10705
10678 10710
10679 12937
10680 10682
10681 10693
10683 10686
10684 12935
10685 12926
10687 11115
10688 12931
10689 10691
10690 12933
10692 12930
10694 12928
10695 12642
10696 10722
10697 12815
10698 10745
10699 10701
10700 10988
10702 12929
10703 10741
10704 11117
10706 10746
10707 10973
10708 11114
10709 10712
10711 12932
10714 12924
10715 10760
10716 12910
10717 12881
10718 10724
10719 10744
10720 12923
10721 12922
10723 10739
10725 10738
10726 10734
10727 10990
10728 10732
10729 11000
10730 10963
10731 12856
10733 10737
10735 12920
10740 10743
10742 12919
10747 12885
10748 10885
10750 10945
10751 10753
10752 12884
10754 12652
10755 10757
10756 10789
10758 10974
10759 12916
10761 12925
10762 12640
10763 10992
10764 12644
10765 12912
10766 10896
10767 10787
10768 10786
10769 11132
10770 12918
10771 10781
10772 10780
10773 10782
10774 10779
10775 10777
10778 12641
10783 10784
10785 12911
10788 10877
10790 10797
10791 10793
10792 10794
10795 10873
10796 12908
10798 10872
10799 12651
10800 12863
10801 10804
10802 12869
10803 10938
10805 12872
10806 10907
10807 12906
10808 10809
10810 10851
10811 10816
10812 12905
10813 12904
10814 10815
10817 12902
10818 10820
10819 10821
10822 10842
10823 12900
10824 10871
10825 10940
10826 12896
10827 12897
10828 12899
10829 12647
10830 12870
10831 12894
10832 10843
10833 12907
10834 10912
10835 12875
10836 10919
10837 10913
10838 12649
10839 10840
10841 12895
10844 12898
10845 10849
10846 10860
10847 10848
10850 12868
10852 12873
10853 12892
10854 10994
10855 12865
10856 12890
10857 12915
10858 10864
10859 10867
10861 10863
10862 10897
10865 10875
10866 10903
10868 12909
10869 12887
10870 10898
10874 12886
10876 12917
10878 12861
10879 10895
10880 12914
10881 12811
10882 10893
10883 12879
10884 10888
10886 10887
10889 10890
10891 11128
10892 10908
10894 12664
10899 10905
10900 10904
10901 12883
10902 12877
10906 10917
10909 12876
10910 10916
10911 10914
10915 10936
10918 12874
10920 12648
10921 12646
10922 10941
10923 12880
10924 10931
10925 10934
10926 10929
10927 10935
10928 12871
10930 10932
10933 12645
10937 10939
10942 10955
10943 10961
10944 12650
10946 10962
10947 10958
10948 11001
10949 12662
10950 12862
10951 12878
10952 10953
10954 12867
10956 10960
10957 12866
10959 12864
10964 10972
10965 12859
10966 10971
10967 12860
10968 11127
10969 10970
10975 12653
10976 10987
10977 11116
10978 11205
10979 12857
10980 10981
10982 11260
10983 11209
10984 11256
10989 12654
10991 10999
10993 12854
10995 11002
10996 12855
10997 10998
11003 11041
11004 11125
11005 12850
11006 12852
11007 11096
11008 11042
11009 12851
11010 12655
11011 12882
11012 12853
11013 11016
11014 11015
11017 11040
11018 11031
11019 12849
11020 11029
11021 12812
11022 12844
11023 11028
11024 12845
11025 11038
11026 11126
11027 11032
11030 11034
11033 12840
11035 12841
11036 12843
11037 12839
11039 12828
11043 11133
11044 11124
11045 11068
11046 11048
11047 12834
11049 11078
11050 11069
11051 12836
11052 12830
11053 11067
11054 11061
11055 11063
11056 11060
11057 11076
11058 11059
11062 12831
11064 12817
11065 11106
11066 12829
11070 12837
11071 11077
11072 11104
11073 11075
11074 12832
11079 12838
11080 11093
11081 11098
11082 12814
11083 11091
11084 11089
11085 11090
11086 11088
11087 12813
11092 11200
11094 11139
11097 11100
11099 11122
11101 11118
11102 11103
11107 11109
11108 12823
11110 12819
11111 12818
11112 12822
11113 12816
11119 12827
11120 12825
11121 12826
11123 12824
11130 11131
11134 12808
11135 12657
11136 11142
11137 11141
11140 11949
11143 12810
11144 11145
11147 11149
11148 11153
11150 12806
11151 12666
11156 11165
11157 12804
11158 11176
11159 11164
11160 11163
11161 11162
11166 12802
11167 11207
11168 11169
11170 11206
11171 11174
11172 12792
11173 12801
11175 12800
11177 11182
11178 11181
11179 13820
11180 12955
11183 11188
11184 11264
11185 11251
11186 11262
11187 12780
11189 11284
11190 11347
11191 11263
11192 11271
11193 11266
11196 12793
11197 11543
11198 11374
11199 11261
11201 11202
11203 12791
11208 12798
11210 11349
11211 11346
11212 11491
11213 12789
11214 11664
11215 12782
11216 12718
11217 12788
11218 12786
11219 12708
11220 11228
11221 11226
11222 11248
11223 11225
11224 11227
11229 11240
11230 11239
11231 11663
11232 11483
11233 11523
11234 11237
11235 11509
11236 12785
11238 11522
11241 11245
11242 11246
11243 12781
11244 11485
11247 11484
11249 11250
11252 11255
11253 11375
11254 11272
11257 12790
11258 12778
11259 12777
11265 11273
11267 11268
11269 12750
11270 12779
11274 12797
11275 11287
11276 11443
11277 12807
11278 12752
11279 11286
11280 11288
11281 11446
11282 11285
11283 12771
11289 12731
11290 12758
11291 11302
11292 12761
11293 11427
11294 12769
11295 11296
11297 12768
11298 11308
11299 12764
11300 11301
11303 12767
11304 11312
11305 11317
11306 12765
11307 11319
11309 12766
11310 11434
11311 11314
11313 11431
11315 11323
11316 12734
11318 11433
11320 11321
11322 12760
11324 11326
11325 11327
11328 11430
11329 12735
11330 12757
11331 11339
11332 11333
11334 12756
11335 11338
11336 11342
11337 12755
11340 11341
11343 11367
11344 12754
11345 12820
11348 12753
11350 12728
11351 12759
11352 11365
11353 11362
11354 11364
11355 11357
11356 11361
11358 12776
11359 11464
11360 12730
11363 12775
11366 12749
11368 11426
11369 11373
11370 11429
11371 11372
11376 12748
11377 11425
11378 11395
11379 11393
11380 11387
11381 11424
11382 12747
11383 11418
11384 11385
11386 12737
11388 11394
11389 12744
11390 11392
11391 11442
11396 11417
11397 11432
11398 11408
11399 12745
11400 12741
11401 11406
11402 11403
11404 11405
11407 12740
11409 11419
11410 12736
11411 11421
11412 11413
11414 12739
11415 11420
11416 11422
11423 12738
11428 11435
11436 12770
11437 12732
11438 11441
11439 11492
11440 11496
11444 11445
11447 12795
11448 12794
11449 11502
11450 11529
11451 11458
11452 12720
11453 11456
11454 11455
11457 11469
11459 11476
11460 11466
11461 11465
11462 11463
11467 11480
11468 12727
11470 11472
11471 11500
11473 12717
11474 11489
11475 12726
11477 12784
11478 11482
11479 12724
11481 12783
11486 12746
11487 11490
11488 12723
11493 12721
11494 11495
11497 12715
11498 12714
11499 12725
11501 12712
11503 12679
11504 11534
11505 11532
11506 11526
11507 12711
11508 11511
11510 11524
11512 11533
11513 11531
11514 11518
11515 12710
11516 11517
11519 12707
11520 11538
11521 12787
11525 12709
11527 12702
11528 12705
11530 12706
11535 12704
11536 11629
11537 11539
11540 11542
11541 12796
11544 11625
11545 11635
11546 12947
11547 11548
11549 12686
11550 11589
11551 11555
11552 11560
11553 11617
11554 11557
11556 11568
11558 11662
11559 11565
11561 11607
11562 11581
11563 11566
11564 12696
11567 11588
11569 12694
11570 11605
11571 11602
11572 11622
11573 12693
11574 11600
11575 11586
11576 12688
11577 11580
11578 11592
11579 11582
11583 12690
11584 11599
11585 12692
11587 12681
11590 12691
11591 11593
11594 12682
11595 11618
11596 12689
11597 12687
11598 11623
11601 11604
11603 12685
11608 12684
11609 11627
11610 11624
11611 11614
11612 12699
11613 12683
11615 12701
11616 11631
11619 11621
11620 11634
11626 12680
11628 11661
11632 11633
11636 12678
11637 13819
11638 11646
11641 12677
11643 12676
11644 11649
11645 11650
11647 11648
11651 12674
11653 12673
11655 11785
11658 12959
11659 12958
11660 12957
11665 12961
11666 12979
11706 11707
11730 12670
11740 11741
11751 11752
11773 11781
11777 11778
11803 11804
11819 11830
11840 12660
11842 12659
11865 11871
11878 13656
11903 12096
11906 11919
11914 11915
11934 11937
11935 11942
11936 12038
11938 11956
11939 11940
11952 15435
11958 11986
11960 11976
11961 11980
11968 11970
11978 15937
11987 12043
11988 12003
12015 15922
12016 15996
12017 15923
12018 15990
12019 15989
12020 15986
12021 15978
12022 15976
12023 12025
12024 15961
12026 15959
12027 15954
12028 15977
12030 15944
12031 15938
12033 15928
12034 15926
12035 15943
12036 15903
12037 15918
12039 15908
12040 15907
12041 12042
12044 15890
12045 15865
12046 15885
12047 15881
12049 15867
12050 15870
12051 15864
12052 12161
12053 15858
12054 12055
12056 15802
12057 15844
12058 15836
12059 15835
12060 15626
12061 15833
12062 15824
12063 15821
12064 15799
12065 15942
12066 15810
12067 15809
12068 15748
12069 12093
12070 15805
12071 15797
12072 15790
12073 15741
12074 12084
12075 15782
12076 15778
12077 15813
12078 15786
12079 15746
12080 15766
12081 15760
12082 12097
12083 15742
12085 15793
12086 15714
12087 15727
12088 15723
12089 15730
12090 15718
12091 15755
12092 15711
12094 15702
12095 15693
12099 15673
12100 15665
12101 15660
12102 15646
12103 15657
12104 15651
12105 15645
12106 15516
12107 15682
12108 15631
12109 15622
12110 15639
12111 15611
12112 12127
12113 15610
12114 15839
12115 15609
12116 15605
12117 15604
12118 15594
12119 15601
12120 15596
12121 15585
12122 15586
12123 15582
12124 15874
12125 15840
12126 15572
12128 15567
12129 15571
12130 15599
12131 15544
12132 15554
12133 12139
12134 15548
12135 15559
12136 15558
12137 15539
12138 15537
12140 15531
12141 15526
12142 15527
12143 15530
12144 15512
12145 15519
12146 15485
12147 15500
12148 15504
12149 15503
12150 15490
12151 15484
12152 15501
12153 15479
12154 15478
12155 15475
12156 15470
12157 15492
12158 15652
12159 15449
12160 15451
12162 15442
12163 15441
12165 15434
12166 14958
12167 15349
12168 14971
12169 15419
12170 12171
12172 15401
12173 15399
12174 15398
12175 15390
12176 15407
12177 15385
12178 15382
12179 15121
12180 15372
12181 15365
12182 15375
12183 15343
12184 15358
12185 12187
12186 15353
12188 15347
12189 15346
12190 15338
12191 15339
12192 15328
12193 15274
12194 15275
12195 15316
12196 15310
12197 15279
12198 15300
12199 15296
12200 12201
12202 15299
12203 15648
12204 15257
12205 12244
12206 15324
12207 15315
12208 15266
12209 15267
12210 15429
12211 15259
12212 15254
12213 12214
12215 15242
12216 15236
12217 15240
12218 15225
12219 15226
12220 15174
12221 15218
12222 15160
12223 15199
12224 15200
12225 15166
12226 15188
12227 15193
12228 15192
12229 15190
12230 15187
12231 12232
12233 15183
12234 15151
12235 15149
12236 15097
12237 12238
12239 15156
12240 15161
12241 15198
12242 15079
12243 15152
12245 15181
12246 15120
12247 15135
12248 15139
12249 15134
12250 15364
12251 15124
12252 15123
12253 15144
12254 15115
12255 15113
12256 15099
12257 15118
12258 15086
12259 15106
12260 15089
12261 15081
12262 15096
12263 15076
12264 15073
12265 15282
12266 15060
12267 15059
12268 15057
12269 15053
12270 15056
12271 15049
12272 12289
12273 15047
12274 13953
12275 15037
12276 15036
12277 15034
12278 15013
12279 15017
12280 15015
12281 15039
12282 12283
12284 13972
12285 15005
12286 15000
12287 15004
12288 14991
12290 14980
12291 14975
12292 14880
12293 14974
12294 14970
12295 15412
12296 14962
12297 15418
12298 14957
12299 14944
12300 14948
12301 14951
12302 14940
12303 14977
12304 14926
12305 12309
12306 14920
12307 14922
12308 14923
12310 14911
12311 14930
12312 14949
12313 12319
12314 12317
12315 14931
12316 14884
12318 14900
12320 14870
12321 14771
12322 14856
12323 14775
12324 14861
12325 14864
12326 14851
12327 14846
12328 14847
12329 14800
12330 14810
12331 14837
12332 12334
12333 14830
12335 14829
12336 14814
12337 14808
12338 14822
12339 14804
12340 14849
12341 14867
12342 14774
12343 14791
12344 14784
12345 14776
12346 14779
12347 14793
12348 14773
12349 14766
12350 14769
12351 14790
12352 14753
12353 14761
12354 14039
12355 14762
12356 12374
12357 14750
12358 14745
12359 14742
12360 14723
12361 14148
12362 14733
12363 14732
12364 14724
12365 12367
12366 14111
12368 12563
12369 14025
12370 14441
12371 14700
12372 14694
12373 14556
12375 14669
12376 14679
12377 14680
12378 14683
12379 14668
12380 14664
12381 14635
12382 14399
12383 14654
12384 14645
12385 14650
12386 14262
12387 14640
12388 14637
12389 14633
12390 14629
12391 14622
12392 14620
12393 14613
12394 14607
12395 14606
12396 14422
12397 14600
12398 14597
12399 14568
12400 14584
12401 14581
12402 14578
12403 14567
12404 14565
12405 14589
12406 14560
12407 14548
12408 14550
12409 14553
12410 14546
12411 14532
12412 14511
12413 14539
12414 14521
12415 14344
12416 14513
12417 14514
12418 14518
12419 14507
12420 14505
12421 14506
12422 14519
12423 14496
12424 14494
12425 14493
12426 14490
12427 14487
12428 14483
12429 14470
12430 14474
12431 14467
12432 14461
12433 14460
12434 14457
12435 14453
12436 14447
12437 14445
12438 14438
12439 12440
12441 14559
12442 14566
12443 14428
12444 14619
12445 14413
12446 14415
12447 14409
12448 14404
12449 14386
12450 14370
12451 14391
12452 14388
12453 14403
12454 14382
12455 14398
12456 12458
12457 14366
12459 14360
12460 14359
12461 14355
12462 14354
12463 14466
12464 14176
12465 14342
12466 14331
12467 14327
12468 14465
12469 14320
12470 14310
12471 14298
12472 14302
12473 14305
12474 14299
12475 14294
12476 14245
12477 14286
12478 14281
12479 14280
12480 14276
12481 14274
12482 14267
12483 14259
12484 12486
12485 14258
12487 14178
12488 14244
12489 14240
12490 14237
12491 14234
12492 14196
12493 14231
12494 14224
12495 14221
12496 14481
12497 14212
12498 12501
12499 14199
12500 14202
12502 14209
12503 14193
12504 14180
12505 14250
12506 14293
12507 14175
12508 14173
12509 14706
12510 14174
12511 14152
12512 14157
12513 14150
12514 14708
12515 14147
12516 12522
12517 14142
12518 12560
12519 14003
12520 14131
12521 14140
12523 14116
12524 14133
12525 14719
12526 14110
12527 14736
12528 12543
12529 14105
12530 14099
12531 14106
12532 14068
12533 14136
12534 14059
12535 14104
12536 14077
12537 14078
12538 14072
12539 14056
12540 14084
12541 14064
12542 14082
12544 14052
12545 14097
12546 14033
12547 14037
12548 14872
12549 14029
12550 14541
12551 14013
12552 14015
12553 14012
12554 14007
12555 14069
12556 14001
12557 14005
12558 13998
12559 13994
12561 13987
12562 13990
12564 13979
12565 13661
12566 13970
12567 13967
12568 13964
12569 13663
12571 13701
12572 13504
12573 13949
12574 15003
12575 13938
12576 14996
12577 13935
12578 13934
12579 13931
12580 13929
12581 12595
12582 13917
12583 13922
12584 13879
12585 13916
12586 13852
12587 13900
12588 13901
12589 13909
12590 13883
12591 12592
12593 13853
12594 13887
12596 13877
12597 13872
12598 13881
12599 13868
12600 12601
12602 13503
12603 13839
12604 13832
12605 13830
12606 13813
12607 13822
12608 13814
12609 13800
12610 13807
12611 12615
12612 13796
12617 12672
12626 13132
12633 13074
12635 12956
12639 12946
12643 12913
12695 12700
12697 12698
12703 12954
12713 12733
12716 12729
12719 12722
12742 12743
12751 12774
12762 12763
12772 12773
12803 12805
12833 12835
12842 12846
12847 12848
12858 12921
12888 12889
12891 12893
12901 12903
12927 12936
12934 12939
12940 12941
12950 12951
12965 13044
12973 12976
12978 12984
12991 13039
12996 12997
13008 13013
13018 13027
13036 13156
13038 13040
13047 13126
13052 13067
13055 13056
13073 13094
13082 13084
13091 13095
13099 13107
13104 13105
13110 13111
13135 13812
13138 13793
13140 13142
13160 13166
13163 13177
13169 13172
13185 13186
13192 13198
13201 13202
13203 13746
13209 13775
13211 13770
13212 13780
13214 13217
13216 13785
13220 13716
13221 13235
13225 13226
13230 13239
13240 13750
13251 13252
13261 15676
13271 13272
13278 13733
13279 13280
13295 13301
13304 13306
13309 13310
13315 13320
13339 13553
13341 13563
13355 13678
13375 13509
13385 13515
13403 13446
13404 13764
13405 13465
13437 13439
13438 13441
13440 13497
13442 13460
13450 13720
13466 13467
13468 13719
13473 13474
13475 13481
13512 13693
13521 13688
13529 13694
13534 13691
13537 13681
13540 13683
13557 13669
13564 13565
13570 13574
13577 13578
13579 13635
13581 13582
13592 13593
13612 13613
13624 13642
13625 13626
13630 13633
13646 13648
13649 13698
13657 15879
13658 14961
13659 14509
13660 14392
13664 14213
13665 14223
13666 14963
13667 15268
13682 13686
13695 13697
13699 13705
13702 13704
13703 13947
13713 13714
13721 13777
13722 13724
13723 13726
13728 13730
13736 13737
13741 13742
13748 13749
13754 13757
13755 13756
13759 13766
13760 13761
13763 13768
13771 13773
13782 13784
13787 13829
13789 13834
13799 13811
13801 13862
13802 13809
13803 13808
13804 13806
13810 13817
13815 13851
13823 13838
13824 13837
13825 13826
13827 13835
13831 13833
13841 13842
13844 13849
13845 13848
13846 13861
13847 13850
13854 13867
13855 13866
13856 13865
13857 13863
13859 13860
13864 15048
13869 13870
13873 13930
13874 13928
13875 13878
13876 15231
13880 13942
13882 13899
13884 13902
13885 13886
13888 13898
13889 13897
13890 13894
13891 13892
13893 13912
13895 13911
13896 13910
13903 13908
13904 13907
13905 13906
13913 13927
13914 13918
13915 13926
13919 13924
13920 13925
13921 13923
13932 15230
13933 15241
13936 13937
13939 13946
13940 13941
13943 15045
13944 13948
13945 13952
13950 13959
13954 15009
13955 15027
13956 15359
13957 13962
13958 13961
13960 13966
13963 13965
13968 13971
13969 14236
13973 14985
13974 14983
13975 14028
13976 13983
13977 14167
13978 13980
13981 14165
13982 14026
13984 13991
13985 13992
13986 13997
13988 13989
13993 14713
13995 14019
13996 14024
13999 14054
14000 14134
14002 14135
14004 14016
14006 14009
14008 14022
14010 15403
14011 14112
14014 14017
14018 14119
14020 14023
14021 14163
14027 14704
14030 15389
14031 14879
14032 14878
14034 14877
14035 14904
14036 14871
14038 14869
14040 14767
14041 14770
14042 14757
14043 14045
14044 14873
14046 14749
14047 14095
14048 14094
14049 14101
14050 14055
14051 14053
14057 14081
14058 14060
14061 14066
14062 14063
14065 14067
14070 14071
14073 14080
14074 14079
14075 14102
14076 14103
14083 14085
14086 14748
14087 14120
14088 14093
14089 14092
14090 14091
14096 14982
14098 14109
14100 14107
14108 14714
14113 14114
14115 14118
14117 14130
14121 14132
14122 14129
14123 14128
14124 14127
14125 14126
14137 14146
14138 14145
14139 14144
14141 14143
14149 14709
14151 14160
14153 14159
14154 14155
14156 14158
14161 14166
14162 14164
14168 14707
14169 14695
14170 14711
14171 14705
14172 14540
14177 14185
14179 14183
14181 14182
14184 14238
14186 14341
14187 14340
14188 14243
14189 14192
14190 14191
14194 14352
14195 14200
14197 14233
14198 14211
14201 14210
14203 14232
14204 14208
14205 14206
14207 14226
14214 14215
14216 14218
14217 14219
14220 14984
14222 14225
14227 14228
14229 14230
14235 14239
14241 14242
14246 14326
14247 14254
14248 14287
14249 14282
14251 14257
14252 14256
14253 14255
14260 14273
14261 14414
14263 14269
14264 14644
14265 14266
14268 14677
14270 14676
14271 14279
14272 14317
14275 14278
14277 14406
14283 14285
14284 14291
14288 14292
14289 14290
14295 14300
14296 14308
14297 14312
14301 14303
14304 14307
14306 14309
14311 14313
14314 14315
14316 14361
14318 14501
14319 14323
14321 14322
14324 14325
14328 14337
14329 14334
14330 14462
14332 14333
14335 14339
14336 14338
14343 14346
14345 14531
14347 14520
14348 14529
14349 14527
14350 14356
14351 14463
14353 14464
14357 14410
14358 14417
14362 14407
14363 14378
14364 14377
14365 14368
14367 14376
14369 14375
14371 14374
14372 14373
14379 14390
14380 14385
14381 14384
14383 14628
14387 14389
14393 14402
14394 14626
14395 14416
14396 14401
14397 14400
14405 14408
14411 14439
14412 14427
14418 14419
14420 14425
14421 14424
14423 14661
14426 14585
14429 14451
14430 14443
14431 14434
14432 14482
14433 14440
14435 14444
14436 14437
14442 14699
14446 14450
14448 14449
14452 14570
14454 14485
14455 14484
14456 14471
14458 14480
14459 14479
14468 14503
14469 14477
14472 14473
14475 14478
14476 14486
14488 14499
14489 14498
14491 14500
14492 14533
14495 14497
14502 14504
14508 14510
14512 14515
14516 14517
14522 14525
14523 14524
14526 14528
14530 14534
14535 14536
14537 14538
14542 14698
14543 14697
14544 14554
14545 14692
14547 14549
14551 14552
14555 14696
14557 14691
14558 14667
14561 14564
14562 14693
14563 14569
14571 14572
14573 14590
14574 14576
14575 14577
14579 14580
14582 14586
14583 14632
14587 14588
14591 14605
14592 14604
14593 14603
14594 14599
14595 14596
14598 14662
14601 14602
14608 14657
14609 14611
14610 14618
14612 14614
14615 14659
14616 14656
14617 14621
14623 14631
14624 14627
14625 14630
14634 14655
14636 14666
14638 14663
14639 14649
14641 14647
14642 14653
14643 14671
14646 14648
14651 14652
14658 14660
14665 14682
14670 14690
14672 14678
14673 14743
14674 14675
14684 14686
14685 14687
14688 14689
14701 14703
14702 14744
14710 14712
14715 14718
14716 14717
14720 14751
14721 14735
14722 14734
14725 14741
14726 14728
14727 14730
14729 14731
14737 14747
14738 14746
14739 14740
14752 14764
14754 14759
14755 14756
14758 14895
14760 14763
14765 14945
14768 14803
14772 14786
14777 14783
14778 14780
14781 14782
14785 14838
14787 14789
14788 14792
14794 14815
14795 14801
14796 14799
14797 14798
14802 14842
14805 14807
14806 14816
14809 14812
14811 14813
14817 14855
14818 14836
14819 14825
14820 14841
14821 14840
14823 14824
14826 14828
14827 14843
14831 14832
14833 14834
14835 14854
14839 14866
14844 14853
14845 14852
14848 14850
14857 14858
14859 14863
14860 14862
14865 14868
14874 14876
14875 14905
14881 15387
14882 14976
14883 14885
14886 14969
14887 14929
14888 14896
14889 14890
14891 14893
14892 14894
14897 14903
14898 14902
14899 14901
14906 14907
14908 14965
14909 14925
14910 14934
14912 14941
14913 14914
14915 14937
14916 14918
14917 14921
14919 14952
14924 14943
14927 14928
14932 14973
14933 14964
14935 14936
14938 14939
14942 15352
14946 14950
14947 14956
14953 14955
14954 14959
14960 15420
14966 14967
14968 14979
14972 14981
14978 15395
14986 15008
14987 15007
14988 14993
14989 14990
14992 14994
14995 14997
14998 14999
15001 15002
15006 15035
15010 15040
15011 15026
15012 15033
15014 15032
15016 15025
15018 15028
15019 15031
15020 15023
15021 15030
15022 15038
15024 15029
15041 15044
15042 15043
15046 15063
15050 15061
15051 15052
15054 15067
15055 15379
15058 15064
15062 15184
15065 15167
15066 15103
15068 15235
15069 15075
15070 15383
15071 15101
15072 15143
15074 15111
15077 15229
15078 15215
15080 15095
15082 15084
15083 15093
15085 15092
15087 15105
15088 15091
15090 15094
15098 15182
15100 15107
15102 15104
15108 15136
15109 15112
15110 15117
15114 15116
15119 15145
15122 15125
15126 15131
15127 15130
15128 15169
15129 15140
15132 15133
15137 15138
15141 15332
15142 15378
15146 15147
15148 15210
15150 15363
15153 15178
15154 15165
15155 15185
15157 15176
15158 15234
15159 15164
15162 15163
15168 15175
15170 15173
15171 15172
15177 15319
15179 15180
15186 15189
15191 15209
15194 15197
15195 15196
15201 15214
15202 15211
15203 15212
15204 15213
15205 15208
15206 15207
15216 15221
15217 15228
15219 15223
15220 15222
15224 15227
15232 15233
15237 15431
15238 15239
15243 15430
15244 15260
15245 15246
15247 15263
15248 15250
15249 15258
15251 15256
15252 15253
15261 15265
15262 15672
15269 15323
15270 15370
15271 15273
15272 15325
15276 15320
15277 15278
15280 15307
15281 15283
15284 15303
15285 15295
15286 15304
15287 15290
15288 15292
15289 15291
15293 15294
15297 15302
15298 15301
15305 15306
15308 15313
15309 15311
15312 15314
15317 15318
15322 15428
15326 15426
15327 15341
15329 15331
15330 15340
15333 15336
15334 15335
15337 15384
15342 15424
15344 15345
15348 15417
15350 15351
15354 15422
15355 15421
15356 15357
15360 15377
15361 15376
15362 15374
15366 15373
15367 15369
15368 15371
15380 15381
15386 15415
15388 15414
15391 15392
15393 15394
15396 15397
15400 15404
15402 15409
15405 15406
15408 15413
15410 15411
15416 15427
15423 15425
15436 15437
15438 15439
15440 15443
15445 15454
15447 15895
15448 15863
15450 15520
15452 15861
15453 15465
15455 15638
15456 15466
15457 15461
15458 15462
15459 15464
15460 15463
15467 15650
15468 15525
15469 15642
15471 15472
15473 15654
15474 15860
15476 15477
15480 15506
15481 15505
15482 15524
15483 15517
15486 15518
15487 15499
15488 15502
15489 15491
15493 15498
15494 15496
15495 15497
15507 15523
15508 15522
15509 15550
15510 15513
15511 15514
15515 15614
15521 15532
15528 15538
15529 15533
15534 15856
15535 15536
15540 15869
15541 15857
15542 15855
15543 15854
15545 15842
15546 15566
15547 15562
15549 15561
15551 15552
15553 15555
15556 15560
15557 15579
15563 15851
15564 15565
15568 15848
15569 15618
15570 15574
15573 15615
15575 15576
15577 15606
15578 15589
15580 15588
15581 15598
15583 15587
15584 15603
15590 15597
15591 15600
15592 15602
15593 15595
15607 15608
15612 15617
15613 15616
15619 15624
15620 15680
15621 15640
15623 15644
15625 15834
15628 15674
15629 15635
15630 15633
15632 15634
15636 15681
15637 15656
15641 15643
15647 15655
15649 15653
15659 15832
15661 15838
15662 15671
15664 15668
15675 15679
15683 15759
15684 15691
15685 15800
15686 15689
15687 15688
15690 15736
15694 15820
15695 15709
15696 15697
15698 15700
15699 15819
15701 15796
15703 15818
15704 15817
15705 15822
15706 15816
15707 15739
15708 15710
15712 15795
15713 15794
15715 15792
15716 15728
15717 15720
15719 15724
15721 15725
15722 15731
15726 15729
15732 15812
15733 15791
15734 15789
15735 15740
15737 15738
15743 15776
15744 15781
15745 15758
15747 15757
15749 15808
15750 15752
15751 15753
15754 15756
15761 15780
15762 15768
15763 15767
15764 15769
15765 15770
15771 15779
15772 15773
15774 15777
15775 15787
15783 15788
15784 15785
15798 15880
15801 15806
15803 15804
15807 15811
15814 15815
15823 15828
15825 15827
15826 15830
15829 15831
15837 15847
15841 15850
15843 15849
15845 15846
15852 15853
15859 15862
15866 15916
15868 15871
15872 15888
15873 15878
15875 15877
15882 15886
15883 15884
15887 15894
15889 15893
15891 15892
15899 15900
15901 15953
15902 15919
15905 15915
15909 15913
15924 15972
15925 15927
15929 15971
15930 15963
15932 15935
15933 15934
15939 15951
15940 15952
15946 15949
15947 15948
15950 15969
15955 15962
15956 15957
15958 15968
15960 15993
15964 15970
15965 15980
15966 15967
15973 15974
15975 15988
15979 15991
15981 15987
15983 15992
15984 15985
15994 15998
15995 15997
15999 16000
