2468569
1711
1138
848
1113
947
1541
140
607
1085
1948
269
1595
1683
766
1831
1374
1308
1955
890
347
996
163
1475
487
1375
568
1743
604
1930
1537
1291
1992
1026
139
1104
1972
31
1595
579
1116
1894
1199
1062
1928
1964
1244
1302
1623
1198
191
1969
194
705
1796
680
79
363
775
683
644
663
1973
987
1688
463
442
12
494
389
942
1961
282
140
1374
562
455
618
1863
430
167
405
398
712
1461
545
1744
1540
1259
518
574
254
1532
898
1240
1219
1361
1682
1582
206
422
523
518
703
662
243
1616
1469
1212
1830
1898
1379
234
647
90
1695
1544
185
1586
802
702
511
1408
233
1408
999
1804
1120
680
1385
1677
1101
260
546
156
1273
789
123
741
2000
1953
638
1730
538
1637
172
584
1180
356
169
333
1410
1031
1740
1994
439
739
1797
1910
1770
1534
1587
1223
145
132
1730
1417
1272
1852
158
1624
1804
1147
1353
694
783
1876
1277
1962
232
1798
295
1993
828
386
1986
1266
1124
1783
1528
894
1668
1114
468
1812
1597
197
1580
869
48
1737
492
204
884
196
897
18
72
525
1980
1003
1003
1003
1003
1003
1003
1003
1003
1003
1003
1003
1003
1003
1003
1003
1003
1003
1003
1003
1003
1003
1003
1003
1003
1003
1003
1003
1003
1003
1003
1003
1003
1003
1003
1003
1003
1003
1003
1003
1003
1003
1003
1003
1003
1003
1003
1003
1003
1003
1003
1003
1003
1003
1003
1003
1003
1003
1003
1003
1003
1003
1003
1003
1003
1003
1003
1003
1003
1003
1003
1003
1003
1003
1003
1003
1003
1003
1003
1003
1003
1003
1003
1003
1003
1003
1003
1003
1003
1003
1003
1003
1003
1003
1003
1003
1003
1003
1003
1003
1003
1003
1003
1003
1003
1003
1003
1003
1003
1003
1003
1003
1003
1003
1003
1003
1003
1003
1003
1003
1003
1003
1003
1003
1003
1003
1003
1003
1003
1003
1003
1003
1003
1003
1003
1003
1003
1003
1003
1003
1003
1003
1003
1003
1003
1003
1003
1003
1003
1003
1003
1003
1003
1003
1003
1003
1003
1003
1003
1003
1003
1003
1003
1003
1003
1003
1003
1003
1003
1003
1003
1003
1003
1003
1003
1003
1003
1003
1003
1003
1003
1003
1003
1003
1003
1003
1003
1003
1003
1003
1003
1003
1003
1003
1003
1003
1003
1003
1003
1003
1003
1003
1003
1003
1003
1003
1003
1003
1003
1003
1003
1003
1003
1003
1003
1003
1003
1003
1003
1003
1003
1003
1003
1003
1003
1003
1003
1003
1003
1003
1003
1003
1003
1003
1003
1003
1003
1003
1003
1003
1003
1003
1003
1003
1003
1003
1003
1003
1003
1003
1003
1003
1003
1003
1003
1003
1003
1003
1003
1003
1003
1003
1003
1003
1003
1003
1003
1003
1003
1003
1003
1003
1003
1003
1003
1003
1003
1003
1003
1003
1003
1003
1003
1003
1003
1003
1003
1003
1003
1003
1003
1003
1003
1003
1003
1003
1003
1003
1003
1003
1003
1003
1003
1003
1003
1003
1003
1003
1003
1003
1003
1003
1003
1003
1003
1003
1003
1003
1003
1003
1003
1003
1003
1003
1003
1003
1003
1003
1003
1003
1003
1003
1003
1003
1003
1003
1003
1003
1003
1003
1003
1003
1003
1003
1003
1003
1003
1003
1003
1003
1003
1003
1003
1003
1003
1003
1003
1003
1003
1003
1003
1003
1003
1003
1003
1003
1003
1003
1003
1003
1003
1003
1003
1003
1003
1003
1003
1003
1003
1003
1003
1003
1003
1003
1003
1003
1003
1003
1003
1003
1003
1003
1003
1003
1003
1003
1003
1003
1003
1003
1003
1003
1003
1003
1003
1003
1003
1003
1003
1003
1003
1003
1003
1003
1003
1003
1003
1003
1003
1003
1003
1003
1003
1003
1003
1003
1003
1003
1003
1003
1003
1003
1003
1003
1003
1003
1003
1003
1003
1003
1003
1003
1003
1003
1003
1003
1003
1003
1003
1003
1003
1003
1003
1003
1003
1003
1003
1003
1003
1003
1003
1003
1003
1003
1003
1003
1003
1003
1003
1003
1003
1003
1003
1003
1003
1003
1003
1003
1003
1003
1003
1003
1003
1003
1003
1003
1003
1003
1003
1003
1003
1003
1003
1003
1003
1003
1003
1003
1003
1003
1003
1003
1003
1003
1003
1003
1003
1003
1003
1003
1003
1003
1003
1003
1003
1003
1003
1003
1003
1003
1003
1003
1003
1003
1003
1003
1003
1003
1003
1003
1003
1003
1003
1003
1003
1003
1003
1003
1003
1003
1003
1003
1003
1003
1003
1003
1003
1003
1003
1003
1003
1003
1003
1003
1003
1003
1003
1003
1003
1003
1003
1003
1003
1003
1003
1003
1003
1003
1003
1003
1003
1003
1003
1003
1003
1003
1003
1003
1003
1003
1003
1003
1003
1003
1003
1003
1003
1003
1003
1003
1003
1003
1003
1003
1003
1003
1003
1003
1003
1003
1003
1003
1003
1003
1003
1003
1003
1003
1003
1003
1003
1003
1003
1003
1003
1003
1003
1003
1003
1003
1003
1003
1003
1003
1003
1003
1003
1003
1003
1003
1003
1003
1003
1003
1003
1003
1003
1003
1003
1003
1003
1003
1003
1003
1003
1003
1003
1003
1003
1003
1003
1003
1003
1003
1003
1003
1003
1003
1003
1003
1003
1003
1003
1003
1003
1003
1003
1003
1003
1003
1003
1003
1003
1003
1003
1003
1003
1003
1003
1003
1003
1003
1003
1003
1003
1003
1003
1003
1003
1003
1003
1003
1003
1003
1003
1003
1003
1003
1003
1003
1003
1003
1003
1003
1003
1003
1003
1003
1003
1003
1003
1003
1003
1003
1003
1003
1003
1003
1003
1003
1003
1003
1003
1003
1003
1003
1003
1003
1003
1003
1003
1003
1003
1003
1003
1003
1003
1003
1003
1003
1003
1003
1003
1003
1003
1003
1003
1003
1003
1003
1003
1003
1003
1003
1003
1003
1003
1003
1003
1003
1003
1003
1003
1003
1003
1003
1003
1003
1003
1003
1003
1003
1003
1003
1003
1003
1003
1003
1003
1003
1003
1003
1003
1003
1003
1003
1003
1003
1003
1003
1003
1003
1003
1003
1003
1003
1003
1003
1003
1003
1003
1003
1003
1003
1003
1003
1003
1003
1003
1003
1003
1003
1003
1003
1003
1003
1003
1003
1003
1003
1003
1003
1003
1003
1003
1003
1003
1003
1003
1003
1003
1003
1003
1003
1003
1003
1003
1003
1003
1003
1003
1003
1003
1003
1003
1003
1003
1003
1003
1003
1003
1003
1003
1003
1003
1003
1003
1003
1003
1003
1003
1003
1003
1003
1003
1003
1003
1003
1003
1003
1003
1003
1003
1003
1003
1003
1003
1003
1003
1003
1003
1003
1003
1003
1003
1003
1003
1003
1003
1003
1003
1003
1003
1003
1003
1003
1003
1003
1003
1003
1003
1003
1003
1003
1003
1003
1003
1003
1003
1003
1003
1003
1003
1003
1003
1003
1003
1003
1003
1003
1003
1003
1003
1003
1003
1003
1003
1003
1003
1003
1003
1003
1003
1003
1003
1003
1003
1003
1003
1003
1003
1003
1003
1003
1003
1003
1003
1003
1003
1003
1003
1003
1003
1003
1003
1003
1003
1003
1003
1003
1003
1003
1003
1003
1003
1003
1003
1003
1003
1003
1003
1003
1003
1003
1003
1003
1003
1003
1003
1003
1003
1003
1003
1003
1003
1003
1003
1003
1003
1003
1003
1003
1003
1003
1003
1003
1003
1003
1003
1003
1003
1003
1003
1003
1003
1003
1003
1003
1003
1003
1003
1003
1003
1003
1003
1003
1003
1003
1003
1003
1003
1003
1003
1003
1003
1003
1003
1003
1003
1003
1003
1003
1003
1003
1003
1003
1003
1003
1003
1003
1003
1003
1003
1003
1003
1003
1003
1003
1003
1003
1003
1003
1003
1003
1003
1003
1003
1003
1003
1003
1003
1003
1003
1003
1003
1003
1003
1003
1003
1003
1003
1003
1003
1003
1003
1003
1003
1003
1003
1003
1003
1003
1003
1003
1003
1003
1003
1003
1003
1003
1003
1003
1003
1003
1003
1003
1003
1003
1003
1003
1003
1003
1003
1003
1003
1003
1003
1003
1003
1003
1003
1003
1003
1003
1003
1003
1003
1003
1003
1003
1003
1003
1003
1003
1003
1003
1003
1003
1003
1003
1003
1003
1003
1003
1003
1003
1003
1003
1003
1003
1003
1003
1003
1003
1003
1003
1003
1003
1003
1003
1003
1003
1003
1003
1003
1003
1003
1003
1003
1003
1003
1003
1003
1003
1003
1003
1003
1003
1003
1003
1003
1003
1003
1003
1003
1003
1003
1003
1003
1003
1003
1003
1003
1003
1003
1003
1003
1003
1003
1003
1003
1003
1003
1003
1003
1003
1003
1003
1003
1003
1003
1003
1003
1003
1003
1003
1003
1003
1003
1003
1003
1003
1003
1003
1003
1003
1003
1003
1003
1003
1003
1003
1003
1003
1003
1003
1003
1003
1003
1003
1003
1003
1003
1003
1003
1003
1003
1003
1003
1003
1003
1003
1003
1003
1003
1003
1003
1003
1003
1003
1003
1003
1003
1003
1003
1003
1003
1003
1003
1003
1003
1003
1003
1003
1003
1003
1003
1003
1003
1003
1003
1003
1003
1003
1003
1003
1003
1003
1003
1003
1003
1003
1003
1003
1003
1003
1003
1003
1003
1003
1003
1003
1003
1003
1003
1003
1003
1003
1003
1003
1003
1003
1003
1003
1003
1003
1003
1003
1003
1003
1003
1003
1003
1003
1003
1003
1003
1003
1003
1003
1003
1003
1003
1003
1003
1003
1003
1003
1003
1003
1003
1003
1003
1003
1003
1003
1003
1003
1003
1003
1003
1003
1003
1003
1003
1003
1003
1003
1003
1003
1003
1003
1003
1003
1003
1003
1003
1003
1003
1003
1003
1003
1003
1003
1003
1003
1003
1003
1003
1003
1003
1003
1003
1003
1003
1003
1003
1003
1003
1003
1003
1003
1003
1003
1003
1003
1003
1003
1003
1003
1003
1003
1003
1003
1003
1003
1003
1003
1003
1003
1003
1003
1003
1003
1003
1003
1003
1003
1003
1003
1003
1003
1003
1003
1003
1003
1003
1003
1003
1003
1003
1003
1003
1003
1003
1003
1003
1003
1003
1003
1003
1003
1003
1003
1003
1003
1003
1003
1003
1003
1003
1003
1003
1003
1003
1003
1003
1003
1003
1003
1003
1003
1003
1003
1003
1003
1003
1003
1003
1003
1003
1003
1003
1003
1003
1003
1003
1003
1003
1003
1003
1003
1003
1003
1003
1003
1003
1003
1003
1003
1003
1003
1003
1003
1003
1003
1003
1003
1003
1003
1003
1003
1003
1003
1003
1003
1003
1003
1003
1003
1003
1003
1003
1003
1003
1003
1003
1003
1003
1003
1003
1003
1003
1003
1003
1003
1003
1003
1003
1003
1003
1003
1003
1003
1003
1003
1003
1003
1003
1003
1003
1003
1003
1003
1003
1003
1003
1003
1003
1003
1003
1003
1003
1003
1003
1003
1003
1003
1003
1003
1003
1003
1003
1003
1003
1003
1003
1003
1003
1003
1003
1003
1003
1003
1003
1003
1003
1003
1003
1003
1003
1003
1003
1003
1003
1003
1003
1003
1003
1003
1003
1003
1003
1003
1003
1003
1003
1003
1003
1003
1003
1003
1003
1003
1003
1003
1003
1003
1003
1003
1003
1003
1003
1003
1003
1003
1003
1003
1003
1003
1003
1003
1003
1003
1003
1003
1003
1003
1003
1003
1003
1003
1003
1003
1003
1003
1003
1003
1003
1003
1003
1003
1003
1003
1003
1003
1003
1003
1003
1003
1003
1003
1003
1003
1003
1003
1003
1003
1003
1003
1003
1003
1003
1003
1003
1003
1003
1003
1003
1003
1003
1003
1003
1003
1003
1003
1003
1003
1003
1003
1003
1003
1003
1003
1003
1003
1003
1003
1003
1003
1003
1003
1003
1003
1003
1003
1003
1003
1003
1003
1003
1003
1003
1003
1003
1003
1003
1003
1003
1003
1003
1003
1003
1003
1003
1003
1003
1003
1003
1003
1003
1003
1003
1003
1003
1003
1003
1003
1003
1003
1003
1003
1003
1003
1003
1003
1003
1003
1003
1003
1003
1003
1003
1003
1003
1003
1003
1003
1003
1003
1003
1003
1003
1003
1003
1003
1003
1003
1003
1003
1003
1003
1003
1003
1003
1003
1003
1003
1003
1003
1003
1003
1003
1003
1003
1003
1003
1003
1003
1003
1003
1003
1003
1003
1003
1003
1003
1003
1003
1003
1003
1003
1003
1003
1003
1003
1003
1003
1003
1003
1003
1003
1003
1003
1003
1003
1003
1003
1003
1003
1003
1003
1003
1003
1003
1003
1003
1003
1003
1003
1003
1003
1003
1003
1003
1003
1003
1003
1003
1003
1003
1003
1003
1003
1003
1003
1003
1003
1003
1003
1003
1003
1003
1003
1003
1003
1003
1003
1003
1003
1003
1003
1003
1003
1003
1003
1003
1003
1003
1003
1003
1003
1003
1003
1003
1003
1003
1003
1003
1003
1003
1003
1003
1003
1003
1003
1003
1003
1003
1003
1003
1003
1003
1003
1003
1003
1003
1003
1003
1003
1003
1003
1003
1003
1003
1003
1003
1003
1003
1003
1003
1003
1003
1003
1003
1003
1003
1003
1003
1003
1003
1003
1003
1003
1003
1003
1003
1003
1003
1003
1003
1003
1003
1003
1003
1003
1003
1003
1003
1003
1003
1003
1003
1003
1003
1003
1003
1003
1003
1003
1003
1003
1003
1003
1003
1003
1003
1003
1003
1003
1003
1003
1003
1003
1003
1003
1003
1003
1003
1003
1003
1003
1003
1003
1003
1003
1003
1003
1003
1003
1003
1003
1003
1003
1003
1003
1003
1003
1003
1003
1003
1003
1003
1003
1003
1003
1003
1003
1003
1003
1003
1003
1003
1003
1003
1003
1003
1003
1003
1003
1003
1003
1003
1003
1003
1003
1003
1003
1003
1003
1003
1003
1003
1003
1003
1003
1003
1003
1003
1003
1003
1003
1003
1003
1003
1003
1003
1003
1003
1003
1003
1003
1003
1003
1003
1003
1003
1003
1003
1003
1003
1003
1003
1003
1003
1003
1003
1003
1003
1003
1003
1003
1003
1003
1003
1003
1003
1003
1003
1003
1003
1003
1003
1003
1003
1003
1003
1003
1003
1003
1003
1003
1003
1003
1003
1003
1003
1003
1003
1003
1003
1003
1003
1003
1003
1003
1003
1003
1003
1003
1003
1003
1003
1003
1003
1003
1003
1003
1003
1003
1003
1003
1003
1003
1003
1003
1003
1003
1003
1003
1003
1003
1003
1003
1003
1003
1003
1003
1003
1003
1003
1003
1003
1003
1003
1003
1003
1003
1003
1003
1003
1003
1003
1003
1003
1003
1003
1003
1003
1003
1003
1003
1003
1003
1003
1003
1003
1003
1003
1003
1003
1003
1003
1003
1003
1003
1003
1003
1003
1003
1003
1003
1003
1003
1003
1003
1003
1003
1003
1003
1003
1003
1003
1003
1003
1003
1003
1003
1003
1003
1003
1003
1003
1003
1003
1003
1003
1003
1003
1003
1003
1003
1003
1003
1003
1003
1003
1003
1003
1003
1003
1003
1003
1003
1003
1003
1003
1003
1003
1003
1003
1003
1003
1003
1003
1003
1003
1003
1003
1003
1003
1003
1003
1003
1003
1003
1003
1003
1003
1003
1003
1003
1003
1003
1003
1003
1003
1003
1003
1003
1003
1003
1003
1003
1003
1003
1003
1003
1003
1003
1003
1003
1003
1003
1003
1003
1003
1003
1003
1003
1003
1003
1003
1003
1003
1003
1003
1003
1003
1003
1003
1003
1003
1003
1003
1003
1003
1003
1003
1003
1003
1003
1003
1003
1003
1003
1003
1003
1003
1003
1003
1003
1003
1003
1003
1003
1003
1003
1003
1003
1003
1003
1003
1003
1003
1003
1003
1003
1003
1003
1003
1003
1003
1003
1003
1003
1003
1003
1003
1003
1003
1003
1003
1003
1003
1003
1003
1003
1003
1003
1003
1003
1003
1003
1003
1003
1003
1003
1003
1003
1003
1003
1003
1003
1003
1003
1003
1003
1003
1003
1003
1003
1003
1003
1003
1003
1003
1003
1003
1003
1003
1003
1003
1003
1003
1003
1003
1003
1003
1003
1003
1003
1003
1003
1003
1003
1003
1003
1003
1003
1003
1003
1003
1003
1003
1003
1003
1003
1003
1003
1003
1003
1003
1003
1003
1003
1003
1003
1003
1003
1003
1003
1003
1003
1003
1003
1003
1003
1003
1003
1003
1003
1003
1003
1003
1003
1003
1003
1003
1003
1003
1003
1003
1003
1003
1003
1003
1003
1003
1003
1003
1003
1003
1003
1003
1003
1003
1003
1003
1003
1003
1003
1003
1003
1003
1003
1003
1003
1003
1003
1003
1003
1003
1003
1003
1003
1003
1003
1003
1003
1003
1003
1003
1003
1003
1003
1003
1003
1003
1003
1003
1003
1003
1003
1003
1003
1003
1003
1003
1003
1003
1003
1003
1003
1003
1003
1003
1003
1003
1003
1003
1003
1003
1003
1003
1003
1003
1003
1003
1003
1003
1003
1003
1003
1003
1003
1003
1003
1003
1003
1003
1003
1003
1003
1003
1003
1003
1003
1003
1003
1003
1003
1003
1003
1003
1003
1003
1003
1003
1003
1003
1003
1003
1003
1003
1003
1003
1003
1003
1003
1003
1003
1003
1003
1003
1003
1003
1003
1003
1003
1003
1003
1003
1003
1003
1003
1003
1003
1003
1003
1003
1003
1003
1003
1003
1003
1003
1003
1003
1003
1003
1003
1003
1003
1003
1003
1003
1003
1003
1003
1003
1003
1003
1003
1003
1003
1003
1003
1003
1003
1003
1003
1003
1003
1003
1003
1003
1003
1003
1003
1003
1003
1003
1003
1003
1003
1003
1003
1003
1003
1003
1003
1003
1003
1003
1003
1003
1003
1003
1003
1003
1003
1003
1003
1003
1003
1003
1003
1003
1003
1003
1003
1003
1003
1003
1003
1003
1003
1003
1003
1003
1003
1003
1003
1003
1003
1003
1003
1003
1003
1003
1003
1003
1003
1003
1003
1003
1003
1003
1003
1003
1003
1003
1003
1003
1003
1003
1003
1003
1003
1003
1003
1003
1003
1003
1003
1003
1003
1003
1003
1003
1003
1003
1003
1003
1003
1003
1003
1003
1003
1003
1003
1003
1003
1003
1003
1003
1003
1003
1003
1003
1003
1003
1003
1003
1003
1003
1003
1003
1003
1003
1003
1003
1003
1003
1003
1003
1003
1003
1003
1003
1003
1003
1003
1003
1003
1003
1003
1003
1003
1003
1003
1003
1003
1003
1003
1003
1003
1003
1003
1003
1003
1003
1003
1003
1003
1003
1003
1003
1003
1003
1003
1003
1003
1003
1003
1003
1003
1003
1003
1003
1003
1003
1003
1003
1003
1003
1003
1003
1003
1003
1003
1003
1003
1003
1003
1003
1003
1003
1003
1003
1003
1003
1003
1003
1003
1003
1003
1003
1003
1003
1003
1003
1003
1003
1003
1003
1003
1003
1003
1003
1003
1003
1003
1003
1003
1003
1003
1003
1003
1003
1003
1003
1003
1003
1003
1003
1003
1003
1003
1003
1003
1003
1003
1003
1003
1003
1003
1003
1003
1003
1003
1003
1003
1003
1003
1003
1003
1003
1003
1003
1003
1003
1003
1003
1003
1003
1003
1003
1003
1003
1003
1003
1003
1003
1003
1003
1003
1003
1003
1003
1003
1003
1003
1003
1003
1003
1003
1003
1003
1003
1003
1003
1003
1003
1003
1003
1003
1003
1003
1003
1003
1003
1003
1003
1003
1003
1003
1003
1003
1003
1003
1003
1003
1003
1003
1003
1003
1003
1003
1003
1003
1003
1003
1003
1003
1003
1003
1003
1003
1003
1003
1003
1003
1003
1003
1003
1003
1003
1003
1003
1003
1003
1003
1003
1003
1003
1003
1003
1003
1003
1003
1003
1003
1003
1003
1003
1003
1003
1003
1003
1003
1003
1003
1003
1003
1003
1003
1003
1003
1003
1003
1003
1003
1003
1003
1003
1003
1003
1003
1003
1003
1003
1003
1003
1003
1003
1003
1003
1003
1003
1003
1003
1003
1003
1003
1003
1003
1003
1003
1003
1003
1003
1003
1003
1003
1003
1003
1003
1003
1003
1003
1003
1003
1003
1003
1003
1003
1003
1003
1003
1003
1003
1003
1003
1003
1003
1003
1003
1003
1003
1003
1003
1003
1003
1003
1003
1003
1003
1003
1003
1003
1003
1003
1003
1003
1003
1003
1003
1003
1003
1003
1003
1003
1003
1003
1003
1003
1003
1003
1003
1003
1003
1003
1003
1003
1003
1003
1003
1003
1003
1003
1003
1003
1003
1003
1003
1003
1003
1003
1003
1003
1003
1003
1003
1003
1003
1003
1003
1003
1003
1003
1003
1003
1003
1003
1003
1003
1003
1003
1003
1003
1003
1003
1003
1003
1003
1003
1003
1003
1003
1003
1003
1003
1003
1003
1003
1003
1003
1003
1003
1003
1003
1003
1003
1003
1003
1003
1003
1003
1003
1003
1003
1003
1003
1003
1003
1003
1003
1003
1003
1003
1003
1003
1003
1003
1003
1003
1003
1003
1003
1003
1003
1003
1003
1003
1003
1003
1003
1003
1003
1003
1003
1003
1003
1003
1003
1003
1003
1003
1003
1003
1003
1003
1003
1003
1003
1003
1003
1003
1003
1003
1003
1003
1003
1003
1003
1003
1003
1003
1003
1003
1003
1003
1003
1003
1003
1003
1003
1003
1003
1003
1003
1003
1003
1003
1003
1003
1003
1003
1003
1003
1003
1003
1003
1003
1003
1003
1003
1003
1003
1003
1003
1003
1003
1003
1003
1003
1003
1003
1003
1003
1003
1003
1003
1003
1003
1003
1003
1003
1003
1003
1003
1003
1003
1003
1003
1003
1003
1003
1003
1003
1003
1003
1003
1003
1003
1003
1003
1003
1003
1003
1003
1003
1003
1003
1003
1003
1003
1003
1003
1003
1003
1003
1003
1003
1003
1003
1003
1003
1003
1003
1003
1003
1003
1003
1003
1003
1003
1003
1003
1003
1003
1003
1003
1003
1003
1003
1003
1003
1003
1003
1003
1003
1003
1003
1003
1003
1003
1003
1003
1003
1003
1003
1003
1003
1003
1003
1003
1003
1003
1003
1003
1003
1003
1003
1003
1003
1003
1003
1003
1003
1003
1003
1003
1003
1003
1003
1003
1003
1003
1003
1003
1003
1003
1003
1003
1003
1003
1003
1003
1003
1003
1003
1003
1003
1003
1003
1003
1003
1003
1003
1003
1003
1003
1003
1003
1003
1003
1003
1003
1003
1003
1003
1003
1003
1003
1003
1003
1003
1003
1003
1003
1003
1003
1003
1003
1003
1003
1003
1003
1003
1003
1003
1003
1003
1003
1003
1003
1003
1003
1003
1003
1003
1003
1003
1003
1003
1003
1003
1003
1003
1003
1003
1003
1003
1003
1003
1003
1003
1003
1003
1003
1003
1003
1003
1003
1003
1003
1003
1003
1003
1003
1003
1003
1003
1003
1003
1003
1003
1003
1003
1003
1003
1003
1003
1003
1003
1003
1003
1003
1003
1003
1003
1003
1003
1003
1003
1003
1003
1003
1003
1003
1003
1003
1003
1003
1003
1003
1003
1003
1003
1003
1003
1003
1003
1003
1003
1003
1003
1003
1003
1003
1003
1003
1003
1003
1003
1003
1003
1003
1003
1003
1003
1003
1003
1003
1003
1003
1003
1003
1003
1003
1003
1003
1003
1003
1003
1003
1003
1003
1003
1003
1003
1003
1003
1003
1003
1003
1003
1003
1003
1003
1003
1003
1003
1003
1003
1003
1003
1003
1003
1003
1003
1003
1003
1003
1003
1003
1003
1003
1003
1003
1003
1003
1003
1003
1003
1003
1003
1003
1003
1003
1003
1003
1003
1003
1003
1003
1003
1003
1003
1003
1003
1003
1003
1003
1003
1003
1003
1003
1003
1003
1003
1003
1003
1003
1003
1003
1003
1003
1003
1003
1003
1003
1003
1003
1003
1003
1003
1003
1003
1003
1003
1003
1003
1003
1003
1003
1003
1003
1003
1003
1003
1003
1003
1003
1003
1003
1003
1003
1003
1003
1003
1003
1003
1003
1003
1003
1003
1003
1003
1003
1003
1003
1003
1003
1003
1003
1003
1003
1003
1003
1003
1003
1003
1003
1003
1003
1003
1003
1003
1003
1003
1003
1003
1003
1003
1003
1003
1003
1003
1003
1003
1003
1003
1003
1003
1003
1003
1003
1003
1003
1003
1003
1003
1003
1003
1003
1003
1003
1003
1003
1003
1003
1003
1003
1003
1003
1003
1003
1003
1003
1003
1003
1003
1003
1003
1003
1003
1003
1003
1003
1003
1003
1003
1003
1003
1003
1003
1003
1003
1003
1003
1003
1003
1003
1003
1003
1003
1003
1003
1003
1003
1003
1003
1003
1003
1003
1003
1003
1003
1003
1003
1003
1003
1003
1003
1003
1003
1003
1003
1003
1003
1003
1003
1003
1003
1003
1003
1003
1003
1003
1003
1003
1003
1003
1003
1003
1003
1003
1003
1003
1003
1003
1003
1003
1003
1003
1003
1003
1003
1003
1003
1003
1003
1003
1003
1003
1003
1003
1003
1003
1003
1003
1003
1003
1003
1003
1003
1003
1003
1003
1003
1003
1003
1003
1003
1003
1003
1003
1003
1003
1003
1003
1003
1003
1003
1003
1003
1003
1003
1003
1003
1003
1003
1003
1003
1003
1003
1003
1003
1003
1003
1003
1003
1003
1003
1003
1003
1003
1003
1003
1003
1003
1003
1003
1003
1003
1003
1003
1003
1003
1003
1003
1003
1003
1003
1003
1003
1003
1003
1003
1003
1003
1003
1003
1003
1003
1003
1003
1003
1003
1003
1003
1003
1003
1003
1003
1003
1003
1003
1003
1003
1003
1003
1003
1003
1003
1003
1003
1003
1003
1003
1003
1003
1003
1003
1003
1003
1003
1003
1003
1003
1003
1003
1003
1003
1003
1003
1003
1003
1003
1003
1003
1003
1003
1003
1003
1003
1003
1003
1003
1003
1003
1003
1003
1003
1003
1003
1003
1003
1003
1003
1003
1003
1003
1003
1003
1003
1003
1003
1003
1003
1003
1003
1003
1003
1003
1003
1003
1003
1003
1003
1003
1003
1003
1003
1003
1003
1003
1003
1003
1003
1003
1003
1003
1003
1003
1003
1003
1003
1003
1003
1003
1003
1003
1003
1003
1003
1003
1003
1003
1003
1003
1003
1003
1003
1003
1003
1003
1003
1003
1003
1003
1003
1003
1003
1003
1003
1003
1003
1003
1003
1003
1003
1003
1003
1003
1003
1003
1003
1003
1003
1003
1003
1003
1003
1003
1003
1003
1003
1003
1003
1003
1003
1003
1003
1003
1003
1003
1003
1003
1003
1003
1003
1003
1003
1003
1003
1003
1003
1003
1003
1003
1003
1003
1003
1003
1003
1003
1003
1003
1003
1003
1003
1003
1003
1003
1003
1003
1003
1003
1003
1003
1003
1003
1003
1003
1003
1003
1003
1003
1003
1003
1003
1003
1003
1003
1003
1003
1003
1003
1003
1003
1003
1003
1003
1003
1003
1003
1003
1003
1003
1003
1003
1003
1003
1003
1003
1003
1003
1003
1003
1003
1003
1003
1003
1003
1003
1003
1003
1003
1003
1003
1003
1003
1003
1003
1003
1003
1003
1003
1003
1003
1003
1003
1003
1003
1003
1003
1003
1003
1003
1003
1003
1003
1003
1003
1003
1003
1003
1003
1003
1003
1003
1003
1003
1003
1003
1003
1003
1003
1003
1003
1003
1003
1003
1003
1003
1003
1003
1003
1003
1003
1003
1003
1003
1003
1003
1003
1003
1003
1003
1003
1003
1003
1003
1003
1003
1003
1003
1003
1003
1003
1003
1003
1003
1003
1003
1003
1003
1003
1003
1003
1003
1003
1003
1003
1003
1003
1003
1003
1003
1003
1003
1003
1003
1003
1003
1003
1003
1003
1003
1003
1003
1003
1003
1003
1003
1003
1003
1003
1003
1003
1003
1003
1003
1003
1003
1003
1003
1003
1003
1003
1003
1003
1003
1003
1003
1003
1003
1003
1003
1003
1003
1003
1003
1003
1003
1003
1003
1003
1003
1003
1003
1003
1003
1003
1003
1003
1003
1003
1003
1003
1003
1003
1003
1003
1003
1003
1003
1003
1003
1003
1003
1003
1003
1003
1003
1003
1003
1003
1003
1003
1003
1003
1003
1003
1003
1003
1003
1003
1003
1003
1003
1003
1003
1003
1003
1003
1003
1003
1003
1003
1003
1003
1003
1003
1003
1003
1003
1003
1003
1003
1003
1003
1003
1003
1003
1003
1003
1003
1003
1003
1003
1003
1003
1003
1003
1003
1003
1003
1003
1003
1003
1003
1003
1003
1003
1003
1003
1003
1003
1003
1003
1003
1003
1003
1003
1003
1003
1003
1003
1003
1003
1003
1003
1003
1003
1003
1003
1003
1003
1003
1003
1003
1003
1003
1003
1003
1003
1003
1003
1003
1003
1003
1003
1003
1003
1003
1003
1003
1003
1003
1003
1003
1003
1003
1003
1003
1003
1003
1003
1003
1003
1003
1003
1003
1003
1003
1003
1003
1003
1003
1003
1003
1003
1003
1003
1003
1003
1003
1003
1003
1003
1003
1003
1003
1003
1003
1003
1003
1003
1003
1003
1003
1003
1003
1003
1003
1003
1003
1003
1003
1003
1003
1003
1003
1003
1003
1003
1003
1003
1003
1003
1003
1003
1003
1003
1003
1003
1003
1003
1003
1003
1003
1003
1003
1003
1003
1003
1003
1003
1003
1003
1003
1003
1003
1003
1003
1003
1003
1003
1003
1003
1003
1003
1003
1003
1003
1003
1003
1003
1003
1003
1003
1003
1003
1003
1003
1003
1003
1003
1003
1003
1003
1003
1003
1003
1003
1003
1003
1003
1003
1003
1003
1003
1003
1003
1003
1003
1003
1003
1003
1003
1003
1003
1003
1003
1003
1003
1003
1003
1003
1003
1003
1003
1003
1003
1003
1003
1003
1003
1003
1003
1003
1003
1003
1003
1003
1003
1003
1003
1003
1003
1003
1003
1003
1003
1003
1003
1003
1003
1003
1003
1003
1003
1003
1003
1003
1003
1003
1003
1003
1003
1003
1003
1003
1003
1003
1003
1003
1003
1003
1003
1003
1003
1003
1003
1003
1003
1003
1003
1003
1003
1003
1003
1003
1003
1003
1003
1003
1003
1003
1003
1003
1003
1003
1003
1003
1003
1003
1003
1003
1003
1003
1003
1003
1003
1003
1003
1003
1003
1003
1003
1003
1003
1003
1003
1003
1003
1003
1003
1003
1003
1003
1003
1003
1003
1003
1003
1003
1003
1003
1003
1003
1003
1003
1003
1003
1003
1003
1003
1003
1003
1003
1003
1003
1003
1003
1003
1003
1003
1003
1003
1003
1003
1003
1003
1003
1003
1003
1003
1003
1003
1003
1003
1003
1003
1003
1003
1003
1003
1003
1003
1003
1003
1003
1003
1003
1003
1003
1003
1003
1003
1003
1003
1003
1003
1003
1003
1003
1003
1003
1003
1003
1003
1003
1003
1003
1003
1003
1003
1003
1003
1003
1003
1003
1003
1003
1003
1003
1003
1003
1003
1003
1003
1003
1003
1003
1003
1003
1003
1003
1003
1003
1003
1003
1003
1003
1003
1003
1003
1003
1003
1003
1003
1003
1003
1003
1003
1003
1003
1003
1003
1003
1003
1003
1003
1003
1003
1003
1003
1003
1003
1003
1003
1003
1003
1003
1003
1003
1003
1003
1003
1003
1003
1003
1003
1003
1003
1003
1003
1003
1003
1003
1003
1003
1003
1003
1003
1003
1003
1003
1003
1003
1003
1003
1003
1003
1003
1003
1003
1003
1003
1003
1003
1003
1003
1003
1003
1003
1003
1003
1003
1003
1003
1003
1003
1003
1003
1003
1003
1003
1003
1003
1003
1003
1003
1003
1003
1003
1003
1003
1003
1003
1003
1003
1003
1003
1003
1003
1003
1003
1003
1003
1003
1003
1003
1003
1003
1003
1003
1003
1003
1003
1003
1003
1003
1003
1003
1003
1003
1003
1003
1003
1003
1003
1003
1003
1003
1003
1003
1003
1003
1003
1003
1003
1003
1003
1003
1003
1003
1003
1003
1003
1003
1003
1003
1003
1003
1003
1003
1003
1003
1003
1003
1003
1003
1003
1003
1003
1003
1003
1003
1003
1003
1003
1003
1003
1003
1003
1003
1003
1003
1003
1003
1003
1003
1003
1003
1003
1003
1003
1003
1003
1003
1003
1003
1003
1003
1003
1003
1003
1003
1003
1003
1003
1003
1003
1003
1003
1003
1003
1003
1003
1003
1003
1003
1003
1003
1003
1003
1003
1003
1003
1003
1003
1003
1003
1003
1003
1003
1003
1003
1003
1003
1003
1003
1003
1003
1003
1003
1003
1003
1003
1003
1003
1003
1003
1003
1003
1003
1003
1003
1003
1003
1003
1003
1003
1003
1003
1003
1003
1003
1003
1003
1003
1003
1003
1003
1003
1003
1003
1003
1003
1003
1003
1003
1003
1003
1003
1003
1003
1003
1003
1003
1003
1003
1003
1003
1003
1003
1003
1003
1003
1003
1003
1003
1003
1003
1003
1003
1003
1003
1003
1003
1003
1003
1003
1003
1003
1003
1003
1003
1003
1003
1003
1003
1003
1003
1003
1003
1003
1003
1003
1003
1003
1003
1003
140
699
1329
76
1574
741
698
1506
1728
854
521
711
274
1683
340
1883
1273
1874
988
198
12
515
1421
108
50
755
1825
507
1837
1741
1315
328
439
643
755
365
1736
1804
1870
1815
657
391
525
1282
425
1216
1165
49
1089
504
247
1453
1018
19
1912
1419
773
89
1925
961
1829
1591
1641
619
585
395
983
672
199
1205
486
1207
1947
1362
489
371
578
1653
420
18
156
1018
1470
1525
1036
1734
943
160
174
1219
1472
2
1161
1112
972
97
1859
307
769
409
1511
1606
1615
1809
968
455
179
1545
107
950
1914
614
1967
1736
490
1354
1469
1784
1865
1642
1354
1337
1995
514
800
1318
963
1010
1624
1731
1418
1486
1688
1385
1294
655
1839
1473
551
298
774
465
1263
1093
552
1753
446
20
1536
311
13
1242
1999
359
107
798
1676
1069
160
1300
1151
1577
1137
839
1313
431
1493
1152
255
396
1801
1028
1212
1063
120
1763
1167
918
134
703
1228
498
296
1578
856
402
727
531
1471
886
182
621
815
1671
1459
127
101
1304
1630
707
51
1782
1734
1262
845
206
1024
11
1475
1509
1065
702
6
1360
631
861
114
1357
1743
1584
595
277
556
1409
1947
15
1887
399
1670
1517
1105
1720
1298
1190
981
494
1747
356
505
1221
1864
1921
274
221
1633
904
1433
1746
613
1175
1329
1207
1803
1884
615
101
250
501
499
1919
369
1603
1990
19
1145
970
512
891
1677
1368
112
1892
1289
385
112
921
1289
1544
1018
1901
1071
698
1459
1225
581
73
1326
1183
925
1824
1453
1294
1779
1443
1312
923
764
175
1813
441
1543
276
684
1183
661
796
455
301
691
1472
553
113
169
11
1338
1101
435
663
283
1359
838
88
1004
616
1530
667
1538
645
842
1703
1437
384
1978
121
1918
990
1268
372
1290
310
1843
1842
423
363
204
1760
1463
638
774
98
1997
1611
185
1352
227
66
19
116
1062
860
170
499
1595
148
971
1512
1489
238
1883
779
547
77
972
1321
439
1528
1432
253
165
205
702
513
1816
1238
1865
394
1655
1883
861
717
1094
1031
1567
1040
1530
537
551
1018
1126
785
148
24
1213
1120
1345
1651
647
776
255
1163
1333
957
1676
1500
194
1892
1893
1849
1774
1105
917
1219
135
483
258
1664
1019
1160
1034
144
1944
1181
167
1156
300
1863
1158
1298
991
1764
461
323
720
488
1822
1266
379
66
1466
504
1170
382
1722
1657
864
1979
1672
234
1138
705
729
1433
1886
1247
940
537
1110
97
1835
100
1860
647
774
932
1486
595
197
1864
1012
1662
367
533
395
440
189
1610
418
213
1843
1907
917
571
1691
1154
169
630
1691
1278
1078
1877
1729
1289
875
502
220
360
1096
768
223
459
781
941
992
1175
1380
1532
784
1797
1744
978
55
1013
1548
97
166
1717
726
1856
1346
155
84
1075
1443
958
1576
1663
1317
1024
430
1891
1834
1211
831
825
737
210
709
1521
358
804
498
764
1816
398
860
334
466
1937
189
1811
91
625
1237
1534
1582
1165
1548
1251
540
1977
1141
373
1539
1972
1550
276
181
258
148
539
1061
997
1302
1229
1394
514
1562
211
450
102
22
541
726
1610
74
660
774
1973
1910
1313
301
1402
38
1840
1725
1587
467
1906
1844
966
796
1256
1962
449
484
1708
962
45
1918
1764
499
291
304
1224
1901
729
235
1026
701
496
691
1001
1898
728
1192
1622
314
10
1879
509
975
1026
1764
1289
1475
600
996
788
996
1265
551
1494
1556
1206
1070
1808
1934
1304
1185
986
152
1875
339
49
602
1530
22
1267
1892
253
1775
1218
1278
1891
506
1104
842
1853
244
1837
1118
1146
1683
1025
352
752
832
637
407
16
1623
558
243
1961
958
1196
1842
1332
463
1733
1584
589
951
1213
831
1808
317
1672
1661
912
1509
1130
57
1191
154
408
294
1337
1397
1052
1704
1019
1962
1946
1331
919
1142
1524
250
1604
1257
185
544
559
1398
1375
718
66
1046
730
977
906
1859
1033
448
364
1793
741
52
1189
145
1756
207
106
1701
1889
1024
842
1412
1626
797
1020
1810
1341
1930
1559
1067
648
1624
112
1729
600
1370
1940
1633
1817
303
1425
558
355
965
702
462
1171
807
162
1411
182
1356
822
159
504
194
321
196
123
1879
1262
1122
1503
1726
851
102
1095
790
86
911
1444
1862
1820
150
826
521
611
348
1679
1125
110
213
480
1284
371
983
1477
691
1179
1951
922
792
1073
424
517
1923
877
1611
1064
1315
874
507
1176
693
1009
354
1566
1619
1053
1596
743
1163
1808
1574
446
531
557
1922
1573
87
1872
494
878
1296
917
1747
1570
146
1357
633
1460
582
1492
987
1275
500
1340
840
118
393
787
1213
1555
595
786
352
1477
1694
273
1049
132
496
1543
1362
1792
811
1108
1361
956
816
1994
415
1398
1485
1754
672
336
1093
1863
453
1837
1001
17
1743
1595
1155
94
1423
848
718
472
1332
1214
14
693
1005
1176
1800
365
132
615
710
898
12
546
651
1035
881
96
1249
1686
284
250
54
379
196
1208
472
1619
56
1190
90
1739
755
455
431
1759
1982
230
475
113
1196
1537
1363
1560
82
365
594
1315
812
195
1352
1448
444
1405
1826
639
613
297
609
1020
1838
1050
758
592
1856
1188
702
1838
1769
1529
302
964
1065
1664
523
1146
381
1469
812
1192
1663
163
991
106
1568
816
1096
532
1465
57
1551
1302
1106
660
246
962
199
947
1151
1967
475
1452
1282
1891
1468
157
1389
1848
1625
200
1391
1639
715
382
96
634
1197
1543
1165
1013
1599
1067
315
705
78
912
18
276
210
1168
594
1037
619
227
927
86
383
315
285
359
515
28
1997
1229
409
444
1862
1957
1987
1378
970
1585
444
1636
289
873
547
658
1148
756
1825
93
144
444
319
1071
881
702
1385
1166
1412
251
1193
1761
1831
1953
204
44
261
190
1421
1582
1775
216
1217
415
1088
115
1073
587
1223
1249
679
1366
1692
998
436
925
51
173
442
1462
423
1986
1574
254
1938
1778
297
550
1967
70
132
93
285
1700
860
1725
1815
284
311
1389
1532
990
754
1576
339
1542
500
389
1714
941
202
136
926
1776
741
1215
1905
1390
116
223
1459
247
668
95
1947
1527
171
113
1810
482
1501
1693
1823
606
1268
513
147
1767
1253
1860
1059
1806
348
336
1933
1440
1902
1837
829
18
60
639
616
727
1086
914
605
1256
1026
766
89
878
458
263
1484
1726
775
1630
1844
27
1842
903
1833
541
1590
1765
1980
1492
1954
1161
1861
13
1799
476
1091
1236
1390
47
492
767
812
580
1997
1269
843
1480
994
1969
1461
1190
1996
1654
92
180
194
33
296
174
1876
249
1334
1736
613
1484
564
55
720
1953
101
1563
1071
912
142
1067
533
1336
898
1878
1657
359
1067
4
12
1510
183
206
1543
830
731
1418
1079
416
1506
1691
1899
69
1746
970
373
1846
532
1443
1110
1026
862
1642
713
1759
1519
369
469
938
372
833
447
906
1390
1989
1736
120
1759
1166
535
1264
856
785
1332
953
1755
56
1151
638
1498
260
1663
711
253
376
470
123
1096
1290
1412
1820
122
1859
725
1511
199
812
1982
1957
1977
868
1572
1185
5
1255
137
111
1310
1639
748
1160
250
411
222
502
1138
691
977
233
333
388
404
454
598
1481
317
797
292
650
1105
621
1518
1029
157
1874
283
645
1984
1945
284
731
1456
533
1493
1677
1387
630
720
715
1215
1052
1454
1618
1857
52
1450
173
848
94
1175
304
714
692
1332
1222
917
1967
1866
900
1911
501
1630
1718
1034
1123
1394
772
104
113
1838
1670
1516
1291
1640
1373
1342
1089
1897
541
1182
1071
845
247
114
528
1468
1030
494
1334
1929
756
186
1911
473
1219
1385
219
342
1488
683
179
1158
199
1470
797
1923
1163
1885
1819
1704
1419
1242
900
1665
1355
1779
1133
737
273
818
1017
1380
1003
927
205
574
311
423
1267
1799
1457
1798
1308
1655
1619
456
1929
781
692
1748
836
110
1341
87
1775
695
1866
1259
1783
490
428
800
1869
1782
1726
425
707
37
847
1974
187
656
123
1846
310
1741
301
591
521
992
690
1357
1454
30
1443
1580
724
1660
838
507
149
1617
1306
18
1398
1383
442
105
1771
1641
430
309
296
552
154
957
292
806
1899
1164
150
588
872
1603
617
667
1182
1693
326
371
551
475
1987
208
844
1736
1590
1637
192
1361
1629
973
1669
276
1524
175
1585
167
980
1483
1683
1129
71
554
1083
687
1220
264
379
1546
986
929
372
972
1136
1567
1060
1078
1203
1251
438
1184
224
458
1459
99
632
1395
266
1964
878
1948
1444
948
853
527
1986
73
1142
717
1970
128
1997
693
1451
1485
259
510
562
1813
1761
1351
996
1984
160
807
82
1144
201
699
1107
1078
998
550
377
1851
1076
715
275
570
1783
244
697
1779
1288
147
1263
1546
657
176
1358
769
1878
354
752
38
1512
1185
1181
1712
236
287
1142
1233
1188
1870
1435
616
936
1709
1185
718
304
233
497
1591
379
111
1136
1387
639
846
155
516
1551
1258
553
1062
443
1733
1125
678
371
266
262
1559
488
1697
526
1423
1757
1710
141
413
1942
989
3
672
1099
1491
59
1737
688
565
253
238
1823
805
1299
617
890
775
1646
1260
1041
1907
1170
1528
1955
1695
1302
1712
1756
1442
124
49
430
478
721
1881
320
1131
1617
1007
1695
221
1596
1517
1378
1246
485
267
21
130
1878
1061
389
1400
940
343
1446
241
406
1202
35
881
1250
464
1711
1970
696
30
1100
313
1389
1147
885
984
1015
262
230
1500
880
250
1629
1110
1662
17
509
953
712
306
1193
1117
1507
1579
1998
757
43
60
1078
1090
89
530
1402
1829
1676
639
813
690
1252
1394
541
484
1995
170
1593
1656
538
453
960
1601
758
504
718
617
83
1067
1725
477
1126
802
1566
1566
1683
1320
1395
1710
1958
559
752
1209
304
1292
44
298
1813
1636
305
351
440
1264
303
1550
1767
1372
518
1849
438
242
677
1915
1395
243
1833
1078
1562
1227
787
1871
137
1538
1431
440
830
1475
1089
994
1462
1393
1344
1902
1008
1999
1803
1126
1370
320
1327
1808
561
3
74
1955
245
1906
1384
158
1484
523
28
1972
60
1459
411
1241
933
1851
235
746
1595
1930
647
602
1928
801
1728
1650
1472
1054
1457
384
1056
1882
339
1653
140
74
162
1623
596
190
1947
1008
2000
709
600
1284
560
1186
29
154
1116
1028
1108
1395
180
835
1044
1652
240
852
35
1647
1086
725
1299
1225
799
1461
1199
1746
2
1145
753
353
1854
1353
1636
765
538
16
918
5
1043
25
1752
1223
1211
1147
874
1450
351
1260
1097
1436
1985
747
1012
783
559
210
528
912
1707
1633
1264
1912
1337
1251
676
226
1619
1945
583
661
322
334
235
1532
1832
1460
1334
182
720
782
1969
1056
1880
980
1838
791
1542
717
1702
1600
701
1318
1511
37
920
538
263
538
482
1197
1551
1155
1530
1785
1039
1713
1597
372
247
668
1505
215
1723
1736
1547
1560
526
1440
628
580
1039
1329
1897
549
1717
1168
1086
331
1706
1919
1527
1256
1074
1408
1392
112
1121
988
835
1367
1655
691
1933
1377
426
1479
1288
952
918
268
1531
308
1948
1779
856
1664
946
293
1995
1003
564
1873
610
1637
1281
2
100
401
1341
1286
119
1348
1976
51
724
753
1882
364
1704
1151
631
1586
1459
578
1716
666
593
1014
959
939
368
1522
812
978
1510
92
979
1961
844
671
1246
962
18
1573
1364
742
325
1597
1457
381
748
439
318
558
1368
386
1223
1960
1399
533
899
1766
406
1710
743
267
1801
73
227
644
744
1472
1957
761
1396
1672
1854
1721
1269
1662
453
368
100
770
925
1467
1155
499
1779
905
1032
677
1023
1789
738
117
56
538
190
282
1533
1285
106
1841
397
1853
1512
603
1573
780
264
377
1147
716
1499
423
534
653
922
312
1910
305
988
932
445
1725
1048
500
614
1589
1134
498
1225
1591
338
1622
1443
1850
576
1368
981
839
1744
480
1906
1242
902
440
247
175
751
508
831
91
1791
1628
167
838
127
781
779
1612
1630
355
1554
1968
1976
997
169
903
716
1501
94
811
1980
1999
405
1234
438
651
1760
1541
1510
943
1631
1300
570
1797
489
1048
929
1267
660
911
1622
213
878
1949
1561
1398
852
628
1250
945
1439
1582
1295
1843
815
1733
845
926
1625
354
1868
1255
1653
789
1403
141
1837
684
1760
848
1594
1733
1412
823
1681
973
572
884
1600
1821
180
1390
1402
1475
1232
568
1559
428
1494
1183
781
1713
789
785
502
543
926
338
1226
1037
1537
819
769
948
1993
801
1920
564
37
1872
385
216
1613
138
42
845
706
1600
1624
551
1134
405
615
274
1189
1116
817
466
1805
42
1502
1341
1213
270
289
1557
1423
560
121
1459
783
857
26
396
1346
68
1592
51
19
1567
953
1505
1971
1920
1778
1512
1387
594
1977
1192
988
1831
884
552
452
1524
460
1874
436
580
1332
1570
1788
1710
317
1134
1777
260
1536
147
1827
841
1651
1797
760
1429
1660
146
374
1637
1689
1713
1819
925
264
270
800
1076
144
1235
1655
1827
1157
1795
1536
1473
1280
1664
1733
1167
1811
1911
7
1461
59
766
1241
1719
1264
1615
1707
952
1679
1525
228
295
1794
1028
1370
289
614
1376
468
1770
1170
355
1595
449
19
1679
1616
181
1589
1974
1641
1647
1092
1234
1365
355
1200
1423
1658
878
947
238
1172
1093
1265
541
1733
230
1917
200
2000
1086
555
1946
1887
925
1624
1854
1105
1212
1827
1097
1210
1270
682
927
1976
1881
349
1634
759
1648
1871
1930
740
1487
823
472
1716
739
1024
67
176
1930
12
414
854
1635
267
310
1198
446
1758
408
67
440
1686
43
320
34
1676
1430
1681
1898
1712
772
1736
534
1596
1803
1272
619
1870
1799
548
1881
213
1753
1868
831
414
1417
1628
171
1824
1695
610
1861
1737
1282
1895
1764
711
1927
13
422
699
1748
955
294
1550
578
1264
1771
729
163
4
1293
1915
223
123
328
1639
103
850
1815
149
1812
1675
1885
1093
1569
2000
1803
1848
12
577
898
111
1531
1543
12
461
806
1783
1189
968
138
481
1234
360
955
1913
1998
1409
1114
1812
1557
925
1839
1441
17
1759
1792
172
1606
1803
748
503
265
630
397
277
1442
1202
411
982
521
548
1462
106
1259
769
370
1608
177
1484
1772
1734
408
1610
1526
777
1368
1318
948
1326
1472
47
180
1737
676
577
365
118
130
775
1099
651
1674
913
1108
932
33
1830
539
561
1313
310
294
72
1919
172
848
1639
1841
147
964
1664
193
1143
1752
869
1719
116
1338
1849
890
788
851
915
1700
310
1846
84
139
737
645
1803
1046
1290
1875
1317
1461
1074
1307
1653
1221
270
1669
1413
1764
1420
281
1483
1536
1970
1683
777
758
885
1692
809
1194
1889
893
1685
625
1537
1487
23
826
1361
1691
639
435
997
291
7
1618
1959
1419
1381
1731
1700
1215
1266
1669
897
42
778
1781
85
1587
1327
1974
479
1011
598
15
497
620
1192
210
662
1830
996
1658
473
1002
1275
783
420
656
513
471
1870
1778
492
1119
172
1269
1251
256
1207
577
229
1685
1939
1179
51
788
150
1243
1349
812
1072
344
469
1544
1697
96
327
468
1103
839
939
1324
969
1782
442
1140
1402
45
1747
609
973
328
645
912
1858
696
51
7
1938
1399
818
1009
94
1639
905
1790
86
1583
257
1188
421
1547
511
1741
1680
1305
1232
1434
1349
979
42
673
1658
686
1584
1515
1733
1986
1521
1670
1384
691
1031
1477
681
287
1618
1118
1869
227
305
641
125
1167
382
1805
823
1613
1238
523
943
1631
1196
952
668
1131
466
753
1117
339
422
852
1381
1804
681
61
442
298
1178
310
524
1834
951
649
1352
1332
805
175
1296
394
1049
591
376
244
1542
1395
1727
8
147
1195
698
921
46
78
1076
726
490
1518
1024
1667
1827
1899
1852
1129
899
1203
812
55
1729
108
800
1130
1050
1175
1725
591
922
1451
598
1068
645
1647
340
1043
1724
1416
1768
213
933
1143
231
1111
1394
434
240
292
1637
1051
699
1717
1510
1498
846
559
1025
571
1502
1946
373
99
1013
1370
1746
1353
412
1821
1120
531
34
52
1674
616
1514
1419
1050
105
1710
1038
1156
760
754
1017
258
1952
1928
1282
874
1429
1579
1246
1879
591
967
1976
295
1378
149
1766
1909
182
1817
1934
797
1683
1352
198
1787
1413
1235
1294
173
341
311
430
644
590
63
1517
370
1641
1114
600
583
81
576
1230
1810
1076
995
1718
1257
1164
3
405
846
1354
603
632
767
189
1926
939
529
588
1720
1172
1529
1782
1040
1898
1774
506
497
356
938
1424
1585
747
499
580
817
107
1743
819
864
940
525
1818
1571
1291
6
1496
581
887
435
300
410
1963
433
1450
1860
206
307
709
913
1244
484
850
342
1335
1781
1510
1441
1875
681
304
814
1205
473
384
495
479
232
1427
1365
666
1726
126
629
510
1575
840
1067
233
1548
1979
1828
384
828
522
1718
960
31
1158
834
711
1814
1647
267
286
31
1113
1116
614
539
480
1279
616
606
1907
1125
532
1099
191
1117
998
522
944
1381
1701
1465
1098
661
1848
256
1494
910
421
1141
1177
706
1523
289
1822
136
1180
653
1414
1795
1610
1673
920
494
1123
1462
1610
120
335
905
1501
36
370
598
696
569
853
541
1478
1273
1681
1006
331
1555
1647
152
1690
826
1156
1456
620
766
1480
1891
1611
602
1353
1220
721
1687
124
573
74
845
1171
769
1765
375
1662
1243
2000
1694
600
330
1249
246
833
1290
1071
1988
1097
1691
1105
576
1581
1067
1529
933
286
602
972
762
1174
1045
1958
696
166
1723
1071
1827
965
1070
1520
1916
1751
1120
162
583
410
1232
922
1506
922
379
434
503
1445
314
1787
83
1267
1110
844
441
507
801
1488
1024
523
558
850
1839
1979
721
1755
1729
1841
1916
311
602
1147
1585
459
421
1963
892
1275
1759
1558
1413
1841
824
875
684
1616
1381
1837
1104
404
359
13
1605
550
1992
325
304
1720
517
571
383
1118
1717
319
1929
489
633
820
1763
391
729
1528
232
1553
402
1267
1168
1782
1103
623
537
1814
636
141
363
627
817
1018
698
1686
1588
1432
1155
1656
1750
1083
145
382
255
259
773
983
138
1356
535
539
622
55
672
77
677
1208
1890
1664
1700
604
290
517
1621
1340
202
1208
771
1356
1215
873
791
1359
1254
1045
1970
378
27
107
1733
914
646
707
968
1669
1135
1996
877
1376
1660
928
1979
301
1796
1951
1640
1997
1158
763
1705
372
1635
495
83
1240
1891
404
1618
1917
510
1702
830
1507
760
149
1528
1894
145
756
1269
156
1683
1247
456
1479
1197
448
1827
706
1562
1883
1430
1548
729
1864
787
619
267
756
888
1128
458
1717
987
1217
218
514
1111
362
1269
731
869
1303
1978
1324
781
1526
123
960
584
1684
842
13
1231
1571
228
370
541
494
1125
1428
1973
1934
1497
959
1503
1714
1824
965
427
1092
1695
1295
747
24
970
1527
1550
1093
838
133
1128
1680
497
711
1602
724
1432
494
1569
556
1922
1541
842
1418
852
344
1483
675
1660
1909
119
1354
1203
865
1378
524
743
1279
1616
1581
1763
1096
1612
259
1806
1213
1334
1237
58
902
144
1979
794
1337
1748
1645
1680
1582
672
1339
1490
1142
1045
1044
6
774
1568
1100
52
1535
1032
166
630
643
776
787
207
109
375
265
1362
519
595
507
1855
695
504
1887
276
1175
1577
1766
316
973
1161
673
1746
728
124
149
615
1156
314
1596
1798
1441
383
5
1901
757
621
1262
1627
1215
121
1482
1909
624
1720
537
1798
1648
302
465
621
1814
1137
366
894
1260
867
1508
767
1532
1103
565
973
1837
921
873
594
1893
487
220
1107
607
53
1368
1230
124
256
1379
1772
909
1843
392
722
1331
1109
1615
942
1975
1474
1709
1507
577
625
479
413
1545
1351
1358
1789
189
1930
1247
1147
1982
966
376
106
1221
106
229
129
1948
620
851
1630
1728
817
924
1703
291
632
1209
1219
1608
39
1983
1504
1741
1341
1292
1930
1270
538
1076
1603
1504
1804
60
724
1909
640
853
209
1259
1703
190
1339
519
1113
1041
1161
96
601
379
1703
639
362
1206
731
54
497
660
1675
1035
88
1629
538
243
1689
1613
503
328
465
1063
1939
519
1253
1277
1390
717
669
550
813
1621
929
867
259
1642
73
1341
1695
569
353
1369
1955
440
997
844
1034
1037
457
1536
1717
1273
951
1655
1792
555
1283
1181
1271
1951
82
435
1571
1362
1302
181
1003
1374
1873
1049
294
225
769
249
664
118
1444
49
1154
1900
1937
1222
1173
887
1228
1316
1441
862
496
1063
1164
929
1850
734
291
1151
1266
1645
876
1139
1046
1521
1715
1814
121
731
1931
1565
779
1437
1464
715
1010
988
1953
238
303
1745
1099
1150
1160
615
79
1009
1700
721
511
966
717
1386
456
1762
906
170
1928
1027
900
1858
943
31
1646
406
1097
1008
1746
1050
1245
48
794
695
1198
1953
1309
1628
1313
1009
700
1823
326
1416
1208
1133
1530
466
1654
1457
1844
906
1666
786
936
1312
1543
32
319
1288
1433
1915
1336
579
961
885
883
622
512
196
1982
1211
18
659
978
1578
143
507
395
1796
1963
238
1053
1629
1023
1988
1292
917
372
1610
205
156
1876
1540
734
1188
424
1617
161
1287
1812
494
849
181
1152
1826
1758
1294
333
504
1442
295
741
494
275
115
834
1566
1032
1557
1527
1588
1712
1402
1127
446
942
1902
62
1102
1540
225
1596
388
405
1099
565
515
745
897
1018
538
1544
111
1031
1818
225
216
1384
1608
124
910
1195
188
664
673
633
1957
926
1046
1410
817
1622
1357
1204
378
456
1769
892
1200
1017
262
1737
912
372
1119
730
948
1687
465
908
162
1726
102
349
741
1127
1333
697
52
378
459
869
351
1815
424
729
270
544
1972
1821
1913
233
1909
824
956
1380
1905
256
1418
721
1163
1579
447
1616
1928
1539
742
1260
236
1146
1990
694
366
340
860
1141
1420
1130
37
1392
1302
1949
1976
1211
1124
1284
942
1029
1539
359
1749
701
1937
547
316
216
86
1410
1476
673
907
1817
1718
1624
508
577
1116
1928
58
1152
1671
1712
1452
1646
922
576
929
215
1956
819
573
56
1519
861
955
187
1077
1040
1948
904
64
1206
720
1781
829
1579
709
1944
1858
767
1448
1528
478
899
1526
1751
1474
806
317
1781
1625
889
1837
1495
101
791
1681
1177
182
1980
432
245
1185
1503
377
365
1082
1085
309
939
203
1756
819
1032
1006
344
1134
480
1149
1450
612
773
690
448
268
791
1590
300
319
1771
632
1103
367
1816
605
743
533
38
180
1193
1329
382
948
147
1766
1953
842
899
784
1990
349
1396
1115
1390
195
1734
180
137
385
851
259
1016
1953
626
1184
909
1720
1716
947
1899
908
275
633
207
773
398
511
1614
1296
1647
1955
1996
1394
1069
1386
1588
1154
1917
1724
1539
1119
1983
554
1071
960
89
332
679
1804
1278
930
1063
1904
1562
1269
1028
311
1780
641
1958
1426
595
306
819
16
1691
758
1169
1959
834
1059
1078
1168
1613
500
127
53
831
1157
1857
460
438
919
363
351
540
1742
661
671
382
619
448
1329
924
1618
1696
966
375
864
1276
1560
1923
705
727
1887
1205
1205
1939
387
714
147
847
1151
1418
1561
1502
1957
1303
514
627
36
1484
1074
1716
407
691
1411
1724
1417
627
1000
977
901
1704
55
1139
1260
1260
1429
1999
1973
1576
845
1475
1345
757
1328
1301
411
1842
279
447
1325
1704
514
84
746
1925
159
514
903
1158
1490
1803
1214
1545
941
825
1156
369
823
1480
296
19
954
1640
1128
634
1292
1538
475
1922
336
151
1977
850
586
1074
1126
745
1588
28
254
1077
182
1819
973
1122
644
480
1842
1818
1959
490
189
1265
481
1316
1898
125
853
724
398
1189
874
375
390
1812
1448
1515
556
1387
1542
809
816
1723
628
1788
1196
1623
620
1389
1440
578
230
1628
1842
711
1295
91
1187
148
814
1584
1688
40
310
77
1851
1758
1591
758
1144
1484
1566
1959
1558
545
99
1105
167
718
845
1959
1647
1075
1938
1841
137
1233
1931
1323
1380
1097
906
1419
1136
1216
1495
1338
1325
1437
95
820
1272
1660
1131
1181
557
1581
285
723
650
1481
681
296
907
619
136
1043
203
419
717
1582
1515
1623
1352
1002
1190
846
339
866
634
785
37
257
796
1519
1437
1352
1099
73
75
100
1553
1107
396
460
1725
883
1854
1927
1653
571
1860
1519
545
1563
520
1734
408
1210
951
1393
1994
1339
1649
790
858
1085
141
1956
1509
567
408
1062
1674
1155
1873
1750
37
1726
29
42
296
240
1560
840
1803
80
925
562
1289
227
1955
1635
1566
1955
776
423
1392
1268
730
900
1835
1137
313
1860
291
537
1961
680
263
1989
721
910
581
632
102
383
1063
1026
1296
704
1253
1602
338
1170
1557
1113
1592
1300
380
321
199
566
1810
864
425
100
1400
386
1131
14
726
1851
924
1306
835
1025
40
1897
402
1336
600
6
937
937
1175
845
401
1118
144
781
1791
695
1698
1600
1558
123
51
1309
860
1182
1323
1585
1384
598
891
218
1622
930
115
375
265
714
381
1554
3
1907
398
403
1025
542
1535
815
1236
1233
414
1145
1707
816
805
566
1997
127
150
1381
1076
1392
1598
1049
674
64
1424
1290
1130
156
843
1132
62
1241
1886
1086
134
1773
252
1721
1357
1017
865
1063
1833
21
1628
1829
500
129
1561
1575
1873
