41322
108
1412
1267
1638
271
392
1879
1515
1343
1047
1439
1737
62
1508
876
750
1631
1977
905
1208
1267
68
1896
833
831
645
369
1495
194
1898
1401
654
1309
667
643
1931
1410
521
1446
753
1920
1236
841
1981
1096
1716
730
726
44
1634
285
1311
1701
181
495
531
1177
1216
26
1722
1113
1426
375
774
444
1017
704
1854
1890
501
958
1809
89
1798
1789
1184
1866
518
1909
1909
151
193
1571
204
725
418
734
253
1633
1111
1975
745
888
349
1518
1332
1366
222
1537
1607
1074
846
1415
1162
643
1203
345
508
72
605
769
574
1150
339
777
1874
756
1863
127
740
1325
453
1485
213
801
1354
1896
518
1927
1784
124
1001
629
1538
162
1271
1092
859
131
1163
1463
1251
1737
612
1589
865
838
697
1079
1316
1788
404
1768
1272
616
568
978
863
1086
1256
646
1561
256
1274
1099
770
896
542
1628
1026
1705
1442
628
1793
54
217
1009
891
1265
88
558
1052
491
325
676
1458
1244
5
320
329
1260
965
242
1868
590
1340
637
1485
1881
616
863
1937
57
1490
81
462
58
1090
1704
1322
1177
261
726
19
585
1753
1476
1829
1757
147
509
1016
1463
1102
883
52
441
1871
1536
674
838
398
962
895
1888
1043
1708
297
484
1412
1619
12
1672
696
30
609
448
1857
789
556
3
1649
1571
1465
751
806
1516
1543
1028
1403
568
1866
1801
1882
1112
40
1276
819
336
1759
230
306
122
254
1001
151
1214
1800
359
354
355
713
354
278
529
1456
1435
396
1351
462
1798
1918
679
1950
1799
1790
1989
1426
609
325
1184
1190
982
1305
1443
335
1807
1008
134
517
1713
841
1229
67
1470
1757
1522
904
152
872
1717
302
1142
396
251
1292
537
240
718
1145
916
253
687
1897
1910
481
583
68
1489
717
585
1201
1909
165
1619
1378
274
1141
633
777
12
701
1078
1505
1448
1329
797
1985
1920
1514
1481
1187
118
167
1435
27
648
18
95
488
1086
1031
40
994
1195
1659
723
1468
799
1355
245
1162
407
1674
667
1855
1354
1815
191
1273
1680
1671
459
1797
190
246
1824
837
263
270
1676
1348
1300
1715
693
846
1373
1415
314
171
1121
910
1685
1879
583
703
1733
289
517
1923
1561
196
1946
372
344
135
617
824
824
824
824
824
824
824
824
824
824
824
824
824
824
824
824
824
824
824
824
824
824
824
824
824
824
824
824
824
824
824
824
824
824
824
824
824
824
824
824
824
824
824
824
824
824
824
824
824
824
824
824
824
824
824
824
824
824
824
824
824
824
824
824
824
824
824
824
824
824
824
824
824
824
824
824
824
824
824
824
824
824
824
824
824
824
824
824
824
824
824
824
824
824
824
824
824
824
824
824
824
317
1914
192
354
427
400
1396
1638
146
182
1692
776
830
1373
502
787
1027
1380
392
1370
1216
468
437
928
217
438
1629
428
1569
518
1661
238
784
1852
943
1210
603
690
847
749
872
538
1876
53
1910
378
839
1289
109
1231
658
1324
50
1094
251
618
1883
231
1398
1452
748
1058
1689
1531
1261
983
1092
1864
1672
290
964
543
827
839
947
1089
1216
1786
377
1324
1368
1386
999
1769
831
1601
387
713
1831
1784
516
931
1193
556
461
805
1538
1553
668
1210
1842
1631
104
1021
470
1051
461
37
1188
1189
1361
555
926
711
323
1756
312
1061
468
142
844
984
1072
388
1891
1885
1193
1429
1789
1860
990
1982
1843
1093
1354
664
143
166
700
1330
1354
412
236
631
1123
911
386
1434
1971
854
1575
815
189
999
1554
79
883
746
1859
1023
958
848
1004
800
1941
358
1815
435
875
514
117
229
926
352
859
48
1262
1597
1833
1233
802
1759
399
990
757
1952
1420
1991
1050
1631
1013
7
478
369
1158
770
1078
1324
1205
1952
1837
1321
532
1114
24
1743
1513
1638
1339
1345
1222
140
1104
1972
1481
1860
275
1252
203
1324
882
1567
1682
1360
1935
1191
129
1364
514
1333
1316
703
1005
199
1816
1381
1941
1329
1018
1279
673
239
1770
128
562
1250
1988
836
502
542
160
1383
108
193
1094
395
1384
1223
1758
249
907
1073
951
264
1272
767
1644
1564
447
1013
1195
1471
1603
964
1599
164
566
1938
999
1067
479
1158
801
938
1351
1895
1332
1086
1469
1090
1334
727
514
285
990
137
1403
633
53
1849
1997
1247
1671
1599
210
1621
1762
1127
1558
761
193
388
1918
1346
1326
1620
1592
1009
705
1412
450
391
138
1316
675
1128
1804
77
112
1856
277
109
1454
299
1707
1664
1920
1469
790
1477
581
1335
217
850
1032
1894
470
623
902
1526
386
1704
1916
523
1019
942
2
1174
1370
114
1030
1998
574
483
297
632
498
216
452
1640
44
1032
1326
260
1882
709
153
703
1683
1407
580
68
1110
848
590
480
1789
592
1653
1511
1057
1034
1508
1630
1869
1804
613
718
19
1065
709
415
96
34
674
329
1094
1179
1383
776
937
315
843
46
1162
1785
877
1302
376
881
812
1784
1915
320
1765
135
475
377
852
846
1441
1913
1260
1889
298
285
217
1392
1463
1952
167
399
266
1010
796
1427
794
24
1080
1521
905
1892
1304
1171
563
1068
1305
1389
1796
508
234
1237
420
1845
1477
1070
130
45
461
1944
1996
627
695
261
1988
1490
39
1133
1866
1119
653
770
1362
308
292
276
1727
1948
1664
1523
807
250
1111
1579
94
587
648
223
631
1108
519
979
86
1213
1591
74
1054
1630
1206
919
1100
211
40
813
870
331
1440
949
278
1103
823
1437
1352
1933
1015
1798
871
1662
372
1853
1121
890
1183
1206
102
774
1279
1156
755
837
426
1854
1399
466
1018
268
1148
457
1216
1778
1559
390
1214
1263
674
228
1412
1544
241
1783
1749
1361
673
931
566
1126
56
197
633
810
1033
1059
663
783
1876
1680
1050
1375
136
618
1152
47
1007
717
1661
1681
1296
1072
1576
1536
1206
1676
1248
230
959
166
1356
1014
362
340
1824
1746
1750
486
528
1625
518
1929
1000
1005
898
503
1403
257
1220
1415
1937
515
838
1864
403
44
1540
1650
273
498
1815
1980
1863
528
320
1686
625
69
524
1152
46
1041
1433
1397
397
330
1899
152
586
1470
1566
874
337
404
1090
739
799
981
740
1423
1478
555
1755
1340
1434
74
1378
59
494
1901
1562
891
941
994
287
1689
1676
538
1840
613
7
1758
1487
343
161
928
1433
1311
1908
173
733
1737
1079
487
1428
512
912
805
922
1758
705
484
648
1997
1829
1287
1686
1504
1824
1877
117
182
1634
1955
525
146
882
309
1456
789
481
189
525
1559
1027
1952
423
1939
1109
1344
48
1813
1827
695
1810
1656
1981
1847
1511
156
75
1627
338
1709
1933
1214
206
814
1522
1662
1954
355
202
830
1913
1228
1134
335
1518
242
1679
1565
54
1857
612
215
1864
944
61
1375
1100
488
1353
1789
196
1286
1354
401
451
1227
414
405
1581
615
1234
1494
195
719
180
64
960
210
1981
1014
419
592
1580
282
1887
1993
1656
986
480
1009
1126
675
646
479
1427
1096
1706
1841
1500
1638
807
1086
1131
1001
1804
1663
1065
764
224
1397
129
642
1988
1708
924
1874
1700
931
1212
179
291
689
1205
936
1520
984
32
1225
1176
1531
1214
1982
968
345
1335
1124
359
751
1887
582
147
367
1224
486
426
499
711
478
1429
1922
656
1720
963
213
1007
482
1548
1038
58
723
921
1271
1056
1888
1967
390
1011
325
1492
1249
1259
1638
1615
834
475
393
1332
1186
870
1112
1459
1877
1183
421
89
190
902
1988
1579
1311
710
499
582
1766
387
548
507
1749
1225
1999
998
835
1988
964
1668
463
1356
1351
2000
225
814
1458
102
1997
1879
542
538
1132
530
116
795
1239
615
1376
1356
1353
275
1863
1101
1851
213
450
685
552
1414
704
1014
769
54
1013
1346
868
823
1447
1216
1053
1988
1753
536
517
220
1330
108
1186
1057
1463
538
1332
1677
1991
1534
241
440
571
793
1853
1274
1806
974
1680
1171
319
899
1993
1765
114
1397
104
218
1932
973
437
1262
1080
1975
318
894
864
1
923
854
1887
1163
1646
457
1955
1498
82
113
823
1761
1635
1141
659
1979
1257
1124
1375
1713
1341
1306
685
130
567
1764
104
1237
1009
967
1589
1931
173
1475
1094
1818
1931
1400
1667
365
1512
490
125
1146
1982
1136
1124
1591
259
498
1303
1952
156
1987
81
722
102
536
310
1110
1854
1899
1393
26
1373
486
195
1656
1885
1862
20
1397
703
496
894
1036
1983
370
626
242
867
1928
545
1022
266
625
96
367
1512
757
1829
1365
655
1221
1743
380
58
289
387
1942
502
406
1690
1204
1253
936
240
1236
1305
1217
1829
171
1497
725
1545
1762
1349
1992
481
1212
748
309
928
1755
1881
670
486
1938
959
872
1879
1460
1629
1921
1016
881
856
1607
468
160
823
648
682
671
1372
578
433
1072
921
913
283
1669
1573
1563
1775
1453
232
260
1742
1542
1131
1620
1354
1111
1892
721
1991
1099
679
811
1610
1501
1810
644
524
1182
1221
956
605
494
220
1240
514
1792
802
288
1596
1385
899
1337
1279
29
1308
984
1491
1552
1704
1833
650
382
643
612
234
805
1255
757
1986
827
64
942
1320
283
181
1833
426
1334
472
373
719
1370
61
1997
1750
1369
980
1240
1272
1035
1073
1921
1416
1715
532
1
519
138
1110
856
965
1173
150
636
1456
682
469
233
16
940
606
734
310
666
1082
59
386
413
1299
1657
1447
723
1930
1214
437
813
1566
1308
951
675
515
267
1848
664
902
1655
1346
1722
239
1713
1014
1196
798
1675
1862
231
1733
599
643
1383
608
441
105
889
6
894
1701
1571
553
1003
598
1419
1621
445
435
875
451
132
596
689
1844
1609
1885
641
1283
98
871
1368
1048
1865
1102
1655
305
1559
543
662
804
596
232
1356
1598
829
774
1571
1625
1208
445
75
1691
1040
1116
1534
1001
1352
526
635
1449
1748
354
848
1612
1456
503
268
1366
1397
929
169
1992
1161
1524
1942
341
649
1512
1966
209
1956
392
1899
1347
1859
1785
699
1210
310
1334
1010
58
39
1858
21
1494
360
289
1211
108
1217
1379
100
729
1254
393
1422
255
1904
1739
463
211
130
713
1557
341
849
256
1550
1159
1941
560
1568
1979
417
1588
1825
1128
228
1035
1235
1445
414
1686
525
19
78
1946
273
1981
1684
1087
543
166
152
100
506
1000
707
55
510
999
966
429
977
1734
17
1153
861
596
540
448
40
1305
485
917
1323
563
862
1596
895
898
1034
1438
1063
1185
1889
1568
185
595
1974
694
1945
940
1123
1273
1025
1491
426
238
86
965
685
478
269
1169
1394
1943
83
607
1890
1330
1504
924
767
566
108
1007
485
292
1601
459
1338
1897
1750
812
1169
774
654
1946
1011
1091
910
47
1568
1530
1568
1313
1825
2
1920
1714
1331
1775
637
97
693
745
1103
1177
1388
1055
1987
725
1303
88
1888
472
1214
541
417
576
1984
1679
623
1551
1560
542
1216
1384
543
1487
1450
1874
1261
86
322
305
1182
1777
1482
570
1183
1820
1646
486
1908
1886
957
1473
778
1725
48
761
1403
670
664
1315
1563
1879
1050
106
1717
499
331
977
937
652
1634
118
780
1115
1039
1963
1286
685
448
1545
570
1756
1017
1699
1480
1065
460
1235
86
1123
549
1649
1353
1598
106
1069
449
436
397
1385
1439
30
1502
219
1496
541
181
782
1577
980
326
498
735
1343
196
566
759
655
1800
844
129
700
492
1481
650
597
549
1098
1384
946
482
823
975
1983
1393
471
875
1925
1604
451
904
1929
1300
1990
1623
1496
907
733
502
707
1577
631
1758
420
111
407
1369
660
1504
752
1605
1985
1926
931
320
1318
1401
1546
1242
1004
349
145
1285
1648
486
1259
1143
1393
1992
1645
99
1920
275
208
339
737
615
1707
1396
118
811
1352
103
736
283
774
54
1683
319
1295
1039
667
1792
675
315
277
1933
1809
1669
276
1805
119
195
431
327
886
1168
941
592
563
1058
1754
1915
1512
490
549
285
543
583
956
1837
1621
1622
1628
647
288
257
580
97
1925
1207
1901
396
1402
332
722
639
1499
14
1230
413
1423
984
679
935
1825
1227
1571
367
1810
526
555
1782
500
535
429
787
791
1360
883
1067
566
1136
1462
319
1819
535
957
1669
548
539
433
1971
1874
1112
1257
1698
690
1179
416
851
1705
970
633
556
1504
1413
1342
646
1124
577
1713
1689
64
1526
360
1882
61
1668
1550
960
558
1982
1282
431
1445
538
128
487
69
543
1337
125
1865
321
680
1720
1733
373
366
1208
949
430
897
1364
307
1608
1245
719
1627
1146
1679
185
1480
960
615
1276
1850
1095
1762
270
1989
1099
394
1853
1771
1073
1925
1856
1445
290
1063
746
1071
311
109
1377
1918
1706
96
1897
1203
126
81
682
1437
695
1958
1638
141
71
1907
130
1521
300
334
1292
1372
610
1147
1169
1251
209
1914
321
872
374
50
789
431
497
685
1634
622
1117
667
410
164
976
48
304
1047
306
785
567
606
1471
1858
329
80
1356
1497
1331
1917
1762
1651
788
488
52
1928
918
548
965
551
1521
81
1570
1931
244
545
330
548
1591
635
1684
510
1592
1154
719
1921
1234
75
1769
564
1991
1883
566
1130
370
618
1057
1639
1517
21
542
1390
454
111
1672
697
655
1
1596
598
987
1632
1107
579
785
1825
499
18
251
619
933
593
501
1851
1722
1222
468
779
861
336
1151
1402
1725
1956
1512
1396
653
518
1748
600
1115
735
231
573
1313
1368
750
163
1737
1000
1133
670
1593
1634
520
1314
855
1339
444
67
26
1947
1468
1751
1902
1331
1498
906
201
1246
1858
1667
1980
440
240
1644
1807
1341
1806
1544
340
938
565
284
923
1436
1950
130
1126
745
196
1151
691
16
1253
945
1698
751
1850
250
1996
1707
1917
1975
499
508
1618
305
1848
1775
200
539
1064
1116
1175
339
903
1124
468
28
1868
1015
1531
911
1030
783
1855
1080
1533
1704
1329
1880
1763
1597
206
261
104
175
917
303
301
1469
1194
1365
584
368
1703
1839
1491
522
218
1710
1536
1748
620
918
883
474
1997
767
530
1677
647
292
1274
852
904
1729
1379
172
384
1679
1640
1577
1043
576
296
1097
414
138
1618
631
1847
1506
731
467
423
1613
1292
771
379
1821
447
1025
464
72
229
1719
153
1607
1891
536
1285
1882
464
680
809
759
128
1222
1248
98
205
1094
1603
935
1912
25
899
1204
1147
1277
1376
1945
654
192
17
882
1910
521
840
152
1408
476
386
1871
1507
1194
981
1635
416
228
84
972
1673
1686
258
1585
62
1156
1140
1208
432
867
1504
1085
1058
1520
318
1320
392
1509
1471
1799
337
1856
21
1843
1402
1353
1829
169
1932
1912
1140
1605
1949
1397
1541
362
552
680
1921
1335
1898
1425
772
956
1296
1441
275
1688
950
97
1486
1286
305
1507
1480
1706
859
1309
1874
1143
1572
1365
747
1873
1113
287
234
1664
1318
155
1350
1215
1579
121
522
874
1562
1148
561
863
1245
399
500
1901
257
1979
1958
1467
1639
183
609
1211
1547
1707
1435
659
1993
1668
674
1662
1822
375
1229
1752
848
1750
978
761
898
1890
1623
494
288
122
746
896
100
703
363
1739
1237
1323
1301
1135
1030
735
145
1374
754
1170
1036
928
1544
264
679
391
365
8
1503
1262
1898
1125
107
537
1598
852
1433
50
1906
147
140
1494
1469
1440
628
850
526
772
224
1279
1941
1259
558
1837
1874
1589
579
238
1596
82
1852
1845
1558
310
382
1156
1162
166
1205
1419
664
1344
913
484
1135
1892
1334
12
664
1557
1642
956
1167
200
1144
1040
1788
1723
1629
1383
156
1480
1580
1713
1790
1961
868
1303
478
72
1073
1493
1767
337
1976
901
229
1309
1264
1244
1217
906
551
383
1105
1695
1774
1244
1769
1403
978
1924
1234
557
1636
1375
869
504
1029
1346
927
102
838
1046
790
1166
298
1018
474
1562
261
43
467
812
777
1923
858
551
1166
626
305
143
549
1890
700
184
1617
1568
1039
645
1266
318
1098
103
1363
1888
1620
1660
1257
94
1221
1518
488
39
681
1264
1961
1890
166
1126
515
822
1269
1063
712
320
1598
328
1887
989
1324
1504
1306
422
1607
668
309
1578
679
1917
23
1900
1434
510
290
466
126
251
355
291
1376
1221
1113
996
635
176
1315
233
503
1554
1573
1826
1057
878
599
1015
1897
1259
593
575
1176
615
826
961
1125
1116
1427
1602
1366
133
1892
1093
1706
1356
441
340
1531
1755
924
385
1660
496
563
717
1725
1513
83
1621
772
675
548
1947
1642
1373
907
1118
840
685
719
557
1170
610
1650
1227
318
442
1566
200
196
842
937
208
1689
1851
924
1414
1363
1358
1386
134
33
1933
432
1674
1658
1339
791
497
375
1509
1054
1896
470
1055
1122
1139
1496
1040
1339
43
1881
627
250
1921
477
1525
1686
1839
883
1072
1973
1267
1356
404
1292
1013
94
434
1862
821
294
915
716
763
321
1838
254
168
877
1944
210
757
570
812
1029
1046
688
715
884
1922
138
1208
1188
1493
1964
831
506
409
1264
367
1229
1557
1633
1945
672
1953
134
925
120
1010
868
681
118
1437
1844
1146
834
532
1860
69
453
1997
1277
1993
1842
1592
823
699
352
439
1417
1581
1995
1049
1877
1018
1353
10
1942
1824
1019
1161
856
1488
949
700
633
1782
1583
845
1851
387
1193
1479
379
1034
1070
1554
1732
1773
344
1148
1705
338
548
1581
1356
1900
1942
1649
75
1312
810
931
799
110
1982
1432
1892
1564
628
1742
1950
1820
1220
681
854
641
234
585
413
577
85
118
1266
632
50
973
884
1992
974
958
1655
135
240
454
244
221
237
135
1784
864
1876
1734
1035
1447
414
1888
87
999
825
852
1927
909
1321
1192
1892
1370
517
775
1713
1490
85
1368
1624
324
173
219
545
761
354
680
1624
581
413
1010
28
1178
898
466
176
74
1669
454
1334
989
1646
1225
711
514
352
775
3
436
494
1978
1111
666
196
7
1778
901
687
1753
1482
1451
763
1861
981
12
678
1508
85
347
1962
1418
1687
1959
994
397
472
1697
1524
826
484
17
803
1595
1035
1350
1601
812
251
639
565
84
442
1679
1944
1422
1690
621
929
1774
967
890
1543
1006
1200
536
1754
1671
233
1277
496
716
1294
1650
662
680
1352
615
1843
1954
1605
759
37
46
437
332
1467
126
952
748
1899
271
1637
1441
1276
1189
329
1029
859
913
306
1707
1980
1951
1708
994
982
1059
1608
824
1012
1212
1583
1400
1610
19
1731
1076
145
683
1823
395
1305
1812
188
932
1000
868
1960
210
1780
617
1916
111
919
1976
1104
252
1034
1063
1076
398
627
1010
149
236
1380
1880
1663
1876
914
1838
271
570
1
810
1501
1352
1677
1812
1561
1808
429
1829
1918
1699
1804
1374
1951
1189
788
1378
1938
1766
739
87
1
118
318
16
1994
1231
1853
616
152
205
1425
1652
1556
1101
1463
1468
1260
243
1648
1529
1942
1803
1254
244
1344
42
1973
1281
1807
711
1719
160
1180
388
527
1525
1618
731
140
121
935
1916
1772
842
1368
1235
309
627
1477
309
156
1770
111
1409
365
1806
1802
337
1087
1961
1399
1157
472
931
1545
998
455
1514
1728
947
1635
1014
862
1406
1855
582
992
515
1208
821
1175
1715
942
1638
1124
1307
1443
1277
1995
881
1237
1746
38
1708
676
1934
705
1482
1799
784
428
1433
149
1642
1191
3
223
534
870
1782
1354
44
1497
648
1681
972
1954
1476
248
300
356
1485
45
745
1544
1072
678
601
554
477
1736
1333
261
1885
974
1803
239
1548
337
1108
1330
42
1504
1178
689
1536
149
994
1011
748
1294
1719
584
1690
463
128
762
1141
728
1315
1969
815
647
229
699
1973
32
938
1520
368
397
849
761
252
26
1450
1788
526
443
1150
1274
88
868
1857
1778
1331
336
539
823
1415
205
791
230
1203
1019
928
1527
1402
217
1047
121
614
247
882
865
625
331
1004
1150
1125
506
775
1213
1725
984
990
1055
1319
1880
229
1086
436
1019
1315
1990
38
594
1517
1791
811
563
1912
1776
1161
793
992
1785
1475
348
935
951
853
61
515
577
1044
1504
1984
363
1735
212
1448
522
1231
1114
512
1620
59
28
1410
869
942
1673
996
102
465
1988
1887
291
335
1173
1242
1539
1233
1756
467
277
1612
450
991
1698
1014
790
220
596
255
1083
215
313
1110
1976
1534
403
1649
529
504
465
868
742
1108
1554
1914
349
1092
1499
456
1559
1775
419
360
1117
117
1373
1906
688
1968
160
1770
534
824
1231
862
357
1633
862
1238
488
1678
105
1230
785
11
1495
1485
1102
993
293
1012
1119
711
1724
235
1179
1448
492
218
1768
1003
339
653
1827
1569
1514
183
1553
727
1420
41
405
1877
1622
1541
1887
1116
1378
1340
109
1670
704
1227
732
427
1462
1911
226
305
480
1993
1308
819
646
1134
387
511
1668
292
1590
1440
332
346
1316
1953
1886
1554
1420
1263
893
1528
1284
1948
1107
16
726
568
278
952
1224
757
1296
531
1575
1941
1664
314
804
1332
957
745
771
1288
1090
438
1592
1327
1991
1011
942
1235
891
577
1183
1997
592
1908
916
869
859
139
1978
155
670
1904
447
685
569
1602
16
1525
698
1138
1164
1787
1575
1107
1466
1917
470
407
1152
1360
1335
686
1708
1927
593
623
1147
1804
1113
1124
310
134
1380
756
819
1948
710
1186
1473
1407
324
636
1546
250
1743
1011
519
564
1769
1670
1923
1103
355
1630
1381
1299
604
528
1102
1716
3
1411
1850
1734
519
1020
1682
1228
205
1506
986
880
493
531
1482
587
1893
2000
1150
1661
1669
1072
1116
375
1053
496
1673
1656
1375
775
1724
1730
537
1925
1463
1055
944
1144
634
1500
1001
1620
380
1494
150
213
80
395
212
1230
407
232
653
1522
958
1706
370
630
1713
96
1756
1788
1825
645
1712
1288
1699
1007
783
333
507
1784
304
1238
1629
805
1802
1708
1199
13
1289
1606
596
1942
1127
1553
1999
1848
534
63
1944
290
203
1768
934
266
1407
984
1273
190
1668
131
325
1971
1720
1953
776
1521
12
1974
1885
1301
1579
480
1594
1058
384
1944
905
917
358
848
1558
560
968
491
826
374
1827
450
915
1494
580
1239
1465
651
1543
592
523
1555
565
407
1207
496
1238
1152
1553
1621
1447
809
537
1804
9
95
364
976
937
1541
1701
763
1990
616
609
921
206
425
1571
101
1016
93
7
1580
499
1213
427
88
716
1979
1708
162
1140
596
1965
1148
690
680
475
1979
220
175
1093
561
790
1701
1481
1348
125
1051
1448
1140
1143
1806
1072
1993
1018
1850
80
85
181
139
246
1320
735
562
467
1424
1242
941
1754
1813
1115
847
374
257
547
1854
1956
1024
905
1755
515
399
1560
1938
744
929
1788
1175
1013
1968
1314
1258
1287
48
171
105
1823
1412
1045
1577
1225
511
775
1950
1119
1321
1803
1426
344
1059
1180
1211
1810
1091
1148
553
19
935
79
1383
902
1392
640
188
1791
811
644
1614
574
1688
1542
150
551
316
99
21
1988
254
1447
684
1664
978
1894
1473
69
1041
377
439
1976
456
1822
1229
199
813
1769
1990
1975
412
1955
901
452
1848
1050
1354
515
1501
1374
502
1754
1172
1537
1769
502
1782
1242
922
823
1970
1360
1150
425
1533
378
624
698
498
965
672
910
919
1572
1713
766
974
1066
1280
474
791
133
579
315
22
347
816
1803
1940
89
977
1910
1800
126
686
1333
856
1661
30
1353
625
1053
614
1895
977
678
660
1950
1743
291
423
886
776
1001
1552
797
1699
367
951
1639
807
1928
1548
606
53
585
290
1260
246
671
965
870
1724
1930
765
700
608
1776
649
702
419
1423
1939
1546
775
1490
694
473
1856
1644
463
1014
1571
10
1620
1976
595
1909
1587
1192
932
551
61
655
481
1177
1706
1440
1305
706
141
1723
128
80
1268
1254
1569
1961
1726
1777
1604
541
790
1527
902
761
1854
1848
1022
1440
1039
1953
1991
1100
607
823
628
664
262
1932
1369
754
6
1496
833
1273
1101
754
1233
1178
530
1189
1718
1671
1067
620
432
920
467
1805
359
1506
1757
701
957
715
1523
1584
1378
136
1868
746
890
1873
593
74
1498
1693
827
730
870
1708
270
588
1379
1336
1559
162
607
25
1966
1318
1530
74
18
838
788
1893
774
165
380
641
910
1269
865
1854
1695
362
1546
521
1444
767
581
65
1706
311
1753
1264
472
359
1289
789
1676
1170
862
46
360
1649
1938
1133
165
317
125
1074
1938
989
1279
1632
1703
824
504
1146
1942
1084
1562
1648
1394
1314
911
217
25
551
1357
1700
1721
218
97
80
218
386
1564
382
1055
1688
1807
992
1028
1085
975
1082
260
1830
227
202
1266
141
1849
659
1454
759
1228
1478
1662
584
1530
1382
1154
1978
1813
1371
364
1728
105
1418
1415
1911
761
794
996
87
1876
1607
1916
454
1808
1181
594
1656
192
400
767
1771
229
428
354
110
161
1507
88
325
878
451
52
982
220
1818
1244
980
963
591
1418
838
198
1685
1644
5
866
589
13
1409
988
779
1179
1217
1558
1884
1678
1718
1391
1765
394
620
567
445
1953
786
614
1196
117
1576
1787
1534
766
336
1219
409
692
436
997
704
196
337
1834
1374
1905
1391
1609
1582
1460
999
1347
205
1618
1913
1001
1922
1051
1614
1118
1167
1542
1256
1053
307
1591
623
1067
282
1058
63
1338
1605
399
1171
1330
303
914
938
237
725
1937
1583
1282
1906
1847
282
1828
1249
1896
1297
768
1437
552
1820
95
494
794
1161
1127
203
1575
816
1807
1974
1987
1136
628
1252
73
864
328
361
798
1609
619
997
1891
798
245
138
94
1012
1926
997
1183
20
1842
1976
1532
968
178
1106
1784
1984
1431
122
1471
411
1725
1896
1626
404
608
424
365
1226
1420
607
23
16
744
116
1028
1021
1464
562
1392
1305
890
923
625
1067
380
760
1403
1811
1233
1225
573
1309
1120
198
1712
1728
973
76
1305
744
682
1328
760
1777
1795
139
797
1259
700
540
915
1941
1814
1539
1008
194
298
762
356
1530
1986
928
838
1458
1477
902
1537
450
977
841
1193
11
168
304
139
315
442
1288
1925
1494
1827
839
1434
1641
378
793
186
675
1554
541
557
1892
1820
1746
1701
1296
647
1237
1745
1976
77
1290
338
597
1593
476
1263
35
115
1187
1880
294
25
1665
286
402
458
471
1429
363
1011
1985
254
1182
82
1954
477
729
1542
574
704
1971
1863
1393
567
1807
220
1829
193
335
1367
72
628
1391
1737
913
1793
546
1735
1573
908
745
1909
1514
278
1990
1819
754
718
1361
1679
1773
1331
1893
1517
249
1700
1737
77
1892
71
1795
316
1050
1185
52
314
1329
597
48
901
1856
1144
809
1369
1421
1151
1188
526
1868
548
205
1993
1878
97
1509
126
148
1245
554
40
1667
348
355
716
1884
758
1381
1213
1706
1428
465
1561
571
1626
930
1991
776
117
517
995
1016
1073
987
893
1169
848
1370
1669
444
275
1708
463
974
414
1530
857
1523
911
421
1228
338
1238
1140
909
863
69
899
1638
537
1767
984
1552
839
323
796
360
1170
517
28
1965
1143
1735
427
116
500
1957
1325
22
867
97
1601
1204
1334
740
112
548
1161
1363
537
49
1129
1521
1953
1968
1843
748
679
1012
1617
706
1328
759
792
1755
1227
1291
1711
903
1664
929
999
1616
132
685
707
596
1232
1867
1958
1769
268
1438
1289
220
1405
1483
1319
435
846
935
1140
173
1694
1931
1927
1272
1573
1989
174
1236
917
1524
851
1049
208
1910
1644
1792
1776
1953
1912
43
1390
1552
614
1147
1034
1933
1581
1879
867
721
51
912
1003
330
183
576
318
708
163
1587
584
1366
987
1143
1275
630
934
1402
934
1197
1797
675
748
410
1821
1781
342
1754
11
1561
826
414
472
1828
743
1007
755
1412
66
918
998
649
635
1984
1792
1909
965
1077
1310
250
274
1458
925
1021
1868
745
1154
561
850
1164
121
1675
1577
945
1855
671
303
609
435
368
1878
1432
1369
512
1768
1512
772
732
588
434
1334
1213
1891
258
234
1758
1354
1739
671
204
1254
791
1878
1183
87
84
1853
389
693
287
1109
922
71
829
1434
190
340
205
1273
1279
638
606
492
881
863
1077
990
217
1167
1660
772
420
803
1001
1602
1241
1085
1807
1982
1777
445
1442
698
867
270
483
1056
961
1040
329
591
29
934
1082
909
1797
510
1899
365
1676
1910
1136
96
712
136
49
305
1220
207
286
1348
652
1727
398
1518
1996
880
574
1308
1919
1254
1898
300
187
1332
1208
335
1841
1458
699
1869
1368
186
316
431
674
716
735
245
923
1020
1945
1574
746
342
1443
1093
1573
368
752
1844
1621
650
143
160
333
1350
494
525
1160
1545
393
527
82
1060
1309
755
1776
44
1352
698
1415
1296
623
513
1637
65
1957
1561
785
709
1404
405
1710
1546
916
42
1248
1410
918
407
1306
1311
1285
1387
722
593
494
497
988
1845
1194
403
1492
168
915
1128
585
871
1040
1369
1579
444
125
1640
341
1041
1681
1940
802
599
698
107
261
1982
1845
982
927
338
1831
1914
534
1024
316
25
1544
1582
1504
128
453
544
1496
383
987
1972
23
1679
1012
55
1619
1813
1005
316
271
1617
650
116
599
1928
805
429
1841
1691
1804
509
1715
1699
442
1219
1826
894
114
1673
1629
1452
1645
3
1130
656
409
1100
821
1414
1416
1443
1030
417
1910
1980
344
1067
760
536
757
916
1396
471
614
1838
41
792
1083
506
464
1063
1957
108
1065
1087
1116
1474
538
288
1239
305
1730
620
721
1992
600
1416
1058
1711
304
1814
978
1699
636
1592
1888
1029
735
971
1534
1198
385
1843
1658
1450
1281
773
1275
1818
1060
513
123
1141
1132
1195
1132
83
611
189
1794
1266
354
771
1316
990
714
1204
370
1448
526
1903
998
910
1745
655
711
1025
1779
1985
1195
1190
497
1317
330
1981
511
1814
63
1473
2
208
738
708
1331
54
1697
44
1609
66
1844
134
320
1193
1043
417
1847
1754
1793
1625
90
987
1166
939
303
1495
919
1166
1308
1333
638
1662
1893
1728
721
1223
133
769
1618
1741
834
1461
1874
1505
653
1268
1921
851
1373
1714
827
1463
1052
1992
401
1355
1839
1671
520
1498
1355
1509
1511
1247
1588
231
469
1720
999
87
1460
184
1899
1685
1689
904
953
1961
1754
677
26
933
491
1078
1276
891
784
1114
913
1655
612
268
1163
474
1514
751
705
335
822
55
773
282
239
671
318
279
1926
1622
239
32
299
617
964
789
1694
239
32
477
1705
1296
131
668
1563
1645
1141
1429
747
197
115
1569
252
887
202
842
1557
871
1120
1835
493
1710
1866
1143
326
829
283
371
1419
314
847
1123
1962
1329
142
1524
974
1283
1304
72
1479
1418
1640
82
656
193
923
565
1064
42
399
1908
104
264
1050
429
1092
1332
800
862
1998
1998
337
1959
1327
478
1834
652
1760
1490
723
1591
1259
715
24
1915
1259
947
479
674
1340
877
581
1795
1140
1982
224
583
1666
1375
1444
15
1724
1780
1973
1050
610
158
53
721
1999
1128
663
1258
194
687
1172
1452
1985
1650
126
1676
878
1058
1471
17
1040
46
951
1057
1772
746
1071
1495
526
1395
897
1487
1552
949
207
1551
76
870
808
269
1908
331
73
1892
332
550
1567
1209
1607
1389
1577
998
1434
527
54
1205
1272
1124
1052
149
518
1948
1987
422
1248
194
324
1676
1063
1483
1944
970
1813
368
1213
144
917
1131
1704
876
520
1632
1873
1953
158
279
1510
1781
1754
561
282
624
860
268
1045
107
461
1720
1782
1875
1202
78
1196
1366
445
760
1509
1714
1891
1564
589
410
1195
813
714
1704
1091
223
1836
1197
1135
117
1820
1994
737
1216
453
1549
935
234
1776
136
311
971
1853
1108
83
1361
821
1973
1276
1761
382
822
573
1095
525
16
1670
712
1212
1156
829
1383
1502
1917
598
1954
1465
1884
539
1240
371
850
563
223
309
645
1935
1481
969
1210
1241
1350
383
165
796
907
180
817
1618
1743
1973
798
1125
1826
1066
1722
1779
531
1957
669
122
327
1870
684
549
178
1680
483
1658
648
44
1250
349
426
1415
1145
1684
1594
313
1654
1689
285
451
813
462
1517
887
592
399
843
1261
520
1170
1130
1556
1718
1308
1235
553
1317
1883
596
567
583
1022
333
1727
705
278
40
358
1966
676
1161
779
1490
1029
17
81
1427
859
1341
298
28
471
1853
98
130
1440
650
1798
1674
1597
716
256
618
1048
335
1675
1326
374
384
1643
1401
1544
773
890
924
789
971
702
1648
663
1000
27
1485
1204
124
1966
643
1125
1764
316
722
479
924
1691
1879
1258
1365
1204
1983
1749
1198
1383
1644
1971
625
568
759
1947
1269
406
609
620
433
446
1824
908
411
818
33
174
1486
1106
1005
409
796
883
1666
513
438
1648
613
1635
1382
256
1605
6
1175
364
1952
796
769
913
1415
1553
1710
1590
461
120
408
845
646
1893
1950
1650
653
1097
532
318
1609
969
317
221
603
1698
829
208
1704
3
571
7
1150
1691
1271
917
1596
980
506
56
1452
1265
1252
97
1509
1553
1746
161
649
629
830
610
1949
1146
830
551
844
1658
1110
899
13
32
905
1162
1723
528
78
1318
1859
936
1725
1310
200
1328
1758
61
880
1503
221
1528
483
1403
137
431
548
1319
1334
1391
1328
443
289
1692
475
1546
1206
549
73
1635
1866
1931
570
1942
1593
1122
1269
1350
1182
148
1205
1754
27
1687
1156
516
470
56
186
1803
1446
1513
245
87
1557
719
1632
762
1619
56
396
1836
1986
1318
1777
1930
439
1397
1280
1972
1544
484
77
1923
522
1585
790
991
1640
975
793
1437
839
1038
1523
395
108
1154
1156
1727
1561
1904
1562
1547
1221
1691
1828
1659
1087
1107
1982
983
1590
410
1257
112
1994
46
1102
1633
1020
247
1070
210
1284
944
605
1743
450
112
1821
10
15
1383
1556
1235
1425
1384
1245
511
842
1578
1493
784
1988
1101
1247
1981
1146
700
1966
517
946
1387
727
581
330
1683
324
779
1794
144
789
1809
1878
696
1395
1302
431
640
165
1625
217
9
408
204
1110
1654
537
255
353
854
1124
1299
240
1850
1879
921
1884
554
52
1677
698
1192
1837
927
239
1232
581
670
223
745
294
439
753
1053
995
1862
706
1883
469
1058
736
1592
708
1327
1793
939
247
28
1492
650
1704
189
1841
1893
1468
80
1124
48
1101
1698
792
1394
136
1896
798
1482
1758
1503
1364
578
912
99
521
1972
1425
665
910
24
692
401
673
747
942
514
639
409
593
114
808
1693
1811
1599
1438
299
1494
587
1780
1603
89
1144
532
1352
1594
1052
1323
1371
1716
584
1394
759
985
66
1506
278
931
144
1038
1875
610
1845
1919
420
1443
1708
718
1288
294
850
1243
734
345
1774
86
1938
1178
1760
1660
1245
696
1053
4
1680
1471
1861
309
401
4
1346
628
965
1190
546
1385
984
254
454
623
899
1655
1865
1633
1999
1991
70
289
1520
181
1948
764
876
1353
1119
907
1175
979
1215
1927
1335
560
554
651
101
1100
35
1084
1705
841
59
603
495
1923
587
846
265
656
1486
1784
1189
1785
900
64
1137
370
1323
663
1701
537
590
1387
1449
1143
37
1901
594
424
1337
298
1264
1395
1253
110
1317
191
1307
1934
847
792
1717
387
577
968
802
65
1338
124
728
1038
661
1317
776
461
811
812
713
1405
1235
49
54
498
1443
1658
960
1112
1849
266
1045
1047
1410
1113
1433
1986
81
234
402
1770
358
1481
1159
1370
1149
1934
182
1960
745
894
1716
1980
943
1769
829
385
1779
140
1848
1627
406
1244
673
1815
357
105
152
789
338
905
558
1047
386
1716
416
1886
1649
949
1845
745
1843
1912
1076
785
33
1905
1521
1811
44
1721
1437
801
964
109
967
1320
565
1470
108
1254
375
1017
301
1112
732
1068
997
732
17
1194
1477
1859
1105
552
995
1489
808
867
1299
1204
587
735
356
1551
1195
1323
870
1759
1144
1330
1365
1518
346
1665
629
1430
732
1978
513
1100
1171
341
958
627
1245
304
116
52
1171
1766
1607
1757
501
1963
1307
47
1637
529
158
1132
210
1522
650
907
1186
1630
336
269
1607
849
1721
1129
1189
1030
108
785
1334
575
837
504
340
795
260
1192
1109
1919
1239
1097
799
1396
229
1008
1269
878
1914
806
859
602
1426
818
1802
1146
298
1342
176
405
127
1509
1331
963
364
1671
109
975
862
1218
893
452
666
43
199
894
1050
1467
123
1316
272
982
1917
1698
151
1718
1195
448
1059
1370
1205
1185
878
535
499
1593
557
608
568
1771
177
1460
574
842
1503
773
1736
904
591
210
219
1215
1191
135
912
1693
1852
458
141
1263
1828
1697
447
1057
231
946
650
1140
1905
1217
1262
81
1028
1835
1274
882
607
1361
1786
1198
1571
4
764
1113
491
1675
806
694
484
1298
1956
311
994
403
1368
1576
1700
369
715
1956
1585
1976
388
612
1811
1661
1494
769
1374
1631
318
944
1986
1081
56
476
1107
1213
1522
1591
510
1477
253
1503
231
1620
1079
282
1988
145
237
1924
121
624
536
283
637
381
1403
10
363
73
1305
348
1505
1360
1176
612
573
697
554
1082
173
806
937
756
778
15
1037
1117
159
1626
1041
631
601
1928
1265
1237
660
1020
1598
1022
1092
902
1369
596
614
544
1559
1538
1240
464
971
1765
1622
1907
872
399
1921
260
1867
432
1885
907
1414
486
1186
1031
74
1845
50
24
1218
1493
1277
587
440
1890
1482
351
1427
1074
814
750
1190
435
656
61
1185
929
320
1052
1712
557
310
1125
1042
1848
155
1467
44
556
1842
1262
48
1119
200
840
1008
1681
1190
787
1106
3
1888
295
790
543
707
326
1823
1379
1729
1534
1935
39
1011
1328
238
1517
794
281
73
988
1542
472
106
93
1311
1465
1774
500
603
1231
855
490
1526
1996
1385
584
321
1207
1962
50
741
1896
440
1751
1223
677
1267
369
1309
1691
1356
1203
163
1461
1295
1473
1277
1420
325
1880
651
1531
721
528
1526
105
1111
198
1312
1073
247
52
968
1038
154
191
66
1772
911
1375
1463
266
577
1625
78
223
1449
1354
1643
125
1585
645
1655
306
1172
1532
410
282
1730
73
1706
1976
476
674
1366
629
1216
1431
401
126
805
215
743
1733
1839
820
308
1639
525
1950
1764
110
946
1770
767
117
1302
1528
750
1383
1601
456
1710
76
1481
1075
1057
696
506
1809
1173
1662
23
1915
1395
213
734
54
1851
1258
355
1966
1719
1300
88
837
1768
1741
365
869
1123
317
1676
832
744
1156
1907
1800
203
764
1960
1375
425
1982
1641
171
194
374
224
397
1984
578
714
54
229
801
891
1996
893
1607
865
15
1923
540
847
1018
48
1105
1170
250
1868
1129
1977
644
1463
1617
815
8
343
1390
404
678
1968
1470
1083
196
270
325
544
1163
1931
1760
1529
205
299
727
1223
698
1831
744
1300
50
1872
1276
1046
1334
1244
1860
1694
1586
1249
97
615
1568
1566
1698
116
188
22
1011
1702
305
770
1582
509
1420
309
83
118
491
826
1417
893
1050
1044
1938
735
287
1797
428
225
1397
525
839
1317
442
888
1784
981
1262
794
1034
1566
1915
616
74
1334
1276
509
1451
1766
1686
1219
658
735
262
595
1470
901
743
1897
1125
492
773
315
160
1567
1203
1943
899
464
1088
1933
381
1002
900
806
687
175
1314
490
292
1000
1708
950
86
322
1896
1555
1222
639
1804
698
1482
928
1012
1641
846
566
1935
1745
1381
1022
29
1761
375
1280
567
1061
1454
232
1550
1745
1583
1610
1046
1669
1931
942
1575
1504
1932
1730
553
1413
658
1916
1053
1503
482
987
1599
214
360
1979
327
734
1258
1245
146
1063
1476
1696
1160
1059
1305
205
1079
1587
1498
653
1442
1429
383
1994
1193
1392
1909
597
1246
742
1935
1197
1308
294
1175
1634
1379
785
1230
1525
1847
705
1572
1358
115
876
1915
1545
814
1412
198
607
1193
932
600
385
675
860
1334
272
1602
1268
1468
1261
1562
643
894
940
1779
123
816
1625
1179
387
983
1646
1614
897
1190
427
660
1739
1385
1852
1022
336
589
48
1196
1922
320
1149
1189
1787
409
1102
781
1654
394
559
128
1209
184
1306
1596
1518
1303
1209
766
845
1988
1425
583
1372
1629
1957
1708
569
4
1255
490
323
403
30
110
1163
1132
890
816
1525
1449
1295
733
1984
952
680
1853
255
1889
618
1099
228
394
33
1599
374
1989
1658
942
1993
912
1783
315
1666
1813
776
828
1296
1666
1995
820
1466
1289
1904
1801
241
936
5
495
824
974
1945
1403
1719
1977
1353
93
1966
1011
1386
310
274
1169
624
1940
981
1400
1119
628
1417
1114
1799
1234
402
54
1386
994
989
1390
1488
164
363
1784
1566
81
1761
919
525
78
1929
1911
387
554
1079
1362
493
411
1113
1612
1038
881
1077
1188
114
1830
1241
1851
824
230
1240
663
393
1954
447
1959
387
559
1229
1263
636
1157
1173
1374
62
603
735
555
1365
1848
518
402
728
1946
1941
1194
1775
1182
1044
598
1411
636
1261
1803
941
1707
113
1679
265
1341
942
1252
849
114
625
911
1069
1359
1817
433
1558
686
1187
286
631
1127
1479
405
308
874
1003
1718
1509
615
1873
450
321
337
128
937
1678
1421
540
526
1887
1164
1788
955
874
1604
1387
432
641
925
717
1271
52
547
1676
711
1420
1030
781
1281
1644
1005
1730
316
1341
209
1604
1018
1982
143
1896
1868
1306
35
822
179
1991
560
610
631
1837
1678
1902
240
224
1929
950
1996
1310
1730
1276
953
1086
1357
1620
427
1917
1223
1796
1898
1365
1691
1765
1022
78
938
1552
68
1850
514
698
1686
191
951
1925
767
879
874
762
540
956
389
1844
41
1745
1463
819
1661
1037
615
1911
401
657
1675
1774
734
965
1326
801
814
1839
1499
499
381
449
775
1147
1680
2000
1908
571
955
296
415
1348
392
229
166
405
1266
1132
315
18
1789
341
1792
522
1305
1469
1323
470
1307
1173
1320
1687
1973
94
834
1652
94
1093
575
1400
1741
989
1099
484
1217
1617
888
482
748
1202
852
536
1543
643
1058
1199
111
732
21
1769
1904
1340
1455
1876
1434
640
1880
1879
85
454
1278
177
1794
377
660
1010
1993
1548
1844
1092
1101
695
1628
995
1689
1037
546
151
1768
566
1919
23
1905
1725
250
1690
365
129
1568
801
934
1198
977
1079
1926
1988
89
270
1535
284
1361
988
1330
988
1982
1018
376
527
1168
495
1444
1086
517
1349
1162
767
1038
1526
1247
958
678
533
155
6
1611
432
1994
51
701
1880
334
61
867
1663
1401
1201
1032
1776
79
551
623
1523
1636
1139
871
1150
257
260
1027
1856
1569
1705
388
75
1710
350
506
55
401
1206
1935
1086
1619
1153
1101
1371
705
132
1498
784
1035
120
306
670
1611
1528
171
1867
139
1198
74
60
902
813
134
963
1163
640
1018
1915
197
952
1000
167
456
100
1537
1161
584
1035
1944
1618
1154
601
639
1116
480
810
983
970
7
1408
1029
1260
221
1163
222
1383
154
1239
1297
350
542
296
517
998
748
405
158
1683
1439
453
1652
945
1405
642
60
1884
1803
1394
853
1809
802
234
1420
1022
1396
1642
756
1549
1232
52
250
1774
699
1118
1123
1798
1523
1632
1832
1313
84
1483
609
1488
477
669
1723
279
414
927
440
1567
1160
1859
588
555
1500
1343
455
732
1746
1057
857
797
174
1979
594
48
1610
778
1713
45
260
321
1884
736
1341
1606
1015
107
532
1454
1673
1692
1664
261
598
1164
1955
1405
247
53
461
1455
849
986
1785
1794
1034
1746
571
746
1790
831
1418
1673
1918
759
1278
1284
865
161
1089
537
204
753
1149
802
268
1456
206
866
1508
1018
672
356
3
456
501
1036
201
1072
133
1990
254
1551
14
171
661
1643
1807
1877
1803
1247
765
7
351
266
1160
618
1721
1717
1835
1580
734
506
287
736
961
787
124
1513
1858
256
1854
111
158
1867
634
1170
1861
792
1398
1664
38
515
22
389
780
1181
1358
852
897
1545
783
1982
50
1069
717
1363
1855
840
1227
65
1096
1081
527
1605
1299
1160
1127
1160
303
524
1175
693
1038
1196
1433
169
728
790
1020
1976
686
1802
1957
1088
1222
1025
802
1077
1865
28
1493
1312
1460
19
916
759
1531
42
270
1833
918
1444
525
1955
991
1957
476
70
1099
1495
45
136
1649
353
1223
870
1377
24
298
1593
404
1790
904
1863
161
172
973
1691
565
1242
1523
1482
1037
400
1789
27
708
264
96
158
110
492
294
1758
1196
1868
980
925
1892
1277
517
295
1419
1421
509
1579
1944
1482
1269
508
1075
1143
342
112
1894
130
138
954
745
586
1111
854
1429
1756
964
625
1624
1943
1901
1867
1571
417
513
1341
1837
1021
1271
132
854
891
640
1929
34
981
40
279
1462
529
1232
206
1466
695
1411
895
802
726
1871
425
1020
1771
643
943
539
1155
283
728
528
1554
859
1733
796
1498
1661
1181
830
52
1460
643
581
1043
1200
398
89
611
1644
891
1336
1866
1667
356
1636
310
1298
527
1816
1932
1254
695
1837
112
428
633
1962
88
1813
791
492
1624
1434
1424
667
985
1821
755
1595
1465
1645
1283
1330
1312
1990
1318
1973
1639
1844
1788
1570
1449
835
1759
1560
1262
391
1521
1701
555
664
192
179
449
1967
845
1433
1788
1951
1380
1604
1948
662
1285
1259
1003
954
1583
641
1149
1722
562
597
556
320
157
1817
1062
29
1870
1969
692
61
147
1140
380
1343
573
167
1293
1952
122
1240
965
1406
850
1967
712
784
607
1860
506
1520
457
1061
192
965
1230
1253
993
1099
1221
37
1511
1719
1176
1890
1061
100
408
706
403
529
297
1367
287
1499
1333
1350
282
291
1209
1139
163
17
200
354
1333
1781
1958
678
1231
1531
714
741
1249
1889
983
662
341
1390
1367
743
271
15
110
909
1513
1794
258
147
437
1818
1285
599
187
1836
952
1519
1616
909
196
846
439
909
1939
40
1150
921
701
1490
662
419
584
1284
433
693
192
298
839
801
444
1627
619
80
225
805
1916
1528
675
1531
788
871
729
1579
131
667
1618
1280
1587
670
1121
600
1088
1705
1884
1872
749
427
521
1939
1580
1316
1565
550
1396
1789
1706
1311
1668
380
841
456
1250
1921
34
1733
587
3
1364
525
672
485
1125
111
541
1360
334
1641
138
855
1580
1717
170
1496
266
1565
1637
323
1227
1304
703
420
1759
304
340
144
36
927
498
1400
1451
1521
236
927
1631
1128
638
317
1120
776
1523
1051
844
1692
547
1462
1609
183
1784
835
1838
486
1606
1949
790
1946
92
1177
872
942
928
674
462
1515
1601
445
642
590
761
114
1365
283
1164
209
326
1710
22
1934
244
1805
1121
82
291
726
30
1432
1023
121
960
246
1414
1888
920
1876
1754
872
320
748
1461
1432
861
1178
1714
24
1738
39
1734
1759
325
1977
1563
1797
410
205
874
439
1988
1897
912
948
494
325
1187
1413
200
940
636
871
39
449
302
899
1626
15
923
1363
406
1008
1121
1082
1336
1035
878
1746
1240
103
184
1579
351
1095
526
845
1420
64
257
1971
1356
1245
842
1394
1693
1495
293
1670
1510
1567
1384
267
574
856
1348
1909
1890
577
6
1481
1031
190
1060
1382
1636
1937
226
1407
1
834
1378
1708
78
571
1101
122
65
1745
143
1926
1311
1526
192
236
381
1891
497
623
819
502
103
1850
1043
1514
1231
679
1451
1808
85
1451
641
1814
1510
1071
736
610
1544
1153
707
1687
1078
17
1564
1622
605
297
1864
1101
919
683
1954
1373
884
997
887
466
27
337
273
463
139
913
629
1648
335
1364
609
1879
516
1315
1565
1946
1684
1128
1919
288
1776
1782
1740
694
816
45
419
1699
1393
1305
516
1419
1993
788
234
131
53
862
130
387
577
738
265
1445
53
181
1390
88
1661
1308
727
1436
1441
466
130
257
862
900
307
255
204
823
1673
196
1962
258
678
366
1119
807
753
1696
1544
1369
1140
1948
1550
881
387
1562
540
1113
997
1980
1930
1478
236
792
377
895
1046
932
69
1070
1479
30
1328
156
396
798
1314
1500
845
1210
1220
336
1157
1121
1216
1896
682
1755
1008
1679
87
938
1508
674
1729
237
1568
1126
1168
1636
195
647
18
1874
1154
765
672
468
616
1516
1677
1835
1852
1185
956
1419
1080
1637
1526
88
1667
1612
1377
1175
285
1105
1411
205
582
930
1840
776
1576
209
1002
1082
1325
25
1549
1940
1892
1225
1775
1743
761
1082
1514
1841
718
1039
280
737
1002
1656
263
1286
1112
25
1490
1693
954
1682
820
882
242
173
1963
1919
197
1511
1858
89
1087
1984
183
199
1065
1696
39
135
1086
670
1223
87
677
1485
1725
1788
1509
1566
1832
814
1599
1004
1695
193
1176
9
111
1373
1871
1968
1461
957
304
1643
1156
1720
1691
1546
206
1128
568
1428
1567
1244
1264
1643
1384
772
1208
1215
1586
1159
218
1632
1351
1746
1641
1461
1118
1511
1780
930
820
435
924
327
155
614
224
712
1742
791
140
1660
387
1403
1302
1770
527
509
1336
464
19
1906
447
1369
1651
439
1181
1120
302
1313
49
1121
99
972
1799
605
1938
22
1317
31
1165
1808
1690
1551
1562
991
1672
88
1851
1007
903
222
1264
1350
1942
1266
1788
1123
385
89
787
785
1561
885
1757
1359
1490
46
1733
1158
76
897
965
1765
799
526
1107
470
966
1309
1828
1868
1530
1092
1569
1472
709
1709
946
1094
149
84
1878
1710
1320
1986
1420
1161
31
1152
318
106
400
1634
222
1198
160
1680
1667
1477
1341
1847
1696
870
938
1265
693
1646
1325
1638
1091
1473
73
1321
1534
1393
1306
1306
553
1689
809
871
146
1561
504
368
758
1015
399
777
491
1739
623
539
961
1912
155
1653
1909
1479
1643
1000
1303
1715
672
1189
1107
1977
846
1660
17
1654
882
163
1214
1737
882
324
752
1280
1100
1594
1371
1722
484
331
1633
638
335
1893
468
1977
892
123
44
1915
1311
1502
1892
156
1513
1908
161
394
70
1375
131
1303
1698
1234
583
1149
1179
1953
1222
1663
635
854
652
1321
746
1120
1298
1990
1242
1693
1904
904
1194
147
1411
707
407
1571
1452
828
1297
1934
131
1346
1519
1065
494
698
1369
1715
712
3
920
1363
1323
18
834
972
359
427
1016
614
1330
210
761
740
1268
1519
311
1071
698
1959
1005
828
1305
523
244
1798
1572
1612
1865
635
1966
784
1998
1641
801
1183
964
1159
1610
1980
125
939
541
885
31
1808
755
693
878
1452
651
234
632
1955
1109
875
105
680
839
1969
1315
804
752
1664
444
1905
846
1408
1063
807
1739
1187
1746
279
423
128
86
1529
820
1315
1333
1822
1901
1964
1777
1009
1190
1881
40
28
1849
1354
1184
952
1369
1627
856
567
1386
271
1373
1124
1809
1470
1402
584
1597
1839
112
768
1506
1444
590
1406
1759
366
414
949
598
453
1328
798
159
511
1749
1879
490
605
445
227
875
1818
1703
1035
1287
1456
1618
884
1647
1730
1651
1152
1525
240
909
1284
957
1674
584
1906
126
1911
703
636
774
452
515
1263
1408
959
1841
634
776
1543
1668
415
999
1286
1298
645
1015
1300
148
539
1892
1056
174
1200
729
757
1106
1206
668
1808
194
1793
611
1060
1055
18
18
1247
651
1146
790
319
1560
140
1956
1209
1136
970
860
1283
1860
751
690
34
1951
1770
790
1056
975
1809
1215
1168
1601
1826
579
1007
1843
597
254
846
94
1395
1516
5
1886
1471
1565
1021
792
424
655
651
1175
1344
1036
1477
1113
178
532
439
338
1746
1959
291
1923
537
1297
118
1485
1902
963
1578
1648
830
1934
1533
300
1498
905
1443
1922
1559
445
1448
1254
1833
924
718
10
1807
1157
699
1904
1467
989
1827
3
286
296
1488
539
1610
1417
187
439
1703
71
1090
1200
976
532
1473
886
1328
1272
140
1160
195
1209
1169
353
365
1868
609
1831
1208
435
186
1493
1082
25
384
691
1441
570
1129
1143
992
570
695
319
1453
167
1205
780
1791
1696
1940
337
904
1460
690
1621
1679
1298
1803
887
84
1988
731
1165
12
1114
207
1805
35
1335
1299
1379
256
1993
1697
1708
512
901
487
654
596
778
990
1852
238
1679
1472
268
1328
1626
1506
1763
1614
237
1279
1977
1702
1485
133
89
1171
1784
1467
1426
1776
1163
1133
639
416
1972
1292
1363
749
634
1214
1338
664
1037
1958
1992
663
1463
106
628
51
1385
956
1753
869
1089
1841
392
1224
1659
1817
1351
821
1302
1990
1236
1625
1633
599
725
266
164
415
930
1201
372
1273
215
186
1378
842
237
762
1797
341
1983
1237
533
374
460
191
542
1811
1011
195
152
599
1819
136
1549
896
754
1712
1310
35
912
33
1659
1126
218
1036
319
806
150
468
1146
484
1704
1678
1209
516
220
1750
678
1231
297
1181
181
467
1316
1729
1362
421
1440
1023
455
704
1055
465
181
1625
1501
500
430
2
967
1576
485
1022
1605
45
1889
1825
146
918
1407
442
98
1939
1261
1766
1667
622
538
1458
1997
993
161
1403
1809
694
1027
1309
1193
1457
1662
511
1384
498
1884
1340
542
1773
1516
688
1042
922
1129
1140
1212
741
1257
878
1363
1794
336
